TN:
SF:src/App.jsx
FN:89,(anonymous_0)
FN:123,App
FN:125,(anonymous_2)
FN:126,(anonymous_3)
FNF:4
FNH:0
FNDA:0,(anonymous_0)
FNDA:0,App
FNDA:0,(anonymous_2)
FNDA:0,(anonymous_3)
DA:29,0
DA:89,0
DA:90,0
DA:111,0
DA:125,0
DA:126,0
DA:127,0
DA:129,0
DA:130,0
DA:131,0
DA:135,0
DA:136,0
DA:146,0
DA:160,0
LF:14
LH:0
BRDA:129,0,0,0
BRDA:129,0,1,0
BRDA:135,1,0,0
BRDA:135,1,1,0
BRF:4
BRH:0
end_of_record
TN:
SF:src/index.js
FNF:0
FNH:0
DA:6,0
DA:7,0
LF:2
LH:0
BRF:0
BRH:0
end_of_record
TN:
SF:src/components/Dashboard.jsx
FN:75,(anonymous_0)
FN:82,(anonymous_1)
FN:85,(anonymous_2)
FN:92,(anonymous_3)
FN:95,(anonymous_4)
FN:102,(anonymous_5)
FN:105,(anonymous_6)
FN:112,(anonymous_7)
FN:115,(anonymous_8)
FN:122,(anonymous_9)
FN:125,(anonymous_10)
FN:138,(anonymous_11)
FN:140,(anonymous_12)
FN:145,(anonymous_13)
FN:146,(anonymous_14)
FN:150,(anonymous_15)
FN:152,(anonymous_16)
FN:159,(anonymous_17)
FN:161,(anonymous_18)
FN:168,(anonymous_19)
FN:172,(anonymous_20)
FN:174,(anonymous_21)
FN:176,(anonymous_22)
FN:184,(anonymous_23)
FN:189,(anonymous_24)
FN:190,(anonymous_25)
FN:193,(anonymous_26)
FN:225,(anonymous_27)
FN:229,(anonymous_28)
FN:232,(anonymous_29)
FN:258,(anonymous_30)
FN:267,(anonymous_31)
FN:286,(anonymous_32)
FN:290,(anonymous_33)
FN:300,(anonymous_34)
FN:438,(anonymous_35)
FN:450,(anonymous_36)
FN:462,(anonymous_37)
FN:474,(anonymous_38)
FN:542,(anonymous_39)
FN:592,(anonymous_40)
FN:644,(anonymous_41)
FN:645,(anonymous_42)
FNF:43
FNH:0
FNDA:0,(anonymous_0)
FNDA:0,(anonymous_1)
FNDA:0,(anonymous_2)
FNDA:0,(anonymous_3)
FNDA:0,(anonymous_4)
FNDA:0,(anonymous_5)
FNDA:0,(anonymous_6)
FNDA:0,(anonymous_7)
FNDA:0,(anonymous_8)
FNDA:0,(anonymous_9)
FNDA:0,(anonymous_10)
FNDA:0,(anonymous_11)
FNDA:0,(anonymous_12)
FNDA:0,(anonymous_13)
FNDA:0,(anonymous_14)
FNDA:0,(anonymous_15)
FNDA:0,(anonymous_16)
FNDA:0,(anonymous_17)
FNDA:0,(anonymous_18)
FNDA:0,(anonymous_19)
FNDA:0,(anonymous_20)
FNDA:0,(anonymous_21)
FNDA:0,(anonymous_22)
FNDA:0,(anonymous_23)
FNDA:0,(anonymous_24)
FNDA:0,(anonymous_25)
FNDA:0,(anonymous_26)
FNDA:0,(anonymous_27)
FNDA:0,(anonymous_28)
FNDA:0,(anonymous_29)
FNDA:0,(anonymous_30)
FNDA:0,(anonymous_31)
FNDA:0,(anonymous_32)
FNDA:0,(anonymous_33)
FNDA:0,(anonymous_34)
FNDA:0,(anonymous_35)
FNDA:0,(anonymous_36)
FNDA:0,(anonymous_37)
FNDA:0,(anonymous_38)
FNDA:0,(anonymous_39)
FNDA:0,(anonymous_40)
FNDA:0,(anonymous_41)
FNDA:0,(anonymous_42)
DA:64,0
DA:75,0
DA:76,0
DA:77,0
DA:78,0
DA:81,0
DA:82,0
DA:86,0
DA:91,0
DA:92,0
DA:96,0
DA:101,0
DA:102,0
DA:106,0
DA:111,0
DA:112,0
DA:116,0
DA:121,0
DA:122,0
DA:126,0
DA:132,0
DA:133,0
DA:134,0
DA:135,0
DA:138,0
DA:139,0
DA:140,0
DA:145,0
DA:146,0
DA:150,0
DA:151,0
DA:152,0
DA:153,0
DA:154,0
DA:155,0
DA:158,0
DA:159,0
DA:160,0
DA:161,0
DA:162,0
DA:164,0
DA:168,0
DA:172,0
DA:173,0
DA:174,0
DA:175,0
DA:176,0
DA:177,0
DA:179,0
DA:183,0
DA:184,0
DA:189,0
DA:190,0
DA:191,0
DA:193,0
DA:194,0
DA:195,0
DA:198,0
DA:207,0
DA:225,0
DA:226,0
DA:228,0
DA:229,0
DA:232,0
DA:242,0
DA:252,0
DA:259,0
DA:267,0
DA:268,0
DA:270,0
DA:271,0
DA:273,0
DA:274,0
DA:276,0
DA:277,0
DA:279,0
DA:280,0
DA:282,0
DA:286,0
DA:287,0
DA:290,0
DA:291,0
DA:292,0
DA:293,0
DA:295,0
DA:296,0
DA:297,0
DA:300,0
DA:301,0
DA:302,0
DA:303,0
DA:305,0
DA:306,0
DA:307,0
DA:310,0
DA:312,0
DA:438,0
DA:450,0
DA:462,0
DA:474,0
DA:543,0
DA:593,0
DA:645,0
DA:646,0
LF:104
LH:0
BRDA:132,0,0,0
BRDA:132,0,1,0
BRDA:133,1,0,0
BRDA:133,1,1,0
BRDA:134,2,0,0
BRDA:134,2,1,0
BRDA:135,3,0,0
BRDA:135,3,1,0
BRDA:155,4,0,0
BRDA:155,4,1,0
BRDA:160,5,0,0
BRDA:160,5,1,0
BRDA:175,6,0,0
BRDA:175,6,1,0
BRDA:194,7,0,0
BRDA:194,7,1,0
BRDA:226,8,0,0
BRDA:226,8,1,0
BRDA:268,9,0,0
BRDA:268,9,1,0
BRDA:268,9,2,0
BRDA:268,9,3,0
BRDA:268,9,4,0
BRDA:295,10,0,0
BRDA:295,10,1,0
BRDA:296,11,0,0
BRDA:296,11,1,0
BRDA:296,12,0,0
BRDA:296,12,1,0
BRDA:305,13,0,0
BRDA:305,13,1,0
BRDA:306,14,0,0
BRDA:306,14,1,0
BRDA:306,15,0,0
BRDA:306,15,1,0
BRDA:310,16,0,0
BRDA:310,16,1,0
BRDA:310,16,2,0
BRDA:340,17,0,0
BRDA:340,17,1,0
BRDA:363,18,0,0
BRDA:363,18,1,0
BRDA:386,19,0,0
BRDA:386,19,1,0
BRDA:411,20,0,0
BRDA:411,20,1,0
BRDA:493,21,0,0
BRDA:493,21,1,0
BRDA:512,22,0,0
BRDA:512,22,1,0
BRDA:512,23,0,0
BRDA:512,23,1,0
BRDA:533,24,0,0
BRDA:533,24,1,0
BRDA:537,25,0,0
BRDA:537,25,1,0
BRDA:550,26,0,0
BRDA:550,26,1,0
BRDA:557,27,0,0
BRDA:557,27,1,0
BRDA:563,28,0,0
BRDA:563,28,1,0
BRDA:564,29,0,0
BRDA:564,29,1,0
BRDA:583,30,0,0
BRDA:583,30,1,0
BRDA:587,31,0,0
BRDA:587,31,1,0
BRDA:596,32,0,0
BRDA:596,32,1,0
BRDA:597,33,0,0
BRDA:597,33,1,0
BRDA:599,34,0,0
BRDA:599,34,1,0
BRDA:600,35,0,0
BRDA:600,35,1,0
BRDA:604,36,0,0
BRDA:604,36,1,0
BRDA:616,37,0,0
BRDA:616,37,1,0
BRDA:634,38,0,0
BRDA:634,38,1,0
BRDA:638,39,0,0
BRDA:638,39,1,0
BRDA:651,40,0,0
BRDA:651,40,1,0
BRF:86
BRH:0
end_of_record
TN:
SF:src/components/EmployeeManagement.jsx
FN:55,(anonymous_0)
FN:93,(anonymous_1)
FN:96,(anonymous_2)
FN:99,(anonymous_3)
FN:108,(anonymous_4)
FN:114,(anonymous_5)
FN:123,(anonymous_6)
FN:129,(anonymous_7)
FN:138,(anonymous_8)
FN:144,(anonymous_9)
FN:156,(anonymous_10)
FN:157,(anonymous_11)
FN:172,(anonymous_12)
FN:178,(anonymous_13)
FN:198,(anonymous_14)
FN:204,(anonymous_15)
FN:227,(anonymous_16)
FN:241,(anonymous_17)
FN:246,(anonymous_18)
FN:252,(anonymous_19)
FN:253,(anonymous_20)
FN:265,(anonymous_21)
FN:277,(anonymous_22)
FN:303,(anonymous_23)
FN:320,(anonymous_24)
FN:324,(anonymous_25)
FN:337,(anonymous_26)
FN:351,(anonymous_27)
FN:376,(anonymous_28)
FN:416,(anonymous_29)
FN:449,(anonymous_30)
FN:459,(anonymous_31)
FN:477,(anonymous_32)
FN:478,(anonymous_33)
FN:504,(anonymous_34)
FN:514,(anonymous_35)
FN:525,(anonymous_36)
FN:535,(anonymous_37)
FN:547,(anonymous_38)
FN:550,(anonymous_39)
FN:564,(anonymous_40)
FN:578,(anonymous_41)
FN:579,(anonymous_42)
FN:580,(anonymous_43)
FN:589,(anonymous_44)
FN:606,(anonymous_45)
FN:616,(anonymous_46)
FN:629,(anonymous_47)
FN:636,(anonymous_48)
FN:648,(anonymous_49)
FN:660,(anonymous_50)
FN:686,(anonymous_51)
FN:695,(anonymous_52)
FN:712,(anonymous_53)
FN:716,(anonymous_54)
FNF:55
FNH:0
FNDA:0,(anonymous_0)
FNDA:0,(anonymous_1)
FNDA:0,(anonymous_2)
FNDA:0,(anonymous_3)
FNDA:0,(anonymous_4)
FNDA:0,(anonymous_5)
FNDA:0,(anonymous_6)
FNDA:0,(anonymous_7)
FNDA:0,(anonymous_8)
FNDA:0,(anonymous_9)
FNDA:0,(anonymous_10)
FNDA:0,(anonymous_11)
FNDA:0,(anonymous_12)
FNDA:0,(anonymous_13)
FNDA:0,(anonymous_14)
FNDA:0,(anonymous_15)
FNDA:0,(anonymous_16)
FNDA:0,(anonymous_17)
FNDA:0,(anonymous_18)
FNDA:0,(anonymous_19)
FNDA:0,(anonymous_20)
FNDA:0,(anonymous_21)
FNDA:0,(anonymous_22)
FNDA:0,(anonymous_23)
FNDA:0,(anonymous_24)
FNDA:0,(anonymous_25)
FNDA:0,(anonymous_26)
FNDA:0,(anonymous_27)
FNDA:0,(anonymous_28)
FNDA:0,(anonymous_29)
FNDA:0,(anonymous_30)
FNDA:0,(anonymous_31)
FNDA:0,(anonymous_32)
FNDA:0,(anonymous_33)
FNDA:0,(anonymous_34)
FNDA:0,(anonymous_35)
FNDA:0,(anonymous_36)
FNDA:0,(anonymous_37)
FNDA:0,(anonymous_38)
FNDA:0,(anonymous_39)
FNDA:0,(anonymous_40)
FNDA:0,(anonymous_41)
FNDA:0,(anonymous_42)
FNDA:0,(anonymous_43)
FNDA:0,(anonymous_44)
FNDA:0,(anonymous_45)
FNDA:0,(anonymous_46)
FNDA:0,(anonymous_47)
FNDA:0,(anonymous_48)
FNDA:0,(anonymous_49)
FNDA:0,(anonymous_50)
FNDA:0,(anonymous_51)
FNDA:0,(anonymous_52)
FNDA:0,(anonymous_53)
FNDA:0,(anonymous_54)
DA:55,0
DA:57,0
DA:58,0
DA:59,0
DA:60,0
DA:61,0
DA:62,0
DA:63,0
DA:64,0
DA:65,0
DA:66,0
DA:67,0
DA:70,0
DA:92,0
DA:93,0
DA:97,0
DA:100,0
DA:105,0
DA:109,0
DA:110,0
DA:111,0
DA:112,0
DA:115,0
DA:120,0
DA:124,0
DA:125,0
DA:126,0
DA:127,0
DA:130,0
DA:135,0
DA:139,0
DA:140,0
DA:141,0
DA:142,0
DA:145,0
DA:151,0
DA:152,0
DA:153,0
DA:156,0
DA:157,0
DA:159,0
DA:163,0
DA:164,0
DA:168,0
DA:172,0
DA:173,0
DA:174,0
DA:178,0
DA:179,0
DA:180,0
DA:181,0
DA:182,0
DA:195,0
DA:198,0
DA:199,0
DA:200,0
DA:201,0
DA:204,0
DA:205,0
DA:227,0
DA:228,0
DA:234,0
DA:235,0
DA:237,0
DA:241,0
DA:242,0
DA:243,0
DA:246,0
DA:247,0
DA:248,0
DA:252,0
DA:253,0
DA:265,0
DA:266,0
DA:274,0
DA:277,0
DA:278,0
DA:281,0
DA:282,0
DA:289,0
DA:303,0
DA:320,0
DA:325,0
DA:337,0
DA:351,0
DA:377,0
DA:417,0
DA:449,0
DA:459,0
DA:477,0
DA:479,0
DA:480,0
DA:504,0
DA:514,0
DA:525,0
DA:535,0
DA:547,0
DA:551,0
DA:564,0
DA:578,0
DA:580,0
DA:581,0
DA:590,0
DA:606,0
DA:616,0
DA:630,0
DA:636,0
DA:648,0
DA:660,0
DA:686,0
DA:695,0
DA:712,0
DA:716,0
LF:113
LH:0
BRDA:115,0,0,0
BRDA:115,0,1,0
BRDA:130,1,0,0
BRDA:130,1,1,0
BRDA:145,2,0,0
BRDA:145,2,1,0
BRDA:151,3,0,0
BRDA:151,3,1,0
BRDA:159,4,0,0
BRDA:159,4,1,0
BRDA:159,4,2,0
BRDA:163,5,0,0
BRDA:163,5,1,0
BRDA:164,6,0,0
BRDA:164,6,1,0
BRDA:164,6,2,0
BRDA:164,6,3,0
BRDA:164,6,4,0
BRDA:168,7,0,0
BRDA:168,7,1,0
BRDA:168,7,2,0
BRDA:178,8,0,0
BRDA:181,9,0,0
BRDA:181,9,1,0
BRDA:183,10,0,0
BRDA:183,10,1,0
BRDA:184,11,0,0
BRDA:184,11,1,0
BRDA:185,12,0,0
BRDA:185,12,1,0
BRDA:186,13,0,0
BRDA:186,13,1,0
BRDA:187,14,0,0
BRDA:187,14,1,0
BRDA:188,15,0,0
BRDA:188,15,1,0
BRDA:189,16,0,0
BRDA:189,16,1,0
BRDA:190,17,0,0
BRDA:190,17,1,0
BRDA:191,18,0,0
BRDA:191,18,1,0
BRDA:192,19,0,0
BRDA:192,19,1,0
BRDA:230,20,0,0
BRDA:230,20,1,0
BRDA:231,21,0,0
BRDA:231,21,1,0
BRDA:234,22,0,0
BRDA:234,22,1,0
BRDA:247,23,0,0
BRDA:247,23,1,0
BRDA:274,24,0,0
BRDA:274,24,1,0
BRDA:278,25,0,0
BRDA:278,25,1,0
BRDA:278,25,2,0
BRDA:278,25,3,0
BRDA:281,26,0,0
BRDA:281,26,1,0
BRDA:399,27,0,0
BRDA:399,27,1,0
BRDA:424,28,0,0
BRDA:424,28,1,0
BRDA:436,29,0,0
BRDA:436,29,1,0
BRDA:440,30,0,0
BRDA:440,30,1,0
BRDA:441,31,0,0
BRDA:441,31,1,0
BRDA:489,32,0,0
BRDA:489,32,1,0
BRDA:677,33,0,0
BRDA:677,33,1,0
BRDA:677,33,2,0
BRDA:678,34,0,0
BRDA:678,34,1,0
BRDA:678,35,0,0
BRDA:678,35,1,0
BRDA:680,36,0,0
BRDA:680,36,1,0
BRDA:701,37,0,0
BRDA:701,37,1,0
BRDA:714,38,0,0
BRDA:714,38,1,0
BRF:85
BRH:0
end_of_record
TN:
SF:src/components/Navigation.jsx
FN:46,(anonymous_0)
FN:59,(anonymous_1)
FN:106,(anonymous_2)
FN:109,(anonymous_3)
FN:116,(anonymous_4)
FN:119,(anonymous_5)
FN:123,(anonymous_6)
FN:127,(anonymous_7)
FN:131,(anonymous_8)
FN:135,(anonymous_9)
FN:139,(anonymous_10)
FN:146,(anonymous_11)
FN:151,(anonymous_12)
FN:156,(anonymous_13)
FN:170,(anonymous_14)
FN:175,(anonymous_15)
FN:182,(anonymous_16)
FN:222,(anonymous_17)
FN:226,(anonymous_18)
FN:321,(anonymous_19)
FN:443,(anonymous_20)
FN:489,(anonymous_21)
FN:492,(anonymous_22)
FN:520,(anonymous_23)
FNF:24
FNH:0
FNDA:0,(anonymous_0)
FNDA:0,(anonymous_1)
FNDA:0,(anonymous_2)
FNDA:0,(anonymous_3)
FNDA:0,(anonymous_4)
FNDA:0,(anonymous_5)
FNDA:0,(anonymous_6)
FNDA:0,(anonymous_7)
FNDA:0,(anonymous_8)
FNDA:0,(anonymous_9)
FNDA:0,(anonymous_10)
FNDA:0,(anonymous_11)
FNDA:0,(anonymous_12)
FNDA:0,(anonymous_13)
FNDA:0,(anonymous_14)
FNDA:0,(anonymous_15)
FNDA:0,(anonymous_16)
FNDA:0,(anonymous_17)
FNDA:0,(anonymous_18)
FNDA:0,(anonymous_19)
FNDA:0,(anonymous_20)
FNDA:0,(anonymous_21)
FNDA:0,(anonymous_22)
FNDA:0,(anonymous_23)
DA:44,0
DA:46,0
DA:47,0
DA:48,0
DA:49,0
DA:50,0
DA:53,0
DA:54,0
DA:55,0
DA:56,0
DA:59,0
DA:60,0
DA:61,0
DA:65,0
DA:105,0
DA:106,0
DA:110,0
DA:115,0
DA:116,0
DA:119,0
DA:120,0
DA:123,0
DA:124,0
DA:127,0
DA:128,0
DA:131,0
DA:132,0
DA:135,0
DA:136,0
DA:139,0
DA:140,0
DA:141,0
DA:142,0
DA:146,0
DA:147,0
DA:148,0
DA:151,0
DA:152,0
DA:153,0
DA:156,0
DA:158,0
DA:159,0
DA:163,0
DA:164,0
DA:167,0
DA:170,0
DA:171,0
DA:175,0
DA:176,0
DA:177,0
DA:178,0
DA:179,0
DA:182,0
DA:183,0
DA:184,0
DA:185,0
DA:187,0
DA:192,0
DA:223,0
DA:226,0
DA:291,0
DA:321,0
DA:443,0
DA:490,0
DA:492,0
DA:520,0
LF:66
LH:0
BRDA:46,0,0,0
BRDA:115,1,0,0
BRDA:115,1,1,0
BRDA:141,2,0,0
BRDA:141,2,1,0
BRDA:158,3,0,0
BRDA:158,3,1,0
BRDA:163,4,0,0
BRDA:163,4,1,0
BRDA:171,5,0,0
BRDA:171,5,1,0
BRDA:171,5,2,0
BRDA:176,6,0,0
BRDA:176,6,1,0
BRDA:177,7,0,0
BRDA:177,7,1,0
BRDA:177,7,2,0
BRDA:178,8,0,0
BRDA:178,8,1,0
BRDA:179,9,0,0
BRDA:179,9,1,0
BRDA:183,10,0,0
BRDA:183,10,1,0
BRDA:184,11,0,0
BRDA:184,11,1,0
BRDA:184,12,0,0
BRDA:184,12,1,0
BRDA:187,13,0,0
BRDA:187,13,1,0
BRDA:206,14,0,0
BRDA:206,14,1,0
BRDA:246,15,0,0
BRDA:246,15,1,0
BRDA:253,16,0,0
BRDA:253,16,1,0
BRDA:274,17,0,0
BRDA:274,17,1,0
BRDA:279,18,0,0
BRDA:279,18,1,0
BRDA:297,19,0,0
BRDA:297,19,1,0
BRDA:298,20,0,0
BRDA:298,20,1,0
BRDA:307,21,0,0
BRDA:307,21,1,0
BRDA:321,22,0,0
BRDA:321,22,1,0
BRDA:325,23,0,0
BRDA:325,23,1,0
BRDA:326,24,0,0
BRDA:326,24,1,0
BRDA:328,25,0,0
BRDA:328,25,1,0
BRDA:365,26,0,0
BRDA:365,26,1,0
BRDA:369,27,0,0
BRDA:369,27,1,0
BRDA:393,28,0,0
BRDA:393,28,1,0
BRDA:482,29,0,0
BRDA:482,29,1,0
BRDA:496,30,0,0
BRDA:496,30,1,0
BRDA:498,31,0,0
BRDA:498,31,1,0
BRDA:502,32,0,0
BRDA:502,32,1,0
BRDA:503,33,0,0
BRDA:503,33,1,0
BRDA:505,34,0,0
BRDA:505,34,1,0
BRDA:518,35,0,0
BRDA:518,35,1,0
BRF:73
BRH:0
end_of_record
TN:
SF:src/components/RuleInput.jsx
FN:39,(anonymous_0)
FN:49,(anonymous_1)
FN:52,(anonymous_2)
FN:55,(anonymous_3)
FN:65,(anonymous_4)
FN:69,(anonymous_5)
FN:78,(anonymous_6)
FN:82,(anonymous_7)
FN:91,(anonymous_8)
FN:94,(anonymous_9)
FN:110,(anonymous_10)
FN:119,(anonymous_11)
FN:140,(anonymous_12)
FN:144,(anonymous_13)
FN:145,(anonymous_14)
FN:151,(anonymous_15)
FN:161,(anonymous_16)
FN:193,(anonymous_17)
FN:221,(anonymous_18)
FN:226,(anonymous_19)
FN:250,(anonymous_20)
FN:282,(anonymous_21)
FN:289,(anonymous_22)
FN:397,(anonymous_23)
FN:433,(anonymous_24)
FN:446,(anonymous_25)
FN:450,(anonymous_26)
FNF:27
FNH:0
FNDA:0,(anonymous_0)
FNDA:0,(anonymous_1)
FNDA:0,(anonymous_2)
FNDA:0,(anonymous_3)
FNDA:0,(anonymous_4)
FNDA:0,(anonymous_5)
FNDA:0,(anonymous_6)
FNDA:0,(anonymous_7)
FNDA:0,(anonymous_8)
FNDA:0,(anonymous_9)
FNDA:0,(anonymous_10)
FNDA:0,(anonymous_11)
FNDA:0,(anonymous_12)
FNDA:0,(anonymous_13)
FNDA:0,(anonymous_14)
FNDA:0,(anonymous_15)
FNDA:0,(anonymous_16)
FNDA:0,(anonymous_17)
FNDA:0,(anonymous_18)
FNDA:0,(anonymous_19)
FNDA:0,(anonymous_20)
FNDA:0,(anonymous_21)
FNDA:0,(anonymous_22)
FNDA:0,(anonymous_23)
FNDA:0,(anonymous_24)
FNDA:0,(anonymous_25)
FNDA:0,(anonymous_26)
DA:39,0
DA:40,0
DA:41,0
DA:42,0
DA:43,0
DA:44,0
DA:45,0
DA:48,0
DA:49,0
DA:53,0
DA:56,0
DA:62,0
DA:66,0
DA:67,0
DA:70,0
DA:75,0
DA:79,0
DA:80,0
DA:83,0
DA:88,0
DA:92,0
DA:95,0
DA:101,0
DA:110,0
DA:111,0
DA:112,0
DA:113,0
DA:115,0
DA:119,0
DA:120,0
DA:121,0
DA:129,0
DA:130,0
DA:131,0
DA:132,0
DA:133,0
DA:136,0
DA:140,0
DA:141,0
DA:144,0
DA:145,0
DA:146,0
DA:147,0
DA:151,0
DA:152,0
DA:158,0
DA:161,0
DA:162,0
DA:163,0
DA:164,0
DA:167,0
DA:193,0
DA:222,0
DA:226,0
DA:251,0
DA:282,0
DA:289,0
DA:397,0
DA:433,0
DA:446,0
DA:450,0
LF:61
LH:0
BRDA:53,0,0,0
BRDA:53,0,1,0
BRDA:70,1,0,0
BRDA:70,1,1,0
BRDA:120,2,0,0
BRDA:120,2,1,0
BRDA:122,3,0,0
BRDA:122,3,1,0
BRDA:126,4,0,0
BRDA:126,4,1,0
BRDA:146,5,0,0
BRDA:146,5,1,0
BRDA:158,6,0,0
BRDA:158,6,1,0
BRDA:162,7,0,0
BRDA:162,7,1,0
BRDA:163,8,0,0
BRDA:163,8,1,0
BRDA:203,9,0,0
BRDA:203,9,1,0
BRDA:203,9,2,0
BRDA:208,10,0,0
BRDA:208,10,1,0
BRDA:208,10,2,0
BRDA:239,11,0,0
BRDA:239,11,1,0
BRDA:242,12,0,0
BRDA:242,12,1,0
BRDA:244,13,0,0
BRDA:244,13,1,0
BRDA:267,14,0,0
BRDA:267,14,1,0
BRDA:274,15,0,0
BRDA:274,15,1,0
BRDA:285,16,0,0
BRDA:285,16,1,0
BRDA:400,17,0,0
BRDA:400,17,1,0
BRDA:414,18,0,0
BRDA:414,18,1,0
BRDA:419,19,0,0
BRDA:419,19,1,0
BRDA:419,19,2,0
BRDA:448,20,0,0
BRDA:448,20,1,0
BRF:45
BRH:0
end_of_record
TN:
SF:src/components/ScheduleDisplay.jsx
FN:49,(anonymous_0)
FN:72,(anonymous_1)
FN:75,(anonymous_2)
FN:80,(anonymous_3)
FN:87,(anonymous_4)
FN:90,(anonymous_5)
FN:97,(anonymous_6)
FN:99,(anonymous_7)
FN:105,(anonymous_8)
FN:112,(anonymous_9)
FN:114,(anonymous_10)
FN:119,(anonymous_11)
FN:128,(anonymous_12)
FN:129,(anonymous_13)
FN:136,(anonymous_14)
FN:137,(anonymous_15)
FN:141,(anonymous_16)
FN:145,(anonymous_17)
FN:147,(anonymous_18)
FN:157,(anonymous_19)
FN:160,(anonymous_20)
FN:164,(anonymous_21)
FN:166,(anonymous_22)
FN:208,(anonymous_23)
FN:219,(anonymous_24)
FN:231,(anonymous_25)
FN:249,(anonymous_26)
FN:257,(anonymous_27)
FN:264,(anonymous_28)
FN:269,(anonymous_29)
FN:274,(anonymous_30)
FN:299,(anonymous_31)
FN:315,(anonymous_32)
FN:316,(anonymous_33)
FN:319,(anonymous_34)
FN:320,(anonymous_35)
FN:325,(anonymous_36)
FN:352,(anonymous_37)
FN:353,(anonymous_38)
FN:358,(anonymous_39)
FN:373,(anonymous_40)
FN:384,(anonymous_41)
FN:395,(anonymous_42)
FN:402,(anonymous_43)
FN:432,(anonymous_44)
FN:464,(anonymous_45)
FN:479,(anonymous_46)
FN:491,(anonymous_47)
FN:494,(anonymous_48)
FN:511,(anonymous_49)
FN:515,(anonymous_50)
FN:551,(anonymous_51)
FN:552,(anonymous_52)
FN:555,(anonymous_53)
FN:592,(anonymous_54)
FN:593,(anonymous_55)
FN:600,(anonymous_56)
FN:601,(anonymous_57)
FN:602,(anonymous_58)
FN:629,(anonymous_59)
FN:644,(anonymous_60)
FN:654,(anonymous_61)
FN:657,(anonymous_62)
FN:671,(anonymous_63)
FN:682,(anonymous_64)
FN:692,(anonymous_65)
FN:703,(anonymous_66)
FN:710,(anonymous_67)
FN:726,(anonymous_68)
FN:730,(anonymous_69)
FNF:70
FNH:0
FNDA:0,(anonymous_0)
FNDA:0,(anonymous_1)
FNDA:0,(anonymous_2)
FNDA:0,(anonymous_3)
FNDA:0,(anonymous_4)
FNDA:0,(anonymous_5)
FNDA:0,(anonymous_6)
FNDA:0,(anonymous_7)
FNDA:0,(anonymous_8)
FNDA:0,(anonymous_9)
FNDA:0,(anonymous_10)
FNDA:0,(anonymous_11)
FNDA:0,(anonymous_12)
FNDA:0,(anonymous_13)
FNDA:0,(anonymous_14)
FNDA:0,(anonymous_15)
FNDA:0,(anonymous_16)
FNDA:0,(anonymous_17)
FNDA:0,(anonymous_18)
FNDA:0,(anonymous_19)
FNDA:0,(anonymous_20)
FNDA:0,(anonymous_21)
FNDA:0,(anonymous_22)
FNDA:0,(anonymous_23)
FNDA:0,(anonymous_24)
FNDA:0,(anonymous_25)
FNDA:0,(anonymous_26)
FNDA:0,(anonymous_27)
FNDA:0,(anonymous_28)
FNDA:0,(anonymous_29)
FNDA:0,(anonymous_30)
FNDA:0,(anonymous_31)
FNDA:0,(anonymous_32)
FNDA:0,(anonymous_33)
FNDA:0,(anonymous_34)
FNDA:0,(anonymous_35)
FNDA:0,(anonymous_36)
FNDA:0,(anonymous_37)
FNDA:0,(anonymous_38)
FNDA:0,(anonymous_39)
FNDA:0,(anonymous_40)
FNDA:0,(anonymous_41)
FNDA:0,(anonymous_42)
FNDA:0,(anonymous_43)
FNDA:0,(anonymous_44)
FNDA:0,(anonymous_45)
FNDA:0,(anonymous_46)
FNDA:0,(anonymous_47)
FNDA:0,(anonymous_48)
FNDA:0,(anonymous_49)
FNDA:0,(anonymous_50)
FNDA:0,(anonymous_51)
FNDA:0,(anonymous_52)
FNDA:0,(anonymous_53)
FNDA:0,(anonymous_54)
FNDA:0,(anonymous_55)
FNDA:0,(anonymous_56)
FNDA:0,(anonymous_57)
FNDA:0,(anonymous_58)
FNDA:0,(anonymous_59)
FNDA:0,(anonymous_60)
FNDA:0,(anonymous_61)
FNDA:0,(anonymous_62)
FNDA:0,(anonymous_63)
FNDA:0,(anonymous_64)
FNDA:0,(anonymous_65)
FNDA:0,(anonymous_66)
FNDA:0,(anonymous_67)
FNDA:0,(anonymous_68)
FNDA:0,(anonymous_69)
DA:49,0
DA:51,0
DA:52,0
DA:53,0
DA:54,0
DA:55,0
DA:56,0
DA:57,0
DA:58,0
DA:59,0
DA:62,0
DA:71,0
DA:72,0
DA:76,0
DA:77,0
DA:81,0
DA:86,0
DA:87,0
DA:91,0
DA:96,0
DA:97,0
DA:100,0
DA:101,0
DA:102,0
DA:103,0
DA:106,0
DA:111,0
DA:112,0
DA:115,0
DA:116,0
DA:117,0
DA:120,0
DA:126,0
DA:127,0
DA:128,0
DA:129,0
DA:130,0
DA:131,0
DA:136,0
DA:137,0
DA:141,0
DA:142,0
DA:144,0
DA:145,0
DA:146,0
DA:147,0
DA:148,0
DA:149,0
DA:153,0
DA:157,0
DA:158,0
DA:160,0
DA:161,0
DA:162,0
DA:164,0
DA:166,0
DA:167,0
DA:169,0
DA:170,0
DA:171,0
DA:172,0
DA:174,0
DA:177,0
DA:178,0
DA:186,0
DA:187,0
DA:188,0
DA:189,0
DA:191,0
DA:192,0
DA:201,0
DA:204,0
DA:208,0
DA:209,0
DA:216,0
DA:219,0
DA:220,0
DA:221,0
DA:228,0
DA:231,0
DA:232,0
DA:234,0
DA:242,0
DA:249,0
DA:250,0
DA:251,0
DA:253,0
DA:257,0
DA:258,0
DA:259,0
DA:260,0
DA:264,0
DA:265,0
DA:266,0
DA:269,0
DA:270,0
DA:271,0
DA:274,0
DA:275,0
DA:277,0
DA:279,0
DA:280,0
DA:282,0
DA:283,0
DA:285,0
DA:290,0
DA:296,0
DA:299,0
DA:300,0
DA:301,0
DA:303,0
DA:312,0
DA:315,0
DA:316,0
DA:319,0
DA:320,0
DA:321,0
DA:325,0
DA:327,0
DA:328,0
DA:335,0
DA:353,0
DA:354,0
DA:359,0
DA:373,0
DA:384,0
DA:395,0
DA:403,0
DA:404,0
DA:433,0
DA:465,0
DA:480,0
DA:492,0
DA:493,0
DA:494,0
DA:495,0
DA:496,0
DA:499,0
DA:511,0
DA:516,0
DA:517,0
DA:519,0
DA:551,0
DA:552,0
DA:556,0
DA:557,0
DA:592,0
DA:593,0
DA:600,0
DA:601,0
DA:603,0
DA:604,0
DA:606,0
DA:629,0
DA:644,0
DA:654,0
DA:658,0
DA:671,0
DA:682,0
DA:692,0
DA:703,0
DA:710,0
DA:726,0
DA:730,0
LF:164
LH:0
BRDA:76,0,0,0
BRDA:76,0,1,0
BRDA:76,1,0,0
BRDA:76,1,1,0
BRDA:106,2,0,0
BRDA:106,2,1,0
BRDA:120,3,0,0
BRDA:120,3,1,0
BRDA:126,4,0,0
BRDA:126,4,1,0
BRDA:127,5,0,0
BRDA:127,5,1,0
BRDA:142,6,0,0
BRDA:142,6,1,0
BRDA:158,7,0,0
BRDA:158,7,1,0
BRDA:167,8,0,0
BRDA:167,8,1,0
BRDA:167,9,0,0
BRDA:167,9,1,0
BRDA:174,10,0,0
BRDA:174,10,1,0
BRDA:177,11,0,0
BRDA:177,11,1,0
BRDA:181,12,0,0
BRDA:181,12,1,0
BRDA:187,13,0,0
BRDA:187,13,1,0
BRDA:191,14,0,0
BRDA:191,14,1,0
BRDA:225,15,0,0
BRDA:225,15,1,0
BRDA:226,16,0,0
BRDA:226,16,1,0
BRDA:232,17,0,0
BRDA:232,17,1,0
BRDA:232,18,0,0
BRDA:232,18,1,0
BRDA:250,19,0,0
BRDA:250,19,1,0
BRDA:277,20,0,0
BRDA:277,20,1,0
BRDA:277,21,0,0
BRDA:277,21,1,0
BRDA:301,22,0,0
BRDA:301,22,1,0
BRDA:312,23,0,0
BRDA:312,23,1,0
BRDA:321,24,0,0
BRDA:321,24,1,0
BRDA:327,25,0,0
BRDA:327,25,1,0
BRDA:350,26,0,0
BRDA:350,26,1,0
BRDA:360,27,0,0
BRDA:360,27,1,0
BRDA:389,28,0,0
BRDA:389,28,1,0
BRDA:416,29,0,0
BRDA:416,29,1,0
BRDA:427,30,0,0
BRDA:427,30,1,0
BRDA:437,31,0,0
BRDA:437,31,1,0
BRDA:450,32,0,0
BRDA:450,32,1,0
BRDA:493,33,0,0
BRDA:493,33,1,0
BRDA:531,34,0,0
BRDA:531,34,1,0
BRDA:546,35,0,0
BRDA:546,35,1,0
BRDA:556,36,0,0
BRDA:556,36,1,0
BRDA:556,37,0,0
BRDA:556,37,1,0
BRDA:564,38,0,0
BRDA:564,38,1,0
BRDA:566,39,0,0
BRDA:566,39,1,0
BRDA:607,40,0,0
BRDA:607,40,1,0
BRDA:622,41,0,0
BRDA:622,41,1,0
BRDA:715,42,0,0
BRDA:715,42,1,0
BRDA:728,43,0,0
BRDA:728,43,1,0
BRF:88
BRH:0
end_of_record
TN:
SF:src/components/auth/Login.jsx
FN:14,(anonymous_0)
FN:30,(anonymous_1)
FN:37,(anonymous_2)
FN:39,(anonymous_3)
FN:46,(anonymous_4)
FN:53,(anonymous_5)
FN:72,(anonymous_6)
FN:133,(anonymous_7)
FN:215,(anonymous_8)
FNF:9
FNH:0
FNDA:0,(anonymous_0)
FNDA:0,(anonymous_1)
FNDA:0,(anonymous_2)
FNDA:0,(anonymous_3)
FNDA:0,(anonymous_4)
FNDA:0,(anonymous_5)
FNDA:0,(anonymous_6)
FNDA:0,(anonymous_7)
FNDA:0,(anonymous_8)
DA:14,0
DA:15,0
DA:19,0
DA:20,0
DA:21,0
DA:22,0
DA:23,0
DA:25,0
DA:26,0
DA:27,0
DA:30,0
DA:31,0
DA:32,0
DA:33,0
DA:37,0
DA:38,0
DA:39,0
DA:45,0
DA:46,0
DA:53,0
DA:54,0
DA:57,0
DA:58,0
DA:59,0
DA:60,0
DA:64,0
DA:65,0
DA:68,0
DA:69,0
DA:72,0
DA:73,0
DA:75,0
DA:76,0
DA:79,0
DA:80,0
DA:81,0
DA:82,0
DA:84,0
DA:85,0
DA:88,0
DA:91,0
DA:92,0
DA:95,0
DA:97,0
DA:98,0
DA:100,0
DA:101,0
DA:102,0
DA:106,0
DA:108,0
DA:110,0
DA:111,0
DA:115,0
DA:116,0
DA:118,0
DA:121,0
DA:122,0
DA:124,0
DA:129,0
DA:133,0
DA:134,0
DA:136,0
DA:137,0
DA:138,0
DA:140,0
DA:142,0
DA:143,0
DA:146,0
DA:215,0
LF:69
LH:0
BRDA:31,0,0,0
BRDA:31,0,1,0
BRDA:32,1,0,0
BRDA:32,1,1,0
BRDA:45,2,0,0
BRDA:45,2,1,0
BRDA:57,3,0,0
BRDA:57,3,1,0
BRDA:59,4,0,0
BRDA:59,4,1,0
BRDA:64,5,0,0
BRDA:64,5,1,0
BRDA:75,6,0,0
BRDA:75,6,1,0
BRDA:91,7,0,0
BRDA:91,7,1,0
BRDA:97,8,0,0
BRDA:97,8,1,0
BRDA:100,9,0,0
BRDA:100,9,1,0
BRDA:108,10,0,0
BRDA:108,10,1,0
BRDA:116,11,0,0
BRDA:116,11,1,0
BRDA:121,12,0,0
BRDA:121,12,1,0
BRDA:134,13,0,0
BRDA:134,13,1,0
BRDA:140,14,0,0
BRDA:140,14,1,0
BRDA:143,15,0,0
BRDA:143,15,1,0
BRDA:156,16,0,0
BRDA:156,16,1,0
BRDA:164,17,0,0
BRDA:164,17,1,0
BRDA:185,18,0,0
BRDA:185,18,1,0
BRDA:190,19,0,0
BRDA:190,19,1,0
BRDA:202,20,0,0
BRDA:202,20,1,0
BRDA:207,21,0,0
BRDA:207,21,1,0
BRDA:216,22,0,0
BRDA:216,22,1,0
BRDA:218,23,0,0
BRDA:218,23,1,0
BRDA:221,24,0,0
BRDA:221,24,1,0
BRDA:227,25,0,0
BRDA:227,25,1,0
BRDA:227,25,2,0
BRDA:231,26,0,0
BRDA:231,26,1,0
BRDA:247,27,0,0
BRDA:247,27,1,0
BRDA:248,28,0,0
BRDA:248,28,1,0
BRDA:250,29,0,0
BRDA:250,29,1,0
BRF:61
BRH:0
end_of_record
TN:
SF:src/components/auth/ProtectedRoute.jsx
FN:13,(anonymous_0)
FN:49,(anonymous_1)
FN:68,(anonymous_2)
FNF:3
FNH:0
FNDA:0,(anonymous_0)
FNDA:0,(anonymous_1)
FNDA:0,(anonymous_2)
DA:13,0
DA:14,0
DA:15,0
DA:18,0
DA:19,0
DA:30,0
DA:31,0
DA:41,0
DA:42,0
DA:49,0
DA:60,0
DA:61,0
DA:68,0
DA:79,0
DA:85,0
DA:201,0
DA:202,0
DA:203,0
DA:204,0
LF:19
LH:0
BRDA:13,0,0,0
BRDA:13,1,0,0
BRDA:18,2,0,0
BRDA:18,2,1,0
BRDA:30,3,0,0
BRDA:30,3,1,0
BRDA:41,4,0,0
BRDA:41,4,1,0
BRDA:41,5,0,0
BRDA:41,5,1,0
BRDA:60,6,0,0
BRDA:60,6,1,0
BRDA:60,7,0,0
BRDA:60,7,1,0
BRDA:201,8,0,0
BRDA:201,8,1,0
BRF:16
BRH:0
end_of_record
TN:
SF:src/components/auth/Register.jsx
FN:14,(anonymous_0)
FN:33,(anonymous_1)
FN:40,(anonymous_2)
FN:71,(anonymous_3)
FN:73,(anonymous_4)
FN:85,(anonymous_5)
FN:96,(anonymous_6)
FN:104,(anonymous_7)
FN:146,(anonymous_8)
FN:187,(anonymous_9)
FN:208,(anonymous_10)
FN:316,(anonymous_11)
FN:395,(anonymous_12)
FNF:13
FNH:0
FNDA:0,(anonymous_0)
FNDA:0,(anonymous_1)
FNDA:0,(anonymous_2)
FNDA:0,(anonymous_3)
FNDA:0,(anonymous_4)
FNDA:0,(anonymous_5)
FNDA:0,(anonymous_6)
FNDA:0,(anonymous_7)
FNDA:0,(anonymous_8)
FNDA:0,(anonymous_9)
FNDA:0,(anonymous_10)
FNDA:0,(anonymous_11)
FNDA:0,(anonymous_12)
DA:14,0
DA:15,0
DA:23,0
DA:24,0
DA:25,0
DA:26,0
DA:27,0
DA:29,0
DA:30,0
DA:33,0
DA:34,0
DA:35,0
DA:40,0
DA:41,0
DA:49,0
DA:51,0
DA:52,0
DA:54,0
DA:55,0
DA:56,0
DA:57,0
DA:58,0
DA:59,0
DA:62,0
DA:71,0
DA:72,0
DA:73,0
DA:79,0
DA:80,0
DA:84,0
DA:85,0
DA:92,0
DA:93,0
DA:96,0
DA:104,0
DA:105,0
DA:108,0
DA:109,0
DA:110,0
DA:111,0
DA:115,0
DA:116,0
DA:117,0
DA:118,0
DA:122,0
DA:123,0
DA:124,0
DA:125,0
DA:129,0
DA:130,0
DA:131,0
DA:132,0
DA:136,0
DA:137,0
DA:138,0
DA:139,0
DA:142,0
DA:143,0
DA:146,0
DA:147,0
DA:149,0
DA:150,0
DA:153,0
DA:154,0
DA:156,0
DA:157,0
DA:164,0
DA:167,0
DA:170,0
DA:173,0
DA:175,0
DA:176,0
DA:177,0
DA:178,0
DA:180,0
DA:181,0
DA:185,0
DA:186,0
DA:187,0
DA:188,0
DA:190,0
DA:192,0
DA:194,0
DA:195,0
DA:199,0
DA:204,0
DA:208,0
DA:209,0
DA:210,0
DA:213,0
DA:316,0
DA:395,0
LF:92
LH:0
BRDA:34,0,0,0
BRDA:34,0,1,0
BRDA:54,1,0,0
BRDA:54,1,1,0
BRDA:57,2,0,0
BRDA:57,2,1,0
BRDA:79,3,0,0
BRDA:79,3,1,0
BRDA:84,4,0,0
BRDA:84,4,1,0
BRDA:92,5,0,0
BRDA:92,5,1,0
BRDA:92,6,0,0
BRDA:92,6,1,0
BRDA:93,7,0,0
BRDA:93,7,1,0
BRDA:93,8,0,0
BRDA:93,8,1,0
BRDA:94,9,0,0
BRDA:94,9,1,0
BRDA:95,10,0,0
BRDA:95,10,1,0
BRDA:108,11,0,0
BRDA:108,11,1,0
BRDA:110,12,0,0
BRDA:110,12,1,0
BRDA:115,13,0,0
BRDA:115,13,1,0
BRDA:117,14,0,0
BRDA:117,14,1,0
BRDA:122,15,0,0
BRDA:122,15,1,0
BRDA:124,16,0,0
BRDA:124,16,1,0
BRDA:129,17,0,0
BRDA:129,17,1,0
BRDA:131,18,0,0
BRDA:131,18,1,0
BRDA:136,19,0,0
BRDA:136,19,1,0
BRDA:138,20,0,0
BRDA:138,20,1,0
BRDA:149,21,0,0
BRDA:149,21,1,0
BRDA:175,22,0,0
BRDA:175,22,1,0
BRDA:177,23,0,0
BRDA:177,23,1,0
BRDA:180,24,0,0
BRDA:180,24,1,0
BRDA:185,25,0,0
BRDA:185,25,1,0
BRDA:192,26,0,0
BRDA:192,26,1,0
BRDA:194,27,0,0
BRDA:194,27,1,0
BRDA:209,28,0,0
BRDA:209,28,1,0
BRDA:210,29,0,0
BRDA:210,29,1,0
BRDA:223,30,0,0
BRDA:223,30,1,0
BRDA:243,31,0,0
BRDA:243,31,1,0
BRDA:248,32,0,0
BRDA:248,32,1,0
BRDA:264,33,0,0
BRDA:264,33,1,0
BRDA:269,34,0,0
BRDA:269,34,1,0
BRDA:286,35,0,0
BRDA:286,35,1,0
BRDA:291,36,0,0
BRDA:291,36,1,0
BRDA:303,37,0,0
BRDA:303,37,1,0
BRDA:308,38,0,0
BRDA:308,38,1,0
BRDA:317,39,0,0
BRDA:317,39,1,0
BRDA:319,40,0,0
BRDA:319,40,1,0
BRDA:324,41,0,0
BRDA:324,41,1,0
BRDA:324,41,2,0
BRDA:342,42,0,0
BRDA:342,42,1,0
BRDA:347,43,0,0
BRDA:347,43,1,0
BRDA:351,44,0,0
BRDA:351,44,1,0
BRDA:355,45,0,0
BRDA:355,45,1,0
BRDA:359,46,0,0
BRDA:359,46,1,0
BRDA:363,47,0,0
BRDA:363,47,1,0
BRDA:370,48,0,0
BRDA:370,48,1,0
BRDA:382,49,0,0
BRDA:382,49,1,0
BRDA:387,50,0,0
BRDA:387,50,1,0
BRDA:396,51,0,0
BRDA:396,51,1,0
BRDA:398,52,0,0
BRDA:398,52,1,0
BRDA:401,53,0,0
BRDA:401,53,1,0
BRDA:409,54,0,0
BRDA:409,54,1,0
BRDA:412,55,0,0
BRDA:412,55,1,0
BRF:113
BRH:0
end_of_record
TN:
SF:src/components/layout/Layout.jsx
FN:57,(anonymous_0)
FN:69,(anonymous_1)
FN:70,(anonymous_2)
FN:74,(anonymous_3)
FN:75,(anonymous_4)
FN:83,(anonymous_5)
FN:88,(anonymous_6)
FN:90,(anonymous_7)
FN:99,(anonymous_8)
FN:103,(anonymous_9)
FN:107,(anonymous_10)
FN:111,(anonymous_11)
FN:117,(anonymous_12)
FN:124,(anonymous_13)
FN:125,(anonymous_14)
FN:131,(anonymous_15)
FN:139,(anonymous_16)
FN:183,(anonymous_17)
FN:185,(anonymous_18)
FN:185,(anonymous_19)
FN:210,(anonymous_20)
FN:265,(anonymous_21)
FN:276,(anonymous_22)
FN:308,(anonymous_23)
FN:312,(anonymous_24)
FNF:25
FNH:0
FNDA:0,(anonymous_0)
FNDA:0,(anonymous_1)
FNDA:0,(anonymous_2)
FNDA:0,(anonymous_3)
FNDA:0,(anonymous_4)
FNDA:0,(anonymous_5)
FNDA:0,(anonymous_6)
FNDA:0,(anonymous_7)
FNDA:0,(anonymous_8)
FNDA:0,(anonymous_9)
FNDA:0,(anonymous_10)
FNDA:0,(anonymous_11)
FNDA:0,(anonymous_12)
FNDA:0,(anonymous_13)
FNDA:0,(anonymous_14)
FNDA:0,(anonymous_15)
FNDA:0,(anonymous_16)
FNDA:0,(anonymous_17)
FNDA:0,(anonymous_18)
FNDA:0,(anonymous_19)
FNDA:0,(anonymous_20)
FNDA:0,(anonymous_21)
FNDA:0,(anonymous_22)
FNDA:0,(anonymous_23)
FNDA:0,(anonymous_24)
DA:45,0
DA:47,0
DA:57,0
DA:58,0
DA:59,0
DA:60,0
DA:61,0
DA:62,0
DA:64,0
DA:65,0
DA:66,0
DA:69,0
DA:70,0
DA:74,0
DA:75,0
DA:76,0
DA:77,0
DA:78,0
DA:83,0
DA:84,0
DA:85,0
DA:87,0
DA:88,0
DA:89,0
DA:90,0
DA:91,0
DA:92,0
DA:96,0
DA:99,0
DA:100,0
DA:103,0
DA:104,0
DA:107,0
DA:108,0
DA:111,0
DA:112,0
DA:113,0
DA:114,0
DA:117,0
DA:118,0
DA:119,0
DA:120,0
DA:124,0
DA:125,0
DA:131,0
DA:132,0
DA:133,0
DA:135,0
DA:139,0
DA:167,0
DA:184,0
DA:185,0
DA:188,0
DA:190,0
DA:192,0
DA:210,0
DA:234,0
DA:266,0
DA:267,0
DA:277,0
DA:278,0
DA:308,0
DA:312,0
LF:63
LH:0
BRDA:76,0,0,0
BRDA:76,0,1,0
BRDA:77,1,0,0
BRDA:77,1,1,0
BRDA:91,2,0,0
BRDA:91,2,1,0
BRDA:119,3,0,0
BRDA:119,3,1,0
BRDA:144,4,0,0
BRDA:144,4,1,0
BRDA:145,5,0,0
BRDA:145,5,1,0
BRDA:147,6,0,0
BRDA:147,6,1,0
BRDA:153,7,0,0
BRDA:153,7,1,0
BRDA:159,8,0,0
BRDA:159,8,1,0
BRDA:188,9,0,0
BRDA:188,9,1,0
BRDA:213,10,0,0
BRDA:213,10,1,0
BRDA:267,11,0,0
BRDA:267,11,1,0
BRDA:293,12,0,0
BRDA:293,12,1,0
BRDA:293,12,2,0
BRF:27
BRH:0
end_of_record
TN:
SF:src/components/layout/ProtectedRoute.jsx
FN:6,(anonymous_0)
FNF:1
FNH:0
FNDA:0,(anonymous_0)
DA:6,0
DA:7,0
DA:8,0
DA:11,0
DA:12,0
DA:30,0
DA:31,0
DA:41,0
DA:42,0
DA:68,0
LF:10
LH:0
BRDA:6,0,0,0
BRDA:11,1,0,0
BRDA:11,1,1,0
BRDA:30,2,0,0
BRDA:30,2,1,0
BRDA:41,3,0,0
BRDA:41,3,1,0
BRDA:41,4,0,0
BRDA:41,4,1,0
BRDA:62,5,0,0
BRDA:62,5,1,0
BRF:11
BRH:0
end_of_record
TN:
SF:src/context/AppContext.jsx
FN:69,appReducer
FN:158,(anonymous_1)
FN:190,AppProvider
FN:194,(anonymous_3)
FN:209,(anonymous_4)
FN:242,(anonymous_5)
FN:243,(anonymous_6)
FN:244,(anonymous_7)
FN:249,(anonymous_8)
FN:256,(anonymous_9)
FN:268,(anonymous_10)
FN:272,(anonymous_11)
FN:276,(anonymous_12)
FN:280,(anonymous_13)
FN:284,(anonymous_14)
FN:288,(anonymous_15)
FN:292,(anonymous_16)
FN:296,(anonymous_17)
FN:300,(anonymous_18)
FN:304,(anonymous_19)
FN:308,(anonymous_20)
FN:312,(anonymous_21)
FN:316,(anonymous_22)
FN:320,(anonymous_23)
FN:324,(anonymous_24)
FN:328,(anonymous_25)
FN:333,(anonymous_26)
FN:344,(anonymous_27)
FN:384,useApp
FNF:29
FNH:0
FNDA:0,appReducer
FNDA:0,(anonymous_1)
FNDA:0,AppProvider
FNDA:0,(anonymous_3)
FNDA:0,(anonymous_4)
FNDA:0,(anonymous_5)
FNDA:0,(anonymous_6)
FNDA:0,(anonymous_7)
FNDA:0,(anonymous_8)
FNDA:0,(anonymous_9)
FNDA:0,(anonymous_10)
FNDA:0,(anonymous_11)
FNDA:0,(anonymous_12)
FNDA:0,(anonymous_13)
FNDA:0,(anonymous_14)
FNDA:0,(anonymous_15)
FNDA:0,(anonymous_16)
FNDA:0,(anonymous_17)
FNDA:0,(anonymous_18)
FNDA:0,(anonymous_19)
FNDA:0,(anonymous_20)
FNDA:0,(anonymous_21)
FNDA:0,(anonymous_22)
FNDA:0,(anonymous_23)
FNDA:0,(anonymous_24)
FNDA:0,(anonymous_25)
FNDA:0,(anonymous_26)
FNDA:0,(anonymous_27)
FNDA:0,useApp
DA:4,0
DA:7,0
DA:29,0
DA:70,0
DA:72,0
DA:78,0
DA:84,0
DA:90,0
DA:96,0
DA:102,0
DA:108,0
DA:114,0
DA:120,0
DA:126,0
DA:132,0
DA:138,0
DA:144,0
DA:150,0
DA:156,0
DA:158,0
DA:161,0
DA:167,0
DA:173,0
DA:179,0
DA:185,0
DA:191,0
DA:194,0
DA:195,0
DA:196,0
DA:197,0
DA:209,0
DA:210,0
DA:225,0
DA:242,0
DA:243,0
DA:244,0
DA:246,0
DA:247,0
DA:249,0
DA:250,0
DA:251,0
DA:256,0
DA:257,0
DA:259,0
DA:260,0
DA:261,0
DA:263,0
DA:268,0
DA:269,0
DA:272,0
DA:273,0
DA:276,0
DA:277,0
DA:280,0
DA:281,0
DA:284,0
DA:285,0
DA:288,0
DA:289,0
DA:292,0
DA:293,0
DA:296,0
DA:297,0
DA:300,0
DA:301,0
DA:304,0
DA:305,0
DA:308,0
DA:309,0
DA:312,0
DA:313,0
DA:316,0
DA:317,0
DA:320,0
DA:321,0
DA:324,0
DA:325,0
DA:328,0
DA:329,0
DA:333,0
DA:334,0
DA:341,0
DA:344,0
DA:345,0
DA:353,0
DA:356,0
DA:380,0
DA:385,0
DA:386,0
DA:387,0
DA:389,0
LF:91
LH:0
BRDA:70,0,0,0
BRDA:70,0,1,0
BRDA:70,0,2,0
BRDA:70,0,3,0
BRDA:70,0,4,0
BRDA:70,0,5,0
BRDA:70,0,6,0
BRDA:70,0,7,0
BRDA:70,0,8,0
BRDA:70,0,9,0
BRDA:70,0,10,0
BRDA:70,0,11,0
BRDA:70,0,12,0
BRDA:70,0,13,0
BRDA:70,0,14,0
BRDA:70,0,15,0
BRDA:70,0,16,0
BRDA:70,0,17,0
BRDA:70,0,18,0
BRDA:196,1,0,0
BRDA:196,1,1,0
BRDA:259,2,0,0
BRDA:259,2,1,0
BRDA:261,3,0,0
BRDA:261,3,1,0
BRDA:333,4,0,0
BRDA:336,5,0,0
BRDA:336,5,1,0
BRDA:344,6,0,0
BRDA:386,7,0,0
BRDA:386,7,1,0
BRF:31
BRH:0
end_of_record
TN:
SF:src/context/AuthContext.jsx
FN:30,authReducer
FN:99,AuthProvider
FN:103,(anonymous_2)
FN:123,(anonymous_3)
FN:136,(anonymous_4)
FN:174,(anonymous_5)
FN:192,(anonymous_6)
FN:224,(anonymous_7)
FN:253,(anonymous_8)
FN:258,(anonymous_9)
FN:263,(anonymous_10)
FN:268,(anonymous_11)
FN:282,(anonymous_12)
FN:288,(anonymous_13)
FN:307,useAuth
FN:316,parseJwt
FN:323,(anonymous_16)
FNF:17
FNH:0
FNDA:0,authReducer
FNDA:0,AuthProvider
FNDA:0,(anonymous_2)
FNDA:0,(anonymous_3)
FNDA:0,(anonymous_4)
FNDA:0,(anonymous_5)
FNDA:0,(anonymous_6)
FNDA:0,(anonymous_7)
FNDA:0,(anonymous_8)
FNDA:0,(anonymous_9)
FNDA:0,(anonymous_10)
FNDA:0,(anonymous_11)
FNDA:0,(anonymous_12)
FNDA:0,(anonymous_13)
FNDA:0,useAuth
FNDA:0,parseJwt
FNDA:0,(anonymous_16)
DA:4,0
DA:7,0
DA:18,0
DA:31,0
DA:33,0
DA:42,0
DA:54,0
DA:65,0
DA:72,0
DA:79,0
DA:88,0
DA:94,0
DA:100,0
DA:103,0
DA:104,0
DA:105,0
DA:107,0
DA:108,0
DA:109,0
DA:115,0
DA:116,0
DA:123,0
DA:124,0
DA:125,0
DA:131,0
DA:136,0
DA:137,0
DA:139,0
DA:140,0
DA:148,0
DA:149,0
DA:152,0
DA:154,0
DA:163,0
DA:165,0
DA:169,0
DA:174,0
DA:175,0
DA:176,0
DA:177,0
DA:185,0
DA:187,0
DA:192,0
DA:193,0
DA:194,0
DA:202,0
DA:203,0
DA:206,0
DA:208,0
DA:216,0
DA:218,0
DA:219,0
DA:224,0
DA:225,0
DA:226,0
DA:235,0
DA:236,0
DA:239,0
DA:241,0
DA:246,0
DA:248,0
DA:253,0
DA:254,0
DA:258,0
DA:259,0
DA:263,0
DA:264,0
DA:268,0
DA:269,0
DA:271,0
DA:272,0
DA:274,0
DA:275,0
DA:276,0
DA:279,0
DA:281,0
DA:282,0
DA:283,0
DA:284,0
DA:288,0
DA:292,0
DA:303,0
DA:308,0
DA:309,0
DA:310,0
DA:312,0
DA:317,0
DA:318,0
DA:319,0
DA:320,0
DA:323,0
DA:326,0
DA:328,0
LF:93
LH:0
BRDA:31,0,0,0
BRDA:31,0,1,0
BRDA:31,0,2,0
BRDA:31,0,3,0
BRDA:31,0,4,0
BRDA:31,0,5,0
BRDA:31,0,6,0
BRDA:31,0,7,0
BRDA:105,1,0,0
BRDA:105,1,1,0
BRDA:105,2,0,0
BRDA:105,2,1,0
BRDA:108,3,0,0
BRDA:108,3,1,0
BRDA:108,4,0,0
BRDA:108,4,1,0
BRDA:115,5,0,0
BRDA:115,5,1,0
BRDA:124,6,0,0
BRDA:124,6,1,0
BRDA:148,7,0,0
BRDA:148,7,1,0
BRDA:176,8,0,0
BRDA:176,8,1,0
BRDA:202,9,0,0
BRDA:202,9,1,0
BRDA:235,10,0,0
BRDA:235,10,1,0
BRDA:259,11,0,0
BRDA:259,11,1,0
BRDA:269,12,0,0
BRDA:269,12,1,0
BRDA:272,13,0,0
BRDA:272,13,1,0
BRDA:281,14,0,0
BRDA:281,14,1,0
BRDA:283,15,0,0
BRDA:283,15,1,0
BRDA:309,16,0,0
BRDA:309,16,1,0
BRF:40
BRH:0
end_of_record
TN:
SF:src/context/NotificationContext.jsx
FN:76,notificationReducer
FN:112,(anonymous_1)
FN:113,(anonymous_2)
FN:121,(anonymous_3)
FN:124,(anonymous_4)
FN:132,(anonymous_5)
FN:144,(anonymous_6)
FN:196,(anonymous_7)
FN:201,(anonymous_8)
FN:203,(anonymous_9)
FN:235,NotificationProvider
FN:241,(anonymous_11)
FN:257,(anonymous_12)
FN:266,(anonymous_13)
FN:274,(anonymous_14)
FN:285,(anonymous_15)
FN:288,(anonymous_16)
FN:292,(anonymous_17)
FN:299,(anonymous_18)
FN:309,(anonymous_19)
FN:316,(anonymous_20)
FN:328,(anonymous_21)
FN:336,(anonymous_22)
FN:337,(anonymous_23)
FN:341,(anonymous_24)
FN:359,(anonymous_25)
FN:360,(anonymous_26)
FN:366,(anonymous_27)
FN:367,(anonymous_28)
FN:369,(anonymous_29)
FN:376,(anonymous_30)
FN:380,(anonymous_31)
FN:403,(anonymous_32)
FN:416,(anonymous_33)
FN:423,(anonymous_34)
FN:430,(anonymous_35)
FN:434,(anonymous_36)
FN:438,(anonymous_37)
FN:442,(anonymous_38)
FN:449,(anonymous_39)
FN:457,(anonymous_40)
FN:465,(anonymous_41)
FN:474,(anonymous_42)
FN:482,(anonymous_43)
FN:489,(anonymous_44)
FN:510,(anonymous_45)
FN:515,(anonymous_46)
FN:530,(anonymous_47)
FN:539,(anonymous_48)
FN:550,(anonymous_49)
FN:560,(anonymous_50)
FN:569,(anonymous_51)
FN:608,useNotifications
FN:617,generateId
FNF:54
FNH:0
FNDA:0,notificationReducer
FNDA:0,(anonymous_1)
FNDA:0,(anonymous_2)
FNDA:0,(anonymous_3)
FNDA:0,(anonymous_4)
FNDA:0,(anonymous_5)
FNDA:0,(anonymous_6)
FNDA:0,(anonymous_7)
FNDA:0,(anonymous_8)
FNDA:0,(anonymous_9)
FNDA:0,NotificationProvider
FNDA:0,(anonymous_11)
FNDA:0,(anonymous_12)
FNDA:0,(anonymous_13)
FNDA:0,(anonymous_14)
FNDA:0,(anonymous_15)
FNDA:0,(anonymous_16)
FNDA:0,(anonymous_17)
FNDA:0,(anonymous_18)
FNDA:0,(anonymous_19)
FNDA:0,(anonymous_20)
FNDA:0,(anonymous_21)
FNDA:0,(anonymous_22)
FNDA:0,(anonymous_23)
FNDA:0,(anonymous_24)
FNDA:0,(anonymous_25)
FNDA:0,(anonymous_26)
FNDA:0,(anonymous_27)
FNDA:0,(anonymous_28)
FNDA:0,(anonymous_29)
FNDA:0,(anonymous_30)
FNDA:0,(anonymous_31)
FNDA:0,(anonymous_32)
FNDA:0,(anonymous_33)
FNDA:0,(anonymous_34)
FNDA:0,(anonymous_35)
FNDA:0,(anonymous_36)
FNDA:0,(anonymous_37)
FNDA:0,(anonymous_38)
FNDA:0,(anonymous_39)
FNDA:0,(anonymous_40)
FNDA:0,(anonymous_41)
FNDA:0,(anonymous_42)
FNDA:0,(anonymous_43)
FNDA:0,(anonymous_44)
FNDA:0,(anonymous_45)
FNDA:0,(anonymous_46)
FNDA:0,(anonymous_47)
FNDA:0,(anonymous_48)
FNDA:0,(anonymous_49)
FNDA:0,(anonymous_50)
FNDA:0,(anonymous_51)
FNDA:0,useNotifications
FNDA:0,generateId
DA:4,0
DA:7,0
DA:26,0
DA:38,0
DA:46,0
DA:77,0
DA:79,0
DA:96,0
DA:99,0
DA:100,0
DA:103,0
DA:110,0
DA:112,0
DA:113,0
DA:119,0
DA:122,0
DA:124,0
DA:130,0
DA:132,0
DA:137,0
DA:144,0
DA:145,0
DA:151,0
DA:157,0
DA:163,0
DA:169,0
DA:175,0
DA:181,0
DA:187,0
DA:193,0
DA:194,0
DA:196,0
DA:199,0
DA:201,0
DA:203,0
DA:209,0
DA:210,0
DA:211,0
DA:213,0
DA:214,0
DA:224,0
DA:230,0
DA:236,0
DA:237,0
DA:238,0
DA:241,0
DA:242,0
DA:243,0
DA:244,0
DA:245,0
DA:257,0
DA:258,0
DA:262,0
DA:266,0
DA:267,0
DA:268,0
DA:273,0
DA:274,0
DA:275,0
DA:285,0
DA:286,0
DA:288,0
DA:289,0
DA:290,0
DA:292,0
DA:293,0
DA:299,0
DA:300,0
DA:306,0
DA:309,0
DA:310,0
DA:316,0
DA:317,0
DA:318,0
DA:319,0
DA:321,0
DA:326,0
DA:328,0
DA:329,0
DA:330,0
DA:336,0
DA:337,0
DA:338,0
DA:340,0
DA:341,0
DA:342,0
DA:346,0
DA:349,0
DA:352,0
DA:359,0
DA:360,0
DA:361,0
DA:366,0
DA:367,0
DA:368,0
DA:369,0
DA:370,0
DA:371,0
DA:376,0
DA:380,0
DA:381,0
DA:386,0
DA:392,0
DA:393,0
DA:397,0
DA:398,0
DA:402,0
DA:403,0
DA:404,0
DA:409,0
DA:410,0
DA:413,0
DA:416,0
DA:417,0
DA:423,0
DA:424,0
DA:430,0
DA:431,0
DA:434,0
DA:435,0
DA:438,0
DA:439,0
DA:442,0
DA:443,0
DA:449,0
DA:450,0
DA:451,0
DA:457,0
DA:458,0
DA:465,0
DA:466,0
DA:467,0
DA:474,0
DA:475,0
DA:476,0
DA:477,0
DA:481,0
DA:482,0
DA:483,0
DA:489,0
DA:490,0
DA:492,0
DA:494,0
DA:495,0
DA:497,0
DA:498,0
DA:500,0
DA:501,0
DA:503,0
DA:504,0
DA:506,0
DA:509,0
DA:510,0
DA:515,0
DA:516,0
DA:517,0
DA:525,0
DA:530,0
DA:531,0
DA:539,0
DA:540,0
DA:550,0
DA:551,0
DA:560,0
DA:561,0
DA:569,0
DA:570,0
DA:584,0
DA:604,0
DA:609,0
DA:610,0
DA:611,0
DA:613,0
DA:618,0
LF:174
LH:0
BRDA:77,0,0,0
BRDA:77,0,1,0
BRDA:77,0,2,0
BRDA:77,0,3,0
BRDA:77,0,4,0
BRDA:77,0,5,0
BRDA:77,0,6,0
BRDA:77,0,7,0
BRDA:77,0,8,0
BRDA:77,0,9,0
BRDA:77,0,10,0
BRDA:77,0,11,0
BRDA:77,0,12,0
BRDA:77,0,13,0
BRDA:77,0,14,0
BRDA:77,0,15,0
BRDA:80,1,0,0
BRDA:80,1,1,0
BRDA:81,2,0,0
BRDA:81,2,1,0
BRDA:82,3,0,0
BRDA:82,3,1,0
BRDA:85,4,0,0
BRDA:85,4,1,0
BRDA:87,5,0,0
BRDA:87,5,1,0
BRDA:88,6,0,0
BRDA:88,6,1,0
BRDA:89,7,0,0
BRDA:89,7,1,0
BRDA:90,8,0,0
BRDA:90,8,1,0
BRDA:91,9,0,0
BRDA:91,9,1,0
BRDA:99,10,0,0
BRDA:99,10,1,0
BRDA:113,11,0,0
BRDA:113,11,1,0
BRDA:113,12,0,0
BRDA:113,12,1,0
BRDA:122,13,0,0
BRDA:122,13,1,0
BRDA:124,14,0,0
BRDA:124,14,1,0
BRDA:124,15,0,0
BRDA:124,15,1,0
BRDA:203,16,0,0
BRDA:203,16,1,0
BRDA:203,17,0,0
BRDA:203,17,1,0
BRDA:213,18,0,0
BRDA:213,18,1,0
BRDA:218,19,0,0
BRDA:218,19,1,0
BRDA:243,20,0,0
BRDA:243,20,1,0
BRDA:244,21,0,0
BRDA:244,21,1,0
BRDA:267,22,0,0
BRDA:267,22,1,0
BRDA:273,23,0,0
BRDA:273,23,1,0
BRDA:286,24,0,0
BRDA:286,24,1,0
BRDA:289,25,0,0
BRDA:289,25,1,0
BRDA:329,26,0,0
BRDA:329,26,1,0
BRDA:340,27,0,0
BRDA:340,27,1,0
BRDA:370,28,0,0
BRDA:370,28,1,0
BRDA:370,29,0,0
BRDA:370,29,1,0
BRDA:383,30,0,0
BRDA:383,30,1,0
BRDA:392,31,0,0
BRDA:392,31,1,0
BRDA:392,32,0,0
BRDA:392,32,1,0
BRDA:397,33,0,0
BRDA:397,33,1,0
BRDA:397,34,0,0
BRDA:397,34,1,0
BRDA:402,35,0,0
BRDA:402,35,1,0
BRDA:409,36,0,0
BRDA:409,36,1,0
BRDA:409,37,0,0
BRDA:409,37,1,0
BRDA:449,38,0,0
BRDA:466,39,0,0
BRDA:466,39,1,0
BRDA:466,40,0,0
BRDA:466,40,1,0
BRDA:481,41,0,0
BRDA:481,41,1,0
BRDA:492,42,0,0
BRDA:492,42,1,0
BRDA:492,42,2,0
BRDA:492,42,3,0
BRDA:492,42,4,0
BRDA:530,43,0,0
BRDA:539,44,0,0
BRDA:550,45,0,0
BRDA:560,46,0,0
BRDA:569,47,0,0
BRDA:610,48,0,0
BRDA:610,48,1,0
BRF:109
BRH:0
end_of_record
TN:
SF:src/context/ScheduleContext.jsx
FN:90,scheduleReducer
FN:129,(anonymous_1)
FN:137,(anonymous_2)
FN:138,(anonymous_3)
FN:159,(anonymous_4)
FN:166,(anonymous_5)
FN:174,(anonymous_6)
FN:183,(anonymous_7)
FN:198,(anonymous_8)
FN:201,(anonymous_9)
FN:269,(anonymous_10)
FN:331,ScheduleProvider
FN:336,(anonymous_12)
FN:359,(anonymous_13)
FN:371,(anonymous_14)
FN:372,(anonymous_15)
FN:376,(anonymous_16)
FN:387,(anonymous_17)
FN:391,(anonymous_18)
FN:437,(anonymous_19)
FN:504,(anonymous_20)
FN:563,(anonymous_21)
FN:612,(anonymous_22)
FN:616,(anonymous_23)
FN:620,(anonymous_24)
FN:624,(anonymous_25)
FN:628,(anonymous_26)
FN:632,(anonymous_27)
FN:636,(anonymous_28)
FN:640,(anonymous_29)
FN:644,(anonymous_30)
FN:648,(anonymous_31)
FN:652,(anonymous_32)
FN:656,(anonymous_33)
FN:660,(anonymous_34)
FN:664,(anonymous_35)
FN:669,(anonymous_36)
FN:675,(anonymous_37)
FN:684,(anonymous_38)
FN:691,(anonymous_39)
FN:698,(anonymous_40)
FN:705,(anonymous_41)
FN:706,(anonymous_42)
FN:714,(anonymous_43)
FN:715,(anonymous_44)
FN:722,(anonymous_45)
FN:770,useSchedule
FNF:47
FNH:0
FNDA:0,scheduleReducer
FNDA:0,(anonymous_1)
FNDA:0,(anonymous_2)
FNDA:0,(anonymous_3)
FNDA:0,(anonymous_4)
FNDA:0,(anonymous_5)
FNDA:0,(anonymous_6)
FNDA:0,(anonymous_7)
FNDA:0,(anonymous_8)
FNDA:0,(anonymous_9)
FNDA:0,(anonymous_10)
FNDA:0,ScheduleProvider
FNDA:0,(anonymous_12)
FNDA:0,(anonymous_13)
FNDA:0,(anonymous_14)
FNDA:0,(anonymous_15)
FNDA:0,(anonymous_16)
FNDA:0,(anonymous_17)
FNDA:0,(anonymous_18)
FNDA:0,(anonymous_19)
FNDA:0,(anonymous_20)
FNDA:0,(anonymous_21)
FNDA:0,(anonymous_22)
FNDA:0,(anonymous_23)
FNDA:0,(anonymous_24)
FNDA:0,(anonymous_25)
FNDA:0,(anonymous_26)
FNDA:0,(anonymous_27)
FNDA:0,(anonymous_28)
FNDA:0,(anonymous_29)
FNDA:0,(anonymous_30)
FNDA:0,(anonymous_31)
FNDA:0,(anonymous_32)
FNDA:0,(anonymous_33)
FNDA:0,(anonymous_34)
FNDA:0,(anonymous_35)
FNDA:0,(anonymous_36)
FNDA:0,(anonymous_37)
FNDA:0,(anonymous_38)
FNDA:0,(anonymous_39)
FNDA:0,(anonymous_40)
FNDA:0,(anonymous_41)
FNDA:0,(anonymous_42)
FNDA:0,(anonymous_43)
FNDA:0,(anonymous_44)
FNDA:0,(anonymous_45)
FNDA:0,useSchedule
DA:5,0
DA:8,0
DA:47,0
DA:91,0
DA:93,0
DA:99,0
DA:106,0
DA:112,0
DA:121,0
DA:127,0
DA:130,0
DA:135,0
DA:137,0
DA:138,0
DA:142,0
DA:143,0
DA:149,0
DA:156,0
DA:157,0
DA:159,0
DA:164,0
DA:167,0
DA:173,0
DA:174,0
DA:175,0
DA:181,0
DA:183,0
DA:188,0
DA:189,0
DA:190,0
DA:192,0
DA:194,0
DA:196,0
DA:198,0
DA:199,0
DA:201,0
DA:202,0
DA:204,0
DA:206,0
DA:207,0
DA:210,0
DA:217,0
DA:223,0
DA:229,0
DA:235,0
DA:241,0
DA:247,0
DA:253,0
DA:259,0
DA:265,0
DA:266,0
DA:269,0
DA:274,0
DA:280,0
DA:281,0
DA:288,0
DA:289,0
DA:292,0
DA:299,0
DA:301,0
DA:302,0
DA:309,0
DA:311,0
DA:312,0
DA:319,0
DA:326,0
DA:332,0
DA:333,0
DA:336,0
DA:337,0
DA:338,0
DA:339,0
DA:343,0
DA:347,0
DA:351,0
DA:359,0
DA:360,0
DA:367,0
DA:371,0
DA:372,0
DA:373,0
DA:374,0
DA:376,0
DA:377,0
DA:378,0
DA:386,0
DA:387,0
DA:391,0
DA:393,0
DA:394,0
DA:395,0
DA:396,0
DA:400,0
DA:402,0
DA:404,0
DA:405,0
DA:408,0
DA:410,0
DA:414,0
DA:415,0
DA:418,0
DA:420,0
DA:425,0
DA:427,0
DA:428,0
DA:433,0
DA:437,0
DA:438,0
DA:439,0
DA:447,0
DA:456,0
DA:461,0
DA:462,0
DA:470,0
DA:471,0
DA:474,0
DA:477,0
DA:482,0
DA:487,0
DA:490,0
DA:495,0
DA:500,0
DA:504,0
DA:506,0
DA:515,0
DA:520,0
DA:521,0
DA:529,0
DA:530,0
DA:533,0
DA:536,0
DA:541,0
DA:546,0
DA:549,0
DA:554,0
DA:559,0
DA:563,0
DA:565,0
DA:574,0
DA:579,0
DA:580,0
DA:584,0
DA:585,0
DA:589,0
DA:594,0
DA:597,0
DA:602,0
DA:607,0
DA:612,0
DA:613,0
DA:616,0
DA:617,0
DA:620,0
DA:621,0
DA:624,0
DA:625,0
DA:628,0
DA:629,0
DA:632,0
DA:633,0
DA:636,0
DA:637,0
DA:640,0
DA:641,0
DA:644,0
DA:645,0
DA:648,0
DA:649,0
DA:652,0
DA:653,0
DA:656,0
DA:657,0
DA:660,0
DA:661,0
DA:664,0
DA:665,0
DA:669,0
DA:670,0
DA:673,0
DA:674,0
DA:675,0
DA:676,0
DA:683,0
DA:684,0
DA:685,0
DA:690,0
DA:691,0
DA:692,0
DA:697,0
DA:698,0
DA:699,0
DA:704,0
DA:705,0
DA:706,0
DA:707,0
DA:713,0
DA:714,0
DA:715,0
DA:716,0
DA:722,0
DA:723,0
DA:724,0
DA:726,0
DA:727,0
DA:729,0
DA:733,0
DA:736,0
DA:737,0
DA:739,0
DA:766,0
DA:771,0
DA:772,0
DA:773,0
DA:775,0
LF:214
LH:0
BRDA:91,0,0,0
BRDA:91,0,1,0
BRDA:91,0,2,0
BRDA:91,0,3,0
BRDA:91,0,4,0
BRDA:91,0,5,0
BRDA:91,0,6,0
BRDA:91,0,7,0
BRDA:91,0,8,0
BRDA:91,0,9,0
BRDA:91,0,10,0
BRDA:91,0,11,0
BRDA:91,0,12,0
BRDA:91,0,13,0
BRDA:91,0,14,0
BRDA:91,0,15,0
BRDA:91,0,16,0
BRDA:91,0,17,0
BRDA:91,0,18,0
BRDA:91,0,19,0
BRDA:91,0,20,0
BRDA:91,0,21,0
BRDA:91,0,22,0
BRDA:91,0,23,0
BRDA:91,0,24,0
BRDA:91,0,25,0
BRDA:130,1,0,0
BRDA:130,1,1,0
BRDA:167,2,0,0
BRDA:167,2,1,0
BRDA:192,3,0,0
BRDA:192,3,1,0
BRDA:196,4,0,0
BRDA:196,4,1,0
BRDA:196,4,2,0
BRDA:202,5,0,0
BRDA:202,5,1,0
BRDA:268,6,0,0
BRDA:268,6,1,0
BRDA:288,7,0,0
BRDA:288,7,1,0
BRDA:299,8,0,0
BRDA:299,8,1,0
BRDA:309,9,0,0
BRDA:309,9,1,0
BRDA:338,10,0,0
BRDA:338,10,1,0
BRDA:341,11,0,0
BRDA:341,11,1,0
BRDA:345,12,0,0
BRDA:345,12,1,0
BRDA:349,13,0,0
BRDA:349,13,1,0
BRDA:353,14,0,0
BRDA:353,14,1,0
BRDA:377,15,0,0
BRDA:377,15,1,0
BRDA:391,16,0,0
BRDA:393,17,0,0
BRDA:393,17,1,0
BRDA:393,18,0,0
BRDA:393,18,1,0
BRDA:395,19,0,0
BRDA:395,19,1,0
BRDA:404,20,0,0
BRDA:404,20,1,0
BRDA:414,21,0,0
BRDA:414,21,1,0
BRDA:427,22,0,0
BRDA:427,22,1,0
BRDA:470,23,0,0
BRDA:470,23,1,0
BRDA:529,24,0,0
BRDA:529,24,1,0
BRDA:584,25,0,0
BRDA:584,25,1,0
BRDA:673,26,0,0
BRDA:673,26,1,0
BRDA:676,27,0,0
BRDA:676,27,1,0
BRDA:676,27,2,0
BRDA:683,28,0,0
BRDA:683,28,1,0
BRDA:690,29,0,0
BRDA:690,29,1,0
BRDA:697,30,0,0
BRDA:697,30,1,0
BRDA:704,31,0,0
BRDA:704,31,1,0
BRDA:713,32,0,0
BRDA:713,32,1,0
BRDA:726,33,0,0
BRDA:726,33,1,0
BRDA:727,34,0,0
BRDA:727,34,1,0
BRDA:727,35,0,0
BRDA:727,35,1,0
BRDA:729,36,0,0
BRDA:729,36,1,0
BRDA:729,37,0,0
BRDA:729,37,1,0
BRDA:772,38,0,0
BRDA:772,38,1,0
BRF:103
BRH:0
end_of_record
TN:
SF:src/hooks/index.js
FNF:0
FNH:0
LF:0
LH:0
BRF:0
BRH:0
end_of_record
TN:
SF:src/hooks/useApi.js
FN:10,(anonymous_0)
FN:23,(anonymous_1)
FN:33,(anonymous_2)
FN:43,(anonymous_3)
FN:49,(anonymous_4)
FN:62,(anonymous_5)
FN:69,(anonymous_6)
FN:87,(anonymous_7)
FN:102,(anonymous_8)
FN:112,(anonymous_9)
FN:121,(anonymous_10)
FN:138,(anonymous_11)
FN:144,(anonymous_12)
FN:149,(anonymous_13)
FN:173,(anonymous_14)
FN:181,(anonymous_15)
FN:184,(anonymous_16)
FN:200,(anonymous_17)
FN:205,(anonymous_18)
FN:209,(anonymous_19)
FN:210,(anonymous_20)
FN:211,(anonymous_21)
FNF:22
FNH:0
FNDA:0,(anonymous_0)
FNDA:0,(anonymous_1)
FNDA:0,(anonymous_2)
FNDA:0,(anonymous_3)
FNDA:0,(anonymous_4)
FNDA:0,(anonymous_5)
FNDA:0,(anonymous_6)
FNDA:0,(anonymous_7)
FNDA:0,(anonymous_8)
FNDA:0,(anonymous_9)
FNDA:0,(anonymous_10)
FNDA:0,(anonymous_11)
FNDA:0,(anonymous_12)
FNDA:0,(anonymous_13)
FNDA:0,(anonymous_14)
FNDA:0,(anonymous_15)
FNDA:0,(anonymous_16)
FNDA:0,(anonymous_17)
FNDA:0,(anonymous_18)
FNDA:0,(anonymous_19)
FNDA:0,(anonymous_20)
FNDA:0,(anonymous_21)
DA:10,0
DA:11,0
DA:12,0
DA:13,0
DA:21,0
DA:23,0
DA:24,0
DA:25,0
DA:26,0
DA:27,0
DA:28,0
DA:29,0
DA:30,0
DA:32,0
DA:33,0
DA:35,0
DA:36,0
DA:39,0
DA:43,0
DA:44,0
DA:45,0
DA:49,0
DA:50,0
DA:53,0
DA:62,0
DA:63,0
DA:64,0
DA:65,0
DA:67,0
DA:69,0
DA:70,0
DA:71,0
DA:72,0
DA:73,0
DA:74,0
DA:75,0
DA:76,0
DA:78,0
DA:79,0
DA:80,0
DA:82,0
DA:83,0
DA:87,0
DA:88,0
DA:89,0
DA:90,0
DA:93,0
DA:102,0
DA:103,0
DA:104,0
DA:105,0
DA:106,0
DA:107,0
DA:108,0
DA:110,0
DA:112,0
DA:113,0
DA:114,0
DA:115,0
DA:116,0
DA:118,0
DA:119,0
DA:121,0
DA:124,0
DA:125,0
DA:126,0
DA:128,0
DA:129,0
DA:131,0
DA:132,0
DA:134,0
DA:138,0
DA:139,0
DA:140,0
DA:144,0
DA:145,0
DA:146,0
DA:149,0
DA:150,0
DA:153,0
DA:173,0
DA:174,0
DA:175,0
DA:176,0
DA:177,0
DA:179,0
DA:181,0
DA:182,0
DA:183,0
DA:184,0
DA:185,0
DA:186,0
DA:188,0
DA:190,0
DA:191,0
DA:193,0
DA:194,0
DA:196,0
DA:200,0
DA:201,0
DA:203,0
DA:204,0
DA:205,0
DA:209,0
DA:210,0
DA:211,0
DA:213,0
LF:107
LH:0
BRDA:10,0,0,0
BRDA:10,1,0,0
BRDA:16,2,0,0
BRDA:19,3,0,0
BRDA:20,4,0,0
BRDA:23,5,0,0
BRDA:29,6,0,0
BRDA:29,6,1,0
BRDA:32,7,0,0
BRDA:32,7,1,0
BRDA:35,8,0,0
BRDA:35,8,1,0
BRDA:36,9,0,0
BRDA:36,9,1,0
BRDA:44,10,0,0
BRDA:44,10,1,0
BRDA:62,11,0,0
BRDA:75,12,0,0
BRDA:75,12,1,0
BRDA:78,13,0,0
BRDA:78,13,1,0
BRDA:79,14,0,0
BRDA:79,14,1,0
BRDA:83,15,0,0
BRDA:83,15,1,0
BRDA:102,16,0,0
BRDA:110,17,0,0
BRDA:112,18,0,0
BRDA:118,19,0,0
BRDA:118,19,1,0
BRDA:119,20,0,0
BRDA:119,20,1,0
BRDA:119,20,2,0
BRDA:121,21,0,0
BRDA:121,21,1,0
BRDA:121,21,2,0
BRDA:124,22,0,0
BRDA:124,22,1,0
BRDA:125,23,0,0
BRDA:125,23,1,0
BRDA:128,24,0,0
BRDA:128,24,1,0
BRDA:131,25,0,0
BRDA:131,25,1,0
BRDA:132,26,0,0
BRDA:132,26,1,0
BRDA:139,27,0,0
BRDA:139,27,1,0
BRDA:139,28,0,0
BRDA:139,28,1,0
BRDA:173,29,0,0
BRDA:173,30,0,0
BRDA:185,31,0,0
BRDA:185,31,1,0
BRDA:186,32,0,0
BRDA:186,32,1,0
BRDA:193,33,0,0
BRDA:193,33,1,0
BRDA:194,34,0,0
BRDA:194,34,1,0
BRDA:203,35,0,0
BRDA:203,35,1,0
BRDA:203,36,0,0
BRDA:203,36,1,0
BRF:64
BRH:0
end_of_record
TN:
SF:src/hooks/useApp.js
FNF:0
FNH:0
LF:0
LH:0
BRF:0
BRH:0
end_of_record
TN:
SF:src/hooks/useAuth.js
FNF:0
FNH:0
LF:0
LH:0
BRF:0
BRH:0
end_of_record
TN:
SF:src/hooks/useDeepLinking.js
FN:5,(anonymous_0)
FN:11,(anonymous_1)
FN:30,(anonymous_2)
FN:42,(anonymous_3)
FN:45,(anonymous_4)
FN:55,(anonymous_5)
FN:66,(anonymous_6)
FN:73,(anonymous_7)
FN:79,(anonymous_8)
FN:85,(anonymous_9)
FNF:10
FNH:0
FNDA:0,(anonymous_0)
FNDA:0,(anonymous_1)
FNDA:0,(anonymous_2)
FNDA:0,(anonymous_3)
FNDA:0,(anonymous_4)
FNDA:0,(anonymous_5)
FNDA:0,(anonymous_6)
FNDA:0,(anonymous_7)
FNDA:0,(anonymous_8)
FNDA:0,(anonymous_9)
DA:5,0
DA:6,0
DA:7,0
DA:8,0
DA:9,0
DA:11,0
DA:13,0
DA:14,0
DA:16,0
DA:17,0
DA:18,0
DA:20,0
DA:21,0
DA:30,0
DA:31,0
DA:32,0
DA:34,0
DA:35,0
DA:38,0
DA:42,0
DA:43,0
DA:45,0
DA:46,0
DA:47,0
DA:51,0
DA:55,0
DA:56,0
DA:59,0
DA:60,0
DA:66,0
DA:67,0
DA:73,0
DA:74,0
DA:75,0
DA:79,0
DA:80,0
DA:81,0
DA:85,0
DA:86,0
DA:87,0
DA:88,0
DA:89,0
DA:91,0
DA:94,0
DA:97,0
LF:45
LH:0
BRDA:13,0,0,0
BRDA:13,0,1,0
BRDA:14,1,0,0
BRDA:14,1,1,0
BRDA:14,2,0,0
BRDA:14,2,1,0
BRDA:18,3,0,0
BRDA:18,3,1,0
BRDA:18,4,0,0
BRDA:18,4,1,0
BRDA:42,5,0,0
BRDA:46,6,0,0
BRDA:46,6,1,0
BRDA:46,7,0,0
BRDA:46,7,1,0
BRDA:55,8,0,0
BRDA:59,9,0,0
BRDA:59,9,1,0
BRDA:79,10,0,0
BRDA:87,11,0,0
BRDA:87,11,1,0
BRF:21
BRH:0
end_of_record
TN:
SF:src/hooks/useLocalStorage.js
FN:11,useLocalStorage
FN:12,(anonymous_1)
FN:22,(anonymous_2)
FN:49,(anonymous_3)
FN:67,(anonymous_4)
FN:97,useLocalStorageObject
FN:103,(anonymous_6)
FN:105,(anonymous_7)
FN:110,(anonymous_8)
FN:120,(anonymous_9)
FN:121,(anonymous_10)
FN:130,(anonymous_11)
FN:131,(anonymous_12)
FN:154,useLocalStorageArray
FN:160,(anonymous_14)
FN:161,(anonymous_15)
FN:167,(anonymous_16)
FN:168,(anonymous_17)
FN:168,(anonymous_18)
FN:174,(anonymous_19)
FN:175,(anonymous_20)
FN:175,(anonymous_21)
FN:181,(anonymous_22)
FN:182,(anonymous_23)
FN:182,(anonymous_24)
FN:188,(anonymous_25)
FN:195,(anonymous_26)
FN:196,(anonymous_27)
FN:218,useTempLocalStorage
FN:229,useSecureLocalStorage
FNF:30
FNH:0
FNDA:0,useLocalStorage
FNDA:0,(anonymous_1)
FNDA:0,(anonymous_2)
FNDA:0,(anonymous_3)
FNDA:0,(anonymous_4)
FNDA:0,useLocalStorageObject
FNDA:0,(anonymous_6)
FNDA:0,(anonymous_7)
FNDA:0,(anonymous_8)
FNDA:0,(anonymous_9)
FNDA:0,(anonymous_10)
FNDA:0,(anonymous_11)
FNDA:0,(anonymous_12)
FNDA:0,useLocalStorageArray
FNDA:0,(anonymous_14)
FNDA:0,(anonymous_15)
FNDA:0,(anonymous_16)
FNDA:0,(anonymous_17)
FNDA:0,(anonymous_18)
FNDA:0,(anonymous_19)
FNDA:0,(anonymous_20)
FNDA:0,(anonymous_21)
FNDA:0,(anonymous_22)
FNDA:0,(anonymous_23)
FNDA:0,(anonymous_24)
FNDA:0,(anonymous_25)
FNDA:0,(anonymous_26)
FNDA:0,(anonymous_27)
FNDA:0,useTempLocalStorage
FNDA:0,useSecureLocalStorage
DA:12,0
DA:13,0
DA:16,0
DA:17,0
DA:22,0
DA:23,0
DA:24,0
DA:25,0
DA:28,0
DA:30,0
DA:33,0
DA:34,0
DA:36,0
DA:39,0
DA:40,0
DA:42,0
DA:49,0
DA:50,0
DA:51,0
DA:52,0
DA:54,0
DA:55,0
DA:57,0
DA:58,0
DA:60,0
DA:67,0
DA:68,0
DA:69,0
DA:70,0
DA:72,0
DA:73,0
DA:75,0
DA:76,0
DA:78,0
DA:82,0
DA:98,0
DA:103,0
DA:104,0
DA:105,0
DA:110,0
DA:120,0
DA:121,0
DA:130,0
DA:131,0
DA:132,0
DA:133,0
DA:134,0
DA:138,0
DA:155,0
DA:160,0
DA:161,0
DA:167,0
DA:168,0
DA:174,0
DA:175,0
DA:181,0
DA:182,0
DA:188,0
DA:189,0
DA:195,0
DA:196,0
DA:199,0
DA:219,0
DA:223,0
DA:230,0
DA:234,0
LF:66
LH:0
BRDA:11,0,0,0
BRDA:28,1,0,0
BRDA:28,1,1,0
BRDA:33,2,0,0
BRDA:33,2,1,0
BRDA:33,3,0,0
BRDA:33,3,1,0
BRDA:97,4,0,0
BRDA:97,5,0,0
BRDA:104,6,0,0
BRDA:104,6,1,0
BRDA:154,7,0,0
BRDA:154,8,0,0
BRDA:182,9,0,0
BRDA:182,9,1,0
BRDA:218,10,0,0
BRF:16
BRH:0
end_of_record
TN:
SF:src/hooks/useNotifications.js
FNF:0
FNH:0
LF:0
LH:0
BRF:0
BRH:0
end_of_record
TN:
SF:src/hooks/useOptimisticUpdates.js
FN:9,useOptimisticUpdates
FN:14,(anonymous_1)
FN:17,(anonymous_2)
FN:22,(anonymous_3)
FN:33,(anonymous_4)
FN:42,(anonymous_5)
FN:54,(anonymous_6)
FN:66,(anonymous_7)
FN:78,(anonymous_8)
FN:111,(anonymous_9)
FN:118,(anonymous_10)
FN:125,(anonymous_11)
FN:128,(anonymous_12)
FN:137,(anonymous_13)
FNF:14
FNH:0
FNDA:0,useOptimisticUpdates
FNDA:0,(anonymous_1)
FNDA:0,(anonymous_2)
FNDA:0,(anonymous_3)
FNDA:0,(anonymous_4)
FNDA:0,(anonymous_5)
FNDA:0,(anonymous_6)
FNDA:0,(anonymous_7)
FNDA:0,(anonymous_8)
FNDA:0,(anonymous_9)
FNDA:0,(anonymous_10)
FNDA:0,(anonymous_11)
FNDA:0,(anonymous_12)
FNDA:0,(anonymous_13)
DA:10,0
DA:11,0
DA:14,0
DA:15,0
DA:17,0
DA:18,0
DA:22,0
DA:23,0
DA:25,0
DA:26,0
DA:30,0
DA:31,0
DA:33,0
DA:34,0
DA:35,0
DA:42,0
DA:43,0
DA:44,0
DA:46,0
DA:47,0
DA:54,0
DA:55,0
DA:56,0
DA:58,0
DA:59,0
DA:66,0
DA:67,0
DA:68,0
DA:70,0
DA:71,0
DA:78,0
DA:79,0
DA:81,0
DA:82,0
DA:85,0
DA:87,0
DA:88,0
DA:90,0
DA:91,0
DA:93,0
DA:94,0
DA:96,0
DA:99,0
DA:101,0
DA:105,0
DA:111,0
DA:112,0
DA:118,0
DA:119,0
DA:125,0
DA:126,0
DA:128,0
DA:137,0
DA:138,0
DA:140,0
DA:141,0
DA:145,0
DA:147,0
DA:148,0
DA:152,0
LF:60
LH:0
BRDA:25,0,0,0
BRDA:25,0,1,0
BRDA:85,1,0,0
BRDA:85,1,1,0
BRDA:85,1,2,0
BRDA:85,1,3,0
BRDA:112,2,0,0
BRDA:112,2,1,0
BRDA:119,3,0,0
BRDA:119,3,1,0
BRDA:126,4,0,0
BRDA:126,4,1,0
BRDA:140,5,0,0
BRDA:140,5,1,0
BRF:14
BRH:0
end_of_record
TN:
SF:src/hooks/useRouteTransition.js
FN:5,(anonymous_0)
FN:11,(anonymous_1)
FN:27,(anonymous_2)
FN:31,(anonymous_3)
FN:34,(anonymous_4)
FN:38,(anonymous_5)
FN:43,(anonymous_6)
FN:47,(anonymous_7)
FNF:8
FNH:0
FNDA:0,(anonymous_0)
FNDA:0,(anonymous_1)
FNDA:0,(anonymous_2)
FNDA:0,(anonymous_3)
FNDA:0,(anonymous_4)
FNDA:0,(anonymous_5)
FNDA:0,(anonymous_6)
FNDA:0,(anonymous_7)
DA:5,0
DA:6,0
DA:7,0
DA:8,0
DA:9,0
DA:11,0
DA:13,0
DA:16,0
DA:17,0
DA:18,0
DA:20,0
DA:24,0
DA:27,0
DA:28,0
DA:31,0
DA:34,0
DA:35,0
DA:36,0
DA:38,0
DA:39,0
DA:43,0
DA:44,0
DA:45,0
DA:47,0
DA:48,0
DA:49,0
DA:51,0
DA:56,0
LF:28
LH:0
BRDA:17,0,0,0
BRDA:17,0,1,0
BRDA:17,1,0,0
BRDA:17,1,1,0
BRDA:34,2,0,0
BRDA:48,3,0,0
BRDA:48,3,1,0
BRF:7
BRH:0
end_of_record
TN:
SF:src/hooks/useSchedule.js
FNF:0
FNH:0
LF:0
LH:0
BRF:0
BRH:0
end_of_record
TN:
SF:src/hooks/useUndoRedo.js
FN:8,useUndoRedo
FN:17,(anonymous_1)
FN:34,(anonymous_2)
FN:44,(anonymous_3)
FN:53,(anonymous_4)
FN:61,(anonymous_5)
FNF:6
FNH:0
FNDA:0,useUndoRedo
FNDA:0,(anonymous_1)
FNDA:0,(anonymous_2)
FNDA:0,(anonymous_3)
FNDA:0,(anonymous_4)
FNDA:0,(anonymous_5)
DA:9,0
DA:10,0
DA:17,0
DA:18,0
DA:19,0
DA:20,0
DA:24,0
DA:26,0
DA:27,0
DA:34,0
DA:35,0
DA:36,0
DA:37,0
DA:44,0
DA:45,0
DA:46,0
DA:53,0
DA:54,0
DA:55,0
DA:61,0
DA:62,0
DA:65,0
LF:22
LH:0
BRDA:35,0,0,0
BRDA:35,0,1,0
BRDA:45,1,0,0
BRDA:45,1,1,0
BRF:4
BRH:0
end_of_record
TN:
SF:src/pages/AnalyticsPage.jsx
FN:49,(anonymous_0)
FN:58,(anonymous_1)
FN:219,(anonymous_2)
FN:237,(anonymous_3)
FNF:4
FNH:0
FNDA:0,(anonymous_0)
FNDA:0,(anonymous_1)
FNDA:0,(anonymous_2)
FNDA:0,(anonymous_3)
DA:37,0
DA:49,0
DA:50,0
DA:51,0
DA:58,0
DA:60,0
DA:68,0
DA:90,0
DA:104,0
DA:126,0
DA:141,0
DA:157,0
DA:167,0
DA:198,0
DA:219,0
DA:238,0
LF:16
LH:0
BRDA:243,0,0,0
BRDA:243,0,1,0
BRDA:244,1,0,0
BRDA:244,1,1,0
BRDA:245,2,0,0
BRDA:245,2,1,0
BRDA:247,3,0,0
BRDA:247,3,1,0
BRDA:248,4,0,0
BRDA:248,4,1,0
BRDA:249,5,0,0
BRDA:249,5,1,0
BRF:12
BRH:0
end_of_record
TN:
SF:src/pages/DashboardPage.jsx
FN:37,(anonymous_0)
FN:49,(anonymous_1)
FN:51,(anonymous_2)
FN:52,(anonymous_3)
FN:147,(anonymous_4)
FN:158,(anonymous_5)
FN:188,(anonymous_6)
FN:237,(anonymous_7)
FN:248,(anonymous_8)
FN:318,(anonymous_9)
FN:336,(anonymous_10)
FNF:11
FNH:0
FNDA:0,(anonymous_0)
FNDA:0,(anonymous_1)
FNDA:0,(anonymous_2)
FNDA:0,(anonymous_3)
FNDA:0,(anonymous_4)
FNDA:0,(anonymous_5)
FNDA:0,(anonymous_6)
FNDA:0,(anonymous_7)
FNDA:0,(anonymous_8)
FNDA:0,(anonymous_9)
FNDA:0,(anonymous_10)
DA:37,0
DA:38,0
DA:39,0
DA:40,0
DA:49,0
DA:51,0
DA:52,0
DA:80,0
DA:83,0
DA:116,0
DA:147,0
DA:148,0
DA:150,0
DA:152,0
DA:154,0
DA:158,0
DA:159,0
DA:160,0
DA:163,0
DA:189,0
DA:238,0
DA:248,0
DA:319,0
DA:336,0
LF:24
LH:0
BRDA:148,0,0,0
BRDA:148,0,1,0
BRDA:148,0,2,0
BRDA:159,1,0,0
BRDA:159,1,1,0
BRDA:173,2,0,0
BRDA:173,2,1,0
BRDA:193,3,0,0
BRDA:193,3,1,0
BRDA:194,4,0,0
BRDA:194,4,1,0
BRDA:195,5,0,0
BRDA:195,5,1,0
BRDA:196,6,0,0
BRDA:196,6,1,0
BRDA:197,7,0,0
BRDA:197,7,1,0
BRDA:198,8,0,0
BRDA:198,8,1,0
BRF:19
BRH:0
end_of_record
TN:
SF:src/pages/EmployeesPage.jsx
FN:46,(anonymous_0)
FN:63,(anonymous_1)
FN:105,(anonymous_2)
FN:110,(anonymous_3)
FN:115,(anonymous_4)
FN:128,(anonymous_5)
FN:134,(anonymous_6)
FN:135,(anonymous_7)
FN:135,(anonymous_8)
FN:139,(anonymous_9)
FN:142,(anonymous_10)
FN:142,(anonymous_11)
FN:149,(anonymous_12)
FN:152,(anonymous_13)
FN:157,(anonymous_14)
FN:165,(anonymous_15)
FN:169,(anonymous_16)
FN:170,(anonymous_17)
FN:203,(anonymous_18)
FN:216,(anonymous_19)
FN:251,(anonymous_20)
FN:303,(anonymous_21)
FN:307,(anonymous_22)
FN:314,(anonymous_23)
FN:326,(anonymous_24)
FN:326,(anonymous_25)
FN:337,(anonymous_26)
FN:337,(anonymous_27)
FN:349,(anonymous_28)
FN:349,(anonymous_29)
FN:360,(anonymous_30)
FN:360,(anonymous_31)
FN:372,(anonymous_32)
FN:372,(anonymous_33)
FN:388,(anonymous_34)
FN:388,(anonymous_35)
FN:400,(anonymous_36)
FN:400,(anonymous_37)
FN:411,(anonymous_38)
FNF:39
FNH:0
FNDA:0,(anonymous_0)
FNDA:0,(anonymous_1)
FNDA:0,(anonymous_2)
FNDA:0,(anonymous_3)
FNDA:0,(anonymous_4)
FNDA:0,(anonymous_5)
FNDA:0,(anonymous_6)
FNDA:0,(anonymous_7)
FNDA:0,(anonymous_8)
FNDA:0,(anonymous_9)
FNDA:0,(anonymous_10)
FNDA:0,(anonymous_11)
FNDA:0,(anonymous_12)
FNDA:0,(anonymous_13)
FNDA:0,(anonymous_14)
FNDA:0,(anonymous_15)
FNDA:0,(anonymous_16)
FNDA:0,(anonymous_17)
FNDA:0,(anonymous_18)
FNDA:0,(anonymous_19)
FNDA:0,(anonymous_20)
FNDA:0,(anonymous_21)
FNDA:0,(anonymous_22)
FNDA:0,(anonymous_23)
FNDA:0,(anonymous_24)
FNDA:0,(anonymous_25)
FNDA:0,(anonymous_26)
FNDA:0,(anonymous_27)
FNDA:0,(anonymous_28)
FNDA:0,(anonymous_29)
FNDA:0,(anonymous_30)
FNDA:0,(anonymous_31)
FNDA:0,(anonymous_32)
FNDA:0,(anonymous_33)
FNDA:0,(anonymous_34)
FNDA:0,(anonymous_35)
FNDA:0,(anonymous_36)
FNDA:0,(anonymous_37)
FNDA:0,(anonymous_38)
DA:46,0
DA:47,0
DA:48,0
DA:49,0
DA:50,0
DA:51,0
DA:52,0
DA:53,0
DA:63,0
DA:65,0
DA:105,0
DA:106,0
DA:107,0
DA:110,0
DA:111,0
DA:112,0
DA:115,0
DA:116,0
DA:125,0
DA:128,0
DA:129,0
DA:130,0
DA:131,0
DA:134,0
DA:135,0
DA:136,0
DA:139,0
DA:140,0
DA:142,0
DA:143,0
DA:147,0
DA:149,0
DA:152,0
DA:154,0
DA:157,0
DA:158,0
DA:159,0
DA:160,0
DA:161,0
DA:165,0
DA:166,0
DA:169,0
DA:170,0
DA:172,0
DA:203,0
DA:217,0
DA:251,0
DA:303,0
DA:307,0
DA:314,0
DA:326,0
DA:337,0
DA:349,0
DA:360,0
DA:372,0
DA:388,0
DA:400,0
DA:411,0
LF:58
LH:0
BRDA:140,0,0,0
BRDA:140,0,1,0
BRDA:143,1,0,0
BRDA:143,1,1,0
BRDA:158,2,0,0
BRDA:158,2,1,0
BRDA:158,2,2,0
BRDA:166,3,0,0
BRDA:166,3,1,0
BRDA:188,4,0,0
BRDA:188,4,1,0
BRDA:216,5,0,0
BRDA:216,5,1,0
BRDA:248,6,0,0
BRDA:248,6,1,0
BRDA:316,7,0,0
BRDA:316,7,1,0
BRDA:413,8,0,0
BRDA:413,8,1,0
BRF:19
BRH:0
end_of_record
TN:
SF:src/pages/LoginPage.jsx
FN:26,(anonymous_0)
FN:44,(anonymous_1)
FN:45,(anonymous_2)
FN:52,(anonymous_3)
FN:67,(anonymous_4)
FN:163,(anonymous_5)
FNF:6
FNH:0
FNDA:0,(anonymous_0)
FNDA:0,(anonymous_1)
FNDA:0,(anonymous_2)
FNDA:0,(anonymous_3)
FNDA:0,(anonymous_4)
FNDA:0,(anonymous_5)
DA:26,0
DA:27,0
DA:31,0
DA:32,0
DA:33,0
DA:35,0
DA:36,0
DA:39,0
DA:40,0
DA:41,0
DA:44,0
DA:45,0
DA:49,0
DA:52,0
DA:53,0
DA:54,0
DA:55,0
DA:57,0
DA:58,0
DA:61,0
DA:63,0
DA:67,0
DA:68,0
DA:69,0
DA:70,0
DA:75,0
DA:77,0
DA:81,0
DA:163,0
LF:29
LH:0
BRDA:39,0,0,0
BRDA:39,0,1,0
BRDA:40,1,0,0
BRDA:40,1,1,0
BRDA:61,2,0,0
BRDA:61,2,1,0
BRDA:117,3,0,0
BRDA:117,3,1,0
BRDA:147,4,0,0
BRDA:147,4,1,0
BRDA:166,5,0,0
BRDA:166,5,1,0
BRDA:179,6,0,0
BRDA:179,6,1,0
BRDA:182,7,0,0
BRDA:182,7,1,0
BRF:16
BRH:0
end_of_record
TN:
SF:src/pages/NotFoundPage.jsx
FN:16,(anonymous_0)
FN:87,(anonymous_1)
FN:95,(anonymous_2)
FNF:3
FNH:0
FNDA:0,(anonymous_0)
FNDA:0,(anonymous_1)
FNDA:0,(anonymous_2)
DA:16,0
DA:17,0
DA:19,0
DA:87,0
DA:95,0
LF:5
LH:0
BRF:0
BRH:0
end_of_record
TN:
SF:src/pages/ProfilePage.jsx
FN:43,(anonymous_0)
FN:113,(anonymous_1)
FN:117,(anonymous_2)
FN:120,(anonymous_3)
FN:123,(anonymous_4)
FN:139,(anonymous_5)
FN:140,(anonymous_6)
FN:146,(anonymous_7)
FN:159,(anonymous_8)
FN:162,(anonymous_9)
FN:301,(anonymous_10)
FN:311,(anonymous_11)
FN:321,(anonymous_12)
FN:331,(anonymous_13)
FN:341,(anonymous_14)
FN:351,(anonymous_15)
FN:366,(anonymous_16)
FN:395,(anonymous_17)
FN:445,(anonymous_18)
FN:475,(anonymous_19)
FN:484,(anonymous_20)
FN:484,(anonymous_21)
FN:495,(anonymous_22)
FN:495,(anonymous_23)
FN:506,(anonymous_24)
FN:506,(anonymous_25)
FN:514,(anonymous_26)
FNF:27
FNH:0
FNDA:0,(anonymous_0)
FNDA:0,(anonymous_1)
FNDA:0,(anonymous_2)
FNDA:0,(anonymous_3)
FNDA:0,(anonymous_4)
FNDA:0,(anonymous_5)
FNDA:0,(anonymous_6)
FNDA:0,(anonymous_7)
FNDA:0,(anonymous_8)
FNDA:0,(anonymous_9)
FNDA:0,(anonymous_10)
FNDA:0,(anonymous_11)
FNDA:0,(anonymous_12)
FNDA:0,(anonymous_13)
FNDA:0,(anonymous_14)
FNDA:0,(anonymous_15)
FNDA:0,(anonymous_16)
FNDA:0,(anonymous_17)
FNDA:0,(anonymous_18)
FNDA:0,(anonymous_19)
FNDA:0,(anonymous_20)
FNDA:0,(anonymous_21)
FNDA:0,(anonymous_22)
FNDA:0,(anonymous_23)
FNDA:0,(anonymous_24)
FNDA:0,(anonymous_25)
FNDA:0,(anonymous_26)
DA:43,0
DA:44,0
DA:45,0
DA:46,0
DA:47,0
DA:58,0
DA:63,0
DA:65,0
DA:92,0
DA:113,0
DA:114,0
DA:117,0
DA:118,0
DA:119,0
DA:120,0
DA:123,0
DA:124,0
DA:126,0
DA:139,0
DA:140,0
DA:146,0
DA:147,0
DA:148,0
DA:149,0
DA:152,0
DA:153,0
DA:158,0
DA:159,0
DA:162,0
DA:163,0
DA:164,0
DA:165,0
DA:166,0
DA:170,0
DA:301,0
DA:311,0
DA:321,0
DA:331,0
DA:341,0
DA:351,0
DA:366,0
DA:396,0
DA:446,0
DA:475,0
DA:484,0
DA:495,0
DA:506,0
DA:514,0
LF:48
LH:0
BRDA:48,0,0,0
BRDA:48,0,1,0
BRDA:49,1,0,0
BRDA:49,1,1,0
BRDA:50,2,0,0
BRDA:50,2,1,0
BRDA:53,3,0,0
BRDA:53,3,1,0
BRDA:127,4,0,0
BRDA:127,4,1,0
BRDA:128,5,0,0
BRDA:128,5,1,0
BRDA:129,6,0,0
BRDA:129,6,1,0
BRDA:132,7,0,0
BRDA:132,7,1,0
BRDA:147,8,0,0
BRDA:147,8,1,0
BRDA:163,9,0,0
BRDA:163,9,1,0
BRDA:163,9,2,0
BRDA:186,10,0,0
BRDA:186,10,1,0
BRDA:217,11,0,0
BRDA:217,11,1,0
BRDA:251,12,0,0
BRDA:251,12,1,0
BRDA:303,13,0,0
BRDA:303,13,1,0
BRDA:313,14,0,0
BRDA:313,14,1,0
BRDA:323,15,0,0
BRDA:323,15,1,0
BRDA:333,16,0,0
BRDA:333,16,1,0
BRDA:343,17,0,0
BRDA:343,17,1,0
BRDA:353,18,0,0
BRDA:353,18,1,0
BRDA:400,19,0,0
BRDA:400,19,1,0
BRDA:401,20,0,0
BRDA:401,20,1,0
BRDA:402,21,0,0
BRDA:402,21,1,0
BRDA:404,22,0,0
BRDA:404,22,1,0
BRDA:405,23,0,0
BRDA:405,23,1,0
BRDA:406,24,0,0
BRDA:406,24,1,0
BRDA:465,25,0,0
BRDA:465,25,1,0
BRF:53
BRH:0
end_of_record
TN:
SF:src/pages/RegisterPage.jsx
FN:33,(anonymous_0)
FN:55,(anonymous_1)
FN:56,(anonymous_2)
FN:63,(anonymous_3)
FN:87,(anonymous_4)
FN:260,(anonymous_5)
FN:289,(anonymous_6)
FNF:7
FNH:0
FNDA:0,(anonymous_0)
FNDA:0,(anonymous_1)
FNDA:0,(anonymous_2)
FNDA:0,(anonymous_3)
FNDA:0,(anonymous_4)
FNDA:0,(anonymous_5)
FNDA:0,(anonymous_6)
DA:33,0
DA:34,0
DA:43,0
DA:44,0
DA:45,0
DA:46,0
DA:48,0
DA:51,0
DA:52,0
DA:55,0
DA:56,0
DA:60,0
DA:63,0
DA:64,0
DA:65,0
DA:66,0
DA:69,0
DA:70,0
DA:71,0
DA:74,0
DA:75,0
DA:76,0
DA:79,0
DA:80,0
DA:81,0
DA:84,0
DA:87,0
DA:88,0
DA:89,0
DA:91,0
DA:92,0
DA:95,0
DA:97,0
DA:98,0
DA:107,0
DA:110,0
DA:112,0
DA:116,0
DA:260,0
DA:289,0
LF:40
LH:0
BRDA:51,0,0,0
BRDA:51,0,1,0
BRDA:64,1,0,0
BRDA:64,1,1,0
BRDA:64,2,0,0
BRDA:64,2,1,0
BRDA:69,3,0,0
BRDA:69,3,1,0
BRDA:74,4,0,0
BRDA:74,4,1,0
BRDA:79,5,0,0
BRDA:79,5,1,0
BRDA:91,6,0,0
BRDA:91,6,1,0
BRDA:110,7,0,0
BRDA:110,7,1,0
BRDA:152,8,0,0
BRDA:152,8,1,0
BRDA:244,9,0,0
BRDA:244,9,1,0
BRDA:263,10,0,0
BRDA:263,10,1,0
BRDA:273,11,0,0
BRDA:273,11,1,0
BRDA:292,12,0,0
BRDA:292,12,1,0
BRDA:305,13,0,0
BRDA:305,13,1,0
BRDA:308,14,0,0
BRDA:308,14,1,0
BRF:30
BRH:0
end_of_record
TN:
SF:src/pages/RulesPage.jsx
FN:6,(anonymous_0)
FNF:1
FNH:0
FNDA:0,(anonymous_0)
DA:6,0
DA:7,0
LF:2
LH:0
BRF:0
BRH:0
end_of_record
TN:
SF:src/pages/SchedulePage.jsx
FN:44,(anonymous_0)
FN:59,(anonymous_1)
FN:95,(anonymous_2)
FN:97,(anonymous_3)
FN:104,(anonymous_4)
FN:105,(anonymous_5)
FN:117,(anonymous_6)
FN:119,(anonymous_7)
FN:130,(anonymous_8)
FN:130,(anonymous_9)
FN:132,(anonymous_10)
FN:147,(anonymous_11)
FN:157,(anonymous_12)
FN:166,(anonymous_13)
FN:191,(anonymous_14)
FN:207,(anonymous_15)
FN:269,(anonymous_16)
FN:302,(anonymous_17)
FN:322,(anonymous_18)
FN:334,(anonymous_19)
FN:334,(anonymous_20)
FN:345,(anonymous_21)
FN:345,(anonymous_22)
FN:357,(anonymous_23)
FN:357,(anonymous_24)
FN:375,(anonymous_25)
FN:375,(anonymous_26)
FN:388,(anonymous_27)
FN:388,(anonymous_28)
FN:401,(anonymous_29)
FN:401,(anonymous_30)
FN:415,(anonymous_31)
FN:415,(anonymous_32)
FN:425,(anonymous_33)
FNF:34
FNH:0
FNDA:0,(anonymous_0)
FNDA:0,(anonymous_1)
FNDA:0,(anonymous_2)
FNDA:0,(anonymous_3)
FNDA:0,(anonymous_4)
FNDA:0,(anonymous_5)
FNDA:0,(anonymous_6)
FNDA:0,(anonymous_7)
FNDA:0,(anonymous_8)
FNDA:0,(anonymous_9)
FNDA:0,(anonymous_10)
FNDA:0,(anonymous_11)
FNDA:0,(anonymous_12)
FNDA:0,(anonymous_13)
FNDA:0,(anonymous_14)
FNDA:0,(anonymous_15)
FNDA:0,(anonymous_16)
FNDA:0,(anonymous_17)
FNDA:0,(anonymous_18)
FNDA:0,(anonymous_19)
FNDA:0,(anonymous_20)
FNDA:0,(anonymous_21)
FNDA:0,(anonymous_22)
FNDA:0,(anonymous_23)
FNDA:0,(anonymous_24)
FNDA:0,(anonymous_25)
FNDA:0,(anonymous_26)
FNDA:0,(anonymous_27)
FNDA:0,(anonymous_28)
FNDA:0,(anonymous_29)
FNDA:0,(anonymous_30)
FNDA:0,(anonymous_31)
FNDA:0,(anonymous_32)
FNDA:0,(anonymous_33)
DA:44,0
DA:45,0
DA:46,0
DA:47,0
DA:48,0
DA:49,0
DA:59,0
DA:61,0
DA:62,0
DA:63,0
DA:65,0
DA:95,0
DA:96,0
DA:97,0
DA:101,0
DA:104,0
DA:105,0
DA:106,0
DA:107,0
DA:113,0
DA:117,0
DA:118,0
DA:119,0
DA:129,0
DA:130,0
DA:132,0
DA:135,0
DA:136,0
DA:147,0
DA:148,0
DA:149,0
DA:150,0
DA:151,0
DA:152,0
DA:153,0
DA:157,0
DA:158,0
DA:159,0
DA:160,0
DA:161,0
DA:162,0
DA:166,0
DA:167,0
DA:168,0
DA:171,0
DA:191,0
DA:207,0
DA:270,0
DA:303,0
DA:304,0
DA:305,0
DA:322,0
DA:334,0
DA:345,0
DA:357,0
DA:375,0
DA:388,0
DA:401,0
DA:415,0
DA:425,0
LF:60
LH:0
BRDA:106,0,0,0
BRDA:106,0,1,0
BRDA:110,1,0,0
BRDA:110,1,1,0
BRDA:111,2,0,0
BRDA:111,2,1,0
BRDA:119,3,0,0
BRDA:119,3,1,0
BRDA:129,4,0,0
BRDA:129,4,1,0
BRDA:130,5,0,0
BRDA:130,5,1,0
BRDA:148,6,0,0
BRDA:148,6,1,0
BRDA:148,6,2,0
BRDA:148,6,3,0
BRDA:148,6,4,0
BRDA:158,7,0,0
BRDA:158,7,1,0
BRDA:158,7,2,0
BRDA:158,7,3,0
BRDA:191,8,0,0
BRDA:191,8,1,0
BRDA:263,9,0,0
BRDA:263,9,1,0
BRDA:324,10,0,0
BRDA:324,10,1,0
BRDA:427,11,0,0
BRDA:427,11,1,0
BRF:29
BRH:0
end_of_record
TN:
SF:src/pages/SettingsPage.jsx
FN:35,(anonymous_0)
FN:62,(anonymous_1)
FN:63,(anonymous_2)
FN:72,(anonymous_3)
FN:75,(anonymous_4)
FN:212,(anonymous_5)
FN:213,(anonymous_6)
FN:224,(anonymous_7)
FN:236,(anonymous_8)
FN:238,(anonymous_9)
FN:253,(anonymous_10)
FN:305,(anonymous_11)
FN:329,(anonymous_12)
FNF:13
FNH:0
FNDA:0,(anonymous_0)
FNDA:0,(anonymous_1)
FNDA:0,(anonymous_2)
FNDA:0,(anonymous_3)
FNDA:0,(anonymous_4)
FNDA:0,(anonymous_5)
FNDA:0,(anonymous_6)
FNDA:0,(anonymous_7)
FNDA:0,(anonymous_8)
FNDA:0,(anonymous_9)
FNDA:0,(anonymous_10)
FNDA:0,(anonymous_11)
FNDA:0,(anonymous_12)
DA:35,0
DA:36,0
DA:60,0
DA:62,0
DA:63,0
DA:72,0
DA:74,0
DA:75,0
DA:78,0
DA:212,0
DA:213,0
DA:214,0
DA:217,0
DA:219,0
DA:224,0
DA:232,0
DA:236,0
DA:239,0
DA:248,0
DA:253,0
DA:259,0
DA:263,0
DA:306,0
DA:330,0
LF:24
LH:0
BRDA:217,0,0,0
BRDA:217,0,1,0
BRDA:217,0,2,0
BRDA:217,0,3,0
BRDA:291,1,0,0
BRDA:291,1,1,0
BRDA:341,2,0,0
BRDA:341,2,1,0
BRF:8
BRH:0
end_of_record
TN:
SF:src/services/api.js
FN:14,(anonymous_0)
FN:21,(anonymous_1)
FN:28,(anonymous_2)
FN:29,(anonymous_3)
FN:49,(anonymous_4)
FN:60,(anonymous_5)
FN:66,(anonymous_6)
FN:71,(anonymous_7)
FN:78,(anonymous_8)
FN:83,(anonymous_9)
FN:88,(anonymous_10)
FN:93,(anonymous_11)
FN:101,(anonymous_12)
FN:109,(anonymous_13)
FN:116,(anonymous_14)
FN:121,(anonymous_15)
FN:126,(anonymous_16)
FN:134,(anonymous_17)
FN:139,(anonymous_18)
FN:144,(anonymous_19)
FN:149,(anonymous_20)
FN:154,(anonymous_21)
FN:164,(anonymous_22)
FN:169,(anonymous_23)
FN:176,(anonymous_24)
FN:181,(anonymous_25)
FN:189,(anonymous_26)
FN:194,(anonymous_27)
FN:199,(anonymous_28)
FN:204,(anonymous_29)
FNF:30
FNH:0
FNDA:0,(anonymous_0)
FNDA:0,(anonymous_1)
FNDA:0,(anonymous_2)
FNDA:0,(anonymous_3)
FNDA:0,(anonymous_4)
FNDA:0,(anonymous_5)
FNDA:0,(anonymous_6)
FNDA:0,(anonymous_7)
FNDA:0,(anonymous_8)
FNDA:0,(anonymous_9)
FNDA:0,(anonymous_10)
FNDA:0,(anonymous_11)
FNDA:0,(anonymous_12)
FNDA:0,(anonymous_13)
FNDA:0,(anonymous_14)
FNDA:0,(anonymous_15)
FNDA:0,(anonymous_16)
FNDA:0,(anonymous_17)
FNDA:0,(anonymous_18)
FNDA:0,(anonymous_19)
FNDA:0,(anonymous_20)
FNDA:0,(anonymous_21)
FNDA:0,(anonymous_22)
FNDA:0,(anonymous_23)
FNDA:0,(anonymous_24)
FNDA:0,(anonymous_25)
FNDA:0,(anonymous_26)
FNDA:0,(anonymous_27)
FNDA:0,(anonymous_28)
FNDA:0,(anonymous_29)
DA:4,0
DA:13,0
DA:15,0
DA:16,0
DA:17,0
DA:19,0
DA:22,0
DA:27,0
DA:28,0
DA:30,0
DA:32,0
DA:33,0
DA:34,0
DA:38,0
DA:43,0
DA:48,0
DA:50,0
DA:51,0
DA:54,0
DA:55,0
DA:57,0
DA:61,0
DA:62,0
DA:63,0
DA:67,0
DA:68,0
DA:72,0
DA:77,0
DA:79,0
DA:80,0
DA:84,0
DA:85,0
DA:89,0
DA:90,0
DA:94,0
DA:95,0
DA:100,0
DA:102,0
DA:106,0
DA:110,0
DA:113,0
DA:117,0
DA:118,0
DA:122,0
DA:123,0
DA:127,0
DA:128,0
DA:133,0
DA:135,0
DA:136,0
DA:140,0
DA:141,0
DA:145,0
DA:146,0
DA:150,0
DA:151,0
DA:155,0
DA:158,0
DA:163,0
DA:165,0
DA:166,0
DA:170,0
DA:173,0
DA:177,0
DA:178,0
DA:182,0
DA:183,0
DA:188,0
DA:190,0
DA:191,0
DA:195,0
DA:196,0
DA:200,0
DA:201,0
DA:205,0
DA:206,0
LF:76
LH:0
BRDA:5,0,0,0
BRDA:5,0,1,0
BRDA:16,1,0,0
BRDA:16,1,1,0
BRDA:30,2,0,0
BRDA:30,2,1,0
BRDA:38,3,0,0
BRDA:38,3,1,0
BRDA:38,3,2,0
BRDA:38,3,3,0
BRDA:68,4,0,0
BRDA:68,4,1,0
BRDA:169,5,0,0
BRF:13
BRH:0
end_of_record
TN:
SF:src/utils/debugTools.js
FN:7,(anonymous_0)
FN:21,(anonymous_1)
FN:28,(anonymous_2)
FN:54,(anonymous_3)
FN:79,(anonymous_4)
FN:111,(anonymous_5)
FN:147,(anonymous_6)
FN:162,(anonymous_7)
FN:166,(anonymous_8)
FN:170,(anonymous_9)
FN:174,(anonymous_10)
FN:178,(anonymous_11)
FN:182,(anonymous_12)
FN:186,(anonymous_13)
FN:195,(anonymous_14)
FN:203,(anonymous_15)
FN:211,(anonymous_16)
FN:225,(anonymous_17)
FN:232,(anonymous_18)
FN:261,(anonymous_19)
FN:285,(anonymous_20)
FN:289,(anonymous_21)
FN:304,(anonymous_22)
FN:316,(anonymous_23)
FN:326,(anonymous_24)
FN:328,(anonymous_25)
FN:335,(anonymous_26)
FN:337,(anonymous_27)
FN:350,(anonymous_28)
FN:369,(anonymous_29)
FN:407,generateLogId
FN:419,useStateDebugger
FN:420,(anonymous_32)
FN:424,(anonymous_33)
FN:428,(anonymous_34)
FN:432,(anonymous_35)
FN:448,withStateDebugging
FN:449,(anonymous_37)
FN:497,setupDevTools
FN:503,(anonymous_39)
FN:504,(anonymous_40)
FN:505,(anonymous_41)
FN:506,(anonymous_42)
FN:507,(anonymous_43)
FN:508,(anonymous_44)
FN:509,(anonymous_45)
FNF:46
FNH:0
FNDA:0,(anonymous_0)
FNDA:0,(anonymous_1)
FNDA:0,(anonymous_2)
FNDA:0,(anonymous_3)
FNDA:0,(anonymous_4)
FNDA:0,(anonymous_5)
FNDA:0,(anonymous_6)
FNDA:0,(anonymous_7)
FNDA:0,(anonymous_8)
FNDA:0,(anonymous_9)
FNDA:0,(anonymous_10)
FNDA:0,(anonymous_11)
FNDA:0,(anonymous_12)
FNDA:0,(anonymous_13)
FNDA:0,(anonymous_14)
FNDA:0,(anonymous_15)
FNDA:0,(anonymous_16)
FNDA:0,(anonymous_17)
FNDA:0,(anonymous_18)
FNDA:0,(anonymous_19)
FNDA:0,(anonymous_20)
FNDA:0,(anonymous_21)
FNDA:0,(anonymous_22)
FNDA:0,(anonymous_23)
FNDA:0,(anonymous_24)
FNDA:0,(anonymous_25)
FNDA:0,(anonymous_26)
FNDA:0,(anonymous_27)
FNDA:0,(anonymous_28)
FNDA:0,(anonymous_29)
FNDA:0,generateLogId
FNDA:0,useStateDebugger
FNDA:0,(anonymous_32)
FNDA:0,(anonymous_33)
FNDA:0,(anonymous_34)
FNDA:0,(anonymous_35)
FNDA:0,withStateDebugging
FNDA:0,(anonymous_37)
FNDA:0,setupDevTools
FNDA:0,(anonymous_39)
FNDA:0,(anonymous_40)
FNDA:0,(anonymous_41)
FNDA:0,(anonymous_42)
FNDA:0,(anonymous_43)
FNDA:0,(anonymous_44)
FNDA:0,(anonymous_45)
DA:8,0
DA:9,0
DA:10,0
DA:11,0
DA:22,0
DA:29,0
DA:31,0
DA:43,0
DA:46,0
DA:47,0
DA:55,0
DA:57,0
DA:67,0
DA:69,0
DA:70,0
DA:71,0
DA:72,0
DA:80,0
DA:82,0
DA:96,0
DA:98,0
DA:99,0
DA:100,0
DA:101,0
DA:102,0
DA:104,0
DA:112,0
DA:114,0
DA:116,0
DA:129,0
DA:131,0
DA:132,0
DA:133,0
DA:138,0
DA:139,0
DA:148,0
DA:151,0
DA:152,0
DA:156,0
DA:163,0
DA:165,0
DA:166,0
DA:169,0
DA:170,0
DA:173,0
DA:174,0
DA:177,0
DA:178,0
DA:181,0
DA:182,0
DA:185,0
DA:186,0
DA:189,0
DA:196,0
DA:197,0
DA:204,0
DA:205,0
DA:212,0
DA:213,0
DA:214,0
DA:215,0
DA:217,0
DA:218,0
DA:226,0
DA:233,0
DA:240,0
DA:241,0
DA:243,0
DA:244,0
DA:247,0
DA:248,0
DA:251,0
DA:252,0
DA:255,0
DA:262,0
DA:264,0
DA:266,0
DA:267,0
DA:270,0
DA:271,0
DA:272,0
DA:274,0
DA:275,0
DA:279,0
DA:286,0
DA:289,0
DA:290,0
DA:291,0
DA:298,0
DA:305,0
DA:306,0
DA:309,0
DA:317,0
DA:318,0
DA:320,0
DA:327,0
DA:328,0
DA:336,0
DA:337,0
DA:338,0
DA:339,0
DA:341,0
DA:351,0
DA:353,0
DA:361,0
DA:362,0
DA:365,0
DA:366,0
DA:367,0
DA:369,0
DA:370,0
DA:372,0
DA:373,0
DA:376,0
DA:377,0
DA:380,0
DA:381,0
DA:382,0
DA:389,0
DA:390,0
DA:391,0
DA:396,0
DA:397,0
DA:398,0
DA:400,0
DA:408,0
DA:414,0
DA:420,0
DA:421,0
DA:424,0
DA:425,0
DA:428,0
DA:429,0
DA:432,0
DA:433,0
DA:436,0
DA:449,0
DA:450,0
DA:451,0
DA:453,0
DA:454,0
DA:455,0
DA:457,0
DA:465,0
DA:472,0
DA:474,0
DA:476,0
DA:482,0
DA:489,0
DA:498,0
DA:499,0
DA:502,0
DA:503,0
DA:504,0
DA:505,0
DA:506,0
DA:507,0
DA:508,0
DA:509,0
DA:512,0
DA:516,0
LF:161
LH:0
BRDA:29,0,0,0
BRDA:29,0,1,0
BRDA:46,1,0,0
BRDA:46,1,1,0
BRDA:55,2,0,0
BRDA:55,2,1,0
BRDA:69,3,0,0
BRDA:69,3,1,0
BRDA:79,4,0,0
BRDA:80,5,0,0
BRDA:80,5,1,0
BRDA:98,6,0,0
BRDA:98,6,1,0
BRDA:101,7,0,0
BRDA:101,7,1,0
BRDA:111,8,0,0
BRDA:112,9,0,0
BRDA:112,9,1,0
BRDA:126,10,0,0
BRDA:126,10,1,0
BRDA:131,11,0,0
BRDA:131,11,1,0
BRDA:132,12,0,0
BRDA:132,12,1,0
BRDA:138,13,0,0
BRDA:138,13,1,0
BRDA:151,14,0,0
BRDA:151,14,1,0
BRDA:162,15,0,0
BRDA:165,16,0,0
BRDA:165,16,1,0
BRDA:169,17,0,0
BRDA:169,17,1,0
BRDA:173,18,0,0
BRDA:173,18,1,0
BRDA:177,19,0,0
BRDA:177,19,1,0
BRDA:181,20,0,0
BRDA:181,20,1,0
BRDA:185,21,0,0
BRDA:185,21,1,0
BRDA:203,22,0,0
BRDA:240,23,0,0
BRDA:240,23,1,0
BRDA:241,24,0,0
BRDA:241,24,1,0
BRDA:243,25,0,0
BRDA:243,25,1,0
BRDA:247,26,0,0
BRDA:247,26,1,0
BRDA:247,27,0,0
BRDA:247,27,1,0
BRDA:251,28,0,0
BRDA:251,28,1,0
BRDA:251,29,0,0
BRDA:251,29,1,0
BRDA:266,30,0,0
BRDA:266,30,1,0
BRDA:270,31,0,0
BRDA:270,31,1,0
BRDA:270,32,0,0
BRDA:270,32,1,0
BRDA:274,33,0,0
BRDA:274,33,1,0
BRDA:274,34,0,0
BRDA:274,34,1,0
BRDA:289,35,0,0
BRDA:289,35,1,0
BRDA:290,36,0,0
BRDA:290,36,1,0
BRDA:317,37,0,0
BRDA:317,37,1,0
BRDA:327,38,0,0
BRDA:327,38,1,0
BRDA:336,39,0,0
BRDA:336,39,1,0
BRDA:361,40,0,0
BRDA:361,40,1,0
BRDA:372,41,0,0
BRDA:372,41,1,0
BRDA:376,42,0,0
BRDA:376,42,1,0
BRDA:381,43,0,0
BRDA:381,43,1,0
BRDA:498,44,0,0
BRDA:498,44,1,0
BRDA:498,45,0,0
BRDA:498,45,1,0
BRF:88
BRH:0
end_of_record
TN:
SF:src/utils/optimisticUpdates.js
FN:10,createOptimisticUpdate
FN:28,revertOptimisticUpdate
FN:43,applyOptimisticUpdate
FN:54,(anonymous_3)
FN:62,(anonymous_4)
FN:68,(anonymous_5)
FN:74,(anonymous_6)
FN:79,(anonymous_7)
FN:101,createRollbackFunction
FN:102,(anonymous_9)
FN:107,(anonymous_10)
FN:111,(anonymous_11)
FN:115,(anonymous_12)
FN:123,(anonymous_13)
FN:149,(anonymous_14)
FN:160,(anonymous_15)
FN:168,(anonymous_16)
FN:177,(anonymous_17)
FN:188,(anonymous_18)
FN:191,(anonymous_19)
FN:211,(anonymous_20)
FN:231,(anonymous_21)
FN:251,(anonymous_22)
FN:273,(anonymous_23)
FN:290,(anonymous_24)
FN:312,(anonymous_25)
FN:322,(anonymous_26)
FN:327,(anonymous_27)
FN:339,(anonymous_28)
FN:341,(anonymous_29)
FN:348,(anonymous_30)
FN:363,(anonymous_31)
FN:365,(anonymous_32)
FN:374,generateOptimisticId
FN:383,isOptimisticId
FN:393,mergeOptimisticData
FN:397,(anonymous_36)
FN:399,(anonymous_37)
FNF:38
FNH:0
FNDA:0,createOptimisticUpdate
FNDA:0,revertOptimisticUpdate
FNDA:0,applyOptimisticUpdate
FNDA:0,(anonymous_3)
FNDA:0,(anonymous_4)
FNDA:0,(anonymous_5)
FNDA:0,(anonymous_6)
FNDA:0,(anonymous_7)
FNDA:0,createRollbackFunction
FNDA:0,(anonymous_9)
FNDA:0,(anonymous_10)
FNDA:0,(anonymous_11)
FNDA:0,(anonymous_12)
FNDA:0,(anonymous_13)
FNDA:0,(anonymous_14)
FNDA:0,(anonymous_15)
FNDA:0,(anonymous_16)
FNDA:0,(anonymous_17)
FNDA:0,(anonymous_18)
FNDA:0,(anonymous_19)
FNDA:0,(anonymous_20)
FNDA:0,(anonymous_21)
FNDA:0,(anonymous_22)
FNDA:0,(anonymous_23)
FNDA:0,(anonymous_24)
FNDA:0,(anonymous_25)
FNDA:0,(anonymous_26)
FNDA:0,(anonymous_27)
FNDA:0,(anonymous_28)
FNDA:0,(anonymous_29)
FNDA:0,(anonymous_30)
FNDA:0,(anonymous_31)
FNDA:0,(anonymous_32)
FNDA:0,generateOptimisticId
FNDA:0,isOptimisticId
FNDA:0,mergeOptimisticData
FNDA:0,(anonymous_36)
FNDA:0,(anonymous_37)
DA:11,0
DA:29,0
DA:30,0
DA:33,0
DA:44,0
DA:46,0
DA:52,0
DA:55,0
DA:60,0
DA:62,0
DA:66,0
DA:68,0
DA:69,0
DA:71,0
DA:72,0
DA:74,0
DA:75,0
DA:77,0
DA:79,0
DA:80,0
DA:84,0
DA:90,0
DA:102,0
DA:103,0
DA:105,0
DA:107,0
DA:111,0
DA:112,0
DA:113,0
DA:116,0
DA:120,0
DA:123,0
DA:124,0
DA:125,0
DA:130,0
DA:134,0
DA:140,0
DA:150,0
DA:151,0
DA:152,0
DA:153,0
DA:161,0
DA:162,0
DA:169,0
DA:171,0
DA:173,0
DA:174,0
DA:176,0
DA:177,0
DA:181,0
DA:189,0
DA:191,0
DA:194,0
DA:196,0
DA:197,0
DA:199,0
DA:202,0
DA:212,0
DA:214,0
DA:216,0
DA:218,0
DA:220,0
DA:222,0
DA:224,0
DA:232,0
DA:240,0
DA:241,0
DA:244,0
DA:245,0
DA:252,0
DA:254,0
DA:262,0
DA:263,0
DA:266,0
DA:267,0
DA:274,0
DA:276,0
DA:280,0
DA:281,0
DA:284,0
DA:291,0
DA:299,0
DA:300,0
DA:303,0
DA:304,0
DA:314,0
DA:323,0
DA:325,0
DA:327,0
DA:328,0
DA:332,0
DA:340,0
DA:341,0
DA:349,0
DA:350,0
DA:353,0
DA:354,0
DA:357,0
DA:364,0
DA:365,0
DA:375,0
DA:384,0
DA:394,0
DA:397,0
DA:398,0
DA:399,0
DA:400,0
DA:404,0
DA:405,0
DA:410,0
DA:414,0
LF:111
LH:0
BRDA:29,0,0,0
BRDA:29,0,1,0
BRDA:44,1,0,0
BRDA:44,1,1,0
BRDA:44,1,2,0
BRDA:44,1,3,0
BRDA:44,1,4,0
BRDA:55,2,0,0
BRDA:55,2,1,0
BRDA:69,3,0,0
BRDA:69,3,1,0
BRDA:69,3,2,0
BRDA:75,4,0,0
BRDA:75,4,1,0
BRDA:103,5,0,0
BRDA:103,5,1,0
BRDA:103,5,2,0
BRDA:103,5,3,0
BRDA:103,5,4,0
BRDA:112,6,0,0
BRDA:112,6,1,0
BRDA:116,7,0,0
BRDA:116,7,1,0
BRDA:124,8,0,0
BRDA:124,8,1,0
BRDA:169,9,0,0
BRDA:169,9,1,0
BRDA:196,10,0,0
BRDA:196,10,1,0
BRDA:214,11,0,0
BRDA:214,11,1,0
BRDA:214,11,2,0
BRDA:214,11,3,0
BRDA:214,11,4,0
BRDA:240,12,0,0
BRDA:240,12,1,0
BRDA:262,13,0,0
BRDA:262,13,1,0
BRDA:280,14,0,0
BRDA:280,14,1,0
BRDA:299,15,0,0
BRDA:299,15,1,0
BRDA:325,16,0,0
BRDA:325,16,1,0
BRDA:340,17,0,0
BRDA:340,17,1,0
BRDA:340,18,0,0
BRDA:340,18,1,0
BRDA:349,19,0,0
BRDA:349,19,1,0
BRDA:353,20,0,0
BRDA:353,20,1,0
BRDA:364,21,0,0
BRDA:364,21,1,0
BRDA:364,22,0,0
BRDA:364,22,1,0
BRDA:384,23,0,0
BRDA:384,23,1,0
BRDA:398,24,0,0
BRDA:398,24,1,0
BRDA:400,25,0,0
BRDA:400,25,1,0
BRDA:400,25,2,0
BRDA:404,26,0,0
BRDA:404,26,1,0
BRF:65
BRH:0
end_of_record
TN:
SF:src/utils/performance.js
FN:11,(anonymous_0)
FN:14,(anonymous_1)
FN:24,(anonymous_2)
FN:33,(anonymous_3)
FN:36,(anonymous_4)
FN:38,(anonymous_5)
FN:45,(anonymous_6)
FN:48,(anonymous_7)
FN:52,(anonymous_8)
FN:60,(anonymous_9)
FN:63,(anonymous_10)
FN:86,(anonymous_11)
FN:103,(anonymous_12)
FN:110,(anonymous_13)
FN:113,(anonymous_14)
FN:114,(anonymous_15)
FN:122,(anonymous_16)
FN:135,(anonymous_17)
FN:146,(anonymous_18)
FN:147,(anonymous_19)
FN:148,(anonymous_20)
FN:155,(anonymous_21)
FN:164,(anonymous_22)
FN:168,(anonymous_23)
FN:190,(anonymous_24)
FN:195,(anonymous_25)
FN:198,(anonymous_26)
FN:217,(anonymous_27)
FN:223,(anonymous_28)
FN:231,(anonymous_29)
FN:233,(anonymous_30)
FN:234,(anonymous_31)
FN:238,(anonymous_32)
FN:239,(anonymous_33)
FN:244,(anonymous_34)
FN:259,(anonymous_35)
FN:260,(anonymous_36)
FN:263,(anonymous_37)
FN:276,(anonymous_38)
FN:280,(anonymous_39)
FN:287,(anonymous_40)
FN:290,(anonymous_41)
FN:291,(anonymous_42)
FN:299,(anonymous_43)
FN:307,(anonymous_44)
FN:308,(anonymous_45)
FNF:46
FNH:0
FNDA:0,(anonymous_0)
FNDA:0,(anonymous_1)
FNDA:0,(anonymous_2)
FNDA:0,(anonymous_3)
FNDA:0,(anonymous_4)
FNDA:0,(anonymous_5)
FNDA:0,(anonymous_6)
FNDA:0,(anonymous_7)
FNDA:0,(anonymous_8)
FNDA:0,(anonymous_9)
FNDA:0,(anonymous_10)
FNDA:0,(anonymous_11)
FNDA:0,(anonymous_12)
FNDA:0,(anonymous_13)
FNDA:0,(anonymous_14)
FNDA:0,(anonymous_15)
FNDA:0,(anonymous_16)
FNDA:0,(anonymous_17)
FNDA:0,(anonymous_18)
FNDA:0,(anonymous_19)
FNDA:0,(anonymous_20)
FNDA:0,(anonymous_21)
FNDA:0,(anonymous_22)
FNDA:0,(anonymous_23)
FNDA:0,(anonymous_24)
FNDA:0,(anonymous_25)
FNDA:0,(anonymous_26)
FNDA:0,(anonymous_27)
FNDA:0,(anonymous_28)
FNDA:0,(anonymous_29)
FNDA:0,(anonymous_30)
FNDA:0,(anonymous_31)
FNDA:0,(anonymous_32)
FNDA:0,(anonymous_33)
FNDA:0,(anonymous_34)
FNDA:0,(anonymous_35)
FNDA:0,(anonymous_36)
FNDA:0,(anonymous_37)
FNDA:0,(anonymous_38)
FNDA:0,(anonymous_39)
FNDA:0,(anonymous_40)
FNDA:0,(anonymous_41)
FNDA:0,(anonymous_42)
FNDA:0,(anonymous_43)
FNDA:0,(anonymous_44)
FNDA:0,(anonymous_45)
DA:11,0
DA:12,0
DA:14,0
DA:15,0
DA:24,0
DA:25,0
DA:33,0
DA:36,0
DA:37,0
DA:38,0
DA:45,0
DA:48,0
DA:49,0
DA:50,0
DA:51,0
DA:52,0
DA:60,0
DA:61,0
DA:63,0
DA:64,0
DA:66,0
DA:67,0
DA:70,0
DA:71,0
DA:74,0
DA:75,0
DA:76,0
DA:79,0
DA:86,0
DA:87,0
DA:89,0
DA:90,0
DA:95,0
DA:96,0
DA:97,0
DA:99,0
DA:103,0
DA:110,0
DA:111,0
DA:113,0
DA:114,0
DA:115,0
DA:118,0
DA:119,0
DA:122,0
DA:123,0
DA:124,0
DA:129,0
DA:135,0
DA:136,0
DA:137,0
DA:139,0
DA:146,0
DA:147,0
DA:148,0
DA:155,0
DA:156,0
DA:157,0
DA:158,0
DA:159,0
DA:164,0
DA:165,0
DA:166,0
DA:167,0
DA:168,0
DA:169,0
DA:170,0
DA:175,0
DA:191,0
DA:192,0
DA:196,0
DA:198,0
DA:199,0
DA:200,0
DA:202,0
DA:203,0
DA:206,0
DA:209,0
DA:210,0
DA:213,0
DA:218,0
DA:220,0
DA:221,0
DA:223,0
DA:224,0
DA:225,0
DA:226,0
DA:228,0
DA:232,0
DA:233,0
DA:234,0
DA:239,0
DA:240,0
DA:245,0
DA:246,0
DA:248,0
DA:254,0
DA:259,0
DA:260,0
DA:261,0
DA:263,0
DA:264,0
DA:277,0
DA:281,0
DA:282,0
DA:283,0
DA:284,0
DA:288,0
DA:289,0
DA:290,0
DA:291,0
DA:292,0
DA:293,0
DA:296,0
DA:300,0
DA:301,0
DA:302,0
DA:303,0
DA:308,0
DA:309,0
DA:313,0
LF:121
LH:0
BRDA:11,0,0,0
BRDA:15,1,0,0
BRDA:15,1,1,0
BRDA:33,2,0,0
BRDA:45,3,0,0
BRDA:49,4,0,0
BRDA:49,4,1,0
BRDA:66,5,0,0
BRDA:66,5,1,0
BRDA:74,6,0,0
BRDA:74,6,1,0
BRDA:110,7,0,0
BRDA:118,8,0,0
BRDA:118,8,1,0
BRDA:123,9,0,0
BRDA:123,9,1,0
BRDA:136,10,0,0
BRDA:136,10,1,0
BRDA:156,11,0,0
BRDA:156,11,1,0
BRDA:165,12,0,0
BRDA:165,12,1,0
BRDA:165,13,0,0
BRDA:165,13,1,0
BRDA:180,14,0,0
BRDA:180,14,1,0
BRDA:202,15,0,0
BRDA:202,15,1,0
BRDA:209,16,0,0
BRDA:209,16,1,0
BRDA:218,17,0,0
BRDA:218,17,1,0
BRDA:220,18,0,0
BRDA:220,18,1,0
BRDA:221,19,0,0
BRDA:221,19,1,0
BRDA:245,20,0,0
BRDA:245,20,1,0
BRDA:289,21,0,0
BRDA:289,21,1,0
BRDA:301,22,0,0
BRDA:301,22,1,0
BRF:42
BRH:0
end_of_record
TN:
SF:src/utils/persistence.js
FN:18,persistState
FN:51,(anonymous_1)
FN:72,restoreState
FN:123,removeState
FN:137,clearAllState
FN:140,(anonymous_5)
FN:142,(anonymous_6)
FN:157,getStorageUsage
FN:160,(anonymous_8)
FN:165,(anonymous_9)
FN:192,exportState
FN:195,(anonymous_11)
FN:203,(anonymous_12)
FN:222,importState
FN:237,(anonymous_14)
FN:254,isStorageAvailable
FN:270,getLastModified
FN:287,getAvailableSpace
FN:324,handleVersionMigration
FN:335,encryptData
FN:353,decryptData
FN:374,compressString
FN:383,decompressString
FNF:23
FNH:0
FNDA:0,persistState
FNDA:0,(anonymous_1)
FNDA:0,restoreState
FNDA:0,removeState
FNDA:0,clearAllState
FNDA:0,(anonymous_5)
FNDA:0,(anonymous_6)
FNDA:0,getStorageUsage
FNDA:0,(anonymous_8)
FNDA:0,(anonymous_9)
FNDA:0,exportState
FNDA:0,(anonymous_11)
FNDA:0,(anonymous_12)
FNDA:0,importState
FNDA:0,(anonymous_14)
FNDA:0,isStorageAvailable
FNDA:0,getLastModified
FNDA:0,getAvailableSpace
FNDA:0,handleVersionMigration
FNDA:0,encryptData
FNDA:0,decryptData
FNDA:0,compressString
FNDA:0,decompressString
DA:3,0
DA:4,0
DA:7,0
DA:19,0
DA:24,0
DA:26,0
DA:28,0
DA:35,0
DA:38,0
DA:39,0
DA:43,0
DA:44,0
DA:47,0
DA:50,0
DA:51,0
DA:52,0
DA:56,0
DA:58,0
DA:59,0
DA:73,0
DA:78,0
DA:80,0
DA:81,0
DA:83,0
DA:84,0
DA:88,0
DA:89,0
DA:93,0
DA:94,0
DA:97,0
DA:100,0
DA:101,0
DA:103,0
DA:107,0
DA:108,0
DA:109,0
DA:112,0
DA:114,0
DA:115,0
DA:124,0
DA:125,0
DA:126,0
DA:127,0
DA:129,0
DA:130,0
DA:138,0
DA:139,0
DA:140,0
DA:142,0
DA:143,0
DA:146,0
DA:148,0
DA:149,0
DA:158,0
DA:159,0
DA:160,0
DA:162,0
DA:163,0
DA:165,0
DA:166,0
DA:167,0
DA:168,0
DA:170,0
DA:176,0
DA:183,0
DA:184,0
DA:193,0
DA:194,0
DA:195,0
DA:197,0
DA:203,0
DA:204,0
DA:205,0
DA:208,0
DA:210,0
DA:211,0
DA:223,0
DA:224,0
DA:225,0
DA:227,0
DA:228,0
DA:232,0
DA:233,0
DA:237,0
DA:238,0
DA:239,0
DA:243,0
DA:245,0
DA:246,0
DA:255,0
DA:256,0
DA:257,0
DA:258,0
DA:259,0
DA:261,0
DA:271,0
DA:272,0
DA:273,0
DA:274,0
DA:275,0
DA:280,0
DA:288,0
DA:289,0
DA:290,0
DA:291,0
DA:294,0
DA:295,0
DA:297,0
DA:298,0
DA:299,0
DA:301,0
DA:302,0
DA:303,0
DA:304,0
DA:305,0
DA:307,0
DA:311,0
DA:313,0
DA:327,0
DA:328,0
DA:338,0
DA:339,0
DA:341,0
DA:342,0
DA:347,0
DA:354,0
DA:355,0
DA:356,0
DA:357,0
DA:359,0
DA:360,0
DA:365,0
DA:367,0
DA:377,0
DA:385,0
LF:135
LH:0
BRDA:7,0,0,0
BRDA:7,0,1,0
BRDA:18,1,0,0
BRDA:21,2,0,0
BRDA:22,3,0,0
BRDA:23,4,0,0
BRDA:38,5,0,0
BRDA:38,5,1,0
BRDA:38,6,0,0
BRDA:38,6,1,0
BRDA:43,7,0,0
BRDA:43,7,1,0
BRDA:50,8,0,0
BRDA:50,8,1,0
BRDA:72,9,0,0
BRDA:75,10,0,0
BRDA:76,11,0,0
BRDA:77,12,0,0
BRDA:83,13,0,0
BRDA:83,13,1,0
BRDA:88,14,0,0
BRDA:88,14,1,0
BRDA:93,15,0,0
BRDA:93,15,1,0
BRDA:93,16,0,0
BRDA:93,16,1,0
BRDA:100,17,0,0
BRDA:100,17,1,0
BRDA:107,18,0,0
BRDA:107,18,1,0
BRDA:107,19,0,0
BRDA:107,19,1,0
BRDA:115,20,0,0
BRDA:115,20,1,0
BRDA:222,21,0,0
BRDA:224,22,0,0
BRDA:227,23,0,0
BRDA:227,23,1,0
BRDA:227,24,0,0
BRDA:227,24,1,0
BRDA:232,25,0,0
BRDA:232,25,1,0
BRDA:238,26,0,0
BRDA:238,26,1,0
BRDA:238,27,0,0
BRDA:238,27,1,0
BRDA:273,28,0,0
BRDA:273,28,1,0
BRDA:275,29,0,0
BRDA:275,29,1,0
BRF:50
BRH:0
end_of_record
TN:
SF:src/utils/routeConfig.js
FNF:0
FNH:0
DA:2,0
DA:8,0
DA:26,0
DA:91,0
LF:4
LH:0
BRF:0
BRH:0
end_of_record
TN:
SF:src/utils/routeHistory.js
FN:6,(anonymous_0)
FN:22,(anonymous_1)
FN:26,(anonymous_2)
FN:30,(anonymous_3)
FN:34,(anonymous_4)
FN:39,(anonymous_5)
FN:47,(anonymous_6)
FN:59,(anonymous_7)
FN:75,(anonymous_8)
FN:79,(anonymous_9)
FNF:10
FNH:0
FNDA:0,(anonymous_0)
FNDA:0,(anonymous_1)
FNDA:0,(anonymous_2)
FNDA:0,(anonymous_3)
FNDA:0,(anonymous_4)
FNDA:0,(anonymous_5)
FNDA:0,(anonymous_6)
FNDA:0,(anonymous_7)
FNDA:0,(anonymous_8)
FNDA:0,(anonymous_9)
DA:3,0
DA:4,0
DA:7,0
DA:14,0
DA:15,0
DA:19,0
DA:23,0
DA:27,0
DA:31,0
DA:35,0
DA:36,0
DA:40,0
DA:41,0
DA:43,0
DA:48,0
DA:49,0
DA:50,0
DA:51,0
DA:54,0
DA:55,0
DA:60,0
DA:72,0
DA:76,0
DA:80,0
DA:81,0
DA:83,0
DA:88,0
LF:27
LH:0
BRDA:14,0,0,0
BRDA:14,0,1,0
BRDA:27,1,0,0
BRDA:27,1,1,0
BRDA:31,2,0,0
BRDA:31,2,1,0
BRDA:50,3,0,0
BRDA:50,3,1,0
BRDA:72,4,0,0
BRDA:72,4,1,0
BRDA:80,5,0,0
BRDA:80,5,1,0
BRF:12
BRH:0
end_of_record
