TN:
SF:src/App.jsx
FN:30,(anonymous_0)
FN:31,(anonymous_1)
FN:32,(anonymous_2)
FN:33,(anonymous_3)
FN:34,(anonymous_4)
FN:35,(anonymous_5)
FN:36,(anonymous_6)
FN:37,(anonymous_7)
FN:38,(anonymous_8)
FN:39,(anonymous_9)
FN:40,(anonymous_10)
FN:103,(anonymous_11)
FN:141,App
FN:145,(anonymous_13)
FN:150,(anonymous_14)
FN:151,(anonymous_15)
FNF:16
FNH:0
FNDA:0,(anonymous_0)
FNDA:0,(anonymous_1)
FNDA:0,(anonymous_2)
FNDA:0,(anonymous_3)
FNDA:0,(anonymous_4)
FNDA:0,(anonymous_5)
FNDA:0,(anonymous_6)
FNDA:0,(anonymous_7)
FNDA:0,(anonymous_8)
FNDA:0,(anonymous_9)
FNDA:0,(anonymous_10)
FNDA:0,(anonymous_11)
FNDA:0,App
FNDA:0,(anonymous_13)
FNDA:0,(anonymous_14)
FNDA:0,(anonymous_15)
DA:30,0
DA:31,0
DA:32,0
DA:33,0
DA:34,0
DA:35,0
DA:36,0
DA:37,0
DA:38,0
DA:39,0
DA:40,0
DA:43,0
DA:103,0
DA:104,0
DA:125,0
DA:142,0
DA:145,0
DA:146,0
DA:150,0
DA:151,0
DA:152,0
DA:154,0
DA:155,0
DA:156,0
DA:160,0
DA:161,0
DA:171,0
DA:185,0
LF:28
LH:0
BRDA:154,0,0,0
BRDA:154,0,1,0
BRDA:160,1,0,0
BRDA:160,1,1,0
BRDA:191,2,0,0
BRDA:191,2,1,0
BRF:6
BRH:0
end_of_record
TN:
SF:src/index.js
FNF:0
FNH:0
DA:6,0
DA:7,0
LF:2
LH:0
BRF:0
BRH:0
end_of_record
TN:
SF:src/theme.js
FNF:0
FNH:0
DA:7,0
LF:1
LH:0
BRF:0
BRH:0
end_of_record
TN:
SF:src/components/Dashboard.jsx
FN:75,(anonymous_0)
FN:82,(anonymous_1)
FN:85,(anonymous_2)
FN:92,(anonymous_3)
FN:95,(anonymous_4)
FN:102,(anonymous_5)
FN:105,(anonymous_6)
FN:112,(anonymous_7)
FN:115,(anonymous_8)
FN:122,(anonymous_9)
FN:125,(anonymous_10)
FN:138,(anonymous_11)
FN:140,(anonymous_12)
FN:145,(anonymous_13)
FN:146,(anonymous_14)
FN:150,(anonymous_15)
FN:152,(anonymous_16)
FN:159,(anonymous_17)
FN:161,(anonymous_18)
FN:168,(anonymous_19)
FN:172,(anonymous_20)
FN:174,(anonymous_21)
FN:176,(anonymous_22)
FN:184,(anonymous_23)
FN:189,(anonymous_24)
FN:190,(anonymous_25)
FN:193,(anonymous_26)
FN:225,(anonymous_27)
FN:229,(anonymous_28)
FN:232,(anonymous_29)
FN:258,(anonymous_30)
FN:267,(anonymous_31)
FN:286,(anonymous_32)
FN:290,(anonymous_33)
FN:300,(anonymous_34)
FN:438,(anonymous_35)
FN:450,(anonymous_36)
FN:462,(anonymous_37)
FN:474,(anonymous_38)
FN:542,(anonymous_39)
FN:592,(anonymous_40)
FN:644,(anonymous_41)
FN:645,(anonymous_42)
FNF:43
FNH:0
FNDA:0,(anonymous_0)
FNDA:0,(anonymous_1)
FNDA:0,(anonymous_2)
FNDA:0,(anonymous_3)
FNDA:0,(anonymous_4)
FNDA:0,(anonymous_5)
FNDA:0,(anonymous_6)
FNDA:0,(anonymous_7)
FNDA:0,(anonymous_8)
FNDA:0,(anonymous_9)
FNDA:0,(anonymous_10)
FNDA:0,(anonymous_11)
FNDA:0,(anonymous_12)
FNDA:0,(anonymous_13)
FNDA:0,(anonymous_14)
FNDA:0,(anonymous_15)
FNDA:0,(anonymous_16)
FNDA:0,(anonymous_17)
FNDA:0,(anonymous_18)
FNDA:0,(anonymous_19)
FNDA:0,(anonymous_20)
FNDA:0,(anonymous_21)
FNDA:0,(anonymous_22)
FNDA:0,(anonymous_23)
FNDA:0,(anonymous_24)
FNDA:0,(anonymous_25)
FNDA:0,(anonymous_26)
FNDA:0,(anonymous_27)
FNDA:0,(anonymous_28)
FNDA:0,(anonymous_29)
FNDA:0,(anonymous_30)
FNDA:0,(anonymous_31)
FNDA:0,(anonymous_32)
FNDA:0,(anonymous_33)
FNDA:0,(anonymous_34)
FNDA:0,(anonymous_35)
FNDA:0,(anonymous_36)
FNDA:0,(anonymous_37)
FNDA:0,(anonymous_38)
FNDA:0,(anonymous_39)
FNDA:0,(anonymous_40)
FNDA:0,(anonymous_41)
FNDA:0,(anonymous_42)
DA:64,0
DA:75,0
DA:76,0
DA:77,0
DA:78,0
DA:81,0
DA:82,0
DA:86,0
DA:91,0
DA:92,0
DA:96,0
DA:101,0
DA:102,0
DA:106,0
DA:111,0
DA:112,0
DA:116,0
DA:121,0
DA:122,0
DA:126,0
DA:132,0
DA:133,0
DA:134,0
DA:135,0
DA:138,0
DA:139,0
DA:140,0
DA:145,0
DA:146,0
DA:150,0
DA:151,0
DA:152,0
DA:153,0
DA:154,0
DA:155,0
DA:158,0
DA:159,0
DA:160,0
DA:161,0
DA:162,0
DA:164,0
DA:168,0
DA:172,0
DA:173,0
DA:174,0
DA:175,0
DA:176,0
DA:177,0
DA:179,0
DA:183,0
DA:184,0
DA:189,0
DA:190,0
DA:191,0
DA:193,0
DA:194,0
DA:195,0
DA:198,0
DA:207,0
DA:225,0
DA:226,0
DA:228,0
DA:229,0
DA:232,0
DA:242,0
DA:252,0
DA:259,0
DA:267,0
DA:268,0
DA:270,0
DA:271,0
DA:273,0
DA:274,0
DA:276,0
DA:277,0
DA:279,0
DA:280,0
DA:282,0
DA:286,0
DA:287,0
DA:290,0
DA:291,0
DA:292,0
DA:293,0
DA:295,0
DA:296,0
DA:297,0
DA:300,0
DA:301,0
DA:302,0
DA:303,0
DA:305,0
DA:306,0
DA:307,0
DA:310,0
DA:312,0
DA:438,0
DA:450,0
DA:462,0
DA:474,0
DA:543,0
DA:593,0
DA:645,0
DA:646,0
LF:104
LH:0
BRDA:132,0,0,0
BRDA:132,0,1,0
BRDA:133,1,0,0
BRDA:133,1,1,0
BRDA:134,2,0,0
BRDA:134,2,1,0
BRDA:135,3,0,0
BRDA:135,3,1,0
BRDA:155,4,0,0
BRDA:155,4,1,0
BRDA:160,5,0,0
BRDA:160,5,1,0
BRDA:175,6,0,0
BRDA:175,6,1,0
BRDA:194,7,0,0
BRDA:194,7,1,0
BRDA:226,8,0,0
BRDA:226,8,1,0
BRDA:268,9,0,0
BRDA:268,9,1,0
BRDA:268,9,2,0
BRDA:268,9,3,0
BRDA:268,9,4,0
BRDA:295,10,0,0
BRDA:295,10,1,0
BRDA:296,11,0,0
BRDA:296,11,1,0
BRDA:296,12,0,0
BRDA:296,12,1,0
BRDA:305,13,0,0
BRDA:305,13,1,0
BRDA:306,14,0,0
BRDA:306,14,1,0
BRDA:306,15,0,0
BRDA:306,15,1,0
BRDA:310,16,0,0
BRDA:310,16,1,0
BRDA:310,16,2,0
BRDA:340,17,0,0
BRDA:340,17,1,0
BRDA:363,18,0,0
BRDA:363,18,1,0
BRDA:386,19,0,0
BRDA:386,19,1,0
BRDA:411,20,0,0
BRDA:411,20,1,0
BRDA:493,21,0,0
BRDA:493,21,1,0
BRDA:512,22,0,0
BRDA:512,22,1,0
BRDA:512,23,0,0
BRDA:512,23,1,0
BRDA:533,24,0,0
BRDA:533,24,1,0
BRDA:537,25,0,0
BRDA:537,25,1,0
BRDA:550,26,0,0
BRDA:550,26,1,0
BRDA:557,27,0,0
BRDA:557,27,1,0
BRDA:563,28,0,0
BRDA:563,28,1,0
BRDA:564,29,0,0
BRDA:564,29,1,0
BRDA:583,30,0,0
BRDA:583,30,1,0
BRDA:587,31,0,0
BRDA:587,31,1,0
BRDA:596,32,0,0
BRDA:596,32,1,0
BRDA:597,33,0,0
BRDA:597,33,1,0
BRDA:599,34,0,0
BRDA:599,34,1,0
BRDA:600,35,0,0
BRDA:600,35,1,0
BRDA:604,36,0,0
BRDA:604,36,1,0
BRDA:616,37,0,0
BRDA:616,37,1,0
BRDA:634,38,0,0
BRDA:634,38,1,0
BRDA:638,39,0,0
BRDA:638,39,1,0
BRDA:651,40,0,0
BRDA:651,40,1,0
BRF:86
BRH:0
end_of_record
TN:
SF:src/components/EmployeeManagement.jsx
FN:55,(anonymous_0)
FN:94,(anonymous_1)
FN:97,(anonymous_2)
FN:100,(anonymous_3)
FN:108,(anonymous_4)
FN:111,(anonymous_5)
FN:118,(anonymous_6)
FN:120,(anonymous_7)
FN:126,(anonymous_8)
FN:133,(anonymous_9)
FN:135,(anonymous_10)
FN:141,(anonymous_11)
FN:148,(anonymous_12)
FN:150,(anonymous_13)
FN:156,(anonymous_14)
FN:164,(anonymous_15)
FN:169,(anonymous_16)
FN:170,(anonymous_17)
FN:185,(anonymous_18)
FN:191,(anonymous_19)
FN:212,(anonymous_20)
FN:218,(anonymous_21)
FN:242,(anonymous_22)
FN:246,(anonymous_23)
FN:278,(anonymous_24)
FN:283,(anonymous_25)
FN:289,(anonymous_26)
FN:290,(anonymous_27)
FN:302,(anonymous_28)
FN:314,(anonymous_29)
FN:340,(anonymous_30)
FN:357,(anonymous_31)
FN:361,(anonymous_32)
FN:374,(anonymous_33)
FN:388,(anonymous_34)
FN:414,(anonymous_35)
FN:459,(anonymous_36)
FN:492,(anonymous_37)
FN:502,(anonymous_38)
FN:520,(anonymous_39)
FN:521,(anonymous_40)
FN:547,(anonymous_41)
FN:557,(anonymous_42)
FN:568,(anonymous_43)
FN:579,(anonymous_44)
FN:591,(anonymous_45)
FN:594,(anonymous_46)
FN:608,(anonymous_47)
FN:615,(anonymous_48)
FN:631,(anonymous_49)
FN:645,(anonymous_50)
FN:646,(anonymous_51)
FN:647,(anonymous_52)
FN:656,(anonymous_53)
FN:673,(anonymous_54)
FN:683,(anonymous_55)
FN:696,(anonymous_56)
FN:703,(anonymous_57)
FN:715,(anonymous_58)
FN:727,(anonymous_59)
FN:753,(anonymous_60)
FN:762,(anonymous_61)
FN:779,(anonymous_62)
FN:783,(anonymous_63)
FNF:64
FNH:0
FNDA:0,(anonymous_0)
FNDA:0,(anonymous_1)
FNDA:0,(anonymous_2)
FNDA:0,(anonymous_3)
FNDA:0,(anonymous_4)
FNDA:0,(anonymous_5)
FNDA:0,(anonymous_6)
FNDA:0,(anonymous_7)
FNDA:0,(anonymous_8)
FNDA:0,(anonymous_9)
FNDA:0,(anonymous_10)
FNDA:0,(anonymous_11)
FNDA:0,(anonymous_12)
FNDA:0,(anonymous_13)
FNDA:0,(anonymous_14)
FNDA:0,(anonymous_15)
FNDA:0,(anonymous_16)
FNDA:0,(anonymous_17)
FNDA:0,(anonymous_18)
FNDA:0,(anonymous_19)
FNDA:0,(anonymous_20)
FNDA:0,(anonymous_21)
FNDA:0,(anonymous_22)
FNDA:0,(anonymous_23)
FNDA:0,(anonymous_24)
FNDA:0,(anonymous_25)
FNDA:0,(anonymous_26)
FNDA:0,(anonymous_27)
FNDA:0,(anonymous_28)
FNDA:0,(anonymous_29)
FNDA:0,(anonymous_30)
FNDA:0,(anonymous_31)
FNDA:0,(anonymous_32)
FNDA:0,(anonymous_33)
FNDA:0,(anonymous_34)
FNDA:0,(anonymous_35)
FNDA:0,(anonymous_36)
FNDA:0,(anonymous_37)
FNDA:0,(anonymous_38)
FNDA:0,(anonymous_39)
FNDA:0,(anonymous_40)
FNDA:0,(anonymous_41)
FNDA:0,(anonymous_42)
FNDA:0,(anonymous_43)
FNDA:0,(anonymous_44)
FNDA:0,(anonymous_45)
FNDA:0,(anonymous_46)
FNDA:0,(anonymous_47)
FNDA:0,(anonymous_48)
FNDA:0,(anonymous_49)
FNDA:0,(anonymous_50)
FNDA:0,(anonymous_51)
FNDA:0,(anonymous_52)
FNDA:0,(anonymous_53)
FNDA:0,(anonymous_54)
FNDA:0,(anonymous_55)
FNDA:0,(anonymous_56)
FNDA:0,(anonymous_57)
FNDA:0,(anonymous_58)
FNDA:0,(anonymous_59)
FNDA:0,(anonymous_60)
FNDA:0,(anonymous_61)
FNDA:0,(anonymous_62)
FNDA:0,(anonymous_63)
DA:55,0
DA:57,0
DA:58,0
DA:59,0
DA:60,0
DA:61,0
DA:62,0
DA:63,0
DA:64,0
DA:65,0
DA:66,0
DA:67,0
DA:70,0
DA:93,0
DA:94,0
DA:101,0
DA:107,0
DA:108,0
DA:112,0
DA:117,0
DA:118,0
DA:121,0
DA:122,0
DA:123,0
DA:124,0
DA:127,0
DA:132,0
DA:133,0
DA:136,0
DA:137,0
DA:138,0
DA:139,0
DA:142,0
DA:147,0
DA:148,0
DA:151,0
DA:152,0
DA:153,0
DA:154,0
DA:157,0
DA:163,0
DA:164,0
DA:165,0
DA:166,0
DA:169,0
DA:170,0
DA:172,0
DA:176,0
DA:177,0
DA:181,0
DA:185,0
DA:186,0
DA:187,0
DA:191,0
DA:192,0
DA:193,0
DA:194,0
DA:195,0
DA:209,0
DA:212,0
DA:213,0
DA:214,0
DA:215,0
DA:218,0
DA:219,0
DA:242,0
DA:244,0
DA:245,0
DA:246,0
DA:249,0
DA:250,0
DA:254,0
DA:258,0
DA:269,0
DA:271,0
DA:272,0
DA:274,0
DA:278,0
DA:279,0
DA:280,0
DA:283,0
DA:284,0
DA:285,0
DA:289,0
DA:290,0
DA:302,0
DA:303,0
DA:311,0
DA:314,0
DA:315,0
DA:318,0
DA:319,0
DA:326,0
DA:340,0
DA:357,0
DA:362,0
DA:374,0
DA:388,0
DA:415,0
DA:460,0
DA:492,0
DA:502,0
DA:520,0
DA:522,0
DA:523,0
DA:547,0
DA:557,0
DA:568,0
DA:579,0
DA:591,0
DA:595,0
DA:608,0
DA:616,0
DA:631,0
DA:645,0
DA:647,0
DA:648,0
DA:657,0
DA:673,0
DA:683,0
DA:697,0
DA:703,0
DA:715,0
DA:727,0
DA:753,0
DA:762,0
DA:779,0
DA:783,0
LF:128
LH:0
BRDA:163,0,0,0
BRDA:163,0,1,0
BRDA:164,1,0,0
BRDA:164,1,1,0
BRDA:172,2,0,0
BRDA:172,2,1,0
BRDA:172,2,2,0
BRDA:176,3,0,0
BRDA:176,3,1,0
BRDA:177,4,0,0
BRDA:177,4,1,0
BRDA:177,4,2,0
BRDA:177,4,3,0
BRDA:177,4,4,0
BRDA:181,5,0,0
BRDA:181,5,1,0
BRDA:181,5,2,0
BRDA:191,6,0,0
BRDA:194,7,0,0
BRDA:194,7,1,0
BRDA:196,8,0,0
BRDA:196,8,1,0
BRDA:197,9,0,0
BRDA:197,9,1,0
BRDA:198,10,0,0
BRDA:198,10,1,0
BRDA:199,11,0,0
BRDA:199,11,1,0
BRDA:200,12,0,0
BRDA:200,12,1,0
BRDA:201,13,0,0
BRDA:201,13,1,0
BRDA:202,14,0,0
BRDA:202,14,1,0
BRDA:203,15,0,0
BRDA:203,15,1,0
BRDA:204,16,0,0
BRDA:204,16,1,0
BRDA:205,17,0,0
BRDA:205,17,1,0
BRDA:206,18,0,0
BRDA:206,18,1,0
BRDA:244,19,0,0
BRDA:244,19,1,0
BRDA:244,20,0,0
BRDA:244,20,1,0
BRDA:244,20,2,0
BRDA:249,21,0,0
BRDA:249,21,1,0
BRDA:260,22,0,0
BRDA:260,22,1,0
BRDA:261,23,0,0
BRDA:261,23,1,0
BRDA:263,24,0,0
BRDA:263,24,1,0
BRDA:265,25,0,0
BRDA:265,25,1,0
BRDA:271,26,0,0
BRDA:271,26,1,0
BRDA:284,27,0,0
BRDA:284,27,1,0
BRDA:311,28,0,0
BRDA:311,28,1,0
BRDA:315,29,0,0
BRDA:315,29,1,0
BRDA:315,29,2,0
BRDA:315,29,3,0
BRDA:318,30,0,0
BRDA:318,30,1,0
BRDA:437,31,0,0
BRDA:437,31,1,0
BRDA:454,32,0,0
BRDA:454,32,1,0
BRDA:467,33,0,0
BRDA:467,33,1,0
BRDA:479,34,0,0
BRDA:479,34,1,0
BRDA:483,35,0,0
BRDA:483,35,1,0
BRDA:484,36,0,0
BRDA:484,36,1,0
BRDA:532,37,0,0
BRDA:532,37,1,0
BRDA:569,38,0,0
BRDA:569,38,1,0
BRDA:606,39,0,0
BRDA:606,39,1,0
BRDA:608,40,0,0
BRDA:608,40,1,0
BRDA:744,41,0,0
BRDA:744,41,1,0
BRDA:744,41,2,0
BRDA:745,42,0,0
BRDA:745,42,1,0
BRDA:745,43,0,0
BRDA:745,43,1,0
BRDA:747,44,0,0
BRDA:747,44,1,0
BRDA:768,45,0,0
BRDA:768,45,1,0
BRDA:781,46,0,0
BRDA:781,46,1,0
BRF:102
BRH:0
end_of_record
TN:
SF:src/components/EmployeeManagementValidated.jsx
FN:60,(anonymous_0)
FN:117,(anonymous_1)
FN:120,(anonymous_2)
FN:123,(anonymous_3)
FN:130,(anonymous_4)
FN:132,(anonymous_5)
FN:138,(anonymous_6)
FN:155,(anonymous_7)
FN:157,(anonymous_8)
FN:163,(anonymous_9)
FN:179,(anonymous_10)
FN:181,(anonymous_11)
FN:187,(anonymous_12)
FN:212,(anonymous_13)
FN:230,(anonymous_14)
FN:232,(anonymous_15)
FN:242,(anonymous_16)
FN:247,(anonymous_17)
FN:252,(anonymous_18)
FN:275,(anonymous_19)
FN:276,(anonymous_20)
FN:291,(anonymous_21)
FN:297,(anonymous_22)
FN:329,(anonymous_23)
FN:335,(anonymous_24)
FN:353,(anonymous_25)
FN:358,(anonymous_26)
FN:364,(anonymous_27)
FN:368,(anonymous_28)
FN:400,(anonymous_29)
FN:404,(anonymous_30)
FN:415,(anonymous_31)
FN:418,(anonymous_32)
FN:431,(anonymous_33)
FN:444,(anonymous_34)
FN:468,(anonymous_35)
FN:508,(anonymous_36)
FN:541,(anonymous_37)
FN:550,(anonymous_38)
FN:567,(anonymous_39)
FN:568,(anonymous_40)
FN:684,(anonymous_41)
FN:696,(anonymous_42)
FN:703,(anonymous_43)
FN:751,(anonymous_44)
FN:760,(anonymous_45)
FN:777,(anonymous_46)
FN:781,(anonymous_47)
FNF:48
FNH:0
FNDA:0,(anonymous_0)
FNDA:0,(anonymous_1)
FNDA:0,(anonymous_2)
FNDA:0,(anonymous_3)
FNDA:0,(anonymous_4)
FNDA:0,(anonymous_5)
FNDA:0,(anonymous_6)
FNDA:0,(anonymous_7)
FNDA:0,(anonymous_8)
FNDA:0,(anonymous_9)
FNDA:0,(anonymous_10)
FNDA:0,(anonymous_11)
FNDA:0,(anonymous_12)
FNDA:0,(anonymous_13)
FNDA:0,(anonymous_14)
FNDA:0,(anonymous_15)
FNDA:0,(anonymous_16)
FNDA:0,(anonymous_17)
FNDA:0,(anonymous_18)
FNDA:0,(anonymous_19)
FNDA:0,(anonymous_20)
FNDA:0,(anonymous_21)
FNDA:0,(anonymous_22)
FNDA:0,(anonymous_23)
FNDA:0,(anonymous_24)
FNDA:0,(anonymous_25)
FNDA:0,(anonymous_26)
FNDA:0,(anonymous_27)
FNDA:0,(anonymous_28)
FNDA:0,(anonymous_29)
FNDA:0,(anonymous_30)
FNDA:0,(anonymous_31)
FNDA:0,(anonymous_32)
FNDA:0,(anonymous_33)
FNDA:0,(anonymous_34)
FNDA:0,(anonymous_35)
FNDA:0,(anonymous_36)
FNDA:0,(anonymous_37)
FNDA:0,(anonymous_38)
FNDA:0,(anonymous_39)
FNDA:0,(anonymous_40)
FNDA:0,(anonymous_41)
FNDA:0,(anonymous_42)
FNDA:0,(anonymous_43)
FNDA:0,(anonymous_44)
FNDA:0,(anonymous_45)
FNDA:0,(anonymous_46)
FNDA:0,(anonymous_47)
DA:60,0
DA:62,0
DA:63,0
DA:64,0
DA:65,0
DA:66,0
DA:67,0
DA:68,0
DA:69,0
DA:70,0
DA:71,0
DA:72,0
DA:85,0
DA:111,0
DA:112,0
DA:113,0
DA:116,0
DA:117,0
DA:124,0
DA:129,0
DA:130,0
DA:133,0
DA:134,0
DA:135,0
DA:136,0
DA:139,0
DA:141,0
DA:142,0
DA:143,0
DA:145,0
DA:148,0
DA:154,0
DA:155,0
DA:158,0
DA:159,0
DA:160,0
DA:161,0
DA:164,0
DA:165,0
DA:166,0
DA:167,0
DA:169,0
DA:172,0
DA:178,0
DA:179,0
DA:182,0
DA:183,0
DA:184,0
DA:185,0
DA:188,0
DA:194,0
DA:195,0
DA:203,0
DA:212,0
DA:213,0
DA:215,0
DA:217,0
DA:218,0
DA:221,0
DA:222,0
DA:225,0
DA:230,0
DA:231,0
DA:232,0
DA:233,0
DA:234,0
DA:235,0
DA:236,0
DA:237,0
DA:238,0
DA:242,0
DA:247,0
DA:248,0
DA:249,0
DA:250,0
DA:252,0
DA:253,0
DA:254,0
DA:255,0
DA:256,0
DA:257,0
DA:258,0
DA:259,0
DA:263,0
DA:264,0
DA:267,0
DA:268,0
DA:269,0
DA:275,0
DA:276,0
DA:278,0
DA:282,0
DA:283,0
DA:287,0
DA:291,0
DA:292,0
DA:293,0
DA:297,0
DA:298,0
DA:299,0
DA:301,0
DA:302,0
DA:323,0
DA:326,0
DA:329,0
DA:330,0
DA:331,0
DA:332,0
DA:335,0
DA:336,0
DA:337,0
DA:343,0
DA:344,0
DA:346,0
DA:349,0
DA:353,0
DA:354,0
DA:355,0
DA:358,0
DA:359,0
DA:360,0
DA:364,0
DA:365,0
DA:368,0
DA:369,0
DA:377,0
DA:380,0
DA:381,0
DA:388,0
DA:400,0
DA:404,0
DA:415,0
DA:419,0
DA:431,0
DA:444,0
DA:469,0
DA:509,0
DA:541,0
DA:550,0
DA:567,0
DA:569,0
DA:570,0
DA:684,0
DA:697,0
DA:703,0
DA:751,0
DA:760,0
DA:777,0
DA:781,0
LF:149
LH:0
BRDA:139,0,0,0
BRDA:139,0,1,0
BRDA:142,1,0,0
BRDA:142,1,1,0
BRDA:164,2,0,0
BRDA:164,2,1,0
BRDA:166,3,0,0
BRDA:166,3,1,0
BRDA:194,4,0,0
BRDA:194,4,1,0
BRDA:213,5,0,0
BRDA:213,5,1,0
BRDA:213,6,0,0
BRDA:213,6,1,0
BRDA:217,7,0,0
BRDA:217,7,1,0
BRDA:217,8,0,0
BRDA:217,8,1,0
BRDA:231,9,0,0
BRDA:231,9,1,0
BRDA:231,10,0,0
BRDA:231,10,1,0
BRDA:234,11,0,0
BRDA:234,11,1,0
BRDA:236,12,0,0
BRDA:236,12,1,0
BRDA:248,13,0,0
BRDA:248,13,1,0
BRDA:248,14,0,0
BRDA:248,14,1,0
BRDA:248,14,2,0
BRDA:254,15,0,0
BRDA:254,15,1,0
BRDA:254,16,0,0
BRDA:254,16,1,0
BRDA:254,16,2,0
BRDA:254,16,3,0
BRDA:263,17,0,0
BRDA:263,17,1,0
BRDA:267,18,0,0
BRDA:267,18,1,0
BRDA:278,19,0,0
BRDA:278,19,1,0
BRDA:278,19,2,0
BRDA:282,20,0,0
BRDA:282,20,1,0
BRDA:283,21,0,0
BRDA:283,21,1,0
BRDA:283,21,2,0
BRDA:283,21,3,0
BRDA:283,21,4,0
BRDA:287,22,0,0
BRDA:287,22,1,0
BRDA:287,22,2,0
BRDA:297,23,0,0
BRDA:301,24,0,0
BRDA:301,24,1,0
BRDA:303,25,0,0
BRDA:303,25,1,0
BRDA:304,26,0,0
BRDA:304,26,1,0
BRDA:305,27,0,0
BRDA:305,27,1,0
BRDA:306,28,0,0
BRDA:306,28,1,0
BRDA:307,29,0,0
BRDA:307,29,1,0
BRDA:308,30,0,0
BRDA:308,30,1,0
BRDA:309,31,0,0
BRDA:309,31,1,0
BRDA:310,32,0,0
BRDA:310,32,1,0
BRDA:319,33,0,0
BRDA:319,33,1,0
BRDA:320,34,0,0
BRDA:320,34,1,0
BRDA:339,35,0,0
BRDA:339,35,1,0
BRDA:340,36,0,0
BRDA:340,36,1,0
BRDA:343,37,0,0
BRDA:343,37,1,0
BRDA:359,38,0,0
BRDA:359,38,1,0
BRDA:377,39,0,0
BRDA:377,39,1,0
BRDA:380,40,0,0
BRDA:380,40,1,0
BRDA:491,41,0,0
BRDA:491,41,1,0
BRDA:516,42,0,0
BRDA:516,42,1,0
BRDA:528,43,0,0
BRDA:528,43,1,0
BRDA:532,44,0,0
BRDA:532,44,1,0
BRDA:533,45,0,0
BRDA:533,45,1,0
BRDA:580,46,0,0
BRDA:580,46,1,0
BRDA:696,47,0,0
BRDA:696,47,1,0
BRDA:702,48,0,0
BRDA:702,48,1,0
BRDA:741,49,0,0
BRDA:741,49,1,0
BRDA:741,49,2,0
BRDA:742,50,0,0
BRDA:742,50,1,0
BRDA:742,51,0,0
BRDA:742,51,1,0
BRDA:744,52,0,0
BRDA:744,52,1,0
BRDA:766,53,0,0
BRDA:766,53,1,0
BRDA:779,54,0,0
BRDA:779,54,1,0
BRF:118
BRH:0
end_of_record
TN:
SF:src/components/ErrorBoundary.jsx
FN:10,(anonymous_0)
FN:23,(anonymous_1)
FN:28,(anonymous_2)
FN:29,(anonymous_3)
FN:39,(anonymous_4)
FN:55,(anonymous_5)
FN:74,(anonymous_6)
FN:78,(anonymous_7)
FN:89,(anonymous_8)
FN:93,(anonymous_9)
FN:97,(anonymous_10)
FNF:11
FNH:11
FNDA:25,(anonymous_0)
FNDA:26,(anonymous_1)
FNDA:13,(anonymous_2)
FNDA:13,(anonymous_3)
FNDA:13,(anonymous_4)
FNDA:1,(anonymous_5)
FNDA:1,(anonymous_6)
FNDA:2,(anonymous_7)
FNDA:1,(anonymous_8)
FNDA:2,(anonymous_9)
FNDA:73,(anonymous_10)
DA:11,25
DA:12,24
DA:25,26
DA:29,13
DA:36,13
DA:39,24
DA:40,13
DA:41,13
DA:51,0
DA:55,24
DA:56,1
DA:58,1
DA:59,1
DA:66,1
DA:68,0
DA:70,1
DA:74,24
DA:75,1
DA:78,24
DA:79,2
DA:89,24
DA:90,1
DA:93,24
DA:94,2
DA:98,73
DA:99,45
DA:100,45
DA:101,45
DA:104,45
DA:105,3
DA:116,42
DA:238,28
LF:32
LH:30
BRDA:43,0,0,13
BRDA:43,0,1,12
BRDA:47,1,0,13
BRDA:47,1,1,13
BRDA:98,2,0,45
BRDA:98,2,1,28
BRDA:104,3,0,3
BRDA:104,3,1,42
BRDA:134,4,0,4
BRDA:134,4,1,38
BRDA:140,5,0,42
BRDA:140,5,1,0
BRDA:146,6,0,42
BRDA:146,6,1,8
BRDA:146,6,2,4
BRDA:151,7,0,4
BRDA:151,7,1,4
BRDA:154,8,0,1
BRDA:154,8,1,3
BRDA:158,9,0,1
BRDA:158,9,1,3
BRDA:164,10,0,42
BRDA:164,10,1,8
BRDA:206,11,0,42
BRDA:206,11,1,34
BRDA:206,11,2,33
BRDA:214,12,0,1
BRDA:214,12,1,32
BRDA:219,13,0,42
BRDA:219,13,1,1
BRDA:225,14,0,42
BRDA:225,14,1,34
BRF:32
BRH:31
end_of_record
TN:
SF:src/components/ErrorNotification.jsx
FN:5,(anonymous_0)
FN:8,(anonymous_1)
FN:10,(anonymous_2)
FN:14,(anonymous_3)
FN:18,(anonymous_4)
FN:20,(anonymous_5)
FN:25,(anonymous_6)
FN:38,(anonymous_7)
FN:51,(anonymous_8)
FN:64,(anonymous_9)
FN:117,(anonymous_10)
FN:143,(anonymous_11)
FN:146,(anonymous_12)
FN:232,(anonymous_13)
FN:266,(anonymous_14)
FNF:15
FNH:0
FNDA:0,(anonymous_0)
FNDA:0,(anonymous_1)
FNDA:0,(anonymous_2)
FNDA:0,(anonymous_3)
FNDA:0,(anonymous_4)
FNDA:0,(anonymous_5)
FNDA:0,(anonymous_6)
FNDA:0,(anonymous_7)
FNDA:0,(anonymous_8)
FNDA:0,(anonymous_9)
FNDA:0,(anonymous_10)
FNDA:0,(anonymous_11)
FNDA:0,(anonymous_12)
FNDA:0,(anonymous_13)
FNDA:0,(anonymous_14)
DA:5,0
DA:6,0
DA:8,0
DA:9,0
DA:10,0
DA:11,0
DA:14,0
DA:18,0
DA:19,0
DA:20,0
DA:21,0
DA:25,0
DA:26,0
DA:28,0
DA:30,0
DA:32,0
DA:34,0
DA:38,0
DA:39,0
DA:41,0
DA:43,0
DA:45,0
DA:47,0
DA:51,0
DA:52,0
DA:54,0
DA:56,0
DA:58,0
DA:60,0
DA:64,0
DA:65,0
DA:66,0
DA:67,0
DA:69,0
DA:72,0
DA:73,0
DA:76,0
DA:118,0
DA:119,0
DA:143,0
DA:144,0
DA:146,0
DA:147,0
DA:148,0
DA:152,0
DA:232,0
DA:233,0
DA:235,0
DA:266,0
DA:267,0
DA:269,0
LF:51
LH:0
BRDA:5,0,0,0
BRDA:5,1,0,0
BRDA:9,2,0,0
BRDA:9,2,1,0
BRDA:9,3,0,0
BRDA:9,3,1,0
BRDA:26,4,0,0
BRDA:26,4,1,0
BRDA:26,4,2,0
BRDA:26,4,3,0
BRDA:39,5,0,0
BRDA:39,5,1,0
BRDA:39,5,2,0
BRDA:39,5,3,0
BRDA:52,6,0,0
BRDA:52,6,1,0
BRDA:52,6,2,0
BRDA:52,6,3,0
BRDA:66,7,0,0
BRDA:66,7,1,0
BRDA:72,8,0,0
BRDA:72,8,1,0
BRDA:81,9,0,0
BRDA:81,9,1,0
BRDA:92,10,0,0
BRDA:92,10,1,0
BRDA:99,11,0,0
BRDA:99,11,1,0
BRDA:105,12,0,0
BRDA:105,12,1,0
BRDA:105,12,2,0
BRDA:107,13,0,0
BRDA:107,13,1,0
BRDA:115,14,0,0
BRDA:115,14,1,0
BRDA:144,15,0,0
BRDA:144,15,1,0
BRDA:147,16,0,0
BRDA:147,16,1,0
BRDA:170,17,0,0
BRDA:170,17,1,0
BRDA:178,18,0,0
BRDA:178,18,1,0
BRDA:186,19,0,0
BRDA:186,19,1,0
BRDA:206,20,0,0
BRDA:206,20,1,0
BRDA:216,21,0,0
BRDA:216,21,1,0
BRDA:233,22,0,0
BRDA:233,22,1,0
BRDA:243,23,0,0
BRDA:243,23,1,0
BRDA:248,24,0,0
BRDA:248,24,1,0
BRDA:266,25,0,0
BRDA:267,26,0,0
BRDA:267,26,1,0
BRF:58
BRH:0
end_of_record
TN:
SF:src/components/Navigation.jsx
FN:50,(anonymous_0)
FN:63,(anonymous_1)
FN:66,(anonymous_2)
FN:137,(anonymous_3)
FN:141,(anonymous_4)
FN:144,(anonymous_5)
FN:151,(anonymous_6)
FN:154,(anonymous_7)
FN:158,(anonymous_8)
FN:162,(anonymous_9)
FN:166,(anonymous_10)
FN:170,(anonymous_11)
FN:174,(anonymous_12)
FN:181,(anonymous_13)
FN:186,(anonymous_14)
FN:191,(anonymous_15)
FN:205,(anonymous_16)
FN:210,(anonymous_17)
FN:217,(anonymous_18)
FN:257,(anonymous_19)
FN:261,(anonymous_20)
FN:316,(anonymous_21)
FN:361,(anonymous_22)
FN:483,(anonymous_23)
FN:529,(anonymous_24)
FN:532,(anonymous_25)
FN:560,(anonymous_26)
FNF:27
FNH:0
FNDA:0,(anonymous_0)
FNDA:0,(anonymous_1)
FNDA:0,(anonymous_2)
FNDA:0,(anonymous_3)
FNDA:0,(anonymous_4)
FNDA:0,(anonymous_5)
FNDA:0,(anonymous_6)
FNDA:0,(anonymous_7)
FNDA:0,(anonymous_8)
FNDA:0,(anonymous_9)
FNDA:0,(anonymous_10)
FNDA:0,(anonymous_11)
FNDA:0,(anonymous_12)
FNDA:0,(anonymous_13)
FNDA:0,(anonymous_14)
FNDA:0,(anonymous_15)
FNDA:0,(anonymous_16)
FNDA:0,(anonymous_17)
FNDA:0,(anonymous_18)
FNDA:0,(anonymous_19)
FNDA:0,(anonymous_20)
FNDA:0,(anonymous_21)
FNDA:0,(anonymous_22)
FNDA:0,(anonymous_23)
FNDA:0,(anonymous_24)
FNDA:0,(anonymous_25)
FNDA:0,(anonymous_26)
DA:48,0
DA:50,0
DA:51,0
DA:52,0
DA:53,0
DA:54,0
DA:55,0
DA:58,0
DA:59,0
DA:60,0
DA:63,0
DA:64,0
DA:65,0
DA:66,0
DA:70,0
DA:137,0
DA:140,0
DA:141,0
DA:145,0
DA:150,0
DA:151,0
DA:154,0
DA:155,0
DA:158,0
DA:159,0
DA:162,0
DA:163,0
DA:166,0
DA:167,0
DA:170,0
DA:171,0
DA:174,0
DA:175,0
DA:176,0
DA:177,0
DA:181,0
DA:182,0
DA:183,0
DA:186,0
DA:187,0
DA:188,0
DA:191,0
DA:193,0
DA:194,0
DA:198,0
DA:199,0
DA:202,0
DA:205,0
DA:206,0
DA:210,0
DA:211,0
DA:212,0
DA:213,0
DA:214,0
DA:217,0
DA:218,0
DA:219,0
DA:220,0
DA:222,0
DA:227,0
DA:258,0
DA:261,0
DA:317,0
DA:331,0
DA:361,0
DA:483,0
DA:530,0
DA:532,0
DA:560,0
LF:69
LH:0
BRDA:50,0,0,0
BRDA:64,1,0,0
BRDA:64,1,1,0
BRDA:64,2,0,0
BRDA:64,2,1,0
BRDA:65,3,0,0
BRDA:65,3,1,0
BRDA:65,4,0,0
BRDA:65,4,1,0
BRDA:150,5,0,0
BRDA:150,5,1,0
BRDA:176,6,0,0
BRDA:176,6,1,0
BRDA:193,7,0,0
BRDA:193,7,1,0
BRDA:198,8,0,0
BRDA:198,8,1,0
BRDA:206,9,0,0
BRDA:206,9,1,0
BRDA:206,9,2,0
BRDA:211,10,0,0
BRDA:211,10,1,0
BRDA:212,11,0,0
BRDA:212,11,1,0
BRDA:212,11,2,0
BRDA:213,12,0,0
BRDA:213,12,1,0
BRDA:214,13,0,0
BRDA:214,13,1,0
BRDA:218,14,0,0
BRDA:218,14,1,0
BRDA:219,15,0,0
BRDA:219,15,1,0
BRDA:219,16,0,0
BRDA:219,16,1,0
BRDA:222,17,0,0
BRDA:222,17,1,0
BRDA:241,18,0,0
BRDA:241,18,1,0
BRDA:281,19,0,0
BRDA:281,19,1,0
BRDA:288,20,0,0
BRDA:288,20,1,0
BRDA:309,21,0,0
BRDA:309,21,1,0
BRDA:309,22,0,0
BRDA:309,22,1,0
BRDA:314,23,0,0
BRDA:314,23,1,0
BRDA:314,23,2,0
BRDA:321,24,0,0
BRDA:321,24,1,0
BRDA:337,25,0,0
BRDA:337,25,1,0
BRDA:338,26,0,0
BRDA:338,26,1,0
BRDA:347,27,0,0
BRDA:347,27,1,0
BRDA:361,28,0,0
BRDA:361,28,1,0
BRDA:365,29,0,0
BRDA:365,29,1,0
BRDA:366,30,0,0
BRDA:366,30,1,0
BRDA:368,31,0,0
BRDA:368,31,1,0
BRDA:405,32,0,0
BRDA:405,32,1,0
BRDA:409,33,0,0
BRDA:409,33,1,0
BRDA:433,34,0,0
BRDA:433,34,1,0
BRDA:522,35,0,0
BRDA:522,35,1,0
BRDA:536,36,0,0
BRDA:536,36,1,0
BRDA:538,37,0,0
BRDA:538,37,1,0
BRDA:542,38,0,0
BRDA:542,38,1,0
BRDA:543,39,0,0
BRDA:543,39,1,0
BRDA:545,40,0,0
BRDA:545,40,1,0
BRDA:558,41,0,0
BRDA:558,41,1,0
BRF:86
BRH:0
end_of_record
TN:
SF:src/components/RuleInput.jsx
FN:39,(anonymous_0)
FN:49,(anonymous_1)
FN:52,(anonymous_2)
FN:55,(anonymous_3)
FN:63,(anonymous_4)
FN:65,(anonymous_5)
FN:69,(anonymous_6)
FN:76,(anonymous_7)
FN:78,(anonymous_8)
FN:82,(anonymous_9)
FN:89,(anonymous_10)
FN:91,(anonymous_11)
FN:94,(anonymous_12)
FN:110,(anonymous_13)
FN:119,(anonymous_14)
FN:140,(anonymous_15)
FN:144,(anonymous_16)
FN:145,(anonymous_17)
FN:151,(anonymous_18)
FN:161,(anonymous_19)
FN:193,(anonymous_20)
FN:221,(anonymous_21)
FN:226,(anonymous_22)
FN:250,(anonymous_23)
FN:282,(anonymous_24)
FN:289,(anonymous_25)
FN:397,(anonymous_26)
FN:433,(anonymous_27)
FN:446,(anonymous_28)
FN:450,(anonymous_29)
FNF:30
FNH:0
FNDA:0,(anonymous_0)
FNDA:0,(anonymous_1)
FNDA:0,(anonymous_2)
FNDA:0,(anonymous_3)
FNDA:0,(anonymous_4)
FNDA:0,(anonymous_5)
FNDA:0,(anonymous_6)
FNDA:0,(anonymous_7)
FNDA:0,(anonymous_8)
FNDA:0,(anonymous_9)
FNDA:0,(anonymous_10)
FNDA:0,(anonymous_11)
FNDA:0,(anonymous_12)
FNDA:0,(anonymous_13)
FNDA:0,(anonymous_14)
FNDA:0,(anonymous_15)
FNDA:0,(anonymous_16)
FNDA:0,(anonymous_17)
FNDA:0,(anonymous_18)
FNDA:0,(anonymous_19)
FNDA:0,(anonymous_20)
FNDA:0,(anonymous_21)
FNDA:0,(anonymous_22)
FNDA:0,(anonymous_23)
FNDA:0,(anonymous_24)
FNDA:0,(anonymous_25)
FNDA:0,(anonymous_26)
FNDA:0,(anonymous_27)
FNDA:0,(anonymous_28)
FNDA:0,(anonymous_29)
DA:39,0
DA:40,0
DA:41,0
DA:42,0
DA:43,0
DA:44,0
DA:45,0
DA:48,0
DA:49,0
DA:53,0
DA:56,0
DA:62,0
DA:63,0
DA:66,0
DA:67,0
DA:70,0
DA:75,0
DA:76,0
DA:79,0
DA:80,0
DA:83,0
DA:88,0
DA:89,0
DA:92,0
DA:95,0
DA:101,0
DA:110,0
DA:111,0
DA:112,0
DA:113,0
DA:115,0
DA:119,0
DA:120,0
DA:121,0
DA:129,0
DA:130,0
DA:131,0
DA:132,0
DA:133,0
DA:136,0
DA:140,0
DA:141,0
DA:144,0
DA:145,0
DA:146,0
DA:147,0
DA:151,0
DA:152,0
DA:158,0
DA:161,0
DA:162,0
DA:163,0
DA:164,0
DA:167,0
DA:193,0
DA:222,0
DA:226,0
DA:251,0
DA:282,0
DA:289,0
DA:397,0
DA:433,0
DA:446,0
DA:450,0
LF:64
LH:0
BRDA:53,0,0,0
BRDA:53,0,1,0
BRDA:70,1,0,0
BRDA:70,1,1,0
BRDA:120,2,0,0
BRDA:120,2,1,0
BRDA:122,3,0,0
BRDA:122,3,1,0
BRDA:126,4,0,0
BRDA:126,4,1,0
BRDA:146,5,0,0
BRDA:146,5,1,0
BRDA:158,6,0,0
BRDA:158,6,1,0
BRDA:162,7,0,0
BRDA:162,7,1,0
BRDA:163,8,0,0
BRDA:163,8,1,0
BRDA:203,9,0,0
BRDA:203,9,1,0
BRDA:203,9,2,0
BRDA:208,10,0,0
BRDA:208,10,1,0
BRDA:208,10,2,0
BRDA:239,11,0,0
BRDA:239,11,1,0
BRDA:242,12,0,0
BRDA:242,12,1,0
BRDA:244,13,0,0
BRDA:244,13,1,0
BRDA:267,14,0,0
BRDA:267,14,1,0
BRDA:274,15,0,0
BRDA:274,15,1,0
BRDA:285,16,0,0
BRDA:285,16,1,0
BRDA:400,17,0,0
BRDA:400,17,1,0
BRDA:414,18,0,0
BRDA:414,18,1,0
BRDA:419,19,0,0
BRDA:419,19,1,0
BRDA:419,19,2,0
BRDA:448,20,0,0
BRDA:448,20,1,0
BRF:45
BRH:0
end_of_record
TN:
SF:src/components/ScheduleDisplay.jsx
FN:54,(anonymous_0)
FN:84,(anonymous_1)
FN:87,(anonymous_2)
FN:92,(anonymous_3)
FN:99,(anonymous_4)
FN:102,(anonymous_5)
FN:109,(anonymous_6)
FN:111,(anonymous_7)
FN:117,(anonymous_8)
FN:124,(anonymous_9)
FN:126,(anonymous_10)
FN:131,(anonymous_11)
FN:140,(anonymous_12)
FN:141,(anonymous_13)
FN:148,(anonymous_14)
FN:149,(anonymous_15)
FN:153,(anonymous_16)
FN:160,(anonymous_17)
FN:162,(anonymous_18)
FN:172,(anonymous_19)
FN:175,(anonymous_20)
FN:179,(anonymous_21)
FN:225,(anonymous_22)
FN:234,(anonymous_23)
FN:235,(anonymous_24)
FN:240,(anonymous_25)
FN:255,(anonymous_26)
FN:263,(anonymous_27)
FN:264,(anonymous_28)
FN:268,(anonymous_29)
FN:269,(anonymous_30)
FN:273,(anonymous_31)
FN:275,(anonymous_32)
FN:280,(anonymous_33)
FN:284,(anonymous_34)
FN:290,(anonymous_35)
FN:301,(anonymous_36)
FN:314,(anonymous_37)
FN:332,(anonymous_38)
FN:340,(anonymous_39)
FN:347,(anonymous_40)
FN:352,(anonymous_41)
FN:357,(anonymous_42)
FN:382,(anonymous_43)
FN:398,(anonymous_44)
FN:399,(anonymous_45)
FN:402,(anonymous_46)
FN:403,(anonymous_47)
FN:408,(anonymous_48)
FN:474,(anonymous_49)
FN:475,(anonymous_50)
FN:480,(anonymous_51)
FN:495,(anonymous_52)
FN:506,(anonymous_53)
FN:517,(anonymous_54)
FN:524,(anonymous_55)
FN:554,(anonymous_56)
FN:586,(anonymous_57)
FN:601,(anonymous_58)
FN:613,(anonymous_59)
FN:616,(anonymous_60)
FN:633,(anonymous_61)
FN:637,(anonymous_62)
FN:673,(anonymous_63)
FN:674,(anonymous_64)
FN:677,(anonymous_65)
FN:714,(anonymous_66)
FN:715,(anonymous_67)
FN:722,(anonymous_68)
FN:723,(anonymous_69)
FN:724,(anonymous_70)
FN:751,(anonymous_71)
FN:766,(anonymous_72)
FN:776,(anonymous_73)
FN:779,(anonymous_74)
FN:793,(anonymous_75)
FN:804,(anonymous_76)
FN:814,(anonymous_77)
FN:825,(anonymous_78)
FN:832,(anonymous_79)
FN:848,(anonymous_80)
FN:852,(anonymous_81)
FNF:82
FNH:0
FNDA:0,(anonymous_0)
FNDA:0,(anonymous_1)
FNDA:0,(anonymous_2)
FNDA:0,(anonymous_3)
FNDA:0,(anonymous_4)
FNDA:0,(anonymous_5)
FNDA:0,(anonymous_6)
FNDA:0,(anonymous_7)
FNDA:0,(anonymous_8)
FNDA:0,(anonymous_9)
FNDA:0,(anonymous_10)
FNDA:0,(anonymous_11)
FNDA:0,(anonymous_12)
FNDA:0,(anonymous_13)
FNDA:0,(anonymous_14)
FNDA:0,(anonymous_15)
FNDA:0,(anonymous_16)
FNDA:0,(anonymous_17)
FNDA:0,(anonymous_18)
FNDA:0,(anonymous_19)
FNDA:0,(anonymous_20)
FNDA:0,(anonymous_21)
FNDA:0,(anonymous_22)
FNDA:0,(anonymous_23)
FNDA:0,(anonymous_24)
FNDA:0,(anonymous_25)
FNDA:0,(anonymous_26)
FNDA:0,(anonymous_27)
FNDA:0,(anonymous_28)
FNDA:0,(anonymous_29)
FNDA:0,(anonymous_30)
FNDA:0,(anonymous_31)
FNDA:0,(anonymous_32)
FNDA:0,(anonymous_33)
FNDA:0,(anonymous_34)
FNDA:0,(anonymous_35)
FNDA:0,(anonymous_36)
FNDA:0,(anonymous_37)
FNDA:0,(anonymous_38)
FNDA:0,(anonymous_39)
FNDA:0,(anonymous_40)
FNDA:0,(anonymous_41)
FNDA:0,(anonymous_42)
FNDA:0,(anonymous_43)
FNDA:0,(anonymous_44)
FNDA:0,(anonymous_45)
FNDA:0,(anonymous_46)
FNDA:0,(anonymous_47)
FNDA:0,(anonymous_48)
FNDA:0,(anonymous_49)
FNDA:0,(anonymous_50)
FNDA:0,(anonymous_51)
FNDA:0,(anonymous_52)
FNDA:0,(anonymous_53)
FNDA:0,(anonymous_54)
FNDA:0,(anonymous_55)
FNDA:0,(anonymous_56)
FNDA:0,(anonymous_57)
FNDA:0,(anonymous_58)
FNDA:0,(anonymous_59)
FNDA:0,(anonymous_60)
FNDA:0,(anonymous_61)
FNDA:0,(anonymous_62)
FNDA:0,(anonymous_63)
FNDA:0,(anonymous_64)
FNDA:0,(anonymous_65)
FNDA:0,(anonymous_66)
FNDA:0,(anonymous_67)
FNDA:0,(anonymous_68)
FNDA:0,(anonymous_69)
FNDA:0,(anonymous_70)
FNDA:0,(anonymous_71)
FNDA:0,(anonymous_72)
FNDA:0,(anonymous_73)
FNDA:0,(anonymous_74)
FNDA:0,(anonymous_75)
FNDA:0,(anonymous_76)
FNDA:0,(anonymous_77)
FNDA:0,(anonymous_78)
FNDA:0,(anonymous_79)
FNDA:0,(anonymous_80)
FNDA:0,(anonymous_81)
DA:54,0
DA:56,0
DA:57,0
DA:58,0
DA:59,0
DA:60,0
DA:61,0
DA:62,0
DA:63,0
DA:64,0
DA:65,0
DA:68,0
DA:77,0
DA:78,0
DA:79,0
DA:80,0
DA:83,0
DA:84,0
DA:88,0
DA:89,0
DA:93,0
DA:98,0
DA:99,0
DA:103,0
DA:108,0
DA:109,0
DA:112,0
DA:113,0
DA:114,0
DA:115,0
DA:118,0
DA:123,0
DA:124,0
DA:127,0
DA:128,0
DA:129,0
DA:132,0
DA:138,0
DA:139,0
DA:140,0
DA:141,0
DA:142,0
DA:143,0
DA:148,0
DA:149,0
DA:153,0
DA:154,0
DA:157,0
DA:159,0
DA:160,0
DA:161,0
DA:162,0
DA:163,0
DA:164,0
DA:168,0
DA:172,0
DA:173,0
DA:175,0
DA:176,0
DA:177,0
DA:179,0
DA:181,0
DA:183,0
DA:184,0
DA:185,0
DA:193,0
DA:194,0
DA:195,0
DA:196,0
DA:198,0
DA:199,0
DA:208,0
DA:209,0
DA:210,0
DA:218,0
DA:221,0
DA:225,0
DA:226,0
DA:227,0
DA:228,0
DA:234,0
DA:235,0
DA:240,0
DA:241,0
DA:242,0
DA:249,0
DA:252,0
DA:255,0
DA:256,0
DA:257,0
DA:259,0
DA:260,0
DA:263,0
DA:264,0
DA:265,0
DA:268,0
DA:269,0
DA:273,0
DA:274,0
DA:276,0
DA:280,0
DA:284,0
DA:285,0
DA:286,0
DA:290,0
DA:291,0
DA:298,0
DA:301,0
DA:303,0
DA:304,0
DA:308,0
DA:311,0
DA:314,0
DA:315,0
DA:317,0
DA:325,0
DA:332,0
DA:333,0
DA:334,0
DA:336,0
DA:340,0
DA:341,0
DA:342,0
DA:343,0
DA:347,0
DA:348,0
DA:349,0
DA:352,0
DA:353,0
DA:354,0
DA:357,0
DA:358,0
DA:360,0
DA:362,0
DA:363,0
DA:365,0
DA:366,0
DA:368,0
DA:373,0
DA:379,0
DA:382,0
DA:383,0
DA:384,0
DA:386,0
DA:395,0
DA:398,0
DA:399,0
DA:402,0
DA:403,0
DA:404,0
DA:408,0
DA:410,0
DA:411,0
DA:418,0
DA:475,0
DA:476,0
DA:481,0
DA:495,0
DA:506,0
DA:517,0
DA:525,0
DA:526,0
DA:555,0
DA:587,0
DA:602,0
DA:614,0
DA:615,0
DA:616,0
DA:617,0
DA:618,0
DA:621,0
DA:633,0
DA:638,0
DA:639,0
DA:641,0
DA:673,0
DA:674,0
DA:678,0
DA:679,0
DA:714,0
DA:715,0
DA:722,0
DA:723,0
DA:725,0
DA:726,0
DA:728,0
DA:751,0
DA:766,0
DA:776,0
DA:780,0
DA:793,0
DA:804,0
DA:814,0
DA:825,0
DA:832,0
DA:848,0
DA:852,0
LF:197
LH:0
BRDA:80,0,0,0
BRDA:80,0,1,0
BRDA:88,1,0,0
BRDA:88,1,1,0
BRDA:88,2,0,0
BRDA:88,2,1,0
BRDA:118,3,0,0
BRDA:118,3,1,0
BRDA:132,4,0,0
BRDA:132,4,1,0
BRDA:138,5,0,0
BRDA:138,5,1,0
BRDA:139,6,0,0
BRDA:139,6,1,0
BRDA:154,7,0,0
BRDA:154,7,1,0
BRDA:163,8,0,0
BRDA:163,8,1,0
BRDA:173,9,0,0
BRDA:173,9,1,0
BRDA:183,10,0,0
BRDA:183,10,1,0
BRDA:188,11,0,0
BRDA:188,11,1,0
BRDA:188,11,2,0
BRDA:194,12,0,0
BRDA:194,12,1,0
BRDA:194,13,0,0
BRDA:194,13,1,0
BRDA:198,14,0,0
BRDA:198,14,1,0
BRDA:202,15,0,0
BRDA:202,15,1,0
BRDA:208,16,0,0
BRDA:208,16,1,0
BRDA:213,17,0,0
BRDA:213,17,1,0
BRDA:213,17,2,0
BRDA:226,18,0,0
BRDA:226,18,1,0
BRDA:230,19,0,0
BRDA:230,19,1,0
BRDA:230,19,2,0
BRDA:246,20,0,0
BRDA:246,20,1,0
BRDA:247,21,0,0
BRDA:247,21,1,0
BRDA:256,22,0,0
BRDA:256,22,1,0
BRDA:276,23,0,0
BRDA:276,23,1,0
BRDA:276,23,2,0
BRDA:303,24,0,0
BRDA:303,24,1,0
BRDA:315,25,0,0
BRDA:315,25,1,0
BRDA:315,26,0,0
BRDA:315,26,1,0
BRDA:333,27,0,0
BRDA:333,27,1,0
BRDA:360,28,0,0
BRDA:360,28,1,0
BRDA:360,29,0,0
BRDA:360,29,1,0
BRDA:384,30,0,0
BRDA:384,30,1,0
BRDA:395,31,0,0
BRDA:395,31,1,0
BRDA:404,32,0,0
BRDA:404,32,1,0
BRDA:410,33,0,0
BRDA:410,33,1,0
BRDA:429,34,0,0
BRDA:429,34,1,0
BRDA:436,35,0,0
BRDA:436,35,1,0
BRDA:437,36,0,0
BRDA:437,36,1,0
BRDA:440,37,0,0
BRDA:440,37,1,0
BRDA:441,38,0,0
BRDA:441,38,1,0
BRDA:450,39,0,0
BRDA:450,39,1,0
BRDA:453,40,0,0
BRDA:453,40,1,0
BRDA:457,41,0,0
BRDA:457,41,1,0
BRDA:457,41,2,0
BRDA:460,42,0,0
BRDA:460,42,1,0
BRDA:472,43,0,0
BRDA:472,43,1,0
BRDA:482,44,0,0
BRDA:482,44,1,0
BRDA:511,45,0,0
BRDA:511,45,1,0
BRDA:538,46,0,0
BRDA:538,46,1,0
BRDA:549,47,0,0
BRDA:549,47,1,0
BRDA:559,48,0,0
BRDA:559,48,1,0
BRDA:572,49,0,0
BRDA:572,49,1,0
BRDA:615,50,0,0
BRDA:615,50,1,0
BRDA:653,51,0,0
BRDA:653,51,1,0
BRDA:668,52,0,0
BRDA:668,52,1,0
BRDA:678,53,0,0
BRDA:678,53,1,0
BRDA:678,54,0,0
BRDA:678,54,1,0
BRDA:686,55,0,0
BRDA:686,55,1,0
BRDA:688,56,0,0
BRDA:688,56,1,0
BRDA:722,57,0,0
BRDA:722,57,1,0
BRDA:729,58,0,0
BRDA:729,58,1,0
BRDA:744,59,0,0
BRDA:744,59,1,0
BRDA:837,60,0,0
BRDA:837,60,1,0
BRDA:850,61,0,0
BRDA:850,61,1,0
BRF:129
BRH:0
end_of_record
TN:
SF:src/components/SessionRecoveryModal.jsx
FN:5,(anonymous_0)
FN:17,(anonymous_1)
FN:27,(anonymous_2)
FN:31,(anonymous_3)
FN:35,(anonymous_4)
FN:36,(anonymous_5)
FN:42,(anonymous_6)
FN:43,(anonymous_7)
FN:49,(anonymous_8)
FN:56,(anonymous_9)
FN:60,(anonymous_10)
FN:68,(anonymous_11)
FN:139,(anonymous_12)
FN:149,(anonymous_13)
FN:156,(anonymous_14)
FN:192,(anonymous_15)
FN:202,(anonymous_16)
FNF:17
FNH:0
FNDA:0,(anonymous_0)
FNDA:0,(anonymous_1)
FNDA:0,(anonymous_2)
FNDA:0,(anonymous_3)
FNDA:0,(anonymous_4)
FNDA:0,(anonymous_5)
FNDA:0,(anonymous_6)
FNDA:0,(anonymous_7)
FNDA:0,(anonymous_8)
FNDA:0,(anonymous_9)
FNDA:0,(anonymous_10)
FNDA:0,(anonymous_11)
FNDA:0,(anonymous_12)
FNDA:0,(anonymous_13)
FNDA:0,(anonymous_14)
FNDA:0,(anonymous_15)
FNDA:0,(anonymous_16)
DA:5,0
DA:13,0
DA:15,0
DA:17,0
DA:18,0
DA:19,0
DA:20,0
DA:22,0
DA:24,0
DA:27,0
DA:28,0
DA:29,0
DA:31,0
DA:35,0
DA:36,0
DA:37,0
DA:39,0
DA:42,0
DA:43,0
DA:44,0
DA:46,0
DA:49,0
DA:51,0
DA:56,0
DA:60,0
DA:61,0
DA:62,0
DA:63,0
DA:64,0
DA:65,0
DA:68,0
DA:69,0
DA:70,0
DA:71,0
DA:72,0
DA:75,0
DA:140,0
DA:149,0
DA:156,0
DA:193,0
DA:194,0
DA:203,0
DA:204,0
LF:43
LH:0
BRDA:7,0,0,0
BRDA:15,1,0,0
BRDA:15,1,1,0
BRDA:19,2,0,0
BRDA:19,2,1,0
BRDA:28,3,0,0
BRDA:28,3,1,0
BRDA:61,4,0,0
BRDA:61,4,1,0
BRDA:61,5,0,0
BRDA:61,5,1,0
BRDA:62,6,0,0
BRDA:62,6,1,0
BRDA:62,7,0,0
BRDA:62,7,1,0
BRDA:63,8,0,0
BRDA:63,8,1,0
BRDA:63,9,0,0
BRDA:63,9,1,0
BRDA:64,10,0,0
BRDA:64,10,1,0
BRDA:64,11,0,0
BRDA:64,11,1,0
BRDA:70,12,0,0
BRDA:70,12,1,0
BRDA:71,13,0,0
BRDA:71,13,1,0
BRDA:95,14,0,0
BRDA:95,14,1,0
BRDA:108,15,0,0
BRDA:108,15,1,0
BRDA:118,16,0,0
BRDA:118,16,1,0
BRDA:144,17,0,0
BRDA:144,17,1,0
BRDA:184,18,0,0
BRDA:184,18,1,0
BRF:37
BRH:0
end_of_record
TN:
SF:src/components/accessibility/LiveRegion.jsx
FN:9,(anonymous_0)
FN:12,(anonymous_1)
FN:18,(anonymous_2)
FN:22,(anonymous_3)
FN:57,(anonymous_4)
FN:60,(anonymous_5)
FN:64,(anonymous_6)
FN:79,(anonymous_7)
FN:86,(anonymous_8)
FN:88,(anonymous_9)
FN:91,(anonymous_10)
FN:92,(anonymous_11)
FN:102,(anonymous_12)
FN:105,(anonymous_13)
FNF:14
FNH:0
FNDA:0,(anonymous_0)
FNDA:0,(anonymous_1)
FNDA:0,(anonymous_2)
FNDA:0,(anonymous_3)
FNDA:0,(anonymous_4)
FNDA:0,(anonymous_5)
FNDA:0,(anonymous_6)
FNDA:0,(anonymous_7)
FNDA:0,(anonymous_8)
FNDA:0,(anonymous_9)
FNDA:0,(anonymous_10)
FNDA:0,(anonymous_11)
FNDA:0,(anonymous_12)
FNDA:0,(anonymous_13)
DA:9,0
DA:10,0
DA:12,0
DA:13,0
DA:14,0
DA:17,0
DA:18,0
DA:19,0
DA:22,0
DA:27,0
DA:47,0
DA:57,0
DA:58,0
DA:60,0
DA:61,0
DA:64,0
DA:65,0
DA:68,0
DA:76,0
DA:77,0
DA:80,0
DA:81,0
DA:83,0
DA:87,0
DA:88,0
DA:92,0
DA:93,0
DA:102,0
DA:103,0
DA:105,0
DA:106,0
DA:107,0
DA:108,0
DA:111,0
LF:34
LH:0
BRDA:9,0,0,0
BRDA:9,1,0,0
BRDA:9,2,0,0
BRDA:13,3,0,0
BRDA:13,3,1,0
BRDA:17,4,0,0
BRDA:17,4,1,0
BRDA:57,5,0,0
BRDA:80,6,0,0
BRDA:80,6,1,0
BRDA:91,7,0,0
BRF:11
BRH:0
end_of_record
TN:
SF:src/components/accessibility/SkipNavigation.jsx
FN:8,(anonymous_0)
FN:9,(anonymous_1)
FN:39,(anonymous_2)
FN:46,(anonymous_3)
FNF:4
FNH:0
FNDA:0,(anonymous_0)
FNDA:0,(anonymous_1)
FNDA:0,(anonymous_2)
FNDA:0,(anonymous_3)
DA:8,0
DA:9,0
DA:10,0
DA:11,0
DA:12,0
DA:13,0
DA:14,0
DA:18,0
DA:40,0
DA:41,0
DA:42,0
DA:43,0
DA:44,0
DA:47,0
DA:48,0
DA:49,0
DA:50,0
DA:51,0
LF:18
LH:0
BRDA:12,0,0,0
BRDA:12,0,1,0
BRF:2
BRH:0
end_of_record
TN:
SF:src/components/accessibility/index.js
FNF:0
FNH:0
LF:0
LH:0
BRF:0
BRH:0
end_of_record
TN:
SF:src/components/auth/Login.jsx
FN:14,(anonymous_0)
FN:30,(anonymous_1)
FN:37,(anonymous_2)
FN:39,(anonymous_3)
FN:46,(anonymous_4)
FN:53,(anonymous_5)
FN:72,(anonymous_6)
FN:133,(anonymous_7)
FN:215,(anonymous_8)
FNF:9
FNH:9
FNDA:87,(anonymous_0)
FNDA:87,(anonymous_1)
FNDA:23,(anonymous_2)
FNDA:23,(anonymous_3)
FNDA:2,(anonymous_4)
FNDA:13,(anonymous_5)
FNDA:13,(anonymous_6)
FNDA:2,(anonymous_7)
FNDA:2,(anonymous_8)
DA:14,1
DA:15,87
DA:19,87
DA:20,87
DA:21,87
DA:22,87
DA:23,87
DA:25,87
DA:26,87
DA:27,87
DA:30,87
DA:31,87
DA:32,0
DA:33,0
DA:37,87
DA:38,23
DA:39,23
DA:45,23
DA:46,2
DA:53,87
DA:54,13
DA:57,13
DA:58,2
DA:59,11
DA:60,1
DA:64,13
DA:65,3
DA:68,13
DA:69,13
DA:72,87
DA:73,13
DA:75,13
DA:76,3
DA:79,10
DA:80,10
DA:81,10
DA:82,10
DA:84,10
DA:85,10
DA:88,1
DA:91,1
DA:92,1
DA:95,8
DA:97,8
DA:98,3
DA:100,3
DA:101,3
DA:102,3
DA:106,0
DA:108,5
DA:110,2
DA:111,2
DA:115,2
DA:116,3
DA:118,1
DA:121,2
DA:122,1
DA:124,1
DA:129,9
DA:133,87
DA:134,2
DA:136,2
DA:137,2
DA:138,2
DA:140,2
DA:142,0
DA:143,0
DA:146,87
DA:215,2
LF:69
LH:64
BRDA:31,0,0,0
BRDA:31,0,1,87
BRDA:32,1,0,0
BRDA:32,1,1,0
BRDA:45,2,0,2
BRDA:45,2,1,21
BRDA:57,3,0,2
BRDA:57,3,1,11
BRDA:59,4,0,1
BRDA:59,4,1,10
BRDA:64,5,0,3
BRDA:64,5,1,10
BRDA:75,6,0,3
BRDA:75,6,1,10
BRDA:91,7,0,1
BRDA:91,7,1,1
BRDA:97,8,0,3
BRDA:97,8,1,5
BRDA:100,9,0,3
BRDA:100,9,1,0
BRDA:108,10,0,2
BRDA:108,10,1,3
BRDA:116,11,0,1
BRDA:116,11,1,2
BRDA:121,12,0,1
BRDA:121,12,1,1
BRDA:134,13,0,0
BRDA:134,13,1,2
BRDA:140,14,0,2
BRDA:140,14,1,0
BRDA:143,15,0,0
BRDA:143,15,1,0
BRDA:156,16,0,87
BRDA:156,16,1,8
BRDA:164,17,0,87
BRDA:164,17,1,2
BRDA:185,18,0,3
BRDA:185,18,1,84
BRDA:190,19,0,87
BRDA:190,19,1,3
BRDA:202,20,0,1
BRDA:202,20,1,86
BRDA:207,21,0,4
BRDA:207,21,1,83
BRDA:216,22,0,1
BRDA:216,22,1,86
BRDA:218,23,0,1
BRDA:218,23,1,86
BRDA:221,24,0,87
BRDA:221,24,1,4
BRDA:227,25,0,87
BRDA:227,25,1,3
BRDA:227,25,2,2
BRDA:231,26,0,1
BRDA:231,26,1,1
BRDA:247,27,0,10
BRDA:247,27,1,77
BRDA:248,28,0,87
BRDA:248,28,1,77
BRDA:250,29,0,10
BRDA:250,29,1,77
BRF:61
BRH:53
end_of_record
TN:
SF:src/components/auth/ProtectedRoute.jsx
FN:13,(anonymous_0)
FN:49,(anonymous_1)
FN:68,(anonymous_2)
FNF:3
FNH:0
FNDA:0,(anonymous_0)
FNDA:0,(anonymous_1)
FNDA:0,(anonymous_2)
DA:13,0
DA:14,0
DA:15,0
DA:18,0
DA:19,0
DA:30,0
DA:31,0
DA:41,0
DA:42,0
DA:49,0
DA:60,0
DA:61,0
DA:68,0
DA:79,0
DA:85,0
DA:201,0
DA:202,0
DA:203,0
DA:204,0
LF:19
LH:0
BRDA:13,0,0,0
BRDA:13,1,0,0
BRDA:18,2,0,0
BRDA:18,2,1,0
BRDA:30,3,0,0
BRDA:30,3,1,0
BRDA:41,4,0,0
BRDA:41,4,1,0
BRDA:41,5,0,0
BRDA:41,5,1,0
BRDA:60,6,0,0
BRDA:60,6,1,0
BRDA:60,7,0,0
BRDA:60,7,1,0
BRDA:201,8,0,0
BRDA:201,8,1,0
BRF:16
BRH:0
end_of_record
TN:
SF:src/components/auth/Register.jsx
FN:14,(anonymous_0)
FN:33,(anonymous_1)
FN:40,(anonymous_2)
FN:71,(anonymous_3)
FN:73,(anonymous_4)
FN:85,(anonymous_5)
FN:96,(anonymous_6)
FN:104,(anonymous_7)
FN:146,(anonymous_8)
FN:187,(anonymous_9)
FN:208,(anonymous_10)
FN:316,(anonymous_11)
FN:395,(anonymous_12)
FNF:13
FNH:11
FNDA:108,(anonymous_0)
FNDA:22,(anonymous_1)
FNDA:12,(anonymous_2)
FNDA:46,(anonymous_3)
FNDA:46,(anonymous_4)
FNDA:2,(anonymous_5)
FNDA:0,(anonymous_6)
FNDA:12,(anonymous_7)
FNDA:12,(anonymous_8)
FNDA:0,(anonymous_9)
FNDA:160,(anonymous_10)
FNDA:1,(anonymous_11)
FNDA:1,(anonymous_12)
DA:14,1
DA:15,108
DA:23,108
DA:24,108
DA:25,108
DA:26,108
DA:27,108
DA:29,108
DA:30,108
DA:33,108
DA:34,22
DA:35,0
DA:40,108
DA:41,12
DA:49,12
DA:51,12
DA:52,12
DA:54,12
DA:55,8
DA:56,8
DA:57,4
DA:58,1
DA:59,1
DA:62,12
DA:71,108
DA:72,46
DA:73,46
DA:79,46
DA:80,12
DA:84,46
DA:85,2
DA:92,46
DA:93,20
DA:96,0
DA:104,108
DA:105,12
DA:108,12
DA:109,4
DA:110,8
DA:111,1
DA:115,12
DA:116,4
DA:117,8
DA:118,1
DA:122,12
DA:123,4
DA:124,8
DA:125,1
DA:129,12
DA:130,4
DA:131,8
DA:132,2
DA:136,12
DA:137,4
DA:138,8
DA:139,1
DA:142,12
DA:143,12
DA:146,108
DA:147,12
DA:149,12
DA:150,7
DA:153,5
DA:154,5
DA:156,5
DA:157,5
DA:164,5
DA:167,1
DA:170,1
DA:173,3
DA:175,3
DA:176,1
DA:177,2
DA:178,0
DA:180,0
DA:181,0
DA:185,0
DA:186,0
DA:187,0
DA:188,0
DA:190,0
DA:192,0
DA:194,2
DA:195,1
DA:199,1
DA:204,4
DA:208,108
DA:209,160
DA:210,160
DA:213,108
DA:316,1
DA:395,1
LF:92
LH:81
BRDA:34,0,0,0
BRDA:34,0,1,22
BRDA:54,1,0,8
BRDA:54,1,1,4
BRDA:57,2,0,1
BRDA:57,2,1,3
BRDA:79,3,0,12
BRDA:79,3,1,34
BRDA:84,4,0,2
BRDA:84,4,1,44
BRDA:92,5,0,20
BRDA:92,5,1,26
BRDA:92,6,0,46
BRDA:92,6,1,38
BRDA:93,7,0,0
BRDA:93,7,1,20
BRDA:93,8,0,20
BRDA:93,8,1,0
BRDA:94,9,0,0
BRDA:94,9,1,0
BRDA:95,10,0,0
BRDA:95,10,1,0
BRDA:108,11,0,4
BRDA:108,11,1,8
BRDA:110,12,0,1
BRDA:110,12,1,7
BRDA:115,13,0,4
BRDA:115,13,1,8
BRDA:117,14,0,1
BRDA:117,14,1,7
BRDA:122,15,0,4
BRDA:122,15,1,8
BRDA:124,16,0,1
BRDA:124,16,1,7
BRDA:129,17,0,4
BRDA:129,17,1,8
BRDA:131,18,0,2
BRDA:131,18,1,6
BRDA:136,19,0,4
BRDA:136,19,1,8
BRDA:138,20,0,1
BRDA:138,20,1,7
BRDA:149,21,0,7
BRDA:149,21,1,5
BRDA:175,22,0,1
BRDA:175,22,1,2
BRDA:177,23,0,0
BRDA:177,23,1,2
BRDA:180,24,0,0
BRDA:180,24,1,0
BRDA:185,25,0,0
BRDA:185,25,1,0
BRDA:192,26,0,0
BRDA:192,26,1,0
BRDA:194,27,0,1
BRDA:194,27,1,1
BRDA:209,28,0,0
BRDA:209,28,1,160
BRDA:210,29,0,134
BRDA:210,29,1,26
BRDA:223,30,0,108
BRDA:223,30,1,2
BRDA:243,31,0,5
BRDA:243,31,1,103
BRDA:248,32,0,108
BRDA:248,32,1,5
BRDA:264,33,0,7
BRDA:264,33,1,101
BRDA:269,34,0,108
BRDA:269,34,1,7
BRDA:286,35,0,7
BRDA:286,35,1,101
BRDA:291,36,0,108
BRDA:291,36,1,7
BRDA:303,37,0,2
BRDA:303,37,1,106
BRDA:308,38,0,8
BRDA:308,38,1,100
BRDA:317,39,0,2
BRDA:317,39,1,106
BRDA:319,40,0,2
BRDA:319,40,1,106
BRDA:324,41,0,108
BRDA:324,41,1,32
BRDA:324,41,2,32
BRDA:342,42,0,108
BRDA:342,42,1,32
BRDA:347,43,0,27
BRDA:347,43,1,5
BRDA:351,44,0,27
BRDA:351,44,1,5
BRDA:355,45,0,32
BRDA:355,45,1,0
BRDA:359,46,0,24
BRDA:359,46,1,8
BRDA:363,47,0,24
BRDA:363,47,1,8
BRDA:370,48,0,108
BRDA:370,48,1,8
BRDA:382,49,0,1
BRDA:382,49,1,107
BRDA:387,50,0,7
BRDA:387,50,1,101
BRDA:396,51,0,1
BRDA:396,51,1,107
BRDA:398,52,0,1
BRDA:398,52,1,107
BRDA:401,53,0,108
BRDA:401,53,1,7
BRDA:409,54,0,5
BRDA:409,54,1,103
BRDA:412,55,0,5
BRDA:412,55,1,103
BRF:113
BRH:97
end_of_record
TN:
SF:src/components/calendar/MobileCalendarControls.jsx
FN:23,(anonymous_0)
FN:67,(anonymous_1)
FN:99,(anonymous_2)
FN:100,(anonymous_3)
FN:108,(anonymous_4)
FN:113,(anonymous_5)
FNF:6
FNH:0
FNDA:0,(anonymous_0)
FNDA:0,(anonymous_1)
FNDA:0,(anonymous_2)
FNDA:0,(anonymous_3)
FNDA:0,(anonymous_4)
FNDA:0,(anonymous_5)
DA:23,0
DA:30,0
DA:31,0
DA:34,0
DA:35,0
DA:38,0
DA:40,0
DA:67,0
DA:68,0
DA:69,0
DA:71,0
DA:74,0
DA:99,0
DA:100,0
DA:109,0
DA:113,0
LF:16
LH:0
BRDA:35,0,0,0
BRDA:35,0,1,0
BRDA:38,1,0,0
BRDA:38,1,1,0
BRDA:68,2,0,0
BRDA:68,2,1,0
BRF:6
BRH:0
end_of_record
TN:
SF:src/components/data-io/ExportDialog.jsx
FN:41,(anonymous_0)
FN:55,(anonymous_1)
FN:65,(anonymous_2)
FN:82,(anonymous_3)
FN:92,(anonymous_4)
FN:97,(anonymous_5)
FN:107,(anonymous_6)
FN:112,(anonymous_7)
FN:130,(anonymous_8)
FN:131,(anonymous_9)
FN:144,(anonymous_10)
FN:145,(anonymous_11)
FN:150,(anonymous_12)
FN:181,(anonymous_13)
FN:198,(anonymous_14)
FN:199,(anonymous_15)
FN:229,(anonymous_16)
FN:233,(anonymous_17)
FN:280,(anonymous_18)
FN:282,(anonymous_19)
FN:285,(anonymous_20)
FN:292,(anonymous_21)
FN:293,(anonymous_22)
FN:308,(anonymous_23)
FN:310,(anonymous_24)
FN:313,(anonymous_25)
FN:320,(anonymous_26)
FN:321,(anonymous_27)
FN:357,(anonymous_28)
FNF:29
FNH:0
FNDA:0,(anonymous_0)
FNDA:0,(anonymous_1)
FNDA:0,(anonymous_2)
FNDA:0,(anonymous_3)
FNDA:0,(anonymous_4)
FNDA:0,(anonymous_5)
FNDA:0,(anonymous_6)
FNDA:0,(anonymous_7)
FNDA:0,(anonymous_8)
FNDA:0,(anonymous_9)
FNDA:0,(anonymous_10)
FNDA:0,(anonymous_11)
FNDA:0,(anonymous_12)
FNDA:0,(anonymous_13)
FNDA:0,(anonymous_14)
FNDA:0,(anonymous_15)
FNDA:0,(anonymous_16)
FNDA:0,(anonymous_17)
FNDA:0,(anonymous_18)
FNDA:0,(anonymous_19)
FNDA:0,(anonymous_20)
FNDA:0,(anonymous_21)
FNDA:0,(anonymous_22)
FNDA:0,(anonymous_23)
FNDA:0,(anonymous_24)
FNDA:0,(anonymous_25)
FNDA:0,(anonymous_26)
FNDA:0,(anonymous_27)
FNDA:0,(anonymous_28)
DA:28,0
DA:41,0
DA:42,0
DA:43,0
DA:44,0
DA:45,0
DA:46,0
DA:47,0
DA:48,0
DA:49,0
DA:50,0
DA:51,0
DA:52,0
DA:55,0
DA:56,0
DA:57,0
DA:59,0
DA:60,0
DA:61,0
DA:65,0
DA:66,0
DA:67,0
DA:68,0
DA:73,0
DA:74,0
DA:76,0
DA:78,0
DA:82,0
DA:83,0
DA:84,0
DA:85,0
DA:86,0
DA:87,0
DA:88,0
DA:89,0
DA:92,0
DA:93,0
DA:94,0
DA:97,0
DA:98,0
DA:104,0
DA:107,0
DA:108,0
DA:109,0
DA:112,0
DA:114,0
DA:115,0
DA:116,0
DA:119,0
DA:120,0
DA:121,0
DA:124,0
DA:125,0
DA:126,0
DA:128,0
DA:130,0
DA:131,0
DA:132,0
DA:133,0
DA:134,0
DA:136,0
DA:140,0
DA:144,0
DA:145,0
DA:148,0
DA:151,0
DA:152,0
DA:153,0
DA:158,0
DA:159,0
DA:162,0
DA:163,0
DA:164,0
DA:166,0
DA:167,0
DA:169,0
DA:170,0
DA:171,0
DA:172,0
DA:173,0
DA:176,0
DA:177,0
DA:181,0
DA:182,0
DA:186,0
DA:187,0
DA:192,0
DA:194,0
DA:198,0
DA:199,0
DA:200,0
DA:203,0
DA:229,0
DA:234,0
DA:280,0
DA:282,0
DA:286,0
DA:293,0
DA:294,0
DA:308,0
DA:310,0
DA:314,0
DA:321,0
DA:322,0
DA:357,0
DA:384,0
LF:106
LH:0
BRDA:56,0,0,0
BRDA:56,0,1,0
BRDA:73,1,0,0
BRDA:73,1,1,0
BRDA:74,2,0,0
BRDA:74,2,1,0
BRDA:104,3,0,0
BRDA:104,3,1,0
BRDA:108,4,0,0
BRDA:108,4,1,0
BRDA:114,5,0,0
BRDA:114,5,1,0
BRDA:114,6,0,0
BRDA:114,6,1,0
BRDA:119,7,0,0
BRDA:119,7,1,0
BRDA:132,8,0,0
BRDA:132,8,1,0
BRDA:151,9,0,0
BRDA:151,9,1,0
BRDA:176,10,0,0
BRDA:176,10,1,0
BRDA:188,11,0,0
BRDA:188,11,1,0
BRDA:188,11,2,0
BRDA:200,12,0,0
BRDA:200,12,1,0
BRDA:283,13,0,0
BRDA:283,13,1,0
BRDA:289,14,0,0
BRDA:289,14,1,0
BRDA:311,15,0,0
BRDA:311,15,1,0
BRDA:317,16,0,0
BRDA:317,16,1,0
BRDA:333,17,0,0
BRDA:333,17,1,0
BRDA:336,18,0,0
BRDA:336,18,1,0
BRDA:341,19,0,0
BRDA:341,19,1,0
BRDA:348,20,0,0
BRDA:348,20,1,0
BRDA:348,20,2,0
BRDA:354,21,0,0
BRDA:354,21,1,0
BRDA:354,22,0,0
BRDA:354,22,1,0
BRDA:355,23,0,0
BRDA:355,23,1,0
BRDA:356,24,0,0
BRDA:356,24,1,0
BRDA:373,25,0,0
BRDA:373,25,1,0
BRDA:373,25,2,0
BRDA:376,26,0,0
BRDA:376,26,1,0
BRF:57
BRH:0
end_of_record
TN:
SF:src/components/data-io/ImportDialog.jsx
FN:43,(anonymous_0)
FN:54,(anonymous_1)
FN:67,(anonymous_2)
FN:72,(anonymous_3)
FN:98,(anonymous_4)
FN:105,(anonymous_5)
FN:106,(anonymous_6)
FN:107,(anonymous_7)
FN:108,(anonymous_8)
FN:112,(anonymous_9)
FN:112,(anonymous_10)
FN:117,(anonymous_11)
FN:134,(anonymous_12)
FN:149,(anonymous_13)
FN:154,(anonymous_14)
FN:164,(anonymous_15)
FN:175,(anonymous_16)
FN:192,(anonymous_17)
FN:193,(anonymous_18)
FN:206,(anonymous_19)
FN:285,(anonymous_20)
FN:313,(anonymous_21)
FN:330,(anonymous_22)
FN:355,(anonymous_23)
FN:363,(anonymous_24)
FN:365,(anonymous_25)
FN:403,(anonymous_26)
FNF:27
FNH:0
FNDA:0,(anonymous_0)
FNDA:0,(anonymous_1)
FNDA:0,(anonymous_2)
FNDA:0,(anonymous_3)
FNDA:0,(anonymous_4)
FNDA:0,(anonymous_5)
FNDA:0,(anonymous_6)
FNDA:0,(anonymous_7)
FNDA:0,(anonymous_8)
FNDA:0,(anonymous_9)
FNDA:0,(anonymous_10)
FNDA:0,(anonymous_11)
FNDA:0,(anonymous_12)
FNDA:0,(anonymous_13)
FNDA:0,(anonymous_14)
FNDA:0,(anonymous_15)
FNDA:0,(anonymous_16)
FNDA:0,(anonymous_17)
FNDA:0,(anonymous_18)
FNDA:0,(anonymous_19)
FNDA:0,(anonymous_20)
FNDA:0,(anonymous_21)
FNDA:0,(anonymous_22)
FNDA:0,(anonymous_23)
FNDA:0,(anonymous_24)
FNDA:0,(anonymous_25)
FNDA:0,(anonymous_26)
DA:30,0
DA:31,0
DA:43,0
DA:44,0
DA:45,0
DA:46,0
DA:47,0
DA:48,0
DA:49,0
DA:50,0
DA:51,0
DA:52,0
DA:54,0
DA:55,0
DA:56,0
DA:57,0
DA:58,0
DA:59,0
DA:60,0
DA:61,0
DA:62,0
DA:63,0
DA:67,0
DA:68,0
DA:69,0
DA:72,0
DA:73,0
DA:76,0
DA:77,0
DA:81,0
DA:82,0
DA:84,0
DA:85,0
DA:89,0
DA:90,0
DA:91,0
DA:92,0
DA:95,0
DA:98,0
DA:100,0
DA:101,0
DA:102,0
DA:105,0
DA:106,0
DA:107,0
DA:108,0
DA:109,0
DA:110,0
DA:112,0
DA:114,0
DA:117,0
DA:118,0
DA:120,0
DA:121,0
DA:122,0
DA:123,0
DA:124,0
DA:125,0
DA:128,0
DA:129,0
DA:132,0
DA:133,0
DA:134,0
DA:135,0
DA:136,0
DA:137,0
DA:139,0
DA:142,0
DA:149,0
DA:150,0
DA:151,0
DA:154,0
DA:155,0
DA:156,0
DA:157,0
DA:158,0
DA:159,0
DA:160,0
DA:164,0
DA:165,0
DA:166,0
DA:167,0
DA:169,0
DA:170,0
DA:171,0
DA:175,0
DA:176,0
DA:177,0
DA:178,0
DA:181,0
DA:182,0
DA:183,0
DA:184,0
DA:186,0
DA:187,0
DA:188,0
DA:190,0
DA:192,0
DA:193,0
DA:194,0
DA:195,0
DA:196,0
DA:198,0
DA:202,0
DA:207,0
DA:208,0
DA:212,0
DA:213,0
DA:215,0
DA:216,0
DA:224,0
DA:225,0
DA:228,0
DA:231,0
DA:232,0
DA:237,0
DA:239,0
DA:243,0
DA:285,0
DA:313,0
DA:331,0
DA:356,0
DA:364,0
DA:366,0
DA:404,0
DA:444,0
LF:126
LH:0
BRDA:62,0,0,0
BRDA:62,0,1,0
BRDA:76,1,0,0
BRDA:76,1,1,0
BRDA:84,2,0,0
BRDA:84,2,1,0
BRDA:84,3,0,0
BRDA:84,3,1,0
BRDA:89,4,0,0
BRDA:89,4,1,0
BRDA:91,5,0,0
BRDA:91,5,1,0
BRDA:101,6,0,0
BRDA:101,6,1,0
BRDA:109,7,0,0
BRDA:109,7,1,0
BRDA:118,8,0,0
BRDA:118,8,1,0
BRDA:121,9,0,0
BRDA:121,9,1,0
BRDA:132,10,0,0
BRDA:132,10,1,0
BRDA:132,11,0,0
BRDA:132,11,1,0
BRDA:157,12,0,0
BRDA:157,12,1,0
BRDA:157,13,0,0
BRDA:157,13,1,0
BRDA:159,14,0,0
BRDA:159,14,1,0
BRDA:170,15,0,0
BRDA:170,15,1,0
BRDA:176,16,0,0
BRDA:176,16,1,0
BRDA:194,17,0,0
BRDA:194,17,1,0
BRDA:215,18,0,0
BRDA:215,18,1,0
BRDA:218,19,0,0
BRDA:218,19,1,0
BRDA:219,20,0,0
BRDA:219,20,1,0
BRDA:220,21,0,0
BRDA:220,21,1,0
BRDA:224,22,0,0
BRDA:224,22,1,0
BRDA:228,23,0,0
BRDA:228,23,1,0
BRDA:233,24,0,0
BRDA:233,24,1,0
BRDA:233,24,2,0
BRDA:267,25,0,0
BRDA:267,25,1,0
BRDA:271,26,0,0
BRDA:271,26,1,0
BRDA:276,27,0,0
BRDA:276,27,1,0
BRDA:289,28,0,0
BRDA:289,28,1,0
BRDA:308,29,0,0
BRDA:308,29,1,0
BRDA:308,29,2,0
BRDA:324,30,0,0
BRDA:324,30,1,0
BRDA:338,31,0,0
BRDA:338,31,1,0
BRDA:341,32,0,0
BRDA:341,32,1,0
BRDA:346,33,0,0
BRDA:346,33,1,0
BRDA:346,33,2,0
BRDA:346,33,3,0
BRDA:346,33,4,0
BRDA:377,34,0,0
BRDA:377,34,1,0
BRDA:377,34,2,0
BRDA:389,35,0,0
BRDA:389,35,1,0
BRDA:397,36,0,0
BRDA:397,36,1,0
BRDA:397,36,2,0
BRDA:406,37,0,0
BRDA:406,37,1,0
BRDA:417,38,0,0
BRDA:417,38,1,0
BRDA:428,39,0,0
BRDA:428,39,1,0
BRDA:428,39,2,0
BRDA:431,40,0,0
BRDA:431,40,1,0
BRF:90
BRH:0
end_of_record
TN:
SF:src/components/data-io/ProgressIndicator.jsx
FN:11,(anonymous_0)
FNF:1
FNH:0
FNDA:0,(anonymous_0)
DA:11,0
DA:12,0
DA:46,0
DA:51,0
LF:4
LH:0
BRDA:37,0,0,0
BRDA:37,0,1,0
BRF:2
BRH:0
end_of_record
TN:
SF:src/components/data-io/index.js
FNF:0
FNH:0
LF:0
LH:0
BRF:0
BRH:0
end_of_record
TN:
SF:src/components/forms/AssignmentForm.jsx
FN:19,AssignmentForm
FN:40,(anonymous_1)
FN:46,(anonymous_2)
FN:81,(anonymous_3)
FN:81,(anonymous_4)
FN:88,(anonymous_5)
FN:134,(anonymous_6)
FN:151,(anonymous_7)
FN:181,(anonymous_8)
FNF:9
FNH:0
FNDA:0,AssignmentForm
FNDA:0,(anonymous_1)
FNDA:0,(anonymous_2)
FNDA:0,(anonymous_3)
FNDA:0,(anonymous_4)
FNDA:0,(anonymous_5)
FNDA:0,(anonymous_6)
FNDA:0,(anonymous_7)
FNDA:0,(anonymous_8)
DA:26,0
DA:34,0
DA:35,0
DA:36,0
DA:37,0
DA:38,0
DA:40,0
DA:41,0
DA:42,0
DA:46,0
DA:47,0
DA:48,0
DA:50,0
DA:52,0
DA:55,0
DA:56,0
DA:59,0
DA:60,0
DA:63,0
DA:70,0
DA:71,0
DA:74,0
DA:75,0
DA:77,0
DA:81,0
DA:82,0
DA:88,0
DA:89,0
DA:92,0
DA:93,0
DA:94,0
DA:97,0
DA:98,0
DA:100,0
DA:101,0
DA:104,0
DA:106,0
DA:110,0
DA:135,0
DA:152,0
DA:182,0
LF:41
LH:0
BRDA:24,0,0,0
BRDA:27,1,0,0
BRDA:27,1,1,0
BRDA:28,2,0,0
BRDA:28,2,1,0
BRDA:29,3,0,0
BRDA:29,3,1,0
BRDA:30,4,0,0
BRDA:30,4,1,0
BRDA:31,5,0,0
BRDA:31,5,1,0
BRDA:41,6,0,0
BRDA:41,6,1,0
BRDA:41,7,0,0
BRDA:41,7,1,0
BRDA:55,8,0,0
BRDA:55,8,1,0
BRDA:55,8,2,0
BRDA:55,8,3,0
BRDA:65,9,0,0
BRDA:65,9,1,0
BRDA:66,10,0,0
BRDA:66,10,1,0
BRDA:70,11,0,0
BRDA:70,11,1,0
BRDA:70,11,2,0
BRDA:70,11,3,0
BRDA:74,12,0,0
BRDA:74,12,1,0
BRDA:92,13,0,0
BRDA:92,13,1,0
BRDA:92,14,0,0
BRDA:92,14,1,0
BRDA:104,15,0,0
BRDA:104,15,1,0
BRDA:104,15,2,0
BRDA:114,16,0,0
BRDA:114,16,1,0
BRDA:118,17,0,0
BRDA:118,17,1,0
BRDA:122,18,0,0
BRDA:122,18,1,0
BRDA:136,19,0,0
BRDA:136,19,1,0
BRDA:136,20,0,0
BRDA:136,20,1,0
BRDA:136,20,2,0
BRDA:136,21,0,0
BRDA:136,21,1,0
BRDA:136,21,2,0
BRDA:137,22,0,0
BRDA:137,22,1,0
BRDA:153,23,0,0
BRDA:153,23,1,0
BRDA:153,24,0,0
BRDA:153,24,1,0
BRDA:183,25,0,0
BRDA:183,25,1,0
BRDA:183,26,0,0
BRDA:183,26,1,0
BRDA:206,27,0,0
BRDA:206,27,1,0
BRDA:208,28,0,0
BRDA:208,28,1,0
BRDA:208,29,0,0
BRDA:208,29,1,0
BRF:66
BRH:0
end_of_record
TN:
SF:src/components/forms/FormErrorSummary.jsx
FN:27,(anonymous_0)
FN:43,(anonymous_1)
FN:46,(anonymous_2)
FN:63,(anonymous_3)
FN:74,(anonymous_4)
FN:81,(anonymous_5)
FN:85,(anonymous_6)
FN:91,(anonymous_7)
FN:97,(anonymous_8)
FN:101,(anonymous_9)
FN:158,(anonymous_10)
FN:170,(anonymous_11)
FNF:12
FNH:0
FNDA:0,(anonymous_0)
FNDA:0,(anonymous_1)
FNDA:0,(anonymous_2)
FNDA:0,(anonymous_3)
FNDA:0,(anonymous_4)
FNDA:0,(anonymous_5)
FNDA:0,(anonymous_6)
FNDA:0,(anonymous_7)
FNDA:0,(anonymous_8)
FNDA:0,(anonymous_9)
FNDA:0,(anonymous_10)
FNDA:0,(anonymous_11)
DA:27,0
DA:40,0
DA:43,0
DA:44,0
DA:46,0
DA:47,0
DA:49,0
DA:50,0
DA:55,0
DA:56,0
DA:57,0
DA:63,0
DA:64,0
DA:65,0
DA:70,0
DA:73,0
DA:74,0
DA:75,0
DA:78,0
DA:81,0
DA:82,0
DA:85,0
DA:86,0
DA:87,0
DA:91,0
DA:92,0
DA:95,0
DA:99,0
DA:101,0
DA:107,0
DA:108,0
DA:111,0
DA:113,0
DA:159,0
DA:170,0
LF:35
LH:0
BRDA:29,0,0,0
BRDA:30,1,0,0
BRDA:31,2,0,0
BRDA:32,3,0,0
BRDA:33,4,0,0
BRDA:35,5,0,0
BRDA:36,6,0,0
BRDA:37,7,0,0
BRDA:44,8,0,0
BRDA:44,8,1,0
BRDA:44,9,0,0
BRDA:44,9,1,0
BRDA:46,10,0,0
BRDA:49,11,0,0
BRDA:49,11,1,0
BRDA:53,12,0,0
BRDA:53,12,1,0
BRDA:55,13,0,0
BRDA:55,13,1,0
BRDA:55,14,0,0
BRDA:55,14,1,0
BRDA:56,15,0,0
BRDA:56,15,1,0
BRDA:60,16,0,0
BRDA:60,16,1,0
BRDA:64,17,0,0
BRDA:64,17,1,0
BRDA:86,18,0,0
BRDA:86,18,1,0
BRDA:92,19,0,0
BRDA:92,19,1,0
BRDA:107,20,0,0
BRDA:107,20,1,0
BRDA:111,21,0,0
BRDA:111,21,1,0
BRDA:133,22,0,0
BRDA:133,22,1,0
BRDA:137,23,0,0
BRDA:137,23,1,0
BRDA:141,24,0,0
BRDA:141,24,1,0
BRDA:144,25,0,0
BRDA:144,25,1,0
BRDA:144,26,0,0
BRDA:144,26,1,0
BRDA:149,27,0,0
BRDA:149,27,1,0
BRDA:154,28,0,0
BRDA:154,28,1,0
BRDA:164,29,0,0
BRDA:164,29,1,0
BRDA:165,30,0,0
BRDA:165,30,1,0
BRDA:182,31,0,0
BRDA:182,31,1,0
BRDA:182,31,2,0
BRF:56
BRH:0
end_of_record
TN:
SF:src/components/forms/RuleInputForm.jsx
FN:45,(anonymous_0)
FN:87,(anonymous_1)
FN:113,(anonymous_2)
FN:120,(anonymous_3)
FN:146,(anonymous_4)
FN:148,(anonymous_5)
FN:163,(anonymous_6)
FN:167,(anonymous_7)
FN:174,(anonymous_8)
FN:176,(anonymous_9)
FN:181,(anonymous_10)
FN:189,(anonymous_11)
FN:197,(anonymous_12)
FN:224,(anonymous_13)
FN:236,(anonymous_14)
FN:277,(anonymous_15)
FN:351,(anonymous_16)
FN:361,(anonymous_17)
FN:439,(anonymous_18)
FN:489,(anonymous_19)
FNF:20
FNH:0
FNDA:0,(anonymous_0)
FNDA:0,(anonymous_1)
FNDA:0,(anonymous_2)
FNDA:0,(anonymous_3)
FNDA:0,(anonymous_4)
FNDA:0,(anonymous_5)
FNDA:0,(anonymous_6)
FNDA:0,(anonymous_7)
FNDA:0,(anonymous_8)
FNDA:0,(anonymous_9)
FNDA:0,(anonymous_10)
FNDA:0,(anonymous_11)
FNDA:0,(anonymous_12)
FNDA:0,(anonymous_13)
FNDA:0,(anonymous_14)
FNDA:0,(anonymous_15)
FNDA:0,(anonymous_16)
FNDA:0,(anonymous_17)
FNDA:0,(anonymous_18)
FNDA:0,(anonymous_19)
DA:45,0
DA:53,0
DA:54,0
DA:55,0
DA:56,0
DA:67,0
DA:81,0
DA:82,0
DA:83,0
DA:86,0
DA:87,0
DA:91,0
DA:94,0
DA:102,0
DA:111,0
DA:113,0
DA:120,0
DA:121,0
DA:122,0
DA:130,0
DA:131,0
DA:132,0
DA:140,0
DA:145,0
DA:146,0
DA:149,0
DA:150,0
DA:153,0
DA:154,0
DA:156,0
DA:157,0
DA:159,0
DA:160,0
DA:164,0
DA:165,0
DA:168,0
DA:174,0
DA:175,0
DA:176,0
DA:177,0
DA:178,0
DA:181,0
DA:183,0
DA:184,0
DA:189,0
DA:190,0
DA:191,0
DA:192,0
DA:197,0
DA:198,0
DA:220,0
DA:224,0
DA:225,0
DA:226,0
DA:230,0
DA:232,0
DA:236,0
DA:237,0
DA:238,0
DA:239,0
DA:240,0
DA:241,0
DA:244,0
DA:278,0
DA:352,0
DA:362,0
DA:363,0
DA:440,0
DA:490,0
DA:491,0
DA:492,0
LF:71
LH:0
BRDA:49,0,0,0
BRDA:50,1,0,0
BRDA:51,2,0,0
BRDA:91,3,0,0
BRDA:91,3,1,0
BRDA:121,4,0,0
BRDA:121,4,1,0
BRDA:121,5,0,0
BRDA:121,5,1,0
BRDA:127,6,0,0
BRDA:127,6,1,0
BRDA:128,7,0,0
BRDA:128,7,1,0
BRDA:131,8,0,0
BRDA:131,8,1,0
BRDA:153,9,0,0
BRDA:153,9,1,0
BRDA:156,10,0,0
BRDA:156,10,1,0
BRDA:159,11,0,0
BRDA:159,11,1,0
BRDA:175,12,0,0
BRDA:175,12,1,0
BRDA:175,13,0,0
BRDA:175,13,1,0
BRDA:190,14,0,0
BRDA:190,14,1,0
BRDA:190,15,0,0
BRDA:190,15,1,0
BRDA:220,16,0,0
BRDA:220,16,1,0
BRDA:228,17,0,0
BRDA:228,17,1,0
BRDA:228,17,2,0
BRDA:250,18,0,0
BRDA:250,18,1,0
BRDA:299,19,0,0
BRDA:299,19,1,0
BRDA:301,20,0,0
BRDA:301,20,1,0
BRDA:345,21,0,0
BRDA:345,21,1,0
BRDA:380,22,0,0
BRDA:380,22,1,0
BRDA:389,23,0,0
BRDA:389,23,1,0
BRDA:397,24,0,0
BRDA:397,24,1,0
BRDA:407,25,0,0
BRDA:407,25,1,0
BRDA:420,26,0,0
BRDA:420,26,1,0
BRDA:433,27,0,0
BRDA:433,27,1,0
BRDA:433,27,2,0
BRDA:447,28,0,0
BRDA:447,28,1,0
BRDA:455,29,0,0
BRDA:455,29,1,0
BRDA:466,30,0,0
BRDA:466,30,1,0
BRDA:466,30,2,0
BRDA:466,30,3,0
BRDA:466,30,4,0
BRDA:488,31,0,0
BRDA:488,31,1,0
BRDA:511,32,0,0
BRDA:511,32,1,0
BRDA:512,33,0,0
BRDA:512,33,1,0
BRDA:514,34,0,0
BRDA:514,34,1,0
BRF:72
BRH:0
end_of_record
TN:
SF:src/components/forms/ScheduleForm.jsx
FN:35,(anonymous_0)
FN:81,(anonymous_1)
FN:87,(anonymous_2)
FN:96,(anonymous_3)
FN:97,(anonymous_4)
FN:105,(anonymous_5)
FN:106,(anonymous_6)
FN:121,(anonymous_7)
FN:144,(anonymous_8)
FN:146,(anonymous_9)
FN:165,(anonymous_10)
FN:167,(anonymous_11)
FN:168,(anonymous_12)
FN:185,(anonymous_13)
FN:192,(anonymous_14)
FN:266,(anonymous_15)
FN:294,(anonymous_16)
FN:330,(anonymous_17)
FN:344,(anonymous_18)
FN:363,(anonymous_19)
FN:435,(anonymous_20)
FNF:21
FNH:0
FNDA:0,(anonymous_0)
FNDA:0,(anonymous_1)
FNDA:0,(anonymous_2)
FNDA:0,(anonymous_3)
FNDA:0,(anonymous_4)
FNDA:0,(anonymous_5)
FNDA:0,(anonymous_6)
FNDA:0,(anonymous_7)
FNDA:0,(anonymous_8)
FNDA:0,(anonymous_9)
FNDA:0,(anonymous_10)
FNDA:0,(anonymous_11)
FNDA:0,(anonymous_12)
FNDA:0,(anonymous_13)
FNDA:0,(anonymous_14)
FNDA:0,(anonymous_15)
FNDA:0,(anonymous_16)
FNDA:0,(anonymous_17)
FNDA:0,(anonymous_18)
FNDA:0,(anonymous_19)
FNDA:0,(anonymous_20)
DA:35,0
DA:43,0
DA:44,0
DA:45,0
DA:61,0
DA:75,0
DA:76,0
DA:77,0
DA:80,0
DA:81,0
DA:86,0
DA:87,0
DA:91,0
DA:92,0
DA:95,0
DA:96,0
DA:97,0
DA:104,0
DA:105,0
DA:106,0
DA:113,0
DA:121,0
DA:122,0
DA:123,0
DA:131,0
DA:132,0
DA:144,0
DA:145,0
DA:146,0
DA:147,0
DA:148,0
DA:153,0
DA:156,0
DA:160,0
DA:165,0
DA:166,0
DA:167,0
DA:168,0
DA:170,0
DA:171,0
DA:178,0
DA:184,0
DA:187,0
DA:188,0
DA:190,0
DA:192,0
DA:199,0
DA:200,0
DA:201,0
DA:205,0
DA:209,0
DA:210,0
DA:214,0
DA:215,0
DA:216,0
DA:218,0
DA:219,0
DA:220,0
DA:221,0
DA:222,0
DA:223,0
DA:224,0
DA:226,0
DA:227,0
DA:233,0
DA:236,0
DA:237,0
DA:240,0
DA:241,0
DA:245,0
DA:266,0
DA:267,0
DA:268,0
DA:269,0
DA:272,0
DA:273,0
DA:274,0
DA:276,0
DA:277,0
DA:280,0
DA:283,0
DA:284,0
DA:287,0
DA:288,0
DA:294,0
DA:295,0
DA:296,0
DA:297,0
DA:302,0
DA:305,0
DA:331,0
DA:345,0
DA:364,0
DA:435,0
LF:94
LH:0
BRDA:39,0,0,0
BRDA:40,1,0,0
BRDA:41,2,0,0
BRDA:91,3,0,0
BRDA:91,3,1,0
BRDA:92,4,0,0
BRDA:92,4,1,0
BRDA:122,5,0,0
BRDA:122,5,1,0
BRDA:122,6,0,0
BRDA:122,6,1,0
BRDA:127,7,0,0
BRDA:127,7,1,0
BRDA:128,8,0,0
BRDA:128,8,1,0
BRDA:129,9,0,0
BRDA:129,9,1,0
BRDA:131,10,0,0
BRDA:131,10,1,0
BRDA:145,11,0,0
BRDA:145,11,1,0
BRDA:145,12,0,0
BRDA:145,12,1,0
BRDA:153,13,0,0
BRDA:153,13,1,0
BRDA:166,14,0,0
BRDA:166,14,1,0
BRDA:166,15,0,0
BRDA:166,15,1,0
BRDA:166,15,2,0
BRDA:170,16,0,0
BRDA:170,16,1,0
BRDA:170,17,0,0
BRDA:170,17,1,0
BRDA:187,18,0,0
BRDA:187,18,1,0
BRDA:187,19,0,0
BRDA:187,19,1,0
BRDA:187,19,2,0
BRDA:200,20,0,0
BRDA:200,20,1,0
BRDA:206,21,0,0
BRDA:206,21,1,0
BRDA:207,22,0,0
BRDA:207,22,1,0
BRDA:209,23,0,0
BRDA:209,23,1,0
BRDA:218,24,0,0
BRDA:218,24,1,0
BRDA:218,25,0,0
BRDA:218,25,1,0
BRDA:220,26,0,0
BRDA:220,26,1,0
BRDA:226,27,0,0
BRDA:226,27,1,0
BRDA:226,28,0,0
BRDA:226,28,1,0
BRDA:236,29,0,0
BRDA:236,29,1,0
BRDA:240,30,0,0
BRDA:240,30,1,0
BRDA:273,31,0,0
BRDA:273,31,1,0
BRDA:276,32,0,0
BRDA:276,32,1,0
BRDA:283,33,0,0
BRDA:283,33,1,0
BRDA:309,34,0,0
BRDA:309,34,1,0
BRDA:321,35,0,0
BRDA:321,35,1,0
BRDA:321,35,2,0
BRDA:321,35,3,0
BRDA:325,36,0,0
BRDA:325,36,1,0
BRDA:338,37,0,0
BRDA:338,37,1,0
BRDA:358,38,0,0
BRDA:358,38,1,0
BRDA:452,39,0,0
BRDA:452,39,1,0
BRDA:452,39,2,0
BRDA:456,40,0,0
BRDA:456,40,1,0
BRDA:458,41,0,0
BRDA:458,41,1,0
BRF:86
BRH:0
end_of_record
TN:
SF:src/components/forms/ValidatedAutoComplete.jsx
FN:18,(anonymous_0)
FN:22,(anonymous_1)
FN:55,(anonymous_2)
FN:60,(anonymous_3)
FN:65,(anonymous_4)
FN:71,(anonymous_5)
FN:72,(anonymous_6)
FN:87,(anonymous_7)
FN:88,(anonymous_8)
FN:91,(anonymous_9)
FN:102,(anonymous_10)
FN:110,(anonymous_11)
FN:111,(anonymous_12)
FN:120,(anonymous_13)
FN:151,(anonymous_14)
FN:154,(anonymous_15)
FNF:16
FNH:0
FNDA:0,(anonymous_0)
FNDA:0,(anonymous_1)
FNDA:0,(anonymous_2)
FNDA:0,(anonymous_3)
FNDA:0,(anonymous_4)
FNDA:0,(anonymous_5)
FNDA:0,(anonymous_6)
FNDA:0,(anonymous_7)
FNDA:0,(anonymous_8)
FNDA:0,(anonymous_9)
FNDA:0,(anonymous_10)
FNDA:0,(anonymous_11)
FNDA:0,(anonymous_12)
FNDA:0,(anonymous_13)
FNDA:0,(anonymous_14)
FNDA:0,(anonymous_15)
DA:18,0
DA:22,0
DA:55,0
DA:56,0
DA:57,0
DA:60,0
DA:61,0
DA:62,0
DA:65,0
DA:66,0
DA:67,0
DA:68,0
DA:71,0
DA:72,0
DA:73,0
DA:83,0
DA:88,0
DA:89,0
DA:91,0
DA:92,0
DA:94,0
DA:97,0
DA:98,0
DA:102,0
DA:103,0
DA:104,0
DA:107,0
DA:109,0
DA:110,0
DA:111,0
DA:112,0
DA:114,0
DA:117,0
DA:120,0
DA:121,0
DA:123,0
DA:127,0
DA:152,0
DA:155,0
LF:39
LH:0
BRDA:26,0,0,0
BRDA:27,1,0,0
BRDA:28,2,0,0
BRDA:29,3,0,0
BRDA:30,4,0,0
BRDA:31,5,0,0
BRDA:32,6,0,0
BRDA:33,7,0,0
BRDA:34,8,0,0
BRDA:35,9,0,0
BRDA:45,10,0,0
BRDA:46,11,0,0
BRDA:47,12,0,0
BRDA:48,13,0,0
BRDA:49,14,0,0
BRDA:50,15,0,0
BRDA:51,16,0,0
BRDA:56,17,0,0
BRDA:56,17,1,0
BRDA:57,18,0,0
BRDA:57,18,1,0
BRDA:57,18,2,0
BRDA:57,18,3,0
BRDA:57,18,4,0
BRDA:61,19,0,0
BRDA:61,19,1,0
BRDA:62,20,0,0
BRDA:62,20,1,0
BRDA:62,20,2,0
BRDA:66,21,0,0
BRDA:66,21,1,0
BRDA:67,22,0,0
BRDA:67,22,1,0
BRDA:75,23,0,0
BRDA:75,23,1,0
BRDA:89,24,0,0
BRDA:89,24,1,0
BRDA:92,25,0,0
BRDA:92,25,1,0
BRDA:97,26,0,0
BRDA:97,26,1,0
BRDA:97,27,0,0
BRDA:97,27,1,0
BRDA:103,28,0,0
BRDA:103,28,1,0
BRDA:104,29,0,0
BRDA:104,29,1,0
BRDA:107,30,0,0
BRDA:107,30,1,0
BRDA:109,31,0,0
BRDA:109,31,1,0
BRDA:112,32,0,0
BRDA:112,32,1,0
BRDA:114,33,0,0
BRDA:114,33,1,0
BRDA:114,34,0,0
BRDA:114,34,1,0
BRDA:121,35,0,0
BRDA:121,35,1,0
BRDA:123,36,0,0
BRDA:123,36,1,0
BRDA:123,37,0,0
BRDA:123,37,1,0
BRDA:138,38,0,0
BRDA:138,38,1,0
BRDA:139,39,0,0
BRDA:139,39,1,0
BRDA:141,40,0,0
BRDA:141,40,1,0
BRDA:165,41,0,0
BRDA:165,41,1,0
BRDA:171,42,0,0
BRDA:171,42,1,0
BRF:73
BRH:0
end_of_record
TN:
SF:src/components/forms/ValidatedDatePicker.jsx
FN:13,(anonymous_0)
FN:45,(anonymous_1)
FN:60,(anonymous_2)
FN:71,(anonymous_3)
FN:89,(anonymous_4)
FN:90,(anonymous_5)
FN:121,(anonymous_6)
FNF:7
FNH:0
FNDA:0,(anonymous_0)
FNDA:0,(anonymous_1)
FNDA:0,(anonymous_2)
FNDA:0,(anonymous_3)
FNDA:0,(anonymous_4)
FNDA:0,(anonymous_5)
FNDA:0,(anonymous_6)
DA:13,0
DA:37,0
DA:43,0
DA:45,0
DA:46,0
DA:48,0
DA:49,0
DA:52,0
DA:53,0
DA:54,0
DA:57,0
DA:60,0
DA:61,0
DA:63,0
DA:64,0
DA:66,0
DA:67,0
DA:71,0
DA:72,0
DA:74,0
DA:76,0
DA:78,0
DA:82,0
DA:84,0
DA:90,0
DA:91,0
DA:93,0
DA:94,0
DA:95,0
DA:97,0
DA:99,0
DA:103,0
DA:105,0
DA:122,0
LF:34
LH:0
BRDA:17,0,0,0
BRDA:18,1,0,0
BRDA:19,2,0,0
BRDA:20,3,0,0
BRDA:21,4,0,0
BRDA:22,5,0,0
BRDA:23,6,0,0
BRDA:27,7,0,0
BRDA:28,8,0,0
BRDA:32,9,0,0
BRDA:43,10,0,0
BRDA:43,10,1,0
BRDA:43,10,2,0
BRDA:46,11,0,0
BRDA:46,11,1,0
BRDA:48,12,0,0
BRDA:48,12,1,0
BRDA:48,13,0,0
BRDA:48,13,1,0
BRDA:52,14,0,0
BRDA:52,14,1,0
BRDA:54,15,0,0
BRDA:54,15,1,0
BRDA:61,16,0,0
BRDA:61,16,1,0
BRDA:61,17,0,0
BRDA:61,17,1,0
BRDA:72,18,0,0
BRDA:72,18,1,0
BRDA:72,18,2,0
BRDA:91,19,0,0
BRDA:91,19,1,0
BRDA:91,20,0,0
BRDA:91,20,1,0
BRDA:95,21,0,0
BRDA:95,21,1,0
BRDA:95,22,0,0
BRDA:95,22,1,0
BRDA:130,23,0,0
BRDA:130,23,1,0
BRF:40
BRH:0
end_of_record
TN:
SF:src/components/forms/ValidatedSelect.jsx
FN:20,(anonymous_0)
FN:38,(anonymous_1)
FN:43,(anonymous_2)
FN:48,(anonymous_3)
FN:56,(anonymous_4)
FN:57,(anonymous_5)
FN:71,(anonymous_6)
FN:79,(anonymous_7)
FN:102,(anonymous_8)
FN:113,(anonymous_9)
FNF:10
FNH:0
FNDA:0,(anonymous_0)
FNDA:0,(anonymous_1)
FNDA:0,(anonymous_2)
FNDA:0,(anonymous_3)
FNDA:0,(anonymous_4)
FNDA:0,(anonymous_5)
FNDA:0,(anonymous_6)
FNDA:0,(anonymous_7)
FNDA:0,(anonymous_8)
FNDA:0,(anonymous_9)
DA:20,0
DA:38,0
DA:39,0
DA:40,0
DA:43,0
DA:44,0
DA:45,0
DA:48,0
DA:49,0
DA:50,0
DA:53,0
DA:54,0
DA:57,0
DA:58,0
DA:71,0
DA:72,0
DA:75,0
DA:80,0
DA:103,0
DA:104,0
DA:114,0
DA:115,0
DA:117,0
LF:23
LH:0
BRDA:24,0,0,0
BRDA:25,1,0,0
BRDA:26,2,0,0
BRDA:29,3,0,0
BRDA:30,4,0,0
BRDA:31,5,0,0
BRDA:32,6,0,0
BRDA:33,7,0,0
BRDA:35,8,0,0
BRDA:39,9,0,0
BRDA:39,9,1,0
BRDA:40,10,0,0
BRDA:40,10,1,0
BRDA:40,10,2,0
BRDA:40,10,3,0
BRDA:44,11,0,0
BRDA:44,11,1,0
BRDA:45,12,0,0
BRDA:45,12,1,0
BRDA:45,12,2,0
BRDA:49,13,0,0
BRDA:49,13,1,0
BRDA:49,14,0,0
BRDA:49,14,1,0
BRDA:49,14,2,0
BRDA:50,15,0,0
BRDA:50,15,1,0
BRDA:53,16,0,0
BRDA:53,16,1,0
BRDA:61,17,0,0
BRDA:61,17,1,0
BRDA:72,18,0,0
BRDA:72,18,1,0
BRDA:99,19,0,0
BRDA:99,19,1,0
BRDA:100,20,0,0
BRDA:100,20,1,0
BRDA:101,21,0,0
BRDA:101,21,1,0
BRDA:101,22,0,0
BRDA:101,22,1,0
BRDA:107,23,0,0
BRDA:107,23,1,0
BRDA:107,23,2,0
BRDA:109,24,0,0
BRDA:109,24,1,0
BRDA:123,25,0,0
BRDA:123,25,1,0
BRDA:125,26,0,0
BRDA:125,26,1,0
BRDA:135,27,0,0
BRDA:135,27,1,0
BRDA:135,27,2,0
BRDA:137,28,0,0
BRDA:137,28,1,0
BRF:55
BRH:0
end_of_record
TN:
SF:src/components/forms/ValidatedTextField.jsx
FN:25,(anonymous_0)
FN:54,(anonymous_1)
FN:55,(anonymous_2)
FN:58,(anonymous_3)
FN:73,(anonymous_4)
FN:89,(anonymous_5)
FN:109,(anonymous_6)
FN:110,(anonymous_7)
FN:133,(anonymous_8)
FN:240,(anonymous_9)
FNF:10
FNH:0
FNDA:0,(anonymous_0)
FNDA:0,(anonymous_1)
FNDA:0,(anonymous_2)
FNDA:0,(anonymous_3)
FNDA:0,(anonymous_4)
FNDA:0,(anonymous_5)
FNDA:0,(anonymous_6)
FNDA:0,(anonymous_7)
FNDA:0,(anonymous_8)
FNDA:0,(anonymous_9)
DA:25,0
DA:51,0
DA:52,0
DA:54,0
DA:55,0
DA:58,0
DA:59,0
DA:61,0
DA:63,0
DA:64,0
DA:66,0
DA:67,0
DA:69,0
DA:73,0
DA:74,0
DA:77,0
DA:79,0
DA:81,0
DA:83,0
DA:85,0
DA:89,0
DA:90,0
DA:93,0
DA:95,0
DA:97,0
DA:99,0
DA:101,0
DA:105,0
DA:110,0
DA:111,0
DA:114,0
DA:115,0
DA:116,0
DA:120,0
DA:121,0
DA:125,0
DA:126,0
DA:130,0
DA:133,0
DA:135,0
DA:136,0
DA:137,0
DA:138,0
DA:143,0
DA:144,0
DA:147,0
DA:151,0
DA:154,0
DA:156,0
DA:158,0
DA:167,0
DA:175,0
DA:241,0
LF:53
LH:0
BRDA:29,0,0,0
BRDA:30,1,0,0
BRDA:31,2,0,0
BRDA:32,3,0,0
BRDA:37,4,0,0
BRDA:38,5,0,0
BRDA:39,6,0,0
BRDA:40,7,0,0
BRDA:41,8,0,0
BRDA:42,9,0,0
BRDA:43,10,0,0
BRDA:59,11,0,0
BRDA:59,11,1,0
BRDA:59,12,0,0
BRDA:59,12,1,0
BRDA:61,13,0,0
BRDA:61,13,1,0
BRDA:61,13,2,0
BRDA:67,14,0,0
BRDA:67,14,1,0
BRDA:74,15,0,0
BRDA:74,15,1,0
BRDA:74,15,2,0
BRDA:74,15,3,0
BRDA:74,15,4,0
BRDA:74,15,5,0
BRDA:90,16,0,0
BRDA:90,16,1,0
BRDA:90,16,2,0
BRDA:90,16,3,0
BRDA:90,16,4,0
BRDA:90,16,5,0
BRDA:114,17,0,0
BRDA:114,17,1,0
BRDA:114,18,0,0
BRDA:114,18,1,0
BRDA:120,19,0,0
BRDA:120,19,1,0
BRDA:125,20,0,0
BRDA:125,20,1,0
BRDA:135,21,0,0
BRDA:135,21,1,0
BRDA:135,22,0,0
BRDA:135,22,1,0
BRDA:137,23,0,0
BRDA:137,23,1,0
BRDA:143,24,0,0
BRDA:143,24,1,0
BRDA:151,25,0,0
BRDA:151,25,1,0
BRDA:151,26,0,0
BRDA:151,26,1,0
BRDA:156,27,0,0
BRDA:156,27,1,0
BRDA:161,28,0,0
BRDA:161,28,1,0
BRDA:163,29,0,0
BRDA:163,29,1,0
BRDA:167,30,0,0
BRDA:167,30,1,0
BRDA:193,31,0,0
BRDA:193,31,1,0
BRDA:197,32,0,0
BRDA:197,32,1,0
BRDA:202,33,0,0
BRDA:202,33,1,0
BRDA:212,34,0,0
BRDA:212,34,1,0
BRDA:212,34,2,0
BRDA:212,34,3,0
BRDA:212,34,4,0
BRDA:238,35,0,0
BRDA:238,35,1,0
BRDA:256,36,0,0
BRDA:256,36,1,0
BRDA:256,36,2,0
BRDA:256,36,3,0
BRDA:262,37,0,0
BRDA:262,37,1,0
BRF:79
BRH:0
end_of_record
TN:
SF:src/components/forms/index.js
FNF:0
FNH:0
LF:0
LH:0
BRF:0
BRH:0
end_of_record
TN:
SF:src/components/layout/Layout.jsx
FN:65,(anonymous_0)
FN:77,(anonymous_1)
FN:78,(anonymous_2)
FN:82,(anonymous_3)
FN:83,(anonymous_4)
FN:91,(anonymous_5)
FN:96,(anonymous_6)
FN:98,(anonymous_7)
FN:107,(anonymous_8)
FN:111,(anonymous_9)
FN:115,(anonymous_10)
FN:119,(anonymous_11)
FN:125,(anonymous_12)
FN:131,(anonymous_13)
FN:132,(anonymous_14)
FN:138,(anonymous_15)
FN:146,(anonymous_16)
FN:190,(anonymous_17)
FN:192,(anonymous_18)
FN:192,(anonymous_19)
FN:217,(anonymous_20)
FN:272,(anonymous_21)
FN:283,(anonymous_22)
FN:315,(anonymous_23)
FN:319,(anonymous_24)
FNF:25
FNH:0
FNDA:0,(anonymous_0)
FNDA:0,(anonymous_1)
FNDA:0,(anonymous_2)
FNDA:0,(anonymous_3)
FNDA:0,(anonymous_4)
FNDA:0,(anonymous_5)
FNDA:0,(anonymous_6)
FNDA:0,(anonymous_7)
FNDA:0,(anonymous_8)
FNDA:0,(anonymous_9)
FNDA:0,(anonymous_10)
FNDA:0,(anonymous_11)
FNDA:0,(anonymous_12)
FNDA:0,(anonymous_13)
FNDA:0,(anonymous_14)
FNDA:0,(anonymous_15)
FNDA:0,(anonymous_16)
FNDA:0,(anonymous_17)
FNDA:0,(anonymous_18)
FNDA:0,(anonymous_19)
FNDA:0,(anonymous_20)
FNDA:0,(anonymous_21)
FNDA:0,(anonymous_22)
FNDA:0,(anonymous_23)
FNDA:0,(anonymous_24)
DA:49,0
DA:51,0
DA:65,0
DA:66,0
DA:67,0
DA:68,0
DA:69,0
DA:70,0
DA:72,0
DA:73,0
DA:74,0
DA:77,0
DA:78,0
DA:82,0
DA:83,0
DA:84,0
DA:85,0
DA:86,0
DA:91,0
DA:92,0
DA:93,0
DA:95,0
DA:96,0
DA:97,0
DA:98,0
DA:99,0
DA:100,0
DA:104,0
DA:107,0
DA:108,0
DA:111,0
DA:112,0
DA:115,0
DA:116,0
DA:119,0
DA:120,0
DA:121,0
DA:122,0
DA:125,0
DA:126,0
DA:128,0
DA:131,0
DA:132,0
DA:138,0
DA:139,0
DA:140,0
DA:142,0
DA:146,0
DA:174,0
DA:191,0
DA:192,0
DA:195,0
DA:197,0
DA:199,0
DA:217,0
DA:241,0
DA:273,0
DA:274,0
DA:284,0
DA:285,0
DA:315,0
DA:319,0
LF:62
LH:0
BRDA:84,0,0,0
BRDA:84,0,1,0
BRDA:85,1,0,0
BRDA:85,1,1,0
BRDA:99,2,0,0
BRDA:99,2,1,0
BRDA:151,3,0,0
BRDA:151,3,1,0
BRDA:152,4,0,0
BRDA:152,4,1,0
BRDA:154,5,0,0
BRDA:154,5,1,0
BRDA:160,6,0,0
BRDA:160,6,1,0
BRDA:166,7,0,0
BRDA:166,7,1,0
BRDA:195,8,0,0
BRDA:195,8,1,0
BRDA:220,9,0,0
BRDA:220,9,1,0
BRDA:274,10,0,0
BRDA:274,10,1,0
BRDA:300,11,0,0
BRDA:300,11,1,0
BRDA:300,11,2,0
BRF:25
BRH:0
end_of_record
TN:
SF:src/components/layout/ProtectedRoute.jsx
FN:6,(anonymous_0)
FNF:1
FNH:0
FNDA:0,(anonymous_0)
DA:6,0
DA:7,0
DA:8,0
DA:11,0
DA:12,0
DA:30,0
DA:31,0
DA:41,0
DA:42,0
DA:68,0
LF:10
LH:0
BRDA:6,0,0,0
BRDA:11,1,0,0
BRDA:11,1,1,0
BRDA:30,2,0,0
BRDA:30,2,1,0
BRDA:41,3,0,0
BRDA:41,3,1,0
BRDA:41,4,0,0
BRDA:41,4,1,0
BRDA:62,5,0,0
BRDA:62,5,1,0
BRF:11
BRH:0
end_of_record
TN:
SF:src/components/optimized/LazyImage.jsx
FN:5,(anonymous_0)
FN:24,(anonymous_1)
FN:26,(anonymous_2)
FN:41,(anonymous_3)
FN:44,(anonymous_4)
FN:49,(anonymous_5)
FN:55,(anonymous_6)
FNF:7
FNH:0
FNDA:0,(anonymous_0)
FNDA:0,(anonymous_1)
FNDA:0,(anonymous_2)
FNDA:0,(anonymous_3)
FNDA:0,(anonymous_4)
FNDA:0,(anonymous_5)
FNDA:0,(anonymous_6)
DA:5,0
DA:17,0
DA:18,0
DA:19,0
DA:20,0
DA:21,0
DA:24,0
DA:25,0
DA:27,0
DA:28,0
DA:29,0
DA:35,0
DA:37,0
DA:38,0
DA:41,0
DA:44,0
DA:45,0
DA:46,0
DA:49,0
DA:50,0
DA:51,0
DA:55,0
DA:56,0
DA:58,0
DA:59,0
DA:61,0
DA:68,0
DA:121,0
LF:28
LH:0
BRDA:12,0,0,0
BRDA:27,1,0,0
BRDA:27,1,1,0
BRDA:37,2,0,0
BRDA:37,2,1,0
BRDA:56,3,0,0
BRDA:56,3,1,0
BRDA:78,4,0,0
BRDA:78,4,1,0
BRDA:78,4,2,0
BRDA:87,5,0,0
BRDA:87,5,1,0
BRDA:99,6,0,0
BRDA:99,6,1,0
BRDA:105,7,0,0
BRDA:105,7,1,0
BRDA:105,7,2,0
BRF:17
BRH:0
end_of_record
TN:
SF:src/components/optimized/LazyRoutes.jsx
FN:5,(anonymous_0)
FN:6,(anonymous_1)
FN:7,(anonymous_2)
FN:8,(anonymous_3)
FN:9,(anonymous_4)
FN:10,(anonymous_5)
FN:11,(anonymous_6)
FN:14,(anonymous_7)
FN:15,(anonymous_8)
FN:16,(anonymous_9)
FN:19,(anonymous_10)
FN:36,(anonymous_11)
FN:48,(anonymous_12)
FN:49,(anonymous_13)
FN:58,(anonymous_14)
FN:63,(anonymous_15)
FN:67,(anonymous_16)
FN:71,(anonymous_17)
FN:83,(anonymous_18)
FN:97,(anonymous_19)
FN:98,(anonymous_20)
FNF:21
FNH:0
FNDA:0,(anonymous_0)
FNDA:0,(anonymous_1)
FNDA:0,(anonymous_2)
FNDA:0,(anonymous_3)
FNDA:0,(anonymous_4)
FNDA:0,(anonymous_5)
FNDA:0,(anonymous_6)
FNDA:0,(anonymous_7)
FNDA:0,(anonymous_8)
FNDA:0,(anonymous_9)
FNDA:0,(anonymous_10)
FNDA:0,(anonymous_11)
FNDA:0,(anonymous_12)
FNDA:0,(anonymous_13)
FNDA:0,(anonymous_14)
FNDA:0,(anonymous_15)
FNDA:0,(anonymous_16)
FNDA:0,(anonymous_17)
FNDA:0,(anonymous_18)
FNDA:0,(anonymous_19)
FNDA:0,(anonymous_20)
DA:5,0
DA:6,0
DA:7,0
DA:8,0
DA:9,0
DA:10,0
DA:11,0
DA:14,0
DA:15,0
DA:16,0
DA:19,0
DA:20,0
DA:36,0
DA:38,0
DA:44,0
DA:48,0
DA:49,0
DA:50,0
DA:59,0
DA:60,0
DA:64,0
DA:68,0
DA:72,0
DA:73,0
DA:83,0
DA:92,0
DA:97,0
DA:98,0
DA:99,0
DA:101,0
DA:102,0
DA:104,0
DA:105,0
DA:106,0
DA:108,0
DA:109,0
DA:110,0
DA:112,0
DA:113,0
DA:114,0
DA:116,0
DA:117,0
DA:119,0
DA:120,0
DA:122,0
DA:123,0
DA:125,0
DA:129,0
LF:48
LH:0
BRDA:19,0,0,0
BRDA:72,1,0,0
BRDA:72,1,1,0
BRDA:99,2,0,0
BRDA:99,2,1,0
BRDA:99,2,2,0
BRDA:99,2,3,0
BRDA:99,2,4,0
BRDA:99,2,5,0
BRDA:99,2,6,0
BRDA:99,2,7,0
BRF:11
BRH:0
end_of_record
TN:
SF:src/components/optimized/MemoizedComponents.jsx
FN:14,(anonymous_0)
FN:15,(anonymous_1)
FN:19,(anonymous_2)
FN:23,(anonymous_3)
FN:41,(anonymous_4)
FN:42,(anonymous_5)
FN:46,(anonymous_6)
FN:61,(anonymous_7)
FN:62,(anonymous_8)
FN:66,(anonymous_9)
FN:70,(anonymous_10)
FN:88,(anonymous_11)
FN:89,(anonymous_12)
FNF:13
FNH:0
FNDA:0,(anonymous_0)
FNDA:0,(anonymous_1)
FNDA:0,(anonymous_2)
FNDA:0,(anonymous_3)
FNDA:0,(anonymous_4)
FNDA:0,(anonymous_5)
FNDA:0,(anonymous_6)
FNDA:0,(anonymous_7)
FNDA:0,(anonymous_8)
FNDA:0,(anonymous_9)
FNDA:0,(anonymous_10)
FNDA:0,(anonymous_11)
FNDA:0,(anonymous_12)
DA:14,0
DA:15,0
DA:16,0
DA:19,0
DA:20,0
DA:23,0
DA:24,0
DA:27,0
DA:41,0
DA:42,0
DA:43,0
DA:46,0
DA:47,0
DA:50,0
DA:61,0
DA:62,0
DA:63,0
DA:66,0
DA:67,0
DA:70,0
DA:71,0
DA:74,0
DA:88,0
DA:89,0
DA:90,0
DA:98,0
DA:137,0
DA:138,0
DA:139,0
DA:140,0
LF:30
LH:0
BRDA:75,0,0,0
BRDA:75,0,1,0
BRDA:79,1,0,0
BRDA:79,1,1,0
BRDA:91,2,0,0
BRDA:91,2,1,0
BRDA:92,3,0,0
BRDA:92,3,1,0
BRDA:94,4,0,0
BRDA:94,4,1,0
BRF:10
BRH:0
end_of_record
TN:
SF:src/components/optimized/VirtualizedList.jsx
FN:6,(anonymous_0)
FN:20,(anonymous_1)
FN:22,(anonymous_2)
FN:29,(anonymous_3)
FN:34,(anonymous_4)
FN:45,(anonymous_5)
FN:62,(anonymous_6)
FN:86,debounce
FN:88,executedFunction
FN:89,(anonymous_9)
FNF:10
FNH:0
FNDA:0,(anonymous_0)
FNDA:0,(anonymous_1)
FNDA:0,(anonymous_2)
FNDA:0,(anonymous_3)
FNDA:0,(anonymous_4)
FNDA:0,(anonymous_5)
FNDA:0,(anonymous_6)
FNDA:0,debounce
FNDA:0,executedFunction
FNDA:0,(anonymous_9)
DA:6,0
DA:17,0
DA:20,0
DA:21,0
DA:22,0
DA:23,0
DA:28,0
DA:29,0
DA:34,0
DA:35,0
DA:41,0
DA:45,0
DA:46,0
DA:47,0
DA:49,0
DA:56,0
DA:62,0
DA:88,0
DA:89,0
DA:90,0
DA:91,0
DA:93,0
DA:94,0
DA:98,0
LF:24
LH:0
BRDA:7,0,0,0
BRDA:8,1,0,0
BRDA:9,2,0,0
BRDA:11,3,0,0
BRDA:12,4,0,0
BRDA:14,5,0,0
BRDA:21,6,0,0
BRDA:21,6,1,0
BRDA:21,7,0,0
BRDA:21,7,1,0
BRDA:35,8,0,0
BRDA:35,8,1,0
BRDA:36,9,0,0
BRDA:36,9,1,0
BRDA:36,9,2,0
BRDA:36,9,3,0
BRDA:47,10,0,0
BRDA:47,10,1,0
BRDA:58,11,0,0
BRDA:58,11,1,0
BRDA:76,12,0,0
BRDA:76,12,1,0
BRF:22
BRH:0
end_of_record
TN:
SF:src/components/performance/VirtualList.jsx
FN:22,(anonymous_0)
FN:38,(anonymous_1)
FN:46,(anonymous_2)
FN:47,(anonymous_3)
FN:53,(anonymous_4)
FN:64,(anonymous_5)
FN:66,(anonymous_6)
FN:94,(anonymous_7)
FNF:8
FNH:0
FNDA:0,(anonymous_0)
FNDA:0,(anonymous_1)
FNDA:0,(anonymous_2)
FNDA:0,(anonymous_3)
FNDA:0,(anonymous_4)
FNDA:0,(anonymous_5)
FNDA:0,(anonymous_6)
FNDA:0,(anonymous_7)
DA:22,0
DA:31,0
DA:32,0
DA:35,0
DA:38,0
DA:39,0
DA:40,0
DA:41,0
DA:42,0
DA:46,0
DA:47,0
DA:53,0
DA:54,0
DA:55,0
DA:58,0
DA:59,0
DA:64,0
DA:65,0
DA:66,0
DA:67,0
DA:68,0
DA:69,0
DA:74,0
DA:95,0
DA:114,0
LF:25
LH:0
BRDA:27,0,0,0
BRDA:58,1,0,0
BRDA:58,1,1,0
BRDA:65,2,0,0
BRDA:65,2,1,0
BRDA:96,3,0,0
BRDA:96,3,1,0
BRF:7
BRH:0
end_of_record
TN:
SF:src/components/search/DateRangeFilter.jsx
FN:16,(anonymous_0)
FN:23,(anonymous_1)
FN:58,(anonymous_2)
FN:87,(anonymous_3)
FN:104,(anonymous_4)
FN:122,(anonymous_5)
FNF:6
FNH:0
FNDA:0,(anonymous_0)
FNDA:0,(anonymous_1)
FNDA:0,(anonymous_2)
FNDA:0,(anonymous_3)
FNDA:0,(anonymous_4)
FNDA:0,(anonymous_5)
DA:16,0
DA:17,0
DA:18,0
DA:19,0
DA:20,0
DA:23,0
DA:24,0
DA:25,0
DA:26,0
DA:28,0
DA:30,0
DA:31,0
DA:32,0
DA:35,0
DA:36,0
DA:37,0
DA:38,0
DA:40,0
DA:41,0
DA:42,0
DA:44,0
DA:45,0
DA:46,0
DA:47,0
DA:48,0
DA:50,0
DA:52,0
DA:55,0
DA:58,0
DA:59,0
DA:61,0
DA:62,0
DA:63,0
DA:64,0
DA:65,0
DA:66,0
DA:67,0
DA:70,0
DA:72,0
DA:74,0
DA:78,0
DA:79,0
DA:80,0
DA:83,0
DA:84,0
DA:87,0
DA:88,0
DA:89,0
DA:91,0
DA:92,0
DA:93,0
DA:96,0
DA:97,0
DA:98,0
DA:99,0
DA:104,0
DA:105,0
DA:106,0
DA:108,0
DA:109,0
DA:110,0
DA:113,0
DA:114,0
DA:115,0
DA:116,0
DA:122,0
DA:123,0
DA:124,0
DA:125,0
DA:126,0
DA:127,0
DA:128,0
DA:131,0
LF:73
LH:0
BRDA:16,0,0,0
BRDA:20,1,0,0
BRDA:20,1,1,0
BRDA:28,2,0,0
BRDA:28,2,1,0
BRDA:28,2,2,0
BRDA:28,2,3,0
BRDA:28,2,4,0
BRDA:36,3,0,0
BRDA:36,3,1,0
BRDA:59,4,0,0
BRDA:59,4,1,0
BRDA:72,5,0,0
BRDA:72,5,1,0
BRDA:91,6,0,0
BRDA:91,6,1,0
BRDA:91,7,0,0
BRDA:91,7,1,0
BRDA:96,8,0,0
BRDA:96,8,1,0
BRDA:108,9,0,0
BRDA:108,9,1,0
BRDA:108,10,0,0
BRDA:108,10,1,0
BRDA:113,11,0,0
BRDA:113,11,1,0
BRDA:123,12,0,0
BRDA:123,12,1,0
BRDA:163,13,0,0
BRDA:163,13,1,0
BRDA:183,14,0,0
BRDA:183,14,1,0
BRDA:183,14,2,0
BRDA:185,15,0,0
BRDA:185,15,1,0
BRDA:185,16,0,0
BRDA:185,16,1,0
BRDA:185,16,2,0
BRF:38
BRH:0
end_of_record
TN:
SF:src/components/search/FilterPanel.jsx
FN:33,(anonymous_0)
FN:52,(anonymous_1)
FN:57,(anonymous_2)
FN:65,(anonymous_3)
FN:69,(anonymous_4)
FN:75,(anonymous_5)
FN:76,(anonymous_6)
FN:79,(anonymous_7)
FN:84,(anonymous_8)
FN:85,(anonymous_9)
FN:91,(anonymous_10)
FN:99,(anonymous_11)
FN:101,(anonymous_12)
FN:103,(anonymous_13)
FN:106,(anonymous_14)
FN:108,(anonymous_15)
FN:111,(anonymous_16)
FN:118,(anonymous_17)
FN:164,(anonymous_18)
FN:183,(anonymous_19)
FN:187,(anonymous_20)
FN:193,(anonymous_21)
FN:197,(anonymous_22)
FN:206,(anonymous_23)
FN:227,(anonymous_24)
FN:233,(anonymous_25)
FN:250,(anonymous_26)
FN:256,(anonymous_27)
FNF:28
FNH:0
FNDA:0,(anonymous_0)
FNDA:0,(anonymous_1)
FNDA:0,(anonymous_2)
FNDA:0,(anonymous_3)
FNDA:0,(anonymous_4)
FNDA:0,(anonymous_5)
FNDA:0,(anonymous_6)
FNDA:0,(anonymous_7)
FNDA:0,(anonymous_8)
FNDA:0,(anonymous_9)
FNDA:0,(anonymous_10)
FNDA:0,(anonymous_11)
FNDA:0,(anonymous_12)
FNDA:0,(anonymous_13)
FNDA:0,(anonymous_14)
FNDA:0,(anonymous_15)
FNDA:0,(anonymous_16)
FNDA:0,(anonymous_17)
FNDA:0,(anonymous_18)
FNDA:0,(anonymous_19)
FNDA:0,(anonymous_20)
FNDA:0,(anonymous_21)
FNDA:0,(anonymous_22)
FNDA:0,(anonymous_23)
FNDA:0,(anonymous_24)
FNDA:0,(anonymous_25)
FNDA:0,(anonymous_26)
FNDA:0,(anonymous_27)
DA:31,0
DA:33,0
DA:41,0
DA:42,0
DA:43,0
DA:45,0
DA:52,0
DA:53,0
DA:57,0
DA:58,0
DA:59,0
DA:60,0
DA:61,0
DA:62,0
DA:65,0
DA:68,0
DA:69,0
DA:75,0
DA:76,0
DA:79,0
DA:84,0
DA:85,0
DA:91,0
DA:92,0
DA:99,0
DA:100,0
DA:101,0
DA:103,0
DA:105,0
DA:106,0
DA:108,0
DA:110,0
DA:111,0
DA:118,0
DA:119,0
DA:120,0
DA:121,0
DA:122,0
DA:125,0
DA:127,0
DA:164,0
DA:184,0
DA:187,0
DA:194,0
DA:197,0
DA:206,0
DA:228,0
DA:234,0
DA:251,0
DA:256,0
LF:50
LH:0
BRDA:34,0,0,0
BRDA:36,1,0,0
BRDA:37,2,0,0
BRDA:38,3,0,0
BRDA:39,4,0,0
BRDA:46,5,0,0
BRDA:46,5,1,0
BRDA:47,6,0,0
BRDA:47,6,1,0
BRDA:48,7,0,0
BRDA:48,7,1,0
BRDA:59,8,0,0
BRDA:59,8,1,0
BRDA:60,9,0,0
BRDA:60,9,1,0
BRDA:61,10,0,0
BRDA:61,10,1,0
BRDA:61,11,0,0
BRDA:61,11,1,0
BRDA:71,12,0,0
BRDA:71,12,1,0
BRDA:78,13,0,0
BRDA:78,13,1,0
BRDA:100,14,0,0
BRDA:100,14,1,0
BRDA:105,15,0,0
BRDA:105,15,1,0
BRDA:110,16,0,0
BRDA:110,16,1,0
BRDA:119,17,0,0
BRDA:119,17,1,0
BRDA:119,18,0,0
BRDA:119,18,1,0
BRDA:141,19,0,0
BRDA:141,19,1,0
BRDA:152,20,0,0
BRDA:152,20,1,0
BRDA:162,21,0,0
BRDA:162,21,1,0
BRDA:166,22,0,0
BRDA:166,22,1,0
BRDA:168,23,0,0
BRDA:168,23,1,0
BRDA:177,24,0,0
BRDA:177,24,1,0
BRDA:203,25,0,0
BRDA:203,25,1,0
BRDA:203,25,2,0
BRDA:218,26,0,0
BRDA:218,26,1,0
BRDA:218,26,2,0
BRDA:228,27,0,0
BRDA:228,27,1,0
BRDA:244,28,0,0
BRDA:244,28,1,0
BRDA:268,29,0,0
BRDA:268,29,1,0
BRF:57
BRH:0
end_of_record
TN:
SF:src/components/search/SearchBar.jsx
FN:6,(anonymous_0)
FN:10,(anonymous_1)
FN:16,(anonymous_2)
FN:22,(anonymous_3)
FNF:4
FNH:0
FNDA:0,(anonymous_0)
FNDA:0,(anonymous_1)
FNDA:0,(anonymous_2)
FNDA:0,(anonymous_3)
DA:6,0
DA:7,0
DA:9,0
DA:11,0
DA:16,0
DA:17,0
DA:18,0
DA:19,0
DA:22,0
DA:23,0
DA:24,0
DA:27,0
LF:12
LH:0
BRDA:6,0,0,0
BRDA:6,1,0,0
BRDA:39,2,0,0
BRDA:39,2,1,0
BRF:4
BRH:0
end_of_record
TN:
SF:src/components/search/index.js
FNF:0
FNH:0
LF:0
LH:0
BRF:0
BRH:0
end_of_record
TN:
SF:src/components/wizard/AdjustmentStep.jsx
FN:43,(anonymous_0)
FN:52,(anonymous_1)
FN:56,(anonymous_2)
FN:60,(anonymous_3)
FN:70,(anonymous_4)
FN:93,(anonymous_5)
FN:98,(anonymous_6)
FN:124,(anonymous_7)
FN:125,(anonymous_8)
FN:146,(anonymous_9)
FN:158,(anonymous_10)
FN:159,(anonymous_11)
FN:172,(anonymous_12)
FN:173,(anonymous_13)
FN:178,(anonymous_14)
FN:183,(anonymous_15)
FN:200,(anonymous_16)
FN:215,(anonymous_17)
FN:216,(anonymous_18)
FN:260,(anonymous_19)
FN:269,(anonymous_20)
FN:298,(anonymous_21)
FN:326,(anonymous_22)
FN:345,(anonymous_23)
FN:356,(anonymous_24)
FN:357,(anonymous_25)
FN:365,(anonymous_26)
FN:377,(anonymous_27)
FN:385,(anonymous_28)
FN:394,(anonymous_29)
FN:406,(anonymous_30)
FN:415,(anonymous_31)
FNF:32
FNH:0
FNDA:0,(anonymous_0)
FNDA:0,(anonymous_1)
FNDA:0,(anonymous_2)
FNDA:0,(anonymous_3)
FNDA:0,(anonymous_4)
FNDA:0,(anonymous_5)
FNDA:0,(anonymous_6)
[...]
FNDA:0,(anonymous_4)
FNDA:0,(anonymous_5)
FNDA:0,(anonymous_6)
FNDA:0,(anonymous_7)
FNDA:0,(anonymous_8)
FNDA:0,(anonymous_9)
FNDA:0,(anonymous_10)
FNDA:0,(anonymous_11)
FNDA:0,(anonymous_12)
FNDA:0,(anonymous_13)
FNDA:0,(anonymous_14)
FNDA:0,(anonymous_15)
FNDA:0,(anonymous_16)
FNDA:0,(anonymous_17)
FNDA:0,(anonymous_18)
FNDA:0,(anonymous_19)
FNDA:0,(anonymous_20)
FNDA:0,(anonymous_21)
FNDA:0,(anonymous_22)
FNDA:0,(anonymous_23)
FNDA:0,(anonymous_24)
FNDA:0,(anonymous_25)
FNDA:0,(anonymous_26)
FNDA:0,(anonymous_27)
FNDA:0,(anonymous_28)
FNDA:0,(anonymous_29)
FNDA:0,(anonymous_30)
FNDA:0,(anonymous_31)
FNDA:0,(anonymous_32)
FNDA:0,(anonymous_33)
FNDA:0,(anonymous_34)
FNDA:0,(anonymous_35)
FNDA:0,(anonymous_36)
FNDA:0,(anonymous_37)
FNDA:0,(anonymous_38)
FNDA:0,(anonymous_39)
FNDA:0,(anonymous_40)
FNDA:0,(anonymous_41)
FNDA:0,(anonymous_42)
FNDA:0,(anonymous_43)
FNDA:0,(anonymous_44)
FNDA:0,(anonymous_45)
DA:10,0
DA:11,0
DA:13,0
DA:14,0
DA:23,0
DA:24,0
DA:32,0
DA:35,0
DA:36,0
DA:37,0
DA:44,0
DA:47,0
DA:48,0
DA:49,0
DA:50,0
DA:51,0
DA:59,0
DA:60,0
DA:62,0
DA:63,0
DA:65,0
DA:66,0
DA:69,0
DA:70,0
DA:73,0
DA:74,0
DA:75,0
DA:78,0
DA:85,0
DA:86,0
DA:88,0
DA:89,0
DA:94,0
DA:95,0
DA:96,0
DA:98,0
DA:102,0
DA:109,0
DA:110,0
DA:112,0
DA:113,0
DA:114,0
DA:117,0
DA:118,0
DA:121,0
DA:122,0
DA:123,0
DA:128,0
DA:134,0
DA:135,0
DA:136,0
DA:138,0
DA:145,0
DA:146,0
DA:147,0
DA:154,0
DA:155,0
DA:156,0
DA:157,0
DA:158,0
DA:163,0
DA:164,0
DA:165,0
DA:166,0
DA:167,0
DA:168,0
DA:169,0
DA:174,0
DA:190,0
DA:191,0
DA:195,0
DA:197,0
DA:198,0
DA:199,0
DA:201,0
DA:202,0
DA:205,0
DA:208,0
DA:209,0
DA:212,0
DA:217,0
DA:219,0
DA:220,0
DA:222,0
DA:223,0
DA:224,0
DA:225,0
DA:227,0
DA:231,0
DA:232,0
DA:233,0
DA:238,0
DA:239,0
DA:244,0
DA:245,0
DA:247,0
DA:253,0
DA:258,0
DA:259,0
DA:260,0
DA:262,0
DA:263,0
DA:273,0
DA:277,0
DA:278,0
DA:279,0
DA:280,0
DA:284,0
DA:285,0
DA:286,0
DA:287,0
DA:288,0
DA:289,0
DA:292,0
DA:296,0
DA:297,0
DA:298,0
DA:299,0
DA:304,0
DA:305,0
DA:309,0
LF:121
LH:0
BRDA:10,0,0,0
BRDA:14,1,0,0
BRDA:14,1,1,0
BRDA:32,2,0,0
BRDA:44,3,0,0
BRDA:48,4,0,0
BRDA:48,4,1,0
BRDA:65,5,0,0
BRDA:65,5,1,0
BRDA:73,6,0,0
BRDA:73,6,1,0
BRDA:109,7,0,0
BRDA:117,8,0,0
BRDA:117,8,1,0
BRDA:122,9,0,0
BRDA:122,9,1,0
BRDA:135,10,0,0
BRDA:135,10,1,0
BRDA:155,11,0,0
BRDA:155,11,1,0
BRDA:164,12,0,0
BRDA:164,12,1,0
BRDA:164,13,0,0
BRDA:164,13,1,0
BRDA:179,14,0,0
BRDA:179,14,1,0
BRDA:201,15,0,0
BRDA:201,15,1,0
BRDA:208,16,0,0
BRDA:208,16,1,0
BRDA:217,17,0,0
BRDA:217,17,1,0
BRDA:219,18,0,0
BRDA:219,18,1,0
BRDA:220,19,0,0
BRDA:220,19,1,0
BRDA:244,20,0,0
BRDA:244,20,1,0
BRDA:285,21,0,0
BRDA:285,21,1,0
BRDA:297,22,0,0
BRDA:297,22,1,0
BRF:42
BRH:0
end_of_record
TN:
SF:src/utils/performanceMonitor.js
FN:45,(anonymous_0)
FN:52,(anonymous_1)
FN:101,(anonymous_2)
FN:178,(anonymous_3)
FN:179,(anonymous_4)
FN:239,(anonymous_5)
FN:245,(anonymous_6)
FN:265,(anonymous_7)
FN:270,(anonymous_8)
FN:273,(anonymous_9)
FN:278,(anonymous_10)
FN:279,(anonymous_11)
FN:281,(anonymous_12)
FN:284,(anonymous_13)
FN:289,(anonymous_14)
FN:290,(anonymous_15)
FN:292,(anonymous_16)
FN:304,(anonymous_17)
FN:320,(anonymous_18)
FN:335,(anonymous_19)
FN:342,(anonymous_20)
FN:354,(anonymous_21)
FN:356,(anonymous_22)
FN:370,(anonymous_23)
FN:374,(anonymous_24)
FN:375,(anonymous_25)
FN:382,(anonymous_26)
FNF:27
FNH:0
FNDA:0,(anonymous_0)
FNDA:0,(anonymous_1)
FNDA:0,(anonymous_2)
FNDA:0,(anonymous_3)
FNDA:0,(anonymous_4)
FNDA:0,(anonymous_5)
FNDA:0,(anonymous_6)
FNDA:0,(anonymous_7)
FNDA:0,(anonymous_8)
FNDA:0,(anonymous_9)
FNDA:0,(anonymous_10)
FNDA:0,(anonymous_11)
FNDA:0,(anonymous_12)
FNDA:0,(anonymous_13)
FNDA:0,(anonymous_14)
FNDA:0,(anonymous_15)
FNDA:0,(anonymous_16)
FNDA:0,(anonymous_17)
FNDA:0,(anonymous_18)
FNDA:0,(anonymous_19)
FNDA:0,(anonymous_20)
FNDA:0,(anonymous_21)
FNDA:0,(anonymous_22)
FNDA:0,(anonymous_23)
FNDA:0,(anonymous_24)
FNDA:0,(anonymous_25)
FNDA:0,(anonymous_26)
DA:17,0
DA:27,0
DA:45,0
DA:46,0
DA:47,0
DA:49,0
DA:50,0
DA:52,0
DA:53,0
DA:54,0
DA:57,0
DA:58,0
DA:60,0
DA:64,0
DA:71,0
DA:72,0
DA:75,0
DA:76,0
DA:79,0
DA:80,0
DA:85,0
DA:101,0
DA:102,0
DA:103,0
DA:105,0
DA:106,0
DA:108,0
DA:109,0
DA:110,0
DA:111,0
DA:114,0
DA:115,0
DA:117,0
DA:121,0
DA:129,0
DA:130,0
DA:133,0
DA:134,0
DA:137,0
DA:138,0
DA:143,0
DA:145,0
DA:146,0
DA:149,0
DA:157,0
DA:162,0
DA:178,0
DA:179,0
DA:180,0
DA:181,0
DA:183,0
DA:184,0
DA:186,0
DA:187,0
DA:188,0
DA:189,0
DA:192,0
DA:193,0
DA:195,0
DA:199,0
DA:207,0
DA:208,0
DA:211,0
DA:212,0
DA:217,0
DA:219,0
DA:220,0
DA:222,0
DA:230,0
DA:239,0
DA:240,0
DA:242,0
DA:243,0
DA:245,0
DA:246,0
DA:247,0
DA:249,0
DA:250,0
DA:252,0
DA:253,0
DA:257,0
DA:265,0
DA:266,0
DA:270,0
DA:273,0
DA:278,0
DA:279,0
DA:281,0
DA:284,0
DA:289,0
DA:290,0
DA:292,0
DA:298,0
DA:304,0
DA:305,0
DA:306,0
DA:307,0
DA:308,0
DA:311,0
DA:312,0
DA:313,0
DA:320,0
DA:321,0
DA:322,0
DA:323,0
DA:324,0
DA:325,0
DA:326,0
DA:328,0
DA:335,0
DA:336,0
DA:339,0
DA:341,0
DA:342,0
DA:343,0
DA:344,0
DA:345,0
DA:347,0
DA:349,0
DA:353,0
DA:354,0
DA:355,0
DA:356,0
DA:357,0
DA:360,0
DA:362,0
DA:370,0
DA:371,0
DA:374,0
DA:375,0
DA:376,0
DA:377,0
DA:382,0
DA:383,0
DA:384,0
DA:388,0
LF:136
LH:0
BRDA:71,0,0,0
BRDA:71,0,1,0
BRDA:75,1,0,0
BRDA:75,1,1,0
BRDA:79,2,0,0
BRDA:79,2,1,0
BRDA:129,3,0,0
BRDA:129,3,1,0
BRDA:133,4,0,0
BRDA:133,4,1,0
BRDA:137,5,0,0
BRDA:137,5,1,0
BRDA:207,6,0,0
BRDA:207,6,1,0
BRDA:211,7,0,0
BRDA:211,7,1,0
BRDA:240,8,0,0
BRDA:240,8,1,0
BRDA:247,9,0,0
BRDA:247,9,1,0
BRDA:252,10,0,0
BRDA:252,10,1,0
BRDA:269,11,0,0
BRDA:269,11,1,0
BRDA:272,12,0,0
BRDA:272,12,1,0
BRDA:273,13,0,0
BRDA:273,13,1,0
BRDA:280,14,0,0
BRDA:280,14,1,0
BRDA:283,15,0,0
BRDA:283,15,1,0
BRDA:284,16,0,0
BRDA:284,16,1,0
BRDA:291,17,0,0
BRDA:291,17,1,0
BRDA:311,18,0,0
BRDA:311,18,1,0
BRDA:311,19,0,0
BRDA:311,19,1,0
BRDA:336,20,0,0
BRDA:336,20,1,0
BRDA:339,21,0,0
BRDA:339,21,1,0
BRDA:345,22,0,0
BRDA:345,22,1,0
BRDA:371,23,0,0
BRDA:371,23,1,0
BRDA:383,24,0,0
BRDA:383,24,1,0
BRF:50
BRH:0
end_of_record
TN:
SF:src/utils/persistence.js
FN:18,persistState
FN:51,(anonymous_1)
FN:72,restoreState
FN:123,removeState
FN:137,clearAllState
FN:140,(anonymous_5)
FN:142,(anonymous_6)
FN:157,getStorageUsage
FN:160,(anonymous_8)
FN:165,(anonymous_9)
FN:192,exportState
FN:195,(anonymous_11)
FN:203,(anonymous_12)
FN:222,importState
FN:237,(anonymous_14)
FN:254,isStorageAvailable
FN:270,getLastModified
FN:287,getAvailableSpace
FN:324,handleVersionMigration
FN:335,encryptData
FN:353,decryptData
FN:374,compressString
FN:383,decompressString
FNF:23
FNH:0
FNDA:0,persistState
FNDA:0,(anonymous_1)
FNDA:0,restoreState
FNDA:0,removeState
FNDA:0,clearAllState
FNDA:0,(anonymous_5)
FNDA:0,(anonymous_6)
FNDA:0,getStorageUsage
FNDA:0,(anonymous_8)
FNDA:0,(anonymous_9)
FNDA:0,exportState
FNDA:0,(anonymous_11)
FNDA:0,(anonymous_12)
FNDA:0,importState
FNDA:0,(anonymous_14)
FNDA:0,isStorageAvailable
FNDA:0,getLastModified
FNDA:0,getAvailableSpace
FNDA:0,handleVersionMigration
FNDA:0,encryptData
FNDA:0,decryptData
FNDA:0,compressString
FNDA:0,decompressString
DA:3,0
DA:4,0
DA:7,0
DA:19,0
DA:24,0
DA:26,0
DA:28,0
DA:35,0
DA:38,0
DA:39,0
DA:43,0
DA:44,0
DA:47,0
DA:50,0
DA:51,0
DA:52,0
DA:56,0
DA:58,0
DA:59,0
DA:73,0
DA:78,0
DA:80,0
DA:81,0
DA:83,0
DA:84,0
DA:88,0
DA:89,0
DA:93,0
DA:94,0
DA:97,0
DA:100,0
DA:101,0
DA:103,0
DA:107,0
DA:108,0
DA:109,0
DA:112,0
DA:114,0
DA:115,0
DA:124,0
DA:125,0
DA:126,0
DA:127,0
DA:129,0
DA:130,0
DA:138,0
DA:139,0
DA:140,0
DA:142,0
DA:143,0
DA:146,0
DA:148,0
DA:149,0
DA:158,0
DA:159,0
DA:160,0
DA:162,0
DA:163,0
DA:165,0
DA:166,0
DA:167,0
DA:168,0
DA:170,0
DA:176,0
DA:183,0
DA:184,0
DA:193,0
DA:194,0
DA:195,0
DA:197,0
DA:203,0
DA:204,0
DA:205,0
DA:208,0
DA:210,0
DA:211,0
DA:223,0
DA:224,0
DA:225,0
DA:227,0
DA:228,0
DA:232,0
DA:233,0
DA:237,0
DA:238,0
DA:239,0
DA:243,0
DA:245,0
DA:246,0
DA:255,0
DA:256,0
DA:257,0
DA:258,0
DA:259,0
DA:261,0
DA:271,0
DA:272,0
DA:273,0
DA:274,0
DA:275,0
DA:280,0
DA:288,0
DA:289,0
DA:290,0
DA:291,0
DA:294,0
DA:295,0
DA:297,0
DA:298,0
DA:299,0
DA:301,0
DA:302,0
DA:303,0
DA:304,0
DA:305,0
DA:307,0
DA:311,0
DA:313,0
DA:327,0
DA:328,0
DA:338,0
DA:339,0
DA:341,0
DA:342,0
DA:347,0
DA:354,0
DA:355,0
DA:356,0
DA:357,0
DA:359,0
DA:360,0
DA:365,0
DA:367,0
DA:377,0
DA:385,0
LF:135
LH:0
BRDA:7,0,0,0
BRDA:7,0,1,0
BRDA:18,1,0,0
BRDA:21,2,0,0
BRDA:22,3,0,0
BRDA:23,4,0,0
BRDA:38,5,0,0
BRDA:38,5,1,0
BRDA:38,6,0,0
BRDA:38,6,1,0
BRDA:43,7,0,0
BRDA:43,7,1,0
BRDA:50,8,0,0
BRDA:50,8,1,0
BRDA:72,9,0,0
BRDA:75,10,0,0
BRDA:76,11,0,0
BRDA:77,12,0,0
BRDA:83,13,0,0
BRDA:83,13,1,0
BRDA:88,14,0,0
BRDA:88,14,1,0
BRDA:93,15,0,0
BRDA:93,15,1,0
BRDA:93,16,0,0
BRDA:93,16,1,0
BRDA:100,17,0,0
BRDA:100,17,1,0
BRDA:107,18,0,0
BRDA:107,18,1,0
BRDA:107,19,0,0
BRDA:107,19,1,0
BRDA:115,20,0,0
BRDA:115,20,1,0
BRDA:222,21,0,0
BRDA:224,22,0,0
BRDA:227,23,0,0
BRDA:227,23,1,0
BRDA:227,24,0,0
BRDA:227,24,1,0
BRDA:232,25,0,0
BRDA:232,25,1,0
BRDA:238,26,0,0
BRDA:238,26,1,0
BRDA:238,27,0,0
BRDA:238,27,1,0
BRDA:273,28,0,0
BRDA:273,28,1,0
BRDA:275,29,0,0
BRDA:275,29,1,0
BRF:50
BRH:0
end_of_record
TN:
SF:src/utils/routeConfig.js
FNF:0
FNH:0
DA:2,0
DA:8,0
DA:30,0
DA:123,0
LF:4
LH:0
BRF:0
BRH:0
end_of_record
TN:
SF:src/utils/routeHistory.js
FN:6,(anonymous_0)
FN:22,(anonymous_1)
FN:26,(anonymous_2)
FN:30,(anonymous_3)
FN:34,(anonymous_4)
FN:39,(anonymous_5)
FN:47,(anonymous_6)
FN:59,(anonymous_7)
FN:75,(anonymous_8)
FN:79,(anonymous_9)
FNF:10
FNH:0
FNDA:0,(anonymous_0)
FNDA:0,(anonymous_1)
FNDA:0,(anonymous_2)
FNDA:0,(anonymous_3)
FNDA:0,(anonymous_4)
FNDA:0,(anonymous_5)
FNDA:0,(anonymous_6)
FNDA:0,(anonymous_7)
FNDA:0,(anonymous_8)
FNDA:0,(anonymous_9)
DA:3,0
DA:4,0
DA:7,0
DA:14,0
DA:15,0
DA:19,0
DA:23,0
DA:27,0
DA:31,0
DA:35,0
DA:36,0
DA:40,0
DA:41,0
DA:43,0
DA:48,0
DA:49,0
DA:50,0
DA:51,0
DA:54,0
DA:55,0
DA:60,0
DA:72,0
DA:76,0
DA:80,0
DA:81,0
DA:83,0
DA:88,0
LF:27
LH:0
BRDA:14,0,0,0
BRDA:14,0,1,0
BRDA:27,1,0,0
BRDA:27,1,1,0
BRDA:31,2,0,0
BRDA:31,2,1,0
BRDA:50,3,0,0
BRDA:50,3,1,0
BRDA:72,4,0,0
BRDA:72,4,1,0
BRDA:80,5,0,0
BRDA:80,5,1,0
BRF:12
BRH:0
end_of_record
TN:
SF:src/utils/scheduleTransformers.js
FN:17,(anonymous_0)
FN:24,(anonymous_1)
FN:26,(anonymous_2)
FN:44,(anonymous_3)
FN:85,(anonymous_4)
FN:90,(anonymous_5)
FN:105,(anonymous_6)
FN:110,(anonymous_7)
FN:125,(anonymous_8)
FN:130,(anonymous_9)
FN:148,(anonymous_10)
FN:153,(anonymous_11)
FN:169,(anonymous_12)
FN:180,(anonymous_13)
FN:182,(anonymous_14)
FN:188,(anonymous_15)
FN:211,(anonymous_16)
FN:226,(anonymous_17)
FN:241,(anonymous_18)
FN:267,(anonymous_19)
FN:294,(anonymous_20)
FN:301,(anonymous_21)
FN:303,(anonymous_22)
FNF:23
FNH:21
FNDA:3,(anonymous_0)
FNDA:1,(anonymous_1)
FNDA:2,(anonymous_2)
FNDA:5,(anonymous_3)
FNDA:3,(anonymous_4)
FNDA:2,(anonymous_5)
FNDA:1,(anonymous_6)
FNDA:2,(anonymous_7)
FNDA:2,(anonymous_8)
FNDA:2,(anonymous_9)
FNDA:0,(anonymous_10)
FNDA:0,(anonymous_11)
FNDA:3,(anonymous_12)
FNDA:2,(anonymous_13)
FNDA:2,(anonymous_14)
FNDA:2,(anonymous_15)
FNDA:3,(anonymous_16)
FNDA:3,(anonymous_17)
FNDA:4,(anonymous_18)
FNDA:7,(anonymous_19)
FNDA:3,(anonymous_20)
FNDA:2,(anonymous_21)
FNDA:3,(anonymous_22)
DA:17,1
DA:18,3
DA:19,1
DA:22,2
DA:24,2
DA:25,1
DA:26,1
DA:27,2
DA:28,2
DA:29,2
DA:35,2
DA:44,1
DA:45,5
DA:46,2
DA:49,3
DA:50,3
DA:53,3
DA:54,3
DA:56,3
DA:85,1
DA:86,3
DA:87,1
DA:90,2
DA:91,2
DA:92,2
DA:93,1
DA:95,2
DA:96,2
DA:105,1
DA:106,1
DA:107,0
DA:110,1
DA:111,2
DA:112,2
DA:113,2
DA:115,2
DA:116,2
DA:125,1
DA:126,2
DA:127,1
DA:130,2
DA:148,1
DA:149,0
DA:150,0
DA:153,0
DA:154,0
DA:155,0
DA:156,0
DA:158,0
DA:159,0
DA:169,1
DA:170,3
DA:171,1
DA:179,2
DA:180,2
DA:182,2
DA:183,2
DA:184,2
DA:185,2
DA:188,2
DA:189,2
DA:190,2
DA:191,2
DA:194,2
DA:211,1
DA:212,3
DA:218,3
DA:226,1
DA:227,3
DA:233,3
DA:241,1
DA:242,4
DA:244,4
DA:245,0
DA:248,4
DA:249,1
DA:252,4
DA:253,0
DA:256,4
DA:257,0
DA:260,4
DA:261,4
DA:262,1
DA:266,4
DA:267,4
DA:268,7
DA:269,1
DA:271,7
DA:272,1
DA:274,7
DA:275,1
DA:277,7
DA:278,1
DA:283,4
DA:294,1
DA:295,3
DA:296,1
DA:299,2
DA:301,2
DA:302,2
DA:303,3
DA:309,2
DA:313,2
LF:103
LH:91
BRDA:18,0,0,1
BRDA:18,0,1,2
BRDA:18,1,0,3
BRDA:18,1,1,2
BRDA:25,2,0,1
BRDA:25,2,1,0
BRDA:25,3,0,1
BRDA:25,3,1,1
BRDA:28,4,0,2
BRDA:28,4,1,0
BRDA:45,5,0,2
BRDA:45,5,1,3
BRDA:45,6,0,5
BRDA:45,6,1,4
BRDA:53,7,0,3
BRDA:53,7,1,0
BRDA:54,8,0,3
BRDA:54,8,1,0
BRDA:58,9,0,3
BRDA:58,9,1,0
BRDA:68,10,0,3
BRDA:68,10,1,0
BRDA:86,11,0,1
BRDA:86,11,1,2
BRDA:86,12,0,3
BRDA:86,12,1,2
BRDA:92,13,0,1
BRDA:92,13,1,1
BRDA:106,14,0,0
BRDA:106,14,1,1
BRDA:106,15,0,1
BRDA:106,15,1,1
BRDA:112,16,0,2
BRDA:112,16,1,0
BRDA:126,17,0,1
BRDA:126,17,1,1
BRDA:126,18,0,2
BRDA:126,18,1,1
BRDA:132,19,0,2
BRDA:132,19,1,0
BRDA:133,20,0,2
BRDA:133,20,1,0
BRDA:134,21,0,2
BRDA:134,21,1,0
BRDA:135,22,0,2
BRDA:135,22,1,0
BRDA:136,23,0,2
BRDA:136,23,1,0
BRDA:137,24,0,2
BRDA:137,24,1,1
BRDA:149,25,0,0
BRDA:149,25,1,0
BRDA:149,26,0,0
BRDA:149,26,1,0
BRDA:170,27,0,1
BRDA:170,27,1,2
BRDA:170,28,0,3
BRDA:170,28,1,2
BRDA:183,29,0,2
BRDA:183,29,1,0
BRDA:184,30,0,2
BRDA:184,30,1,2
BRDA:189,31,0,2
BRDA:189,31,1,0
BRDA:190,32,0,2
BRDA:190,32,1,2
BRDA:218,33,0,3
BRDA:218,33,1,0
BRDA:233,34,0,3
BRDA:233,34,1,0
BRDA:244,35,0,0
BRDA:244,35,1,4
BRDA:248,36,0,1
BRDA:248,36,1,3
BRDA:252,37,0,0
BRDA:252,37,1,4
BRDA:256,38,0,0
BRDA:256,38,1,4
BRDA:260,39,0,4
BRDA:260,39,1,0
BRDA:260,40,0,4
BRDA:260,40,1,4
BRDA:261,41,0,1
BRDA:261,41,1,3
BRDA:266,42,0,4
BRDA:266,42,1,0
BRDA:266,43,0,4
BRDA:266,43,1,4
BRDA:268,44,0,1
BRDA:268,44,1,6
BRDA:271,45,0,1
BRDA:271,45,1,6
BRDA:274,46,0,1
BRDA:274,46,1,6
BRDA:277,47,0,1
BRDA:277,47,1,6
BRDA:295,48,0,1
BRDA:295,48,1,2
BRDA:295,49,0,3
BRDA:295,49,1,2
BRDA:302,50,0,2
BRDA:302,50,1,0
BRDA:302,51,0,2
BRDA:302,51,1,2
BRF:104
BRH:77
end_of_record
TN:
SF:src/utils/validation.js
FN:11,(anonymous_0)
FN:22,(anonymous_1)
FN:45,(anonymous_2)
FN:100,(anonymous_3)
FN:171,(anonymous_4)
FN:226,(anonymous_5)
FN:259,(anonymous_6)
FN:300,(anonymous_7)
FN:313,(anonymous_8)
FN:322,(anonymous_9)
FN:344,(anonymous_10)
FN:373,(anonymous_11)
FN:401,(anonymous_12)
FN:414,(anonymous_13)
FN:450,(anonymous_14)
FN:452,(anonymous_15)
FN:466,(anonymous_16)
FN:469,(anonymous_17)
FN:476,(anonymous_18)
FN:485,(anonymous_19)
FN:499,(anonymous_20)
FN:501,(anonymous_21)
FN:503,(anonymous_22)
FN:504,(anonymous_23)
FNF:24
FNH:0
FNDA:0,(anonymous_0)
FNDA:0,(anonymous_1)
FNDA:0,(anonymous_2)
FNDA:0,(anonymous_3)
FNDA:0,(anonymous_4)
FNDA:0,(anonymous_5)
FNDA:0,(anonymous_6)
FNDA:0,(anonymous_7)
FNDA:0,(anonymous_8)
FNDA:0,(anonymous_9)
FNDA:0,(anonymous_10)
FNDA:0,(anonymous_11)
FNDA:0,(anonymous_12)
FNDA:0,(anonymous_13)
FNDA:0,(anonymous_14)
FNDA:0,(anonymous_15)
FNDA:0,(anonymous_16)
FNDA:0,(anonymous_17)
FNDA:0,(anonymous_18)
FNDA:0,(anonymous_19)
FNDA:0,(anonymous_20)
FNDA:0,(anonymous_21)
FNDA:0,(anonymous_22)
FNDA:0,(anonymous_23)
DA:11,0
DA:12,0
DA:13,0
DA:22,0
DA:23,0
DA:26,0
DA:29,0
DA:30,0
DA:31,0
DA:32,0
DA:33,0
DA:34,0
DA:37,0
DA:45,0
DA:46,0
DA:48,0
DA:49,0
DA:52,0
DA:53,0
DA:55,0
DA:59,0
DA:60,0
DA:62,0
DA:66,0
DA:67,0
DA:69,0
DA:73,0
DA:74,0
DA:76,0
DA:80,0
DA:81,0
DA:83,0
DA:86,0
DA:100,0
DA:107,0
DA:109,0
DA:110,0
DA:116,0
DA:119,0
DA:120,0
DA:126,0
DA:127,0
DA:128,0
DA:131,0
DA:132,0
DA:139,0
DA:140,0
DA:147,0
DA:148,0
DA:155,0
DA:156,0
DA:162,0
DA:171,0
DA:172,0
DA:174,0
DA:175,0
DA:182,0
DA:183,0
DA:184,0
DA:190,0
DA:191,0
DA:194,0
DA:195,0
DA:196,0
DA:197,0
DA:198,0
DA:206,0
DA:207,0
DA:208,0
DA:209,0
DA:210,0
DA:217,0
DA:226,0
DA:227,0
DA:228,0
DA:231,0
DA:232,0
DA:234,0
DA:235,0
DA:237,0
DA:238,0
DA:240,0
DA:241,0
DA:243,0
DA:244,0
DA:250,0
DA:259,0
DA:260,0
DA:262,0
DA:263,0
DA:269,0
DA:271,0
DA:272,0
DA:278,0
DA:279,0
DA:285,0
DA:286,0
DA:292,0
DA:300,0
DA:301,0
DA:303,0
DA:304,0
DA:310,0
DA:313,0
DA:314,0
DA:317,0
DA:318,0
DA:322,0
DA:323,0
DA:324,0
DA:325,0
DA:326,0
DA:327,0
DA:332,0
DA:344,0
DA:345,0
DA:346,0
DA:352,0
DA:354,0
DA:355,0
DA:361,0
DA:362,0
DA:369,0
DA:370,0
DA:371,0
DA:373,0
DA:374,0
DA:375,0
DA:376,0
DA:377,0
DA:378,0
DA:379,0
DA:380,0
DA:384,0
DA:385,0
DA:392,0
DA:401,0
DA:402,0
DA:404,0
DA:405,0
DA:408,0
DA:409,0
DA:410,0
DA:411,0
DA:412,0
DA:414,0
DA:415,0
DA:418,0
DA:419,0
DA:420,0
DA:421,0
DA:422,0
DA:425,0
DA:429,0
DA:438,0
DA:450,0
DA:451,0
DA:452,0
DA:455,0
DA:466,0
DA:467,0
DA:469,0
DA:470,0
DA:471,0
DA:472,0
DA:473,0
DA:474,0
DA:476,0
DA:477,0
DA:478,0
DA:484,0
DA:485,0
DA:486,0
DA:490,0
DA:499,0
DA:501,0
DA:502,0
DA:503,0
DA:504,0
DA:505,0
LF:180
LH:0
BRDA:23,0,0,0
BRDA:23,0,1,0
BRDA:29,1,0,0
BRDA:29,1,1,0
BRDA:32,2,0,0
BRDA:32,2,1,0
BRDA:32,3,0,0
BRDA:32,3,1,0
BRDA:46,4,0,0
BRDA:46,4,1,0
BRDA:52,5,0,0
BRDA:52,5,1,0
BRDA:59,6,0,0
BRDA:59,6,1,0
BRDA:66,7,0,0
BRDA:66,7,1,0
BRDA:73,8,0,0
BRDA:73,8,1,0
BRDA:80,9,0,0
BRDA:80,9,1,0
BRDA:100,10,0,0
BRDA:102,11,0,0
BRDA:103,12,0,0
BRDA:104,13,0,0
BRDA:105,14,0,0
BRDA:106,15,0,0
BRDA:109,16,0,0
BRDA:109,16,1,0
BRDA:112,17,0,0
BRDA:112,17,1,0
BRDA:119,18,0,0
BRDA:119,18,1,0
BRDA:131,19,0,0
BRDA:131,19,1,0
BRDA:131,20,0,0
BRDA:131,20,1,0
BRDA:139,21,0,0
BRDA:139,21,1,0
BRDA:139,22,0,0
BRDA:139,22,1,0
BRDA:147,23,0,0
BRDA:147,23,1,0
BRDA:147,24,0,0
BRDA:147,24,1,0
BRDA:155,25,0,0
BRDA:155,25,1,0
BRDA:155,26,0,0
BRDA:155,26,1,0
BRDA:171,27,0,0
BRDA:172,28,0,0
BRDA:172,29,0,0
BRDA:172,30,0,0
BRDA:174,31,0,0
BRDA:174,31,1,0
BRDA:177,32,0,0
BRDA:177,32,1,0
BRDA:183,33,0,0
BRDA:183,33,1,0
BRDA:194,34,0,0
BRDA:194,34,1,0
BRDA:197,35,0,0
BRDA:197,35,1,0
BRDA:206,36,0,0
BRDA:206,36,1,0
BRDA:209,37,0,0
BRDA:209,37,1,0
BRDA:227,38,0,0
BRDA:227,38,1,0
BRDA:227,39,0,0
BRDA:227,39,1,0
BRDA:234,40,0,0
BRDA:234,40,1,0
BRDA:235,41,0,0
BRDA:235,41,1,0
BRDA:243,42,0,0
BRDA:243,42,1,0
BRDA:259,43,0,0
BRDA:260,44,0,0
BRDA:260,45,0,0
BRDA:260,46,0,0
BRDA:262,47,0,0
BRDA:262,47,1,0
BRDA:262,48,0,0
BRDA:262,48,1,0
BRDA:265,49,0,0
BRDA:265,49,1,0
BRDA:271,50,0,0
BRDA:271,50,1,0
BRDA:278,51,0,0
BRDA:278,51,1,0
BRDA:285,52,0,0
BRDA:285,52,1,0
BRDA:303,53,0,0
BRDA:303,53,1,0
BRDA:303,54,0,0
BRDA:303,54,1,0
BRDA:314,55,0,0
BRDA:314,55,1,0
BRDA:317,56,0,0
BRDA:317,56,1,0
BRDA:324,57,0,0
BRDA:324,57,1,0
BRDA:324,58,0,0
BRDA:324,58,1,0
BRDA:326,59,0,0
BRDA:326,59,1,0
BRDA:345,60,0,0
BRDA:345,60,1,0
BRDA:345,61,0,0
BRDA:345,61,1,0
BRDA:354,62,0,0
BRDA:354,62,1,0
BRDA:354,63,0,0
BRDA:354,63,1,0
BRDA:361,64,0,0
BRDA:361,64,1,0
BRDA:369,65,0,0
BRDA:369,65,1,0
BRDA:375,66,0,0
BRDA:375,66,1,0
BRDA:375,67,0,0
BRDA:375,67,1,0
BRDA:375,67,2,0
BRDA:375,67,3,0
BRDA:384,68,0,0
BRDA:384,68,1,0
BRDA:401,69,0,0
BRDA:404,70,0,0
BRDA:404,70,1,0
BRDA:404,71,0,0
BRDA:404,71,1,0
BRDA:404,71,2,0
BRDA:404,71,3,0
BRDA:418,72,0,0
BRDA:418,72,1,0
BRDA:425,73,0,0
BRDA:425,73,1,0
BRDA:426,74,0,0
BRDA:426,74,1,0
BRDA:426,74,2,0
BRDA:426,74,3,0
BRDA:450,75,0,0
BRDA:450,76,0,0
BRDA:469,77,0,0
BRDA:470,78,0,0
BRDA:470,78,1,0
BRDA:472,79,0,0
BRDA:472,79,1,0
BRDA:472,80,0,0
BRDA:472,80,1,0
BRDA:473,81,0,0
BRDA:473,81,1,0
BRDA:477,82,0,0
BRDA:477,82,1,0
BRDA:484,83,0,0
BRDA:484,83,1,0
BRDA:484,84,0,0
BRDA:484,84,1,0
BRDA:499,85,0,0
BRF:159
BRH:0
end_of_record
TN:
SF:src/utils/wizardDraft.js
FN:20,(anonymous_0)
FN:47,(anonymous_1)
FN:88,(anonymous_2)
FN:102,(anonymous_3)
FN:124,(anonymous_4)
FN:157,(anonymous_5)
FN:160,(anonymous_6)
FN:165,(anonymous_7)
FNF:8
FNH:0
FNDA:0,(anonymous_0)
FNDA:0,(anonymous_1)
FNDA:0,(anonymous_2)
FNDA:0,(anonymous_3)
FNDA:0,(anonymous_4)
FNDA:0,(anonymous_5)
FNDA:0,(anonymous_6)
FNDA:0,(anonymous_7)
DA:10,0
DA:11,0
DA:12,0
DA:20,0
DA:21,0
DA:22,0
DA:28,0
DA:29,0
DA:30,0
DA:32,0
DA:34,0
DA:35,0
DA:36,0
DA:38,0
DA:47,0
DA:48,0
DA:49,0
DA:51,0
DA:52,0
DA:55,0
DA:58,0
DA:59,0
DA:60,0
DA:61,0
DA:65,0
DA:66,0
DA:68,0
DA:69,0
DA:70,0
DA:71,0
DA:74,0
DA:75,0
DA:78,0
DA:80,0
DA:81,0
DA:88,0
DA:89,0
DA:90,0
DA:91,0
DA:93,0
DA:102,0
DA:103,0
DA:104,0
DA:105,0
DA:106,0
DA:110,0
DA:111,0
DA:114,0
DA:115,0
DA:124,0
DA:125,0
DA:126,0
DA:127,0
DA:128,0
DA:131,0
DA:132,0
DA:133,0
DA:135,0
DA:145,0
DA:146,0
DA:157,0
DA:158,0
DA:160,0
DA:161,0
DA:162,0
DA:165,0
DA:166,0
LF:67
LH:0
BRDA:34,0,0,0
BRDA:34,0,1,0
BRDA:51,1,0,0
BRDA:51,1,1,0
BRDA:58,2,0,0
BRDA:58,2,1,0
BRDA:68,3,0,0
BRDA:68,3,1,0
BRDA:105,4,0,0
BRDA:105,4,1,0
BRDA:127,5,0,0
BRDA:127,5,1,0
BRDA:139,6,0,0
BRDA:139,6,1,0
BRDA:140,7,0,0
BRDA:140,7,1,0
BRDA:141,8,0,0
BRDA:141,8,1,0
BRDA:157,9,0,0
BRDA:161,10,0,0
BRDA:161,10,1,0
BRF:21
BRH:0
end_of_record
