<testsuites id="" name="" tests="5" failures="5" skipped="0" errors="0" time="15.385632">
<testsuite name="employee-management/01-employee-crud.spec.ts" timestamp="2025-11-26T17:17:14.357Z" hostname="chromium" tests="1" failures="1" skipped="0" time="12.607" errors="0">
<testcase name="Employee CRUD Operations › 02. Employee Reading (Read) › 02.01 Should display all employees in table" classname="employee-management/01-employee-crud.spec.ts" time="12.607">
<failure message="01-employee-crud.spec.ts:181:9 02.01 Should display all employees in table" type="FAILURE">
<![CDATA[  [chromium] › employee-management/01-employee-crud.spec.ts:181:9 › Employee CRUD Operations › 02. Employee Reading (Read) › 02.01 Should display all employees in table 

    TimeoutError: page.waitForURL: Timeout 10000ms exceeded.
    =========================== logs ===========================
    waiting for navigation until "load"
    ============================================================

       at helpers/employee-helpers.ts:33

      31 |
      32 |     // Wait for navigation to dashboard or employees page
    > 33 |     await this.page.waitForURL(/\/(dashboard|employees)/, { timeout: 10000 });
         |                     ^
      34 |   }
      35 |
      36 |   async loginAsAdmin(): Promise<void> {
        at EmployeeTestHelpers.login (/home/peter/AI-Schedule-Manager/e2e-tests/helpers/employee-helpers.ts:33:21)
        at EmployeeTestHelpers.loginAsAdmin (/home/peter/AI-Schedule-Manager/e2e-tests/helpers/employee-helpers.ts:37:5)
        at /home/peter/AI-Schedule-Manager/e2e-tests/employee-management/01-employee-crud.spec.ts:177:7

    attachment #1: screenshot (image/png) ──────────────────────────────────────────────────────────
    ../test-results/employee-management-01-emp-a6e49-play-all-employees-in-table-chromium/test-failed-1.png
    ────────────────────────────────────────────────────────────────────────────────────────────────

    attachment #2: video (video/webm) ──────────────────────────────────────────────────────────────
    ../test-results/employee-management-01-emp-a6e49-play-all-employees-in-table-chromium/video.webm
    ────────────────────────────────────────────────────────────────────────────────────────────────

    Error Context: ../test-results/employee-management-01-emp-a6e49-play-all-employees-in-table-chromium/error-context.md
]]>
</failure>
<system-out>
<![CDATA[
[[ATTACHMENT|test-results/employee-management-01-emp-a6e49-play-all-employees-in-table-chromium/test-failed-1.png]]

[[ATTACHMENT|test-results/employee-management-01-emp-a6e49-play-all-employees-in-table-chromium/video.webm]]

[[ATTACHMENT|test-results/employee-management-01-emp-a6e49-play-all-employees-in-table-chromium/error-context.md]]
]]>
</system-out>
</testcase>
</testsuite>
<testsuite name="employee-management/01-employee-crud.spec.ts" timestamp="2025-11-26T17:17:14.357Z" hostname="firefox" tests="1" failures="1" skipped="0" time="12.237" errors="0">
<testcase name="Employee CRUD Operations › 02. Employee Reading (Read) › 02.01 Should display all employees in table" classname="employee-management/01-employee-crud.spec.ts" time="12.237">
<failure message="01-employee-crud.spec.ts:181:9 02.01 Should display all employees in table" type="FAILURE">
<![CDATA[  [firefox] › employee-management/01-employee-crud.spec.ts:181:9 › Employee CRUD Operations › 02. Employee Reading (Read) › 02.01 Should display all employees in table 

    TimeoutError: page.waitForURL: Timeout 10000ms exceeded.
    =========================== logs ===========================
    waiting for navigation until "load"
    ============================================================

       at helpers/employee-helpers.ts:33

      31 |
      32 |     // Wait for navigation to dashboard or employees page
    > 33 |     await this.page.waitForURL(/\/(dashboard|employees)/, { timeout: 10000 });
         |                     ^
      34 |   }
      35 |
      36 |   async loginAsAdmin(): Promise<void> {
        at EmployeeTestHelpers.login (/home/peter/AI-Schedule-Manager/e2e-tests/helpers/employee-helpers.ts:33:21)
        at EmployeeTestHelpers.loginAsAdmin (/home/peter/AI-Schedule-Manager/e2e-tests/helpers/employee-helpers.ts:37:5)
        at /home/peter/AI-Schedule-Manager/e2e-tests/employee-management/01-employee-crud.spec.ts:177:7

    attachment #1: screenshot (image/png) ──────────────────────────────────────────────────────────
    ../test-results/employee-management-01-emp-a6e49-play-all-employees-in-table-firefox/test-failed-1.png
    ────────────────────────────────────────────────────────────────────────────────────────────────

    attachment #2: video (video/webm) ──────────────────────────────────────────────────────────────
    ../test-results/employee-management-01-emp-a6e49-play-all-employees-in-table-firefox/video.webm
    ────────────────────────────────────────────────────────────────────────────────────────────────

    Error Context: ../test-results/employee-management-01-emp-a6e49-play-all-employees-in-table-firefox/error-context.md
]]>
</failure>
<system-out>
<![CDATA[
[[ATTACHMENT|test-results/employee-management-01-emp-a6e49-play-all-employees-in-table-firefox/test-failed-1.png]]

[[ATTACHMENT|test-results/employee-management-01-emp-a6e49-play-all-employees-in-table-firefox/video.webm]]

[[ATTACHMENT|test-results/employee-management-01-emp-a6e49-play-all-employees-in-table-firefox/error-context.md]]
]]>
</system-out>
</testcase>
</testsuite>
<testsuite name="employee-management/01-employee-crud.spec.ts" timestamp="2025-11-26T17:17:14.357Z" hostname="webkit" tests="1" failures="1" skipped="0" time="13.806" errors="0">
<testcase name="Employee CRUD Operations › 02. Employee Reading (Read) › 02.01 Should display all employees in table" classname="employee-management/01-employee-crud.spec.ts" time="13.806">
<failure message="01-employee-crud.spec.ts:181:9 02.01 Should display all employees in table" type="FAILURE">
<![CDATA[  [webkit] › employee-management/01-employee-crud.spec.ts:181:9 › Employee CRUD Operations › 02. Employee Reading (Read) › 02.01 Should display all employees in table 

    TimeoutError: page.waitForURL: Timeout 10000ms exceeded.
    =========================== logs ===========================
    waiting for navigation until "load"
    ============================================================

       at helpers/employee-helpers.ts:33

      31 |
      32 |     // Wait for navigation to dashboard or employees page
    > 33 |     await this.page.waitForURL(/\/(dashboard|employees)/, { timeout: 10000 });
         |                     ^
      34 |   }
      35 |
      36 |   async loginAsAdmin(): Promise<void> {
        at EmployeeTestHelpers.login (/home/peter/AI-Schedule-Manager/e2e-tests/helpers/employee-helpers.ts:33:21)
        at EmployeeTestHelpers.loginAsAdmin (/home/peter/AI-Schedule-Manager/e2e-tests/helpers/employee-helpers.ts:37:5)
        at /home/peter/AI-Schedule-Manager/e2e-tests/employee-management/01-employee-crud.spec.ts:177:7

    attachment #1: screenshot (image/png) ──────────────────────────────────────────────────────────
    ../test-results/employee-management-01-emp-a6e49-play-all-employees-in-table-webkit/test-failed-1.png
    ────────────────────────────────────────────────────────────────────────────────────────────────

    attachment #2: video (video/webm) ──────────────────────────────────────────────────────────────
    ../test-results/employee-management-01-emp-a6e49-play-all-employees-in-table-webkit/video.webm
    ────────────────────────────────────────────────────────────────────────────────────────────────

    Error Context: ../test-results/employee-management-01-emp-a6e49-play-all-employees-in-table-webkit/error-context.md
]]>
</failure>
<system-out>
<![CDATA[
[[ATTACHMENT|test-results/employee-management-01-emp-a6e49-play-all-employees-in-table-webkit/test-failed-1.png]]

[[ATTACHMENT|test-results/employee-management-01-emp-a6e49-play-all-employees-in-table-webkit/video.webm]]

[[ATTACHMENT|test-results/employee-management-01-emp-a6e49-play-all-employees-in-table-webkit/error-context.md]]
]]>
</system-out>
</testcase>
</testsuite>
<testsuite name="employee-management/01-employee-crud.spec.ts" timestamp="2025-11-26T17:17:14.357Z" hostname="Mobile Chrome" tests="1" failures="1" skipped="0" time="12.428" errors="0">
<testcase name="Employee CRUD Operations › 02. Employee Reading (Read) › 02.01 Should display all employees in table" classname="employee-management/01-employee-crud.spec.ts" time="12.428">
<failure message="01-employee-crud.spec.ts:181:9 02.01 Should display all employees in table" type="FAILURE">
<![CDATA[  [Mobile Chrome] › employee-management/01-employee-crud.spec.ts:181:9 › Employee CRUD Operations › 02. Employee Reading (Read) › 02.01 Should display all employees in table 

    TimeoutError: page.waitForURL: Timeout 10000ms exceeded.
    =========================== logs ===========================
    waiting for navigation until "load"
    ============================================================

       at helpers/employee-helpers.ts:33

      31 |
      32 |     // Wait for navigation to dashboard or employees page
    > 33 |     await this.page.waitForURL(/\/(dashboard|employees)/, { timeout: 10000 });
         |                     ^
      34 |   }
      35 |
      36 |   async loginAsAdmin(): Promise<void> {
        at EmployeeTestHelpers.login (/home/peter/AI-Schedule-Manager/e2e-tests/helpers/employee-helpers.ts:33:21)
        at EmployeeTestHelpers.loginAsAdmin (/home/peter/AI-Schedule-Manager/e2e-tests/helpers/employee-helpers.ts:37:5)
        at /home/peter/AI-Schedule-Manager/e2e-tests/employee-management/01-employee-crud.spec.ts:177:7

    attachment #1: screenshot (image/png) ──────────────────────────────────────────────────────────
    ../test-results/employee-management-01-emp-a6e49-play-all-employees-in-table-Mobile-Chrome/test-failed-1.png
    ────────────────────────────────────────────────────────────────────────────────────────────────

    attachment #2: video (video/webm) ──────────────────────────────────────────────────────────────
    ../test-results/employee-management-01-emp-a6e49-play-all-employees-in-table-Mobile-Chrome/video.webm
    ────────────────────────────────────────────────────────────────────────────────────────────────

    Error Context: ../test-results/employee-management-01-emp-a6e49-play-all-employees-in-table-Mobile-Chrome/error-context.md
]]>
</failure>
<system-out>
<![CDATA[
[[ATTACHMENT|test-results/employee-management-01-emp-a6e49-play-all-employees-in-table-Mobile-Chrome/test-failed-1.png]]

[[ATTACHMENT|test-results/employee-management-01-emp-a6e49-play-all-employees-in-table-Mobile-Chrome/video.webm]]

[[ATTACHMENT|test-results/employee-management-01-emp-a6e49-play-all-employees-in-table-Mobile-Chrome/error-context.md]]
]]>
</system-out>
</testcase>
</testsuite>
<testsuite name="employee-management/01-employee-crud.spec.ts" timestamp="2025-11-26T17:17:14.357Z" hostname="Mobile Safari" tests="1" failures="1" skipped="0" time="14.076" errors="0">
<testcase name="Employee CRUD Operations › 02. Employee Reading (Read) › 02.01 Should display all employees in table" classname="employee-management/01-employee-crud.spec.ts" time="14.076">
<failure message="01-employee-crud.spec.ts:181:9 02.01 Should display all employees in table" type="FAILURE">
<![CDATA[  [Mobile Safari] › employee-management/01-employee-crud.spec.ts:181:9 › Employee CRUD Operations › 02. Employee Reading (Read) › 02.01 Should display all employees in table 

    TimeoutError: page.waitForURL: Timeout 10000ms exceeded.
    =========================== logs ===========================
    waiting for navigation until "load"
    ============================================================

       at helpers/employee-helpers.ts:33

      31 |
      32 |     // Wait for navigation to dashboard or employees page
    > 33 |     await this.page.waitForURL(/\/(dashboard|employees)/, { timeout: 10000 });
         |                     ^
      34 |   }
      35 |
      36 |   async loginAsAdmin(): Promise<void> {
        at EmployeeTestHelpers.login (/home/peter/AI-Schedule-Manager/e2e-tests/helpers/employee-helpers.ts:33:21)
        at EmployeeTestHelpers.loginAsAdmin (/home/peter/AI-Schedule-Manager/e2e-tests/helpers/employee-helpers.ts:37:5)
        at /home/peter/AI-Schedule-Manager/e2e-tests/employee-management/01-employee-crud.spec.ts:177:7

    attachment #1: screenshot (image/png) ──────────────────────────────────────────────────────────
    ../test-results/employee-management-01-emp-a6e49-play-all-employees-in-table-Mobile-Safari/test-failed-1.png
    ────────────────────────────────────────────────────────────────────────────────────────────────

    attachment #2: video (video/webm) ──────────────────────────────────────────────────────────────
    ../test-results/employee-management-01-emp-a6e49-play-all-employees-in-table-Mobile-Safari/video.webm
    ────────────────────────────────────────────────────────────────────────────────────────────────

    Error Context: ../test-results/employee-management-01-emp-a6e49-play-all-employees-in-table-Mobile-Safari/error-context.md
]]>
</failure>
<system-out>
<![CDATA[
[[ATTACHMENT|test-results/employee-management-01-emp-a6e49-play-all-employees-in-table-Mobile-Safari/test-failed-1.png]]

[[ATTACHMENT|test-results/employee-management-01-emp-a6e49-play-all-employees-in-table-Mobile-Safari/video.webm]]

[[ATTACHMENT|test-results/employee-management-01-emp-a6e49-play-all-employees-in-table-Mobile-Safari/error-context.md]]
]]>
</system-out>
</testcase>
</testsuite>
</testsuites>