<testsuites id="" name="" tests="2" failures="1" skipped="0" errors="0" time="31.234929999999995">
<testsuite name="employee-management/01-employee-crud.spec.ts" timestamp="2025-11-27T03:18:55.905Z" hostname="chromium" tests="2" failures="1" skipped="0" time="44.37" errors="0">
<testcase name="Employee CRUD Operations › 02. Employee Reading (Read) › 02.06 Should filter employees by role" classname="employee-management/01-employee-crud.spec.ts" time="13.638">
</testcase>
<testcase name="Employee CRUD Operations › 02. Employee Reading (Read) › 02.07 Should clear all filters" classname="employee-management/01-employee-crud.spec.ts" time="30.732">
<failure message="01-employee-crud.spec.ts:280:9 02.07 Should clear all filters" type="FAILURE">
<![CDATA[  [chromium] › employee-management/01-employee-crud.spec.ts:280:9 › Employee CRUD Operations › 02. Employee Reading (Read) › 02.07 Should clear all filters 

    Test timeout of 30000ms exceeded.

    Error: locator.click: Test timeout of 30000ms exceeded.
    Call log:
      - waiting for getByRole('button', { name: /add employee/i })


       at helpers/employee-helpers.ts:72

      70 |
      71 |   async openAddEmployeeDialog(): Promise<void> {
    > 72 |     await this.page.getByRole('button', { name: /add employee/i }).click();
         |                                                                    ^
      73 |     // Wait for the specific "Add New Employee" dialog to be visible
      74 |     await this.page.getByRole('heading', { name: /add new employee/i }).waitFor({ state: 'visible' });
      75 |   }
        at EmployeeTestHelpers.openAddEmployeeDialog (/home/peter/AI-Schedule-Manager/e2e-tests/helpers/employee-helpers.ts:72:68)
        at /home/peter/AI-Schedule-Manager/e2e-tests/employee-management/01-employee-crud.spec.ts:291:21

    attachment #1: screenshot (image/png) ──────────────────────────────────────────────────────────
    ../test-results/employee-management-01-emp-35f02-07-Should-clear-all-filters-chromium/test-failed-1.png
    ────────────────────────────────────────────────────────────────────────────────────────────────

    attachment #2: video (video/webm) ──────────────────────────────────────────────────────────────
    ../test-results/employee-management-01-emp-35f02-07-Should-clear-all-filters-chromium/video.webm
    ────────────────────────────────────────────────────────────────────────────────────────────────

    Error Context: ../test-results/employee-management-01-emp-35f02-07-Should-clear-all-filters-chromium/error-context.md
]]>
</failure>
<system-out>
<![CDATA[
[[ATTACHMENT|test-results/employee-management-01-emp-35f02-07-Should-clear-all-filters-chromium/test-failed-1.png]]

[[ATTACHMENT|test-results/employee-management-01-emp-35f02-07-Should-clear-all-filters-chromium/video.webm]]

[[ATTACHMENT|test-results/employee-management-01-emp-35f02-07-Should-clear-all-filters-chromium/error-context.md]]
]]>
</system-out>
</testcase>
</testsuite>
</testsuites>