<testsuites id="" name="" tests="1" failures="1" skipped="0" errors="0" time="75.07493299999999">
<testsuite name="debug-form.spec.ts" timestamp="2025-11-26T19:29:21.474Z" hostname="chromium" tests="1" failures="1" skipped="0" time="74.288" errors="0">
<testcase name="Debug form submission behavior" classname="debug-form.spec.ts" time="74.288">
<failure message="debug-form.spec.ts:3:5 Debug form submission behavior" type="FAILURE">
<![CDATA[  [chromium] › debug-form.spec.ts:3:5 › Debug form submission behavior ─────────────────────────────

    Test timeout of 60000ms exceeded.

    Error: page.goto: net::ERR_ABORTED; maybe frame was detached?
    Call log:
      - navigating to "http://localhost:3000/login", waiting until "load"


       8 |   // Login
       9 |   console.log('[TEST] Logging in...');
    > 10 |   await page.goto('http://localhost:3000/login');
         |              ^
      11 |   await page.getByLabel(/email/i).fill('admin@example.com');
      12 |   await page.getByLabel(/password/i).fill('Admin123!');
      13 |   await page.getByRole('button', { name: /sign in/i }).click();
        at /home/peter/AI-Schedule-Manager/e2e-tests/debug-form.spec.ts:10:14

    attachment #1: video (video/webm) ──────────────────────────────────────────────────────────────
    ../test-results/debug-form-Debug-form-submission-behavior-chromium/video.webm
    ────────────────────────────────────────────────────────────────────────────────────────────────
]]>
</failure>
<system-out>
<![CDATA[[TEST] Logging in...

[[ATTACHMENT|test-results/debug-form-Debug-form-submission-behavior-chromium/video.webm]]
]]>
</system-out>
</testcase>
</testsuite>
</testsuites>