<testsuites id="" name="" tests="1" failures="1" skipped="0" errors="0" time="14.410152999999998">
<testsuite name="employee-management/01-employee-crud.spec.ts" timestamp="2025-11-26T23:13:15.178Z" hostname="chromium" tests="1" failures="1" skipped="0" time="13.548" errors="0">
<testcase name="Employee CRUD Operations › 01. Employee Creation (Create) › 01.01 Should create employee with all required fields" classname="employee-management/01-employee-crud.spec.ts" time="13.548">
<failure message="01-employee-crud.spec.ts:40:9 01.01 Should create employee with all required fields" type="FAILURE">
<![CDATA[  [chromium] › employee-management/01-employee-crud.spec.ts:40:9 › Employee CRUD Operations › 01. Employee Creation (Create) › 01.01 Should create employee with all required fields 

    TimeoutError: locator.waitFor: Timeout 10000ms exceeded.
    Call log:
      - waiting for getByRole('button', { name: /(add|update) employee/i }) to be hidden
        5 × locator resolved to visible <button tabindex="0" type="button" class="MuiButtonBase-root MuiButton-root MuiButton-contained MuiButton-containedPrimary MuiButton-sizeMedium MuiButton-containedSizeMedium MuiButton-colorPrimary MuiButton-root MuiButton-contained MuiButton-containedPrimary MuiButton-sizeMedium MuiButton-containedSizeMedium MuiButton-colorPrimary css-1erfnoi">…</button>
        - locator resolved to visible <button tabindex="0" type="button" class="MuiButtonBase-root MuiButton-root MuiButton-contained MuiButton-containedPrimary MuiButton-sizeMedium MuiButton-containedSizeMedium MuiButton-colorPrimary MuiButton-root MuiButton-contained MuiButton-containedPrimary MuiButton-sizeMedium MuiButton-containedSizeMedium MuiButton-colorPrimary css-1erfnoi">Add Employee</button>
        19 × locator resolved to visible <button tabindex="0" type="button" class="MuiButtonBase-root MuiButton-root MuiButton-contained MuiButton-containedPrimary MuiButton-sizeLarge MuiButton-containedSizeLarge MuiButton-colorPrimary MuiButton-root MuiButton-contained MuiButton-containedPrimary MuiButton-sizeLarge MuiButton-containedSizeLarge MuiButton-colorPrimary css-1ronsc0">…</button>


       at helpers/employee-helpers.ts:131

      129 |     // Only wait for dialog to close if expected (not for validation errors)
      130 |     if (waitForClose) {
    > 131 |       await submitButton.waitFor({ state: 'hidden', timeout: 10000 });
          |                          ^
      132 |     } else {
      133 |       // Small delay to allow form submission to process
      134 |       await this.page.waitForTimeout(500);
        at EmployeeTestHelpers.submitEmployeeForm (/home/peter/AI-Schedule-Manager/e2e-tests/helpers/employee-helpers.ts:131:26)
        at /home/peter/AI-Schedule-Manager/e2e-tests/employee-management/01-employee-crud.spec.ts:50:7

    attachment #1: screenshot (image/png) ──────────────────────────────────────────────────────────
    ../test-results/employee-management-01-emp-bebf6-ee-with-all-required-fields-chromium/test-failed-1.png
    ────────────────────────────────────────────────────────────────────────────────────────────────

    attachment #2: video (video/webm) ──────────────────────────────────────────────────────────────
    ../test-results/employee-management-01-emp-bebf6-ee-with-all-required-fields-chromium/video.webm
    ────────────────────────────────────────────────────────────────────────────────────────────────

    Error Context: ../test-results/employee-management-01-emp-bebf6-ee-with-all-required-fields-chromium/error-context.md
]]>
</failure>
<system-out>
<![CDATA[
[[ATTACHMENT|test-results/employee-management-01-emp-bebf6-ee-with-all-required-fields-chromium/test-failed-1.png]]

[[ATTACHMENT|test-results/employee-management-01-emp-bebf6-ee-with-all-required-fields-chromium/video.webm]]

[[ATTACHMENT|test-results/employee-management-01-emp-bebf6-ee-with-all-required-fields-chromium/error-context.md]]
]]>
</system-out>
</testcase>
</testsuite>
</testsuites>