<testsuites id="" name="" tests="2" failures="2" skipped="0" errors="0" time="9.773466">
<testsuite name="employee-management/01-employee-crud.spec.ts" timestamp="2025-11-26T23:43:34.335Z" hostname="chromium" tests="2" failures="2" skipped="0" time="18.595" errors="0">
<testcase name="Employee CRUD Operations › 03. Employee Updating (Update) › 03.01 Should update employee first name" classname="employee-management/01-employee-crud.spec.ts" time="9.314">
<failure message="01-employee-crud.spec.ts:272:9 03.01 Should update employee first name" type="FAILURE">
<![CDATA[  [chromium] › employee-management/01-employee-crud.spec.ts:272:9 › Employee CRUD Operations › 03. Employee Updating (Update) › 03.01 Should update employee first name 

    Error: Timed out 5000ms waiting for expect(locator).toBeVisible()

    Locator: getByText(/employee updated successfully/i)
    Expected: visible
    Received: <element(s) not found>
    Call log:
      - Expect "toBeVisible" with timeout 5000ms
      - waiting for getByText(/employee updated successfully/i)


       at helpers/employee-helpers.ts:248

      246 |
      247 |   async expectSuccessMessage(message: string): Promise<void> {
    > 248 |     await expect(this.page.getByText(new RegExp(message, 'i'))).toBeVisible({ timeout: 5000 });
          |                                                                 ^
      249 |   }
      250 |
      251 |   async expectErrorMessage(message: string): Promise<void> {
        at EmployeeTestHelpers.expectSuccessMessage (/home/peter/AI-Schedule-Manager/e2e-tests/helpers/employee-helpers.ts:248:65)
        at /home/peter/AI-Schedule-Manager/e2e-tests/employee-management/01-employee-crud.spec.ts:290:21

    attachment #1: screenshot (image/png) ──────────────────────────────────────────────────────────
    ../test-results/employee-management-01-emp-c9631--update-employee-first-name-chromium/test-failed-1.png
    ────────────────────────────────────────────────────────────────────────────────────────────────

    attachment #2: video (video/webm) ──────────────────────────────────────────────────────────────
    ../test-results/employee-management-01-emp-c9631--update-employee-first-name-chromium/video.webm
    ────────────────────────────────────────────────────────────────────────────────────────────────

    Error Context: ../test-results/employee-management-01-emp-c9631--update-employee-first-name-chromium/error-context.md
]]>
</failure>
<system-out>
<![CDATA[
[[ATTACHMENT|test-results/employee-management-01-emp-c9631--update-employee-first-name-chromium/test-failed-1.png]]

[[ATTACHMENT|test-results/employee-management-01-emp-c9631--update-employee-first-name-chromium/video.webm]]

[[ATTACHMENT|test-results/employee-management-01-emp-c9631--update-employee-first-name-chromium/error-context.md]]
]]>
</system-out>
</testcase>
<testcase name="Employee CRUD Operations › 03. Employee Updating (Update) › 03.02 Should update employee last name" classname="employee-management/01-employee-crud.spec.ts" time="9.281">
<failure message="01-employee-crud.spec.ts:295:9 03.02 Should update employee last name" type="FAILURE">
<![CDATA[  [chromium] › employee-management/01-employee-crud.spec.ts:295:9 › Employee CRUD Operations › 03. Employee Updating (Update) › 03.02 Should update employee last name 

    Error: Timed out 5000ms waiting for expect(locator).toBeVisible()

    Locator: getByText(/employee updated successfully/i)
    Expected: visible
    Received: <element(s) not found>
    Call log:
      - Expect "toBeVisible" with timeout 5000ms
      - waiting for getByText(/employee updated successfully/i)


       at helpers/employee-helpers.ts:248

      246 |
      247 |   async expectSuccessMessage(message: string): Promise<void> {
    > 248 |     await expect(this.page.getByText(new RegExp(message, 'i'))).toBeVisible({ timeout: 5000 });
          |                                                                 ^
      249 |   }
      250 |
      251 |   async expectErrorMessage(message: string): Promise<void> {
        at EmployeeTestHelpers.expectSuccessMessage (/home/peter/AI-Schedule-Manager/e2e-tests/helpers/employee-helpers.ts:248:65)
        at /home/peter/AI-Schedule-Manager/e2e-tests/employee-management/01-employee-crud.spec.ts:313:21

    attachment #1: screenshot (image/png) ──────────────────────────────────────────────────────────
    ../test-results/employee-management-01-emp-a4cd5-d-update-employee-last-name-chromium/test-failed-1.png
    ────────────────────────────────────────────────────────────────────────────────────────────────

    attachment #2: video (video/webm) ──────────────────────────────────────────────────────────────
    ../test-results/employee-management-01-emp-a4cd5-d-update-employee-last-name-chromium/video.webm
    ────────────────────────────────────────────────────────────────────────────────────────────────

    Error Context: ../test-results/employee-management-01-emp-a4cd5-d-update-employee-last-name-chromium/error-context.md
]]>
</failure>
<system-out>
<![CDATA[
[[ATTACHMENT|test-results/employee-management-01-emp-a4cd5-d-update-employee-last-name-chromium/test-failed-1.png]]

[[ATTACHMENT|test-results/employee-management-01-emp-a4cd5-d-update-employee-last-name-chromium/video.webm]]

[[ATTACHMENT|test-results/employee-management-01-emp-a4cd5-d-update-employee-last-name-chromium/error-context.md]]
]]>
</system-out>
</testcase>
</testsuite>
</testsuites>