<testsuites id="" name="" tests="1" failures="0" skipped="0" errors="0" time="3.233898">
<testsuite name="employee-management/01-employee-crud.spec.ts" timestamp="2025-11-26T21:25:03.316Z" hostname="chromium" tests="1" failures="0" skipped="0" time="2.764" errors="0">
<testcase name="Employee CRUD Operations › 01. Employee Creation (Create) › 01.01 Should create employee with all required fields" classname="employee-management/01-employee-crud.spec.ts" time="2.764">
</testcase>
</testsuite>
</testsuites>