<testsuites id="" name="" tests="1" failures="0" skipped="0" errors="0" time="3.971638">
<testsuite name="employee-management/01-employee-crud.spec.ts" timestamp="2025-11-26T23:27:59.663Z" hostname="chromium" tests="1" failures="0" skipped="0" time="3.372" errors="0">
<testcase name="Employee CRUD Operations › 01. Employee Creation (Create) › 01.02 Should create employee with all extended fields" classname="employee-management/01-employee-crud.spec.ts" time="3.372">
</testcase>
</testsuite>
</testsuites>