<testsuites id="" name="" tests="1" failures="0" skipped="0" errors="0" time="4.32298">
<testsuite name="employee-management/01-employee-crud.spec.ts" timestamp="2025-11-27T01:27:38.913Z" hostname="chromium" tests="1" failures="0" skipped="0" time="3.662" errors="0">
<testcase name="Employee CRUD Operations › 01. Employee Creation (Create) › 01.08 Should validate max hours per week (1-168)" classname="employee-management/01-employee-crud.spec.ts" time="3.662">
</testcase>
</testsuite>
</testsuites>