{"meta": {"format": 3, "version": "7.10.6", "timestamp": "2025-11-21T10:55:46.041080", "branch_coverage": false, "show_contexts": false}, "files": {"src/__init__.py": {"executed_lines": [0], "summary": {"covered_lines": 0, "num_statements": 0, "percent_covered": 100.0, "percent_covered_display": "100", "missing_lines": 0, "excluded_lines": 0}, "missing_lines": [], "excluded_lines": [], "functions": {"": {"executed_lines": [], "summary": {"covered_lines": 0, "num_statements": 0, "percent_covered": 100.0, "percent_covered_display": "100", "missing_lines": 0, "excluded_lines": 0}, "missing_lines": [], "excluded_lines": []}}, "classes": {"": {"executed_lines": [], "summary": {"covered_lines": 0, "num_statements": 0, "percent_covered": 100.0, "percent_covered_display": "100", "missing_lines": 0, "excluded_lines": 0}, "missing_lines": [], "excluded_lines": []}}}, "src/api/__init__.py": {"executed_lines": [0], "summary": {"covered_lines": 0, "num_statements": 0, "percent_covered": 100.0, "percent_covered_display": "100", "missing_lines": 0, "excluded_lines": 0}, "missing_lines": [], "excluded_lines": [], "functions": {"": {"executed_lines": [], "summary": {"covered_lines": 0, "num_statements": 0, "percent_covered": 100.0, "percent_covered_display": "100", "missing_lines": 0, "excluded_lines": 0}, "missing_lines": [], "excluded_lines": []}}, "classes": {"": {"executed_lines": [], "summary": {"covered_lines": 0, "num_statements": 0, "percent_covered": 100.0, "percent_covered_display": "100", "missing_lines": 0, "excluded_lines": 0}, "missing_lines": [], "excluded_lines": []}}}, "src/api/analytics.py": {"executed_lines": [1, 5, 6, 8, 9, 10, 12, 13, 14, 22, 25, 26, 94, 95, 148, 149, 190, 191], "summary": {"covered_lines": 17, "num_statements": 69, "percent_covered": 24.63768115942029, "percent_covered_display": "25", "missing_lines": 52, "excluded_lines": 0}, "missing_lines": [30, 32, 35, 41, 47, 50, 52, 59, 62, 73, 75, 82, 84, 85, 102, 103, 104, 105, 106, 109, 110, 113, 116, 131, 134, 135, 136, 137, 138, 140, 142, 143, 145, 155, 158, 163, 171, 174, 177, 181, 183, 197, 200, 210, 213, 215, 222, 225, 236, 237, 240, 242], "excluded_lines": [], "functions": {"get_analytics_overview": {"executed_lines": [], "summary": {"covered_lines": 0, "num_statements": 14, "percent_covered": 0.0, "percent_covered_display": "0", "missing_lines": 14, "excluded_lines": 0}, "missing_lines": [30, 32, 35, 41, 47, 50, 52, 59, 62, 73, 75, 82, 84, 85], "excluded_lines": []}, "get_labor_costs": {"executed_lines": [], "summary": {"covered_lines": 0, "num_statements": 19, "percent_covered": 0.0, "percent_covered_display": "0", "missing_lines": 19, "excluded_lines": 0}, "missing_lines": [102, 103, 104, 105, 106, 109, 110, 113, 116, 131, 134, 135, 136, 137, 138, 140, 142, 143, 145], "excluded_lines": []}, "get_performance_metrics": {"executed_lines": [], "summary": {"covered_lines": 0, "num_statements": 8, "percent_covered": 0.0, "percent_covered_display": "0", "missing_lines": 8, "excluded_lines": 0}, "missing_lines": [155, 158, 163, 171, 174, 177, 181, 183], "excluded_lines": []}, "get_efficiency_metrics": {"executed_lines": [], "summary": {"covered_lines": 0, "num_statements": 11, "percent_covered": 0.0, "percent_covered_display": "0", "missing_lines": 11, "excluded_lines": 0}, "missing_lines": [197, 200, 210, 213, 215, 222, 225, 236, 237, 240, 242], "excluded_lines": []}, "": {"executed_lines": [1, 5, 6, 8, 9, 10, 12, 13, 14, 22, 25, 26, 94, 95, 148, 149, 190, 191], "summary": {"covered_lines": 17, "num_statements": 17, "percent_covered": 100.0, "percent_covered_display": "100", "missing_lines": 0, "excluded_lines": 0}, "missing_lines": [], "excluded_lines": []}}, "classes": {"": {"executed_lines": [1, 5, 6, 8, 9, 10, 12, 13, 14, 22, 25, 26, 94, 95, 148, 149, 190, 191], "summary": {"covered_lines": 17, "num_statements": 69, "percent_covered": 24.63768115942029, "percent_covered_display": "25", "missing_lines": 52, "excluded_lines": 0}, "missing_lines": [30, 32, 35, 41, 47, 50, 52, 59, 62, 73, 75, 82, 84, 85, 102, 103, 104, 105, 106, 109, 110, 113, 116, 131, 134, 135, 136, 137, 138, 140, 142, 143, 145, 155, 158, 163, 171, 174, 177, 181, 183, 197, 200, 210, 213, 215, 222, 225, 236, 237, 240, 242], "excluded_lines": []}}}, "src/api/assignments.py": {"executed_lines": [1, 8, 9, 11, 12, 13, 14, 16, 17, 18, 19, 20, 21, 32, 35, 36, 192, 193, 391, 392, 425, 426, 508, 509, 542, 543, 595, 596, 644, 645], "summary": {"covered_lines": 29, "num_statements": 274, "percent_covered": 10.583941605839415, "percent_covered_display": "11", "missing_lines": 245, "excluded_lines": 0}, "missing_lines": [52, 54, 55, 56, 58, 59, 63, 64, 70, 71, 72, 74, 75, 79, 80, 86, 91, 92, 94, 95, 100, 107, 108, 110, 111, 117, 129, 130, 132, 133, 134, 135, 139, 140, 146, 147, 148, 151, 164, 165, 166, 169, 178, 179, 181, 183, 184, 185, 186, 187, 204, 206, 207, 208, 210, 211, 215, 216, 221, 222, 225, 226, 228, 229, 230, 232, 233, 234, 237, 248, 249, 252, 253, 254, 255, 256, 259, 260, 262, 263, 264, 272, 274, 275, 283, 286, 287, 288, 296, 299, 300, 301, 302, 303, 305, 306, 314, 317, 318, 319, 327, 330, 343, 344, 346, 347, 357, 358, 361, 362, 371, 372, 374, 382, 383, 384, 385, 386, 396, 397, 407, 408, 410, 411, 415, 417, 418, 419, 420, 433, 435, 444, 445, 447, 448, 453, 454, 460, 463, 464, 465, 468, 469, 470, 472, 473, 478, 479, 480, 482, 483, 486, 487, 488, 491, 492, 494, 495, 497, 499, 500, 501, 502, 503, 513, 514, 515, 516, 518, 519, 524, 525, 530, 531, 533, 534, 535, 536, 537, 550, 551, 560, 561, 563, 564, 569, 570, 571, 574, 575, 576, 578, 579, 581, 582, 584, 586, 587, 588, 589, 590, 603, 604, 613, 614, 616, 617, 622, 623, 624, 627, 628, 629, 631, 633, 635, 636, 637, 638, 639, 658, 659, 666, 667, 668, 669, 670, 671, 672, 673, 674, 676, 677, 680, 681, 682, 683, 684, 685, 688, 690, 691, 693, 695, 696], "excluded_lines": [], "functions": {"create_assignment": {"executed_lines": [], "summary": {"covered_lines": 0, "num_statements": 50, "percent_covered": 0.0, "percent_covered_display": "0", "missing_lines": 50, "excluded_lines": 0}, "missing_lines": [52, 54, 55, 56, 58, 59, 63, 64, 70, 71, 72, 74, 75, 79, 80, 86, 91, 92, 94, 95, 100, 107, 108, 110, 111, 117, 129, 130, 132, 133, 134, 135, 139, 140, 146, 147, 148, 151, 164, 165, 166, 169, 178, 179, 181, 183, 184, 185, 186, 187], "excluded_lines": []}, "bulk_create_assignments": {"executed_lines": [], "summary": {"covered_lines": 0, "num_statements": 68, "percent_covered": 0.0, "percent_covered_display": "0", "missing_lines": 68, "excluded_lines": 0}, "missing_lines": [204, 206, 207, 208, 210, 211, 215, 216, 221, 222, 225, 226, 228, 229, 230, 232, 233, 234, 237, 248, 249, 252, 253, 254, 255, 256, 259, 260, 262, 263, 264, 272, 274, 275, 283, 286, 287, 288, 296, 299, 300, 301, 302, 303, 305, 306, 314, 317, 318, 319, 327, 330, 343, 344, 346, 347, 357, 358, 361, 362, 371, 372, 374, 382, 383, 384, 385, 386], "excluded_lines": []}, "get_assignment": {"executed_lines": [], "summary": {"covered_lines": 0, "num_statements": 11, "percent_covered": 0.0, "percent_covered_display": "0", "missing_lines": 11, "excluded_lines": 0}, "missing_lines": [396, 397, 407, 408, 410, 411, 415, 417, 418, 419, 420], "excluded_lines": []}, "update_assignment": {"executed_lines": [], "summary": {"covered_lines": 0, "num_statements": 35, "percent_covered": 0.0, "percent_covered_display": "0", "missing_lines": 35, "excluded_lines": 0}, "missing_lines": [433, 435, 444, 445, 447, 448, 453, 454, 460, 463, 464, 465, 468, 469, 470, 472, 473, 478, 479, 480, 482, 483, 486, 487, 488, 491, 492, 494, 495, 497, 499, 500, 501, 502, 503], "excluded_lines": []}, "delete_assignment": {"executed_lines": [], "summary": {"covered_lines": 0, "num_statements": 15, "percent_covered": 0.0, "percent_covered_display": "0", "missing_lines": 15, "excluded_lines": 0}, "missing_lines": [513, 514, 515, 516, 518, 519, 524, 525, 530, 531, 533, 534, 535, 536, 537], "excluded_lines": []}, "confirm_assignment": {"executed_lines": [], "summary": {"covered_lines": 0, "num_statements": 22, "percent_covered": 0.0, "percent_covered_display": "0", "missing_lines": 22, "excluded_lines": 0}, "missing_lines": [550, 551, 560, 561, 563, 564, 569, 570, 571, 574, 575, 576, 578, 579, 581, 582, 584, 586, 587, 588, 589, 590], "excluded_lines": []}, "decline_assignment": {"executed_lines": [], "summary": {"covered_lines": 0, "num_statements": 19, "percent_covered": 0.0, "percent_covered_display": "0", "missing_lines": 19, "excluded_lines": 0}, "missing_lines": [603, 604, 613, 614, 616, 617, 622, 623, 624, 627, 628, 629, 631, 633, 635, 636, 637, 638, 639], "excluded_lines": []}, "list_assignments": {"executed_lines": [], "summary": {"covered_lines": 0, "num_statements": 25, "percent_covered": 0.0, "percent_covered_display": "0", "missing_lines": 25, "excluded_lines": 0}, "missing_lines": [658, 659, 666, 667, 668, 669, 670, 671, 672, 673, 674, 676, 677, 680, 681, 682, 683, 684, 685, 688, 690, 691, 693, 695, 696], "excluded_lines": []}, "": {"executed_lines": [1, 8, 9, 11, 12, 13, 14, 16, 17, 18, 19, 20, 21, 32, 35, 36, 192, 193, 391, 392, 425, 426, 508, 509, 542, 543, 595, 596, 644, 645], "summary": {"covered_lines": 29, "num_statements": 29, "percent_covered": 100.0, "percent_covered_display": "100", "missing_lines": 0, "excluded_lines": 0}, "missing_lines": [], "excluded_lines": []}}, "classes": {"": {"executed_lines": [1, 8, 9, 11, 12, 13, 14, 16, 17, 18, 19, 20, 21, 32, 35, 36, 192, 193, 391, 392, 425, 426, 508, 509, 542, 543, 595, 596, 644, 645], "summary": {"covered_lines": 29, "num_statements": 274, "percent_covered": 10.583941605839415, "percent_covered_display": "11", "missing_lines": 245, "excluded_lines": 0}, "missing_lines": [52, 54, 55, 56, 58, 59, 63, 64, 70, 71, 72, 74, 75, 79, 80, 86, 91, 92, 94, 95, 100, 107, 108, 110, 111, 117, 129, 130, 132, 133, 134, 135, 139, 140, 146, 147, 148, 151, 164, 165, 166, 169, 178, 179, 181, 183, 184, 185, 186, 187, 204, 206, 207, 208, 210, 211, 215, 216, 221, 222, 225, 226, 228, 229, 230, 232, 233, 234, 237, 248, 249, 252, 253, 254, 255, 256, 259, 260, 262, 263, 264, 272, 274, 275, 283, 286, 287, 288, 296, 299, 300, 301, 302, 303, 305, 306, 314, 317, 318, 319, 327, 330, 343, 344, 346, 347, 357, 358, 361, 362, 371, 372, 374, 382, 383, 384, 385, 386, 396, 397, 407, 408, 410, 411, 415, 417, 418, 419, 420, 433, 435, 444, 445, 447, 448, 453, 454, 460, 463, 464, 465, 468, 469, 470, 472, 473, 478, 479, 480, 482, 483, 486, 487, 488, 491, 492, 494, 495, 497, 499, 500, 501, 502, 503, 513, 514, 515, 516, 518, 519, 524, 525, 530, 531, 533, 534, 535, 536, 537, 550, 551, 560, 561, 563, 564, 569, 570, 571, 574, 575, 576, 578, 579, 581, 582, 584, 586, 587, 588, 589, 590, 603, 604, 613, 614, 616, 617, 622, 623, 624, 627, 628, 629, 631, 633, 635, 636, 637, 638, 639, 658, 659, 666, 667, 668, 669, 670, 671, 672, 673, 674, 676, 677, 680, 681, 682, 683, 684, 685, 688, 690, 691, 693, 695, 696], "excluded_lines": []}}}, "src/api/data_io.py": {"executed_lines": [1, 5, 6, 7, 8, 10, 11, 12, 14, 15, 16, 17, 18, 19, 20, 22, 23, 26, 27, 28, 32, 33, 75, 76, 117, 118, 159, 160, 195, 196, 217, 218, 243, 244, 276, 277, 319, 320, 336, 337, 362, 363, 382, 383, 398, 399, 427, 428, 444, 445, 460, 461, 472, 473], "summary": {"covered_lines": 53, "num_statements": 210, "percent_covered": 25.238095238095237, "percent_covered_display": "25", "missing_lines": 157, "excluded_lines": 0}, "missing_lines": [42, 43, 44, 45, 46, 47, 49, 54, 60, 62, 64, 70, 71, 72, 86, 87, 88, 89, 91, 95, 102, 104, 106, 112, 113, 114, 127, 128, 129, 130, 131, 132, 134, 138, 144, 146, 148, 154, 155, 156, 168, 169, 173, 179, 181, 183, 189, 190, 191, 198, 199, 203, 212, 213, 214, 225, 226, 227, 229, 230, 232, 236, 238, 239, 240, 251, 252, 253, 255, 256, 259, 262, 263, 265, 271, 272, 273, 287, 288, 289, 291, 292, 294, 297, 298, 299, 300, 301, 302, 304, 307, 309, 314, 315, 316, 322, 323, 325, 326, 328, 330, 331, 332, 345, 346, 350, 357, 358, 359, 370, 371, 373, 377, 378, 379, 385, 386, 388, 389, 391, 393, 394, 395, 407, 408, 415, 422, 423, 424, 430, 431, 433, 434, 436, 438, 439, 440, 447, 448, 450, 451, 453, 455, 456, 457, 463, 464, 465, 467, 468, 469, 475, 476, 477, 479, 480, 481], "excluded_lines": [], "functions": {"export_employees": {"executed_lines": [], "summary": {"covered_lines": 0, "num_statements": 14, "percent_covered": 0.0, "percent_covered_display": "0", "missing_lines": 14, "excluded_lines": 0}, "missing_lines": [42, 43, 44, 45, 46, 47, 49, 54, 60, 62, 64, 70, 71, 72], "excluded_lines": []}, "export_schedules": {"executed_lines": [], "summary": {"covered_lines": 0, "num_statements": 12, "percent_covered": 0.0, "percent_covered_display": "0", "missing_lines": 12, "excluded_lines": 0}, "missing_lines": [86, 87, 88, 89, 91, 95, 102, 104, 106, 112, 113, 114], "excluded_lines": []}, "export_rules": {"executed_lines": [], "summary": {"covered_lines": 0, "num_statements": 14, "percent_covered": 0.0, "percent_covered_display": "0", "missing_lines": 14, "excluded_lines": 0}, "missing_lines": [127, 128, 129, 130, 131, 132, 134, 138, 144, 146, 148, 154, 155, 156], "excluded_lines": []}, "export_analytics_report": {"executed_lines": [], "summary": {"covered_lines": 0, "num_statements": 9, "percent_covered": 0.0, "percent_covered_display": "0", "missing_lines": 9, "excluded_lines": 0}, "missing_lines": [168, 169, 173, 179, 181, 183, 189, 190, 191], "excluded_lines": []}, "upload_import_file": {"executed_lines": [], "summary": {"covered_lines": 0, "num_statements": 6, "percent_covered": 0.0, "percent_covered_display": "0", "missing_lines": 6, "excluded_lines": 0}, "missing_lines": [198, 199, 203, 212, 213, 214], "excluded_lines": []}, "preview_import_data": {"executed_lines": [], "summary": {"covered_lines": 0, "num_statements": 10, "percent_covered": 0.0, "percent_covered_display": "0", "missing_lines": 10, "excluded_lines": 0}, "missing_lines": [225, 226, 227, 229, 230, 232, 236, 238, 239, 240], "excluded_lines": []}, "validate_import_data": {"executed_lines": [], "summary": {"covered_lines": 0, "num_statements": 12, "percent_covered": 0.0, "percent_covered_display": "0", "missing_lines": 12, "excluded_lines": 0}, "missing_lines": [251, 252, 253, 255, 256, 259, 262, 263, 265, 271, 272, 273], "excluded_lines": []}, "execute_import": {"executed_lines": [], "summary": {"covered_lines": 0, "num_statements": 18, "percent_covered": 0.0, "percent_covered_display": "0", "missing_lines": 18, "excluded_lines": 0}, "missing_lines": [287, 288, 289, 291, 292, 294, 297, 298, 299, 300, 301, 302, 304, 307, 309, 314, 315, 316], "excluded_lines": []}, "get_import_progress": {"executed_lines": [], "summary": {"covered_lines": 0, "num_statements": 8, "percent_covered": 0.0, "percent_covered_display": "0", "missing_lines": 8, "excluded_lines": 0}, "missing_lines": [322, 323, 325, 326, 328, 330, 331, 332], "excluded_lines": []}, "create_backup": {"executed_lines": [], "summary": {"covered_lines": 0, "num_statements": 6, "percent_covered": 0.0, "percent_covered_display": "0", "missing_lines": 6, "excluded_lines": 0}, "missing_lines": [345, 346, 350, 357, 358, 359], "excluded_lines": []}, "list_backups": {"executed_lines": [], "summary": {"covered_lines": 0, "num_statements": 6, "percent_covered": 0.0, "percent_covered_display": "0", "missing_lines": 6, "excluded_lines": 0}, "missing_lines": [370, 371, 373, 377, 378, 379], "excluded_lines": []}, "get_backup_status": {"executed_lines": [], "summary": {"covered_lines": 0, "num_statements": 8, "percent_covered": 0.0, "percent_covered_display": "0", "missing_lines": 8, "excluded_lines": 0}, "missing_lines": [385, 386, 388, 389, 391, 393, 394, 395], "excluded_lines": []}, "restore_backup": {"executed_lines": [], "summary": {"covered_lines": 0, "num_statements": 6, "percent_covered": 0.0, "percent_covered_display": "0", "missing_lines": 6, "excluded_lines": 0}, "missing_lines": [407, 408, 415, 422, 423, 424], "excluded_lines": []}, "delete_backup": {"executed_lines": [], "summary": {"covered_lines": 0, "num_statements": 8, "percent_covered": 0.0, "percent_covered_display": "0", "missing_lines": 8, "excluded_lines": 0}, "missing_lines": [430, 431, 433, 434, 436, 438, 439, 440], "excluded_lines": []}, "get_file_info": {"executed_lines": [], "summary": {"covered_lines": 0, "num_statements": 8, "percent_covered": 0.0, "percent_covered_display": "0", "missing_lines": 8, "excluded_lines": 0}, "missing_lines": [447, 448, 450, 451, 453, 455, 456, 457], "excluded_lines": []}, "delete_file": {"executed_lines": [], "summary": {"covered_lines": 0, "num_statements": 6, "percent_covered": 0.0, "percent_covered_display": "0", "missing_lines": 6, "excluded_lines": 0}, "missing_lines": [463, 464, 465, 467, 468, 469], "excluded_lines": []}, "cleanup_expired_files": {"executed_lines": [], "summary": {"covered_lines": 0, "num_statements": 6, "percent_covered": 0.0, "percent_covered_display": "0", "missing_lines": 6, "excluded_lines": 0}, "missing_lines": [475, 476, 477, 479, 480, 481], "excluded_lines": []}, "": {"executed_lines": [1, 5, 6, 7, 8, 10, 11, 12, 14, 15, 16, 17, 18, 19, 20, 22, 23, 26, 27, 28, 32, 33, 75, 76, 117, 118, 159, 160, 195, 196, 217, 218, 243, 244, 276, 277, 319, 320, 336, 337, 362, 363, 382, 383, 398, 399, 427, 428, 444, 445, 460, 461, 472, 473], "summary": {"covered_lines": 53, "num_statements": 53, "percent_covered": 100.0, "percent_covered_display": "100", "missing_lines": 0, "excluded_lines": 0}, "missing_lines": [], "excluded_lines": []}}, "classes": {"": {"executed_lines": [1, 5, 6, 7, 8, 10, 11, 12, 14, 15, 16, 17, 18, 19, 20, 22, 23, 26, 27, 28, 32, 33, 75, 76, 117, 118, 159, 160, 195, 196, 217, 218, 243, 244, 276, 277, 319, 320, 336, 337, 362, 363, 382, 383, 398, 399, 427, 428, 444, 445, 460, 461, 472, 473], "summary": {"covered_lines": 53, "num_statements": 210, "percent_covered": 25.238095238095237, "percent_covered_display": "25", "missing_lines": 157, "excluded_lines": 0}, "missing_lines": [42, 43, 44, 45, 46, 47, 49, 54, 60, 62, 64, 70, 71, 72, 86, 87, 88, 89, 91, 95, 102, 104, 106, 112, 113, 114, 127, 128, 129, 130, 131, 132, 134, 138, 144, 146, 148, 154, 155, 156, 168, 169, 173, 179, 181, 183, 189, 190, 191, 198, 199, 203, 212, 213, 214, 225, 226, 227, 229, 230, 232, 236, 238, 239, 240, 251, 252, 253, 255, 256, 259, 262, 263, 265, 271, 272, 273, 287, 288, 289, 291, 292, 294, 297, 298, 299, 300, 301, 302, 304, 307, 309, 314, 315, 316, 322, 323, 325, 326, 328, 330, 331, 332, 345, 346, 350, 357, 358, 359, 370, 371, 373, 377, 378, 379, 385, 386, 388, 389, 391, 393, 394, 395, 407, 408, 415, 422, 423, 424, 430, 431, 433, 434, 436, 438, 439, 440, 447, 448, 450, 451, 453, 455, 456, 457, 463, 464, 465, 467, 468, 469, 475, 476, 477, 479, 480, 481], "excluded_lines": []}}}, "src/api/departments.py": {"executed_lines": [1, 5, 6, 8, 9, 11, 12, 23, 25, 27, 30, 31, 74, 75, 91, 92, 124, 125, 161, 162, 204, 205, 233, 234, 262, 263, 285, 286, 307, 308], "summary": {"covered_lines": 29, "num_statements": 99, "percent_covered": 29.292929292929294, "percent_covered_display": "29", "missing_lines": 70, "excluded_lines": 0}, "missing_lines": [53, 55, 67, 69, 85, 86, 87, 88, 109, 110, 111, 112, 114, 115, 116, 117, 118, 119, 120, 121, 137, 138, 139, 142, 144, 145, 147, 148, 149, 151, 152, 153, 154, 155, 156, 157, 158, 179, 180, 181, 184, 186, 187, 200, 201, 218, 219, 220, 222, 223, 226, 228, 247, 248, 249, 251, 252, 255, 257, 280, 281, 282, 302, 303, 304, 323, 324, 326, 327, 329], "excluded_lines": [], "functions": {"get_departments": {"executed_lines": [], "summary": {"covered_lines": 0, "num_statements": 4, "percent_covered": 0.0, "percent_covered_display": "0", "missing_lines": 4, "excluded_lines": 0}, "missing_lines": [53, 55, 67, 69], "excluded_lines": []}, "get_department": {"executed_lines": [], "summary": {"covered_lines": 0, "num_statements": 4, "percent_covered": 0.0, "percent_covered_display": "0", "missing_lines": 4, "excluded_lines": 0}, "missing_lines": [85, 86, 87, 88], "excluded_lines": []}, "create_department": {"executed_lines": [], "summary": {"covered_lines": 0, "num_statements": 12, "percent_covered": 0.0, "percent_covered_display": "0", "missing_lines": 12, "excluded_lines": 0}, "missing_lines": [109, 110, 111, 112, 114, 115, 116, 117, 118, 119, 120, 121], "excluded_lines": []}, "update_department": {"executed_lines": [], "summary": {"covered_lines": 0, "num_statements": 17, "percent_covered": 0.0, "percent_covered_display": "0", "missing_lines": 17, "excluded_lines": 0}, "missing_lines": [137, 138, 139, 142, 144, 145, 147, 148, 149, 151, 152, 153, 154, 155, 156, 157, 158], "excluded_lines": []}, "delete_department": {"executed_lines": [], "summary": {"covered_lines": 0, "num_statements": 8, "percent_covered": 0.0, "percent_covered_display": "0", "missing_lines": 8, "excluded_lines": 0}, "missing_lines": [179, 180, 181, 184, 186, 187, 200, 201], "excluded_lines": []}, "get_department_staff": {"executed_lines": [], "summary": {"covered_lines": 0, "num_statements": 7, "percent_covered": 0.0, "percent_covered_display": "0", "missing_lines": 7, "excluded_lines": 0}, "missing_lines": [218, 219, 220, 222, 223, 226, 228], "excluded_lines": []}, "get_department_shifts": {"executed_lines": [], "summary": {"covered_lines": 0, "num_statements": 7, "percent_covered": 0.0, "percent_covered_display": "0", "missing_lines": 7, "excluded_lines": 0}, "missing_lines": [247, 248, 249, 251, 252, 255, 257], "excluded_lines": []}, "get_departments_analytics": {"executed_lines": [], "summary": {"covered_lines": 0, "num_statements": 3, "percent_covered": 0.0, "percent_covered_display": "0", "missing_lines": 3, "excluded_lines": 0}, "missing_lines": [280, 281, 282], "excluded_lines": []}, "get_employee_distribution": {"executed_lines": [], "summary": {"covered_lines": 0, "num_statements": 3, "percent_covered": 0.0, "percent_covered_display": "0", "missing_lines": 3, "excluded_lines": 0}, "missing_lines": [302, 303, 304], "excluded_lines": []}, "get_department_analytics": {"executed_lines": [], "summary": {"covered_lines": 0, "num_statements": 5, "percent_covered": 0.0, "percent_covered_display": "0", "missing_lines": 5, "excluded_lines": 0}, "missing_lines": [323, 324, 326, 327, 329], "excluded_lines": []}, "": {"executed_lines": [1, 5, 6, 8, 9, 11, 12, 23, 25, 27, 30, 31, 74, 75, 91, 92, 124, 125, 161, 162, 204, 205, 233, 234, 262, 263, 285, 286, 307, 308], "summary": {"covered_lines": 29, "num_statements": 29, "percent_covered": 100.0, "percent_covered_display": "100", "missing_lines": 0, "excluded_lines": 0}, "missing_lines": [], "excluded_lines": []}}, "classes": {"": {"executed_lines": [1, 5, 6, 8, 9, 11, 12, 23, 25, 27, 30, 31, 74, 75, 91, 92, 124, 125, 161, 162, 204, 205, 233, 234, 262, 263, 285, 286, 307, 308], "summary": {"covered_lines": 29, "num_statements": 99, "percent_covered": 29.292929292929294, "percent_covered_display": "29", "missing_lines": 70, "excluded_lines": 0}, "missing_lines": [53, 55, 67, 69, 85, 86, 87, 88, 109, 110, 111, 112, 114, 115, 116, 117, 118, 119, 120, 121, 137, 138, 139, 142, 144, 145, 147, 148, 149, 151, 152, 153, 154, 155, 156, 157, 158, 179, 180, 181, 184, 186, 187, 200, 201, 218, 219, 220, 222, 223, 226, 228, 247, 248, 249, 251, 252, 255, 257, 280, 281, 282, 302, 303, 304, 323, 324, 326, 327, 329], "excluded_lines": []}}}, "src/api/employees.py": {"executed_lines": [1, 8, 9, 10, 11, 12, 13, 15, 16, 17, 18, 27, 30, 85, 86, 154, 155, 208, 209, 334, 335, 336, 477, 478, 523, 524], "summary": {"covered_lines": 25, "num_statements": 207, "percent_covered": 12.077294685990339, "percent_covered_display": "12", "missing_lines": 182, "excluded_lines": 0}, "missing_lines": [60, 61, 71, 72, 74, 75, 76, 77, 78, 79, 108, 110, 113, 116, 117, 120, 121, 126, 129, 130, 131, 132, 135, 136, 137, 138, 140, 142, 144, 145, 146, 147, 148, 173, 175, 178, 180, 181, 183, 184, 190, 191, 192, 194, 196, 198, 199, 200, 201, 202, 232, 234, 237, 238, 241, 243, 244, 250, 251, 257, 258, 260, 262, 264, 267, 268, 270, 271, 277, 278, 279, 280, 283, 292, 293, 296, 297, 307, 308, 311, 312, 315, 317, 319, 321, 322, 323, 324, 325, 326, 327, 328, 364, 366, 369, 370, 372, 373, 379, 382, 385, 386, 388, 389, 392, 394, 395, 401, 402, 408, 409, 412, 414, 415, 421, 429, 430, 431, 434, 435, 438, 439, 452, 453, 456, 457, 460, 462, 464, 466, 467, 468, 469, 470, 471, 499, 500, 501, 503, 504, 509, 510, 512, 513, 514, 515, 516, 517, 551, 553, 556, 557, 559, 560, 566, 569, 570, 573, 581, 582, 585, 586, 588, 589, 590, 593, 596, 597, 598, 601, 604, 607, 608, 611, 628, 635, 636, 637, 638, 639, 640, 641], "excluded_lines": [], "functions": {"log_department_change": {"executed_lines": [], "summary": {"covered_lines": 0, "num_statements": 10, "percent_covered": 0.0, "percent_covered_display": "0", "missing_lines": 10, "excluded_lines": 0}, "missing_lines": [60, 61, 71, 72, 74, 75, 76, 77, 78, 79], "excluded_lines": []}, "get_employees": {"executed_lines": [], "summary": {"covered_lines": 0, "num_statements": 23, "percent_covered": 0.0, "percent_covered_display": "0", "missing_lines": 23, "excluded_lines": 0}, "missing_lines": [108, 110, 113, 116, 117, 120, 121, 126, 129, 130, 131, 132, 135, 136, 137, 138, 140, 142, 144, 145, 146, 147, 148], "excluded_lines": []}, "get_employee": {"executed_lines": [], "summary": {"covered_lines": 0, "num_statements": 17, "percent_covered": 0.0, "percent_covered_display": "0", "missing_lines": 17, "excluded_lines": 0}, "missing_lines": [173, 175, 178, 180, 181, 183, 184, 190, 191, 192, 194, 196, 198, 199, 200, 201, 202], "excluded_lines": []}, "create_employee": {"executed_lines": [], "summary": {"covered_lines": 0, "num_statements": 42, "percent_covered": 0.0, "percent_covered_display": "0", "missing_lines": 42, "excluded_lines": 0}, "missing_lines": [232, 234, 237, 238, 241, 243, 244, 250, 251, 257, 258, 260, 262, 264, 267, 268, 270, 271, 277, 278, 279, 280, 283, 292, 293, 296, 297, 307, 308, 311, 312, 315, 317, 319, 321, 322, 323, 324, 325, 326, 327, 328], "excluded_lines": []}, "update_employee": {"executed_lines": [], "summary": {"covered_lines": 0, "num_statements": 43, "percent_covered": 0.0, "percent_covered_display": "0", "missing_lines": 43, "excluded_lines": 0}, "missing_lines": [364, 366, 369, 370, 372, 373, 379, 382, 385, 386, 388, 389, 392, 394, 395, 401, 402, 408, 409, 412, 414, 415, 421, 429, 430, 431, 434, 435, 438, 439, 452, 453, 456, 457, 460, 462, 464, 466, 467, 468, 469, 470, 471], "excluded_lines": []}, "delete_employee": {"executed_lines": [], "summary": {"covered_lines": 0, "num_statements": 13, "percent_covered": 0.0, "percent_covered_display": "0", "missing_lines": 13, "excluded_lines": 0}, "missing_lines": [499, 500, 501, 503, 504, 509, 510, 512, 513, 514, 515, 516, 517], "excluded_lines": []}, "get_department_history": {"executed_lines": [], "summary": {"covered_lines": 0, "num_statements": 34, "percent_covered": 0.0, "percent_covered_display": "0", "missing_lines": 34, "excluded_lines": 0}, "missing_lines": [551, 553, 556, 557, 559, 560, 566, 569, 570, 573, 581, 582, 585, 586, 588, 589, 590, 593, 596, 597, 598, 601, 604, 607, 608, 611, 628, 635, 636, 637, 638, 639, 640, 641], "excluded_lines": []}, "": {"executed_lines": [1, 8, 9, 10, 11, 12, 13, 15, 16, 17, 18, 27, 30, 85, 86, 154, 155, 208, 209, 334, 335, 336, 477, 478, 523, 524], "summary": {"covered_lines": 25, "num_statements": 25, "percent_covered": 100.0, "percent_covered_display": "100", "missing_lines": 0, "excluded_lines": 0}, "missing_lines": [], "excluded_lines": []}}, "classes": {"": {"executed_lines": [1, 8, 9, 10, 11, 12, 13, 15, 16, 17, 18, 27, 30, 85, 86, 154, 155, 208, 209, 334, 335, 336, 477, 478, 523, 524], "summary": {"covered_lines": 25, "num_statements": 207, "percent_covered": 12.077294685990339, "percent_covered_display": "12", "missing_lines": 182, "excluded_lines": 0}, "missing_lines": [60, 61, 71, 72, 74, 75, 76, 77, 78, 79, 108, 110, 113, 116, 117, 120, 121, 126, 129, 130, 131, 132, 135, 136, 137, 138, 140, 142, 144, 145, 146, 147, 148, 173, 175, 178, 180, 181, 183, 184, 190, 191, 192, 194, 196, 198, 199, 200, 201, 202, 232, 234, 237, 238, 241, 243, 244, 250, 251, 257, 258, 260, 262, 264, 267, 268, 270, 271, 277, 278, 279, 280, 283, 292, 293, 296, 297, 307, 308, 311, 312, 315, 317, 319, 321, 322, 323, 324, 325, 326, 327, 328, 364, 366, 369, 370, 372, 373, 379, 382, 385, 386, 388, 389, 392, 394, 395, 401, 402, 408, 409, 412, 414, 415, 421, 429, 430, 431, 434, 435, 438, 439, 452, 453, 456, 457, 460, 462, 464, 466, 467, 468, 469, 470, 471, 499, 500, 501, 503, 504, 509, 510, 512, 513, 514, 515, 516, 517, 551, 553, 556, 557, 559, 560, 566, 569, 570, 573, 581, 582, 585, 586, 588, 589, 590, 593, 596, 597, 598, 601, 604, 607, 608, 611, 628, 635, 636, 637, 638, 639, 640, 641], "excluded_lines": []}}}, "src/api/employees_backup.py": {"executed_lines": [], "summary": {"covered_lines": 0, "num_statements": 255, "percent_covered": 0.0, "percent_covered_display": "0", "missing_lines": 255, "excluded_lines": 0}, "missing_lines": [5, 6, 7, 8, 9, 11, 12, 13, 15, 18, 19, 37, 39, 42, 45, 46, 49, 50, 55, 58, 59, 60, 61, 64, 65, 66, 67, 69, 71, 73, 74, 75, 76, 77, 83, 84, 90, 92, 95, 97, 98, 100, 101, 107, 108, 109, 111, 113, 115, 116, 117, 118, 119, 125, 126, 132, 134, 137, 138, 141, 143, 144, 150, 151, 157, 158, 160, 162, 164, 167, 168, 170, 172, 180, 186, 187, 188, 189, 192, 201, 202, 203, 206, 207, 210, 212, 214, 216, 217, 218, 219, 220, 221, 222, 223, 229, 230, 231, 238, 240, 243, 244, 246, 247, 253, 256, 257, 260, 262, 263, 269, 270, 276, 277, 280, 282, 283, 289, 297, 298, 299, 301, 302, 305, 306, 309, 311, 313, 315, 316, 317, 318, 319, 320, 326, 327, 333, 334, 335, 337, 338, 343, 344, 346, 347, 348, 349, 350, 351, 358, 360, 361, 363, 365, 368, 370, 371, 376, 377, 382, 385, 386, 400, 401, 404, 405, 411, 414, 415, 416, 417, 420, 421, 423, 424, 426, 427, 428, 432, 435, 436, 437, 445, 446, 447, 453, 454, 457, 468, 470, 471, 472, 473, 474, 475, 476, 477, 483, 484, 500, 501, 504, 505, 511, 514, 516, 517, 523, 526, 528, 534, 536, 537, 540, 541, 542, 543, 545, 546, 552, 553, 564, 565, 566, 567, 575, 577, 587, 588, 589, 590, 591, 592, 593, 594, 600, 601, 615, 616, 619, 620, 622, 623, 626, 627, 628, 631, 632, 633, 644, 652, 653, 654, 655, 656], "excluded_lines": [], "functions": {"get_employees": {"executed_lines": [], "summary": {"covered_lines": 0, "num_statements": 23, "percent_covered": 0.0, "percent_covered_display": "0", "missing_lines": 23, "excluded_lines": 0}, "missing_lines": [37, 39, 42, 45, 46, 49, 50, 55, 58, 59, 60, 61, 64, 65, 66, 67, 69, 71, 73, 74, 75, 76, 77], "excluded_lines": []}, "get_employee": {"executed_lines": [], "summary": {"covered_lines": 0, "num_statements": 17, "percent_covered": 0.0, "percent_covered_display": "0", "missing_lines": 17, "excluded_lines": 0}, "missing_lines": [90, 92, 95, 97, 98, 100, 101, 107, 108, 109, 111, 113, 115, 116, 117, 118, 119], "excluded_lines": []}, "create_employee": {"executed_lines": [], "summary": {"covered_lines": 0, "num_statements": 40, "percent_covered": 0.0, "percent_covered_display": "0", "missing_lines": 40, "excluded_lines": 0}, "missing_lines": [132, 134, 137, 138, 141, 143, 144, 150, 151, 157, 158, 160, 162, 164, 167, 168, 170, 172, 180, 186, 187, 188, 189, 192, 201, 202, 203, 206, 207, 210, 212, 214, 216, 217, 218, 219, 220, 221, 222, 223], "excluded_lines": []}, "update_employee": {"executed_lines": [], "summary": {"covered_lines": 0, "num_statements": 36, "percent_covered": 0.0, "percent_covered_display": "0", "missing_lines": 36, "excluded_lines": 0}, "missing_lines": [238, 240, 243, 244, 246, 247, 253, 256, 257, 260, 262, 263, 269, 270, 276, 277, 280, 282, 283, 289, 297, 298, 299, 301, 302, 305, 306, 309, 311, 313, 315, 316, 317, 318, 319, 320], "excluded_lines": []}, "delete_employee": {"executed_lines": [], "summary": {"covered_lines": 0, "num_statements": 13, "percent_covered": 0.0, "percent_covered_display": "0", "missing_lines": 13, "excluded_lines": 0}, "missing_lines": [333, 334, 335, 337, 338, 343, 344, 346, 347, 348, 349, 350, 351], "excluded_lines": []}, "_validate_department": {"executed_lines": [], "summary": {"covered_lines": 0, "num_statements": 10, "percent_covered": 0.0, "percent_covered_display": "0", "missing_lines": 10, "excluded_lines": 0}, "missing_lines": [360, 361, 363, 365, 368, 370, 371, 376, 377, 382], "excluded_lines": []}, "bulk_assign_department": {"executed_lines": [], "summary": {"covered_lines": 0, "num_statements": 35, "percent_covered": 0.0, "percent_covered_display": "0", "missing_lines": 35, "excluded_lines": 0}, "missing_lines": [400, 401, 404, 405, 411, 414, 415, 416, 417, 420, 421, 423, 424, 426, 427, 428, 432, 435, 436, 437, 445, 446, 447, 453, 454, 457, 468, 470, 471, 472, 473, 474, 475, 476, 477], "excluded_lines": []}, "transfer_department": {"executed_lines": [], "summary": {"covered_lines": 0, "num_statements": 36, "percent_covered": 0.0, "percent_covered_display": "0", "missing_lines": 36, "excluded_lines": 0}, "missing_lines": [500, 501, 504, 505, 511, 514, 516, 517, 523, 526, 528, 534, 536, 537, 540, 541, 542, 543, 545, 546, 552, 553, 564, 565, 566, 567, 575, 577, 587, 588, 589, 590, 591, 592, 593, 594], "excluded_lines": []}, "get_unassigned_employees": {"executed_lines": [], "summary": {"covered_lines": 0, "num_statements": 18, "percent_covered": 0.0, "percent_covered_display": "0", "missing_lines": 18, "excluded_lines": 0}, "missing_lines": [615, 616, 619, 620, 622, 623, 626, 627, 628, 631, 632, 633, 644, 652, 653, 654, 655, 656], "excluded_lines": []}, "": {"executed_lines": [], "summary": {"covered_lines": 0, "num_statements": 27, "percent_covered": 0.0, "percent_covered_display": "0", "missing_lines": 27, "excluded_lines": 0}, "missing_lines": [5, 6, 7, 8, 9, 11, 12, 13, 15, 18, 19, 83, 84, 125, 126, 229, 230, 231, 326, 327, 358, 385, 386, 483, 484, 600, 601], "excluded_lines": []}}, "classes": {"": {"executed_lines": [], "summary": {"covered_lines": 0, "num_statements": 255, "percent_covered": 0.0, "percent_covered_display": "0", "missing_lines": 255, "excluded_lines": 0}, "missing_lines": [5, 6, 7, 8, 9, 11, 12, 13, 15, 18, 19, 37, 39, 42, 45, 46, 49, 50, 55, 58, 59, 60, 61, 64, 65, 66, 67, 69, 71, 73, 74, 75, 76, 77, 83, 84, 90, 92, 95, 97, 98, 100, 101, 107, 108, 109, 111, 113, 115, 116, 117, 118, 119, 125, 126, 132, 134, 137, 138, 141, 143, 144, 150, 151, 157, 158, 160, 162, 164, 167, 168, 170, 172, 180, 186, 187, 188, 189, 192, 201, 202, 203, 206, 207, 210, 212, 214, 216, 217, 218, 219, 220, 221, 222, 223, 229, 230, 231, 238, 240, 243, 244, 246, 247, 253, 256, 257, 260, 262, 263, 269, 270, 276, 277, 280, 282, 283, 289, 297, 298, 299, 301, 302, 305, 306, 309, 311, 313, 315, 316, 317, 318, 319, 320, 326, 327, 333, 334, 335, 337, 338, 343, 344, 346, 347, 348, 349, 350, 351, 358, 360, 361, 363, 365, 368, 370, 371, 376, 377, 382, 385, 386, 400, 401, 404, 405, 411, 414, 415, 416, 417, 420, 421, 423, 424, 426, 427, 428, 432, 435, 436, 437, 445, 446, 447, 453, 454, 457, 468, 470, 471, 472, 473, 474, 475, 476, 477, 483, 484, 500, 501, 504, 505, 511, 514, 516, 517, 523, 526, 528, 534, 536, 537, 540, 541, 542, 543, 545, 546, 552, 553, 564, 565, 566, 567, 575, 577, 587, 588, 589, 590, 591, 592, 593, 594, 600, 601, 615, 616, 619, 620, 622, 623, 626, 627, 628, 631, 632, 633, 644, 652, 653, 654, 655, 656], "excluded_lines": []}}}, "src/api/notifications.py": {"executed_lines": [1, 5, 6, 8, 9, 11, 12, 13, 15, 18, 19, 38, 39, 49, 50, 63, 64, 72, 73], "summary": {"covered_lines": 18, "num_statements": 37, "percent_covered": 48.648648648648646, "percent_covered_display": "49", "missing_lines": 19, "excluded_lines": 0}, "missing_lines": [27, 29, 33, 43, 44, 45, 46, 54, 55, 56, 58, 59, 60, 68, 69, 77, 78, 79, 80], "excluded_lines": [], "functions": {"get_notifications": {"executed_lines": [], "summary": {"covered_lines": 0, "num_statements": 3, "percent_covered": 0.0, "percent_covered_display": "0", "missing_lines": 3, "excluded_lines": 0}, "missing_lines": [27, 29, 33], "excluded_lines": []}, "get_notification": {"executed_lines": [], "summary": {"covered_lines": 0, "num_statements": 4, "percent_covered": 0.0, "percent_covered_display": "0", "missing_lines": 4, "excluded_lines": 0}, "missing_lines": [43, 44, 45, 46], "excluded_lines": []}, "mark_notification_as_read": {"executed_lines": [], "summary": {"covered_lines": 0, "num_statements": 6, "percent_covered": 0.0, "percent_covered_display": "0", "missing_lines": 6, "excluded_lines": 0}, "missing_lines": [54, 55, 56, 58, 59, 60], "excluded_lines": []}, "mark_all_notifications_as_read": {"executed_lines": [], "summary": {"covered_lines": 0, "num_statements": 2, "percent_covered": 0.0, "percent_covered_display": "0", "missing_lines": 2, "excluded_lines": 0}, "missing_lines": [68, 69], "excluded_lines": []}, "delete_notification": {"executed_lines": [], "summary": {"covered_lines": 0, "num_statements": 4, "percent_covered": 0.0, "percent_covered_display": "0", "missing_lines": 4, "excluded_lines": 0}, "missing_lines": [77, 78, 79, 80], "excluded_lines": []}, "": {"executed_lines": [1, 5, 6, 8, 9, 11, 12, 13, 15, 18, 19, 38, 39, 49, 50, 63, 64, 72, 73], "summary": {"covered_lines": 18, "num_statements": 18, "percent_covered": 100.0, "percent_covered_display": "100", "missing_lines": 0, "excluded_lines": 0}, "missing_lines": [], "excluded_lines": []}}, "classes": {"": {"executed_lines": [1, 5, 6, 8, 9, 11, 12, 13, 15, 18, 19, 38, 39, 49, 50, 63, 64, 72, 73], "summary": {"covered_lines": 18, "num_statements": 37, "percent_covered": 48.648648648648646, "percent_covered_display": "49", "missing_lines": 19, "excluded_lines": 0}, "missing_lines": [27, 29, 33, 43, 44, 45, 46, 54, 55, 56, 58, 59, 60, 68, 69, 77, 78, 79, 80], "excluded_lines": []}}}, "src/api/optimizations.py": {"executed_lines": [], "summary": {"covered_lines": 0, "num_statements": 131, "percent_covered": 0.0, "percent_covered_display": "0", "missing_lines": 131, "excluded_lines": 0}, "missing_lines": [1, 2, 3, 4, 5, 7, 8, 9, 10, 13, 14, 15, 16, 17, 19, 22, 25, 27, 30, 31, 32, 35, 36, 37, 40, 41, 42, 44, 47, 48, 49, 51, 53, 56, 57, 59, 61, 62, 65, 66, 67, 68, 69, 71, 74, 75, 76, 78, 80, 83, 84, 86, 87, 90, 92, 93, 94, 95, 96, 100, 102, 103, 105, 107, 110, 111, 112, 114, 116, 119, 120, 123, 125, 127, 130, 131, 132, 135, 136, 137, 140, 141, 143, 145, 147, 148, 149, 150, 151, 152, 155, 158, 159, 161, 166, 232, 234, 239, 240, 243, 245, 246, 248, 250, 253, 256, 257, 259, 260, 262, 263, 264, 265, 267, 269, 270, 272, 273, 274, 276, 288, 289, 292, 293, 294, 295, 296, 297, 298, 299, 301], "excluded_lines": [], "functions": {"APIOptimizations.__init__": {"executed_lines": [], "summary": {"covered_lines": 0, "num_statements": 3, "percent_covered": 0.0, "percent_covered_display": "0", "missing_lines": 3, "excluded_lines": 0}, "missing_lines": [15, 16, 17], "excluded_lines": []}, "APIOptimizations.setup_compression": {"executed_lines": [], "summary": {"covered_lines": 0, "num_statements": 2, "percent_covered": 0.0, "percent_covered_display": "0", "missing_lines": 2, "excluded_lines": 0}, "missing_lines": [22, 25], "excluded_lines": []}, "APIOptimizations.setup_caching_headers": {"executed_lines": [], "summary": {"covered_lines": 0, "num_statements": 2, "percent_covered": 0.0, "percent_covered_display": "0", "missing_lines": 2, "excluded_lines": 0}, "missing_lines": [30, 31], "excluded_lines": []}, "APIOptimizations.setup_caching_headers.add_cache_headers": {"executed_lines": [], "summary": {"covered_lines": 0, "num_statements": 12, "percent_covered": 0.0, "percent_covered_display": "0", "missing_lines": 12, "excluded_lines": 0}, "missing_lines": [32, 35, 36, 37, 40, 41, 42, 44, 47, 48, 49, 51], "excluded_lines": []}, "APIOptimizations.setup_request_debouncing": {"executed_lines": [], "summary": {"covered_lines": 0, "num_statements": 2, "percent_covered": 0.0, "percent_covered_display": "0", "missing_lines": 2, "excluded_lines": 0}, "missing_lines": [56, 57], "excluded_lines": []}, "APIOptimizations.setup_request_debouncing.debounce_requests": {"executed_lines": [], "summary": {"covered_lines": 0, "num_statements": 13, "percent_covered": 0.0, "percent_covered_display": "0", "missing_lines": 13, "excluded_lines": 0}, "missing_lines": [59, 61, 62, 65, 66, 67, 68, 69, 71, 74, 75, 76, 78], "excluded_lines": []}, "APIOptimizations.setup_request_batching": {"executed_lines": [], "summary": {"covered_lines": 0, "num_statements": 2, "percent_covered": 0.0, "percent_covered_display": "0", "missing_lines": 2, "excluded_lines": 0}, "missing_lines": [83, 84], "excluded_lines": []}, "APIOptimizations.setup_request_batching.batch_requests": {"executed_lines": [], "summary": {"covered_lines": 0, "num_statements": 7, "percent_covered": 0.0, "percent_covered_display": "0", "missing_lines": 7, "excluded_lines": 0}, "missing_lines": [86, 87, 90, 92, 102, 103, 105], "excluded_lines": []}, "APIOptimizations.setup_request_batching.batch_requests.process_request": {"executed_lines": [], "summary": {"covered_lines": 0, "num_statements": 5, "percent_covered": 0.0, "percent_covered_display": "0", "missing_lines": 5, "excluded_lines": 0}, "missing_lines": [93, 94, 95, 96, 100], "excluded_lines": []}, "APIOptimizations.setup_performance_monitoring": {"executed_lines": [], "summary": {"covered_lines": 0, "num_statements": 2, "percent_covered": 0.0, "percent_covered_display": "0", "missing_lines": 2, "excluded_lines": 0}, "missing_lines": [110, 111], "excluded_lines": []}, "APIOptimizations.setup_performance_monitoring.monitor_performance": {"executed_lines": [], "summary": {"covered_lines": 0, "num_statements": 7, "percent_covered": 0.0, "percent_covered_display": "0", "missing_lines": 7, "excluded_lines": 0}, "missing_lines": [112, 114, 116, 119, 120, 123, 125], "excluded_lines": []}, "APIOptimizations.setup_payload_optimization": {"executed_lines": [], "summary": {"covered_lines": 0, "num_statements": 2, "percent_covered": 0.0, "percent_covered_display": "0", "missing_lines": 2, "excluded_lines": 0}, "missing_lines": [130, 131], "excluded_lines": []}, "APIOptimizations.setup_payload_optimization.optimize_payload": {"executed_lines": [], "summary": {"covered_lines": 0, "num_statements": 7, "percent_covered": 0.0, "percent_covered_display": "0", "missing_lines": 7, "excluded_lines": 0}, "missing_lines": [132, 135, 136, 137, 140, 141, 143], "excluded_lines": []}, "APIOptimizations.setup_all_optimizations": {"executed_lines": [], "summary": {"covered_lines": 0, "num_statements": 6, "percent_covered": 0.0, "percent_covered_display": "0", "missing_lines": 6, "excluded_lines": 0}, "missing_lines": [147, 148, 149, 150, 151, 152], "excluded_lines": []}, "GraphQLOptimizations.__init__": {"executed_lines": [], "summary": {"covered_lines": 0, "num_statements": 1, "percent_covered": 0.0, "percent_covered_display": "0", "missing_lines": 1, "excluded_lines": 0}, "missing_lines": [159], "excluded_lines": []}, "GraphQLOptimizations.create_schema": {"executed_lines": [], "summary": {"covered_lines": 0, "num_statements": 2, "percent_covered": 0.0, "percent_covered_display": "0", "missing_lines": 2, "excluded_lines": 0}, "missing_lines": [166, 232], "excluded_lines": []}, "GraphQLOptimizations.create_data_loaders": {"executed_lines": [], "summary": {"covered_lines": 0, "num_statements": 5, "percent_covered": 0.0, "percent_covered_display": "0", "missing_lines": 5, "excluded_lines": 0}, "missing_lines": [239, 240, 245, 246, 250], "excluded_lines": []}, "GraphQLOptimizations.create_data_loaders.EmployeeLoader.load_many": {"executed_lines": [], "summary": {"covered_lines": 0, "num_statements": 1, "percent_covered": 0.0, "percent_covered_display": "0", "missing_lines": 1, "excluded_lines": 0}, "missing_lines": [243], "excluded_lines": []}, "GraphQLOptimizations.create_data_loaders.ScheduleLoader.load_by_employee": {"executed_lines": [], "summary": {"covered_lines": 0, "num_statements": 1, "percent_covered": 0.0, "percent_covered_display": "0", "missing_lines": 1, "excluded_lines": 0}, "missing_lines": [248], "excluded_lines": []}, "ResponseOptimizer.minimize_response": {"executed_lines": [], "summary": {"covered_lines": 0, "num_statements": 7, "percent_covered": 0.0, "percent_covered_display": "0", "missing_lines": 7, "excluded_lines": 0}, "missing_lines": [259, 260, 262, 263, 264, 265, 267], "excluded_lines": []}, "ResponseOptimizer.paginate_response": {"executed_lines": [], "summary": {"covered_lines": 0, "num_statements": 4, "percent_covered": 0.0, "percent_covered_display": "0", "missing_lines": 4, "excluded_lines": 0}, "missing_lines": [272, 273, 274, 276], "excluded_lines": []}, "ResponseOptimizer.compress_timestamps": {"executed_lines": [], "summary": {"covered_lines": 0, "num_statements": 2, "percent_covered": 0.0, "percent_covered_display": "0", "missing_lines": 2, "excluded_lines": 0}, "missing_lines": [292, 301], "excluded_lines": []}, "ResponseOptimizer.compress_timestamps.convert_datetime": {"executed_lines": [], "summary": {"covered_lines": 0, "num_statements": 7, "percent_covered": 0.0, "percent_covered_display": "0", "missing_lines": 7, "excluded_lines": 0}, "missing_lines": [293, 294, 295, 296, 297, 298, 299], "excluded_lines": []}, "": {"executed_lines": [], "summary": {"covered_lines": 0, "num_statements": 29, "percent_covered": 0.0, "percent_covered_display": "0", "missing_lines": 29, "excluded_lines": 0}, "missing_lines": [1, 2, 3, 4, 5, 7, 8, 9, 10, 13, 14, 19, 27, 53, 80, 107, 127, 145, 155, 158, 161, 234, 253, 256, 257, 269, 270, 288, 289], "excluded_lines": []}}, "classes": {"APIOptimizations": {"executed_lines": [], "summary": {"covered_lines": 0, "num_statements": 72, "percent_covered": 0.0, "percent_covered_display": "0", "missing_lines": 72, "excluded_lines": 0}, "missing_lines": [15, 16, 17, 22, 25, 30, 31, 32, 35, 36, 37, 40, 41, 42, 44, 47, 48, 49, 51, 56, 57, 59, 61, 62, 65, 66, 67, 68, 69, 71, 74, 75, 76, 78, 83, 84, 86, 87, 90, 92, 93, 94, 95, 96, 100, 102, 103, 105, 110, 111, 112, 114, 116, 119, 120, 123, 125, 130, 131, 132, 135, 136, 137, 140, 141, 143, 147, 148, 149, 150, 151, 152], "excluded_lines": []}, "GraphQLOptimizations": {"executed_lines": [], "summary": {"covered_lines": 0, "num_statements": 8, "percent_covered": 0.0, "percent_covered_display": "0", "missing_lines": 8, "excluded_lines": 0}, "missing_lines": [159, 166, 232, 239, 240, 245, 246, 250], "excluded_lines": []}, "GraphQLOptimizations.create_data_loaders.EmployeeLoader": {"executed_lines": [], "summary": {"covered_lines": 0, "num_statements": 1, "percent_covered": 0.0, "percent_covered_display": "0", "missing_lines": 1, "excluded_lines": 0}, "missing_lines": [243], "excluded_lines": []}, "GraphQLOptimizations.create_data_loaders.ScheduleLoader": {"executed_lines": [], "summary": {"covered_lines": 0, "num_statements": 1, "percent_covered": 0.0, "percent_covered_display": "0", "missing_lines": 1, "excluded_lines": 0}, "missing_lines": [248], "excluded_lines": []}, "ResponseOptimizer": {"executed_lines": [], "summary": {"covered_lines": 0, "num_statements": 20, "percent_covered": 0.0, "percent_covered_display": "0", "missing_lines": 20, "excluded_lines": 0}, "missing_lines": [259, 260, 262, 263, 264, 265, 267, 272, 273, 274, 276, 292, 293, 294, 295, 296, 297, 298, 299, 301], "excluded_lines": []}, "": {"executed_lines": [], "summary": {"covered_lines": 0, "num_statements": 29, "percent_covered": 0.0, "percent_covered_display": "0", "missing_lines": 29, "excluded_lines": 0}, "missing_lines": [1, 2, 3, 4, 5, 7, 8, 9, 10, 13, 14, 19, 27, 53, 80, 107, 127, 145, 155, 158, 161, 234, 253, 256, 257, 269, 270, 288, 289], "excluded_lines": []}}}, "src/api/rules.py": {"executed_lines": [1, 5, 6, 8, 9, 11, 12, 13, 15, 17, 20, 21, 66, 67, 112, 113, 139, 140, 180, 181, 209, 210, 253, 254], "summary": {"covered_lines": 23, "num_statements": 111, "percent_covered": 20.72072072072072, "percent_covered_display": "21", "missing_lines": 88, "excluded_lines": 0}, "missing_lines": [46, 47, 56, 58, 59, 60, 85, 87, 88, 89, 90, 96, 97, 99, 101, 102, 103, 104, 105, 106, 119, 120, 121, 122, 127, 129, 130, 131, 132, 133, 147, 148, 149, 150, 156, 157, 158, 159, 164, 165, 167, 169, 170, 171, 172, 173, 174, 187, 188, 189, 190, 195, 196, 198, 199, 200, 201, 202, 203, 221, 222, 225, 226, 227, 228, 229, 235, 236, 237, 239, 240, 242, 243, 244, 245, 246, 247, 265, 267, 268, 269, 275, 282, 284, 285, 286, 287, 288], "excluded_lines": [], "functions": {"get_rules": {"executed_lines": [], "summary": {"covered_lines": 0, "num_statements": 6, "percent_covered": 0.0, "percent_covered_display": "0", "missing_lines": 6, "excluded_lines": 0}, "missing_lines": [46, 47, 56, 58, 59, 60], "excluded_lines": []}, "create_rule": {"executed_lines": [], "summary": {"covered_lines": 0, "num_statements": 14, "percent_covered": 0.0, "percent_covered_display": "0", "missing_lines": 14, "excluded_lines": 0}, "missing_lines": [85, 87, 88, 89, 90, 96, 97, 99, 101, 102, 103, 104, 105, 106], "excluded_lines": []}, "get_rule": {"executed_lines": [], "summary": {"covered_lines": 0, "num_statements": 10, "percent_covered": 0.0, "percent_covered_display": "0", "missing_lines": 10, "excluded_lines": 0}, "missing_lines": [119, 120, 121, 122, 127, 129, 130, 131, 132, 133], "excluded_lines": []}, "update_rule": {"executed_lines": [], "summary": {"covered_lines": 0, "num_statements": 17, "percent_covered": 0.0, "percent_covered_display": "0", "missing_lines": 17, "excluded_lines": 0}, "missing_lines": [147, 148, 149, 150, 156, 157, 158, 159, 164, 165, 167, 169, 170, 171, 172, 173, 174], "excluded_lines": []}, "delete_rule": {"executed_lines": [], "summary": {"covered_lines": 0, "num_statements": 12, "percent_covered": 0.0, "percent_covered_display": "0", "missing_lines": 12, "excluded_lines": 0}, "missing_lines": [187, 188, 189, 190, 195, 196, 198, 199, 200, 201, 202, 203], "excluded_lines": []}, "create_rules_bulk": {"executed_lines": [], "summary": {"covered_lines": 0, "num_statements": 18, "percent_covered": 0.0, "percent_covered_display": "0", "missing_lines": 18, "excluded_lines": 0}, "missing_lines": [221, 222, 225, 226, 227, 228, 229, 235, 236, 237, 239, 240, 242, 243, 244, 245, 246, 247], "excluded_lines": []}, "get_employee_rules": {"executed_lines": [], "summary": {"covered_lines": 0, "num_statements": 11, "percent_covered": 0.0, "percent_covered_display": "0", "missing_lines": 11, "excluded_lines": 0}, "missing_lines": [265, 267, 268, 269, 275, 282, 284, 285, 286, 287, 288], "excluded_lines": []}, "": {"executed_lines": [1, 5, 6, 8, 9, 11, 12, 13, 15, 17, 20, 21, 66, 67, 112, 113, 139, 140, 180, 181, 209, 210, 253, 254], "summary": {"covered_lines": 23, "num_statements": 23, "percent_covered": 100.0, "percent_covered_display": "100", "missing_lines": 0, "excluded_lines": 0}, "missing_lines": [], "excluded_lines": []}}, "classes": {"": {"executed_lines": [1, 5, 6, 8, 9, 11, 12, 13, 15, 17, 20, 21, 66, 67, 112, 113, 139, 140, 180, 181, 209, 210, 253, 254], "summary": {"covered_lines": 23, "num_statements": 111, "percent_covered": 20.72072072072072, "percent_covered_display": "21", "missing_lines": 88, "excluded_lines": 0}, "missing_lines": [46, 47, 56, 58, 59, 60, 85, 87, 88, 89, 90, 96, 97, 99, 101, 102, 103, 104, 105, 106, 119, 120, 121, 122, 127, 129, 130, 131, 132, 133, 147, 148, 149, 150, 156, 157, 158, 159, 164, 165, 167, 169, 170, 171, 172, 173, 174, 187, 188, 189, 190, 195, 196, 198, 199, 200, 201, 202, 203, 221, 222, 225, 226, 227, 228, 229, 235, 236, 237, 239, 240, 242, 243, 244, 245, 246, 247, 265, 267, 268, 269, 275, 282, 284, 285, 286, 287, 288], "excluded_lines": []}}}, "src/api/schedules.py": {"executed_lines": [1, 5, 6, 7, 8, 9, 11, 12, 13, 14, 32, 34, 37, 38, 91, 92, 126, 127, 170, 171, 221, 222, 254, 255, 358, 359, 438, 439, 539, 540, 642, 655, 668, 669, 732, 733, 780, 781, 847, 848], "summary": {"covered_lines": 39, "num_statements": 289, "percent_covered": 13.494809688581315, "percent_covered_display": "13", "missing_lines": 250, "excluded_lines": 0}, "missing_lines": [56, 58, 65, 66, 68, 69, 71, 72, 75, 78, 79, 81, 83, 84, 85, 98, 99, 105, 106, 108, 109, 114, 116, 117, 118, 119, 120, 133, 135, 146, 147, 148, 151, 156, 157, 159, 161, 162, 163, 164, 178, 180, 181, 183, 184, 190, 191, 192, 193, 195, 196, 199, 205, 206, 208, 210, 211, 212, 213, 214, 215, 228, 229, 230, 232, 233, 238, 239, 241, 242, 243, 244, 245, 246, 285, 287, 295, 296, 298, 301, 308, 309, 321, 322, 323, 324, 325, 326, 332, 340, 350, 351, 352, 386, 388, 389, 390, 392, 393, 399, 406, 407, 408, 419, 428, 429, 430, 431, 432, 467, 469, 470, 471, 473, 474, 480, 481, 490, 496, 497, 500, 502, 503, 511, 519, 529, 530, 531, 532, 533, 571, 573, 576, 577, 579, 580, 586, 592, 593, 595, 596, 602, 603, 606, 609, 617, 619, 620, 622, 630, 631, 632, 633, 634, 635, 644, 646, 647, 648, 649, 650, 652, 657, 658, 659, 660, 661, 662, 664, 676, 678, 679, 681, 682, 688, 689, 695, 706, 707, 708, 711, 716, 717, 719, 721, 722, 723, 724, 725, 726, 741, 743, 744, 746, 747, 753, 759, 760, 762, 763, 765, 766, 768, 770, 771, 772, 773, 774, 789, 791, 796, 798, 799, 805, 806, 807, 813, 814, 815, 817, 818, 820, 822, 823, 826, 831, 832, 834, 836, 837, 838, 839, 840, 841, 855, 857, 862, 864, 865, 871, 872, 873, 878, 879, 881, 882, 883, 884, 885, 886], "excluded_lines": [], "functions": {"get_schedules": {"executed_lines": [], "summary": {"covered_lines": 0, "num_statements": 15, "percent_covered": 0.0, "percent_covered_display": "0", "missing_lines": 15, "excluded_lines": 0}, "missing_lines": [56, 58, 65, 66, 68, 69, 71, 72, 75, 78, 79, 81, 83, 84, 85], "excluded_lines": []}, "get_schedule": {"executed_lines": [], "summary": {"covered_lines": 0, "num_statements": 12, "percent_covered": 0.0, "percent_covered_display": "0", "missing_lines": 12, "excluded_lines": 0}, "missing_lines": [98, 99, 105, 106, 108, 109, 114, 116, 117, 118, 119, 120], "excluded_lines": []}, "create_schedule": {"executed_lines": [], "summary": {"covered_lines": 0, "num_statements": 13, "percent_covered": 0.0, "percent_covered_display": "0", "missing_lines": 13, "excluded_lines": 0}, "missing_lines": [133, 135, 146, 147, 148, 151, 156, 157, 159, 161, 162, 163, 164], "excluded_lines": []}, "update_schedule": {"executed_lines": [], "summary": {"covered_lines": 0, "num_statements": 21, "percent_covered": 0.0, "percent_covered_display": "0", "missing_lines": 21, "excluded_lines": 0}, "missing_lines": [178, 180, 181, 183, 184, 190, 191, 192, 193, 195, 196, 199, 205, 206, 208, 210, 211, 212, 213, 214, 215], "excluded_lines": []}, "delete_schedule": {"executed_lines": [], "summary": {"covered_lines": 0, "num_statements": 13, "percent_covered": 0.0, "percent_covered_display": "0", "missing_lines": 13, "excluded_lines": 0}, "missing_lines": [228, 229, 230, 232, 233, 238, 239, 241, 242, 243, 244, 245, 246], "excluded_lines": []}, "generate_schedule_assignments": {"executed_lines": [], "summary": {"covered_lines": 0, "num_statements": 19, "percent_covered": 0.0, "percent_covered_display": "0", "missing_lines": 19, "excluded_lines": 0}, "missing_lines": [285, 287, 295, 296, 298, 301, 308, 309, 321, 322, 323, 324, 325, 326, 332, 340, 350, 351, 352], "excluded_lines": []}, "validate_schedule": {"executed_lines": [], "summary": {"covered_lines": 0, "num_statements": 16, "percent_covered": 0.0, "percent_covered_display": "0", "missing_lines": 16, "excluded_lines": 0}, "missing_lines": [386, 388, 389, 390, 392, 393, 399, 406, 407, 408, 419, 428, 429, 430, 431, 432], "excluded_lines": []}, "optimize_schedule": {"executed_lines": [], "summary": {"covered_lines": 0, "num_statements": 21, "percent_covered": 0.0, "percent_covered_display": "0", "missing_lines": 21, "excluded_lines": 0}, "missing_lines": [467, 469, 470, 471, 473, 474, 480, 481, 490, 496, 497, 500, 502, 503, 511, 519, 529, 530, 531, 532, 533], "excluded_lines": []}, "publish_schedule": {"executed_lines": [], "summary": {"covered_lines": 0, "num_statements": 25, "percent_covered": 0.0, "percent_covered_display": "0", "missing_lines": 25, "excluded_lines": 0}, "missing_lines": [571, 573, 576, 577, 579, 580, 586, 592, 593, 595, 596, 602, 603, 606, 609, 617, 619, 620, 622, 630, 631, 632, 633, 634, 635], "excluded_lines": []}, "_format_conflict_description": {"executed_lines": [], "summary": {"covered_lines": 0, "num_statements": 7, "percent_covered": 0.0, "percent_covered_display": "0", "missing_lines": 7, "excluded_lines": 0}, "missing_lines": [644, 646, 647, 648, 649, 650, 652], "excluded_lines": []}, "_determine_severity": {"executed_lines": [], "summary": {"covered_lines": 0, "num_statements": 7, "percent_covered": 0.0, "percent_covered_display": "0", "missing_lines": 7, "excluded_lines": 0}, "missing_lines": [657, 658, 659, 660, 661, 662, 664], "excluded_lines": []}, "create_assignment": {"executed_lines": [], "summary": {"covered_lines": 0, "num_statements": 21, "percent_covered": 0.0, "percent_covered_display": "0", "missing_lines": 21, "excluded_lines": 0}, "missing_lines": [676, 678, 679, 681, 682, 688, 689, 695, 706, 707, 708, 711, 716, 717, 719, 721, 722, 723, 724, 725, 726], "excluded_lines": []}, "get_assignments": {"executed_lines": [], "summary": {"covered_lines": 0, "num_statements": 18, "percent_covered": 0.0, "percent_covered_display": "0", "missing_lines": 18, "excluded_lines": 0}, "missing_lines": [741, 743, 744, 746, 747, 753, 759, 760, 762, 763, 765, 766, 768, 770, 771, 772, 773, 774], "excluded_lines": []}, "update_assignment": {"executed_lines": [], "summary": {"covered_lines": 0, "num_statements": 26, "percent_covered": 0.0, "percent_covered_display": "0", "missing_lines": 26, "excluded_lines": 0}, "missing_lines": [789, 791, 796, 798, 799, 805, 806, 807, 813, 814, 815, 817, 818, 820, 822, 823, 826, 831, 832, 834, 836, 837, 838, 839, 840, 841], "excluded_lines": []}, "delete_assignment": {"executed_lines": [], "summary": {"covered_lines": 0, "num_statements": 16, "percent_covered": 0.0, "percent_covered_display": "0", "missing_lines": 16, "excluded_lines": 0}, "missing_lines": [855, 857, 862, 864, 865, 871, 872, 873, 878, 879, 881, 882, 883, 884, 885, 886], "excluded_lines": []}, "": {"executed_lines": [1, 5, 6, 7, 8, 9, 11, 12, 13, 14, 32, 34, 37, 38, 91, 92, 126, 127, 170, 171, 221, 222, 254, 255, 358, 359, 438, 439, 539, 540, 642, 655, 668, 669, 732, 733, 780, 781, 847, 848], "summary": {"covered_lines": 39, "num_statements": 39, "percent_covered": 100.0, "percent_covered_display": "100", "missing_lines": 0, "excluded_lines": 0}, "missing_lines": [], "excluded_lines": []}}, "classes": {"": {"executed_lines": [1, 5, 6, 7, 8, 9, 11, 12, 13, 14, 32, 34, 37, 38, 91, 92, 126, 127, 170, 171, 221, 222, 254, 255, 358, 359, 438, 439, 539, 540, 642, 655, 668, 669, 732, 733, 780, 781, 847, 848], "summary": {"covered_lines": 39, "num_statements": 289, "percent_covered": 13.494809688581315, "percent_covered_display": "13", "missing_lines": 250, "excluded_lines": 0}, "missing_lines": [56, 58, 65, 66, 68, 69, 71, 72, 75, 78, 79, 81, 83, 84, 85, 98, 99, 105, 106, 108, 109, 114, 116, 117, 118, 119, 120, 133, 135, 146, 147, 148, 151, 156, 157, 159, 161, 162, 163, 164, 178, 180, 181, 183, 184, 190, 191, 192, 193, 195, 196, 199, 205, 206, 208, 210, 211, 212, 213, 214, 215, 228, 229, 230, 232, 233, 238, 239, 241, 242, 243, 244, 245, 246, 285, 287, 295, 296, 298, 301, 308, 309, 321, 322, 323, 324, 325, 326, 332, 340, 350, 351, 352, 386, 388, 389, 390, 392, 393, 399, 406, 407, 408, 419, 428, 429, 430, 431, 432, 467, 469, 470, 471, 473, 474, 480, 481, 490, 496, 497, 500, 502, 503, 511, 519, 529, 530, 531, 532, 533, 571, 573, 576, 577, 579, 580, 586, 592, 593, 595, 596, 602, 603, 606, 609, 617, 619, 620, 622, 630, 631, 632, 633, 634, 635, 644, 646, 647, 648, 649, 650, 652, 657, 658, 659, 660, 661, 662, 664, 676, 678, 679, 681, 682, 688, 689, 695, 706, 707, 708, 711, 716, 717, 719, 721, 722, 723, 724, 725, 726, 741, 743, 744, 746, 747, 753, 759, 760, 762, 763, 765, 766, 768, 770, 771, 772, 773, 774, 789, 791, 796, 798, 799, 805, 806, 807, 813, 814, 815, 817, 818, 820, 822, 823, 826, 831, 832, 834, 836, 837, 838, 839, 840, 841, 855, 857, 862, 864, 865, 871, 872, 873, 878, 879, 881, 882, 883, 884, 885, 886], "excluded_lines": []}}}, "src/api/settings.py": {"executed_lines": [1, 5, 7, 8, 9, 10, 12, 13, 14, 16, 19, 20, 21, 22, 23, 27, 35, 36, 59, 60], "summary": {"covered_lines": 19, "num_statements": 54, "percent_covered": 35.18518518518518, "percent_covered_display": "35", "missing_lines": 35, "excluded_lines": 0}, "missing_lines": [38, 39, 40, 43, 44, 46, 48, 51, 66, 67, 68, 71, 72, 74, 76, 83, 86, 87, 88, 89, 91, 92, 93, 94, 96, 97, 98, 99, 101, 102, 103, 104, 107, 108, 110], "excluded_lines": [], "functions": {"get_settings": {"executed_lines": [], "summary": {"covered_lines": 0, "num_statements": 8, "percent_covered": 0.0, "percent_covered_display": "0", "missing_lines": 8, "excluded_lines": 0}, "missing_lines": [38, 39, 40, 43, 44, 46, 48, 51], "excluded_lines": []}, "update_settings": {"executed_lines": [], "summary": {"covered_lines": 0, "num_statements": 27, "percent_covered": 0.0, "percent_covered_display": "0", "missing_lines": 27, "excluded_lines": 0}, "missing_lines": [66, 67, 68, 71, 72, 74, 76, 83, 86, 87, 88, 89, 91, 92, 93, 94, 96, 97, 98, 99, 101, 102, 103, 104, 107, 108, 110], "excluded_lines": []}, "": {"executed_lines": [1, 5, 7, 8, 9, 10, 12, 13, 14, 16, 19, 20, 21, 22, 23, 27, 35, 36, 59, 60], "summary": {"covered_lines": 19, "num_statements": 19, "percent_covered": 100.0, "percent_covered_display": "100", "missing_lines": 0, "excluded_lines": 0}, "missing_lines": [], "excluded_lines": []}}, "classes": {"SettingsUpdate": {"executed_lines": [], "summary": {"covered_lines": 0, "num_statements": 0, "percent_covered": 100.0, "percent_covered_display": "100", "missing_lines": 0, "excluded_lines": 0}, "missing_lines": [], "excluded_lines": []}, "": {"executed_lines": [1, 5, 7, 8, 9, 10, 12, 13, 14, 16, 19, 20, 21, 22, 23, 27, 35, 36, 59, 60], "summary": {"covered_lines": 19, "num_statements": 54, "percent_covered": 35.18518518518518, "percent_covered_display": "35", "missing_lines": 35, "excluded_lines": 0}, "missing_lines": [38, 39, 40, 43, 44, 46, 48, 51, 66, 67, 68, 71, 72, 74, 76, 83, 86, 87, 88, 89, 91, 92, 93, 94, 96, 97, 98, 99, 101, 102, 103, 104, 107, 108, 110], "excluded_lines": []}}}, "src/api/shift_definitions.py": {"executed_lines": [1, 7, 8, 10, 11, 13, 14, 15, 16, 22, 24, 26, 29, 30, 87, 88, 105, 106, 132, 133, 152, 153, 209, 210, 272, 273, 306, 307], "summary": {"covered_lines": 27, "num_statements": 81, "percent_covered": 33.333333333333336, "percent_covered_display": "33", "missing_lines": 54, "excluded_lines": 0}, "missing_lines": [57, 59, 60, 61, 62, 63, 64, 65, 66, 67, 69, 78, 101, 102, 115, 117, 143, 144, 145, 149, 181, 182, 188, 189, 195, 201, 206, 228, 229, 230, 235, 238, 239, 244, 250, 251, 256, 262, 264, 269, 285, 286, 287, 292, 294, 299, 319, 320, 321, 327, 328, 330, 331, 336], "excluded_lines": [], "functions": {"get_shift_definitions": {"executed_lines": [], "summary": {"covered_lines": 0, "num_statements": 12, "percent_covered": 0.0, "percent_covered_display": "0", "missing_lines": 12, "excluded_lines": 0}, "missing_lines": [57, 59, 60, 61, 62, 63, 64, 65, 66, 67, 69, 78], "excluded_lines": []}, "get_active_shift_definitions": {"executed_lines": [], "summary": {"covered_lines": 0, "num_statements": 2, "percent_covered": 0.0, "percent_covered_display": "0", "missing_lines": 2, "excluded_lines": 0}, "missing_lines": [101, 102], "excluded_lines": []}, "get_shift_types_summary": {"executed_lines": [], "summary": {"covered_lines": 0, "num_statements": 2, "percent_covered": 0.0, "percent_covered_display": "0", "missing_lines": 2, "excluded_lines": 0}, "missing_lines": [115, 117], "excluded_lines": []}, "get_shift_definition": {"executed_lines": [], "summary": {"covered_lines": 0, "num_statements": 4, "percent_covered": 0.0, "percent_covered_display": "0", "missing_lines": 4, "excluded_lines": 0}, "missing_lines": [143, 144, 145, 149], "excluded_lines": []}, "create_shift_definition": {"executed_lines": [], "summary": {"covered_lines": 0, "num_statements": 7, "percent_covered": 0.0, "percent_covered_display": "0", "missing_lines": 7, "excluded_lines": 0}, "missing_lines": [181, 182, 188, 189, 195, 201, 206], "excluded_lines": []}, "update_shift_definition": {"executed_lines": [], "summary": {"covered_lines": 0, "num_statements": 13, "percent_covered": 0.0, "percent_covered_display": "0", "missing_lines": 13, "excluded_lines": 0}, "missing_lines": [228, 229, 230, 235, 238, 239, 244, 250, 251, 256, 262, 264, 269], "excluded_lines": []}, "delete_shift_definition": {"executed_lines": [], "summary": {"covered_lines": 0, "num_statements": 6, "percent_covered": 0.0, "percent_covered_display": "0", "missing_lines": 6, "excluded_lines": 0}, "missing_lines": [285, 286, 287, 292, 294, 299], "excluded_lines": []}, "toggle_shift_definition": {"executed_lines": [], "summary": {"covered_lines": 0, "num_statements": 8, "percent_covered": 0.0, "percent_covered_display": "0", "missing_lines": 8, "excluded_lines": 0}, "missing_lines": [319, 320, 321, 327, 328, 330, 331, 336], "excluded_lines": []}, "": {"executed_lines": [1, 7, 8, 10, 11, 13, 14, 15, 16, 22, 24, 26, 29, 30, 87, 88, 105, 106, 132, 133, 152, 153, 209, 210, 272, 273, 306, 307], "summary": {"covered_lines": 27, "num_statements": 27, "percent_covered": 100.0, "percent_covered_display": "100", "missing_lines": 0, "excluded_lines": 0}, "missing_lines": [], "excluded_lines": []}}, "classes": {"": {"executed_lines": [1, 7, 8, 10, 11, 13, 14, 15, 16, 22, 24, 26, 29, 30, 87, 88, 105, 106, 132, 133, 152, 153, 209, 210, 272, 273, 306, 307], "summary": {"covered_lines": 27, "num_statements": 81, "percent_covered": 33.333333333333336, "percent_covered_display": "33", "missing_lines": 54, "excluded_lines": 0}, "missing_lines": [57, 59, 60, 61, 62, 63, 64, 65, 66, 67, 69, 78, 101, 102, 115, 117, 143, 144, 145, 149, 181, 182, 188, 189, 195, 201, 206, 228, 229, 230, 235, 238, 239, 244, 250, 251, 256, 262, 264, 269, 285, 286, 287, 292, 294, 299, 319, 320, 321, 327, 328, 330, 331, 336], "excluded_lines": []}}}, "src/api/shifts.py": {"executed_lines": [1, 7, 8, 9, 11, 12, 14, 15, 16, 17, 19, 21, 25, 26, 76, 77, 102, 103, 122, 123, 178, 179, 226, 227, 264, 265, 336, 337, 378, 379, 437, 438], "summary": {"covered_lines": 31, "num_statements": 139, "percent_covered": 22.302158273381295, "percent_covered_display": "22", "missing_lines": 108, "excluded_lines": 0}, "missing_lines": [48, 50, 51, 52, 53, 54, 55, 56, 58, 67, 86, 88, 113, 114, 115, 119, 147, 148, 154, 155, 161, 162, 168, 169, 173, 174, 175, 196, 197, 198, 204, 205, 206, 208, 209, 215, 216, 221, 222, 223, 243, 244, 245, 251, 252, 253, 254, 259, 260, 261, 284, 285, 290, 291, 296, 297, 299, 300, 302, 303, 304, 307, 308, 309, 312, 313, 315, 316, 317, 319, 321, 326, 327, 354, 356, 357, 358, 360, 369, 412, 413, 414, 415, 421, 422, 427, 428, 430, 460, 461, 462, 467, 468, 474, 475, 476, 477, 478, 479, 484, 485, 492, 493, 495, 496, 497, 499, 504], "excluded_lines": [], "functions": {"get_shifts": {"executed_lines": [], "summary": {"covered_lines": 0, "num_statements": 10, "percent_covered": 0.0, "percent_covered_display": "0", "missing_lines": 10, "excluded_lines": 0}, "missing_lines": [48, 50, 51, 52, 53, 54, 55, 56, 58, 67], "excluded_lines": []}, "get_shift_types": {"executed_lines": [], "summary": {"covered_lines": 0, "num_statements": 2, "percent_covered": 0.0, "percent_covered_display": "0", "missing_lines": 2, "excluded_lines": 0}, "missing_lines": [86, 88], "excluded_lines": []}, "get_shift": {"executed_lines": [], "summary": {"covered_lines": 0, "num_statements": 4, "percent_covered": 0.0, "percent_covered_display": "0", "missing_lines": 4, "excluded_lines": 0}, "missing_lines": [113, 114, 115, 119], "excluded_lines": []}, "create_shift": {"executed_lines": [], "summary": {"covered_lines": 0, "num_statements": 11, "percent_covered": 0.0, "percent_covered_display": "0", "missing_lines": 11, "excluded_lines": 0}, "missing_lines": [147, 148, 154, 155, 161, 162, 168, 169, 173, 174, 175], "excluded_lines": []}, "update_shift": {"executed_lines": [], "summary": {"covered_lines": 0, "num_statements": 13, "percent_covered": 0.0, "percent_covered_display": "0", "missing_lines": 13, "excluded_lines": 0}, "missing_lines": [196, 197, 198, 204, 205, 206, 208, 209, 215, 216, 221, 222, 223], "excluded_lines": []}, "delete_shift": {"executed_lines": [], "summary": {"covered_lines": 0, "num_statements": 10, "percent_covered": 0.0, "percent_covered_display": "0", "missing_lines": 10, "excluded_lines": 0}, "missing_lines": [243, 244, 245, 251, 252, 253, 254, 259, 260, 261], "excluded_lines": []}, "bulk_create_shifts": {"executed_lines": [], "summary": {"covered_lines": 0, "num_statements": 23, "percent_covered": 0.0, "percent_covered_display": "0", "missing_lines": 23, "excluded_lines": 0}, "missing_lines": [284, 285, 290, 291, 296, 297, 299, 300, 302, 303, 304, 307, 308, 309, 312, 313, 315, 316, 317, 319, 321, 326, 327], "excluded_lines": []}, "get_shift_templates": {"executed_lines": [], "summary": {"covered_lines": 0, "num_statements": 6, "percent_covered": 0.0, "percent_covered_display": "0", "missing_lines": 6, "excluded_lines": 0}, "missing_lines": [354, 356, 357, 358, 360, 369], "excluded_lines": []}, "create_shift_template": {"executed_lines": [], "summary": {"covered_lines": 0, "num_statements": 9, "percent_covered": 0.0, "percent_covered_display": "0", "missing_lines": 9, "excluded_lines": 0}, "missing_lines": [412, 413, 414, 415, 421, 422, 427, 428, 430], "excluded_lines": []}, "apply_shift_template": {"executed_lines": [], "summary": {"covered_lines": 0, "num_statements": 20, "percent_covered": 0.0, "percent_covered_display": "0", "missing_lines": 20, "excluded_lines": 0}, "missing_lines": [460, 461, 462, 467, 468, 474, 475, 476, 477, 478, 479, 484, 485, 492, 493, 495, 496, 497, 499, 504], "excluded_lines": []}, "": {"executed_lines": [1, 7, 8, 9, 11, 12, 14, 15, 16, 17, 19, 21, 25, 26, 76, 77, 102, 103, 122, 123, 178, 179, 226, 227, 264, 265, 336, 337, 378, 379, 437, 438], "summary": {"covered_lines": 31, "num_statements": 31, "percent_covered": 100.0, "percent_covered_display": "100", "missing_lines": 0, "excluded_lines": 0}, "missing_lines": [], "excluded_lines": []}}, "classes": {"": {"executed_lines": [1, 7, 8, 9, 11, 12, 14, 15, 16, 17, 19, 21, 25, 26, 76, 77, 102, 103, 122, 123, 178, 179, 226, 227, 264, 265, 336, 337, 378, 379, 437, 438], "summary": {"covered_lines": 31, "num_statements": 139, "percent_covered": 22.302158273381295, "percent_covered_display": "22", "missing_lines": 108, "excluded_lines": 0}, "missing_lines": [48, 50, 51, 52, 53, 54, 55, 56, 58, 67, 86, 88, 113, 114, 115, 119, 147, 148, 154, 155, 161, 162, 168, 169, 173, 174, 175, 196, 197, 198, 204, 205, 206, 208, 209, 215, 216, 221, 222, 223, 243, 244, 245, 251, 252, 253, 254, 259, 260, 261, 284, 285, 290, 291, 296, 297, 299, 300, 302, 303, 304, 307, 308, 309, 312, 313, 315, 316, 317, 319, 321, 326, 327, 354, 356, 357, 358, 360, 369, 412, 413, 414, 415, 421, 422, 427, 428, 430, 460, 461, 462, 467, 468, 474, 475, 476, 477, 478, 479, 484, 485, 492, 493, 495, 496, 497, 499, 504], "excluded_lines": []}}}, "src/api_docs.py": {"executed_lines": [1, 8, 10, 11, 14, 172, 178, 183, 199, 203, 274], "summary": {"covered_lines": 10, "num_statements": 22, "percent_covered": 45.45454545454545, "percent_covered_display": "45", "missing_lines": 12, "excluded_lines": 0}, "missing_lines": [18, 19, 21, 83, 93, 96, 103, 106, 107, 109, 168, 169], "excluded_lines": [], "functions": {"custom_openapi": {"executed_lines": [], "summary": {"covered_lines": 0, "num_statements": 12, "percent_covered": 0.0, "percent_covered_display": "0", "missing_lines": 12, "excluded_lines": 0}, "missing_lines": [18, 19, 21, 83, 93, 96, 103, 106, 107, 109, 168, 169], "excluded_lines": []}, "setup_docs": {"executed_lines": [178, 183, 199], "summary": {"covered_lines": 3, "num_statements": 3, "percent_covered": 100.0, "percent_covered_display": "100", "missing_lines": 0, "excluded_lines": 0}, "missing_lines": [], "excluded_lines": []}, "": {"executed_lines": [1, 8, 10, 11, 14, 172, 203, 274], "summary": {"covered_lines": 7, "num_statements": 7, "percent_covered": 100.0, "percent_covered_display": "100", "missing_lines": 0, "excluded_lines": 0}, "missing_lines": [], "excluded_lines": []}}, "classes": {"": {"executed_lines": [1, 8, 10, 11, 14, 172, 178, 183, 199, 203, 274], "summary": {"covered_lines": 10, "num_statements": 22, "percent_covered": 45.45454545454545, "percent_covered_display": "45", "missing_lines": 12, "excluded_lines": 0}, "missing_lines": [18, 19, 21, 83, 93, 96, 103, 106, 107, 109, 168, 169], "excluded_lines": []}}}, "src/auth/__init__.py": {"executed_lines": [1, 15, 27, 31, 47, 48, 49], "summary": {"covered_lines": 6, "num_statements": 6, "percent_covered": 100.0, "percent_covered_display": "100", "missing_lines": 0, "excluded_lines": 0}, "missing_lines": [], "excluded_lines": [], "functions": {"": {"executed_lines": [1, 15, 27, 31, 47, 48, 49], "summary": {"covered_lines": 6, "num_statements": 6, "percent_covered": 100.0, "percent_covered_display": "100", "missing_lines": 0, "excluded_lines": 0}, "missing_lines": [], "excluded_lines": []}}, "classes": {"": {"executed_lines": [1, 15, 27, 31, 47, 48, 49], "summary": {"covered_lines": 6, "num_statements": 6, "percent_covered": 100.0, "percent_covered_display": "100", "missing_lines": 0, "excluded_lines": 0}, "missing_lines": [], "excluded_lines": []}}}, "src/auth/auth.py": {"executed_lines": [1, 8, 9, 10, 11, 12, 14, 15, 16, 17, 19, 22, 23, 25, 28, 29, 31, 34, 35, 40, 41, 42, 43, 44, 45, 46, 47, 49, 52, 62, 81, 98, 124, 153, 178, 208, 230, 261, 288, 310, 326, 357, 360], "summary": {"covered_lines": 39, "num_statements": 153, "percent_covered": 25.49019607843137, "percent_covered_display": "25", "missing_lines": 114, "excluded_lines": 0}, "missing_lines": [50, 54, 55, 56, 59, 60, 72, 74, 75, 76, 77, 78, 79, 92, 93, 94, 95, 96, 108, 109, 119, 120, 121, 122, 134, 135, 143, 146, 148, 149, 150, 151, 166, 167, 169, 170, 172, 173, 174, 175, 176, 191, 192, 194, 195, 198, 199, 200, 202, 203, 204, 205, 206, 218, 219, 220, 222, 223, 224, 225, 226, 227, 228, 241, 242, 251, 254, 256, 257, 258, 259, 271, 272, 274, 275, 278, 279, 280, 282, 283, 284, 285, 286, 298, 299, 300, 302, 303, 304, 305, 306, 307, 308, 320, 321, 322, 323, 324, 336, 338, 339, 341, 342, 344, 345, 347, 348, 350, 351, 353, 362, 363, 364, 365], "excluded_lines": [], "functions": {"AuthService.__init__": {"executed_lines": [41, 42, 43, 44, 45, 46, 47, 49], "summary": {"covered_lines": 8, "num_statements": 9, "percent_covered": 88.88888888888889, "percent_covered_display": "89", "missing_lines": 1, "excluded_lines": 0}, "missing_lines": [50], "excluded_lines": []}, "AuthService.init_app": {"executed_lines": [], "summary": {"covered_lines": 0, "num_statements": 5, "percent_covered": 0.0, "percent_covered_display": "0", "missing_lines": 5, "excluded_lines": 0}, "missing_lines": [54, 55, 56, 59, 60], "excluded_lines": []}, "AuthService.hash_password": {"executed_lines": [], "summary": {"covered_lines": 0, "num_statements": 7, "percent_covered": 0.0, "percent_covered_display": "0", "missing_lines": 7, "excluded_lines": 0}, "missing_lines": [72, 74, 75, 76, 77, 78, 79], "excluded_lines": []}, "AuthService.verify_password": {"executed_lines": [], "summary": {"covered_lines": 0, "num_statements": 5, "percent_covered": 0.0, "percent_covered_display": "0", "missing_lines": 5, "excluded_lines": 0}, "missing_lines": [92, 93, 94, 95, 96], "excluded_lines": []}, "AuthService.generate_access_token": {"executed_lines": [], "summary": {"covered_lines": 0, "num_statements": 6, "percent_covered": 0.0, "percent_covered_display": "0", "missing_lines": 6, "excluded_lines": 0}, "missing_lines": [108, 109, 119, 120, 121, 122], "excluded_lines": []}, "AuthService.generate_refresh_token": {"executed_lines": [], "summary": {"covered_lines": 0, "num_statements": 8, "percent_covered": 0.0, "percent_covered_display": "0", "missing_lines": 8, "excluded_lines": 0}, "missing_lines": [134, 135, 143, 146, 148, 149, 150, 151], "excluded_lines": []}, "AuthService.verify_access_token": {"executed_lines": [], "summary": {"covered_lines": 0, "num_statements": 9, "percent_covered": 0.0, "percent_covered_display": "0", "missing_lines": 9, "excluded_lines": 0}, "missing_lines": [166, 167, 169, 170, 172, 173, 174, 175, 176], "excluded_lines": []}, "AuthService.verify_refresh_token": {"executed_lines": [], "summary": {"covered_lines": 0, "num_statements": 12, "percent_covered": 0.0, "percent_covered_display": "0", "missing_lines": 12, "excluded_lines": 0}, "missing_lines": [191, 192, 194, 195, 198, 199, 200, 202, 203, 204, 205, 206], "excluded_lines": []}, "AuthService.revoke_refresh_token": {"executed_lines": [], "summary": {"covered_lines": 0, "num_statements": 10, "percent_covered": 0.0, "percent_covered_display": "0", "missing_lines": 10, "excluded_lines": 0}, "missing_lines": [218, 219, 220, 222, 223, 224, 225, 226, 227, 228], "excluded_lines": []}, "AuthService.generate_password_reset_token": {"executed_lines": [], "summary": {"covered_lines": 0, "num_statements": 8, "percent_covered": 0.0, "percent_covered_display": "0", "missing_lines": 8, "excluded_lines": 0}, "missing_lines": [241, 242, 251, 254, 256, 257, 258, 259], "excluded_lines": []}, "AuthService.verify_password_reset_token": {"executed_lines": [], "summary": {"covered_lines": 0, "num_statements": 12, "percent_covered": 0.0, "percent_covered_display": "0", "missing_lines": 12, "excluded_lines": 0}, "missing_lines": [271, 272, 274, 275, 278, 279, 280, 282, 283, 284, 285, 286], "excluded_lines": []}, "AuthService.invalidate_password_reset_token": {"executed_lines": [], "summary": {"covered_lines": 0, "num_statements": 10, "percent_covered": 0.0, "percent_covered_display": "0", "missing_lines": 10, "excluded_lines": 0}, "missing_lines": [298, 299, 300, 302, 303, 304, 305, 306, 307, 308], "excluded_lines": []}, "AuthService.validate_email_format": {"executed_lines": [], "summary": {"covered_lines": 0, "num_statements": 5, "percent_covered": 0.0, "percent_covered_display": "0", "missing_lines": 5, "excluded_lines": 0}, "missing_lines": [320, 321, 322, 323, 324], "excluded_lines": []}, "AuthService.check_password_strength": {"executed_lines": [], "summary": {"covered_lines": 0, "num_statements": 12, "percent_covered": 0.0, "percent_covered_display": "0", "missing_lines": 12, "excluded_lines": 0}, "missing_lines": [336, 338, 339, 341, 342, 344, 345, 347, 348, 350, 351, 353], "excluded_lines": []}, "init_auth": {"executed_lines": [], "summary": {"covered_lines": 0, "num_statements": 4, "percent_covered": 0.0, "percent_covered_display": "0", "missing_lines": 4, "excluded_lines": 0}, "missing_lines": [362, 363, 364, 365], "excluded_lines": []}, "": {"executed_lines": [1, 8, 9, 10, 11, 12, 14, 15, 16, 17, 19, 22, 23, 25, 28, 29, 31, 34, 35, 40, 52, 62, 81, 98, 124, 153, 178, 208, 230, 261, 288, 310, 326, 357, 360], "summary": {"covered_lines": 31, "num_statements": 31, "percent_covered": 100.0, "percent_covered_display": "100", "missing_lines": 0, "excluded_lines": 0}, "missing_lines": [], "excluded_lines": []}}, "classes": {"AuthenticationError": {"executed_lines": [], "summary": {"covered_lines": 0, "num_statements": 0, "percent_covered": 100.0, "percent_covered_display": "100", "missing_lines": 0, "excluded_lines": 0}, "missing_lines": [], "excluded_lines": []}, "AuthorizationError": {"executed_lines": [], "summary": {"covered_lines": 0, "num_statements": 0, "percent_covered": 100.0, "percent_covered_display": "100", "missing_lines": 0, "excluded_lines": 0}, "missing_lines": [], "excluded_lines": []}, "AuthService": {"executed_lines": [41, 42, 43, 44, 45, 46, 47, 49], "summary": {"covered_lines": 8, "num_statements": 118, "percent_covered": 6.779661016949152, "percent_covered_display": "7", "missing_lines": 110, "excluded_lines": 0}, "miss
[...]
 "percent_covered": 0.0, "percent_covered_display": "0", "missing_lines": 1, "excluded_lines": 0}, "missing_lines": [166], "excluded_lines": []}, "ScheduleEvents.schedule_published": {"executed_lines": [], "summary": {"covered_lines": 0, "num_statements": 1, "percent_covered": 0.0, "percent_covered_display": "0", "missing_lines": 1, "excluded_lines": 0}, "missing_lines": [179], "excluded_lines": []}, "EmployeeEvents.status_changed": {"executed_lines": [], "summary": {"covered_lines": 0, "num_statements": 1, "percent_covered": 0.0, "percent_covered_display": "0", "missing_lines": 1, "excluded_lines": 0}, "missing_lines": [196], "excluded_lines": []}, "EmployeeEvents.availability_updated": {"executed_lines": [], "summary": {"covered_lines": 0, "num_statements": 1, "percent_covered": 0.0, "percent_covered_display": "0", "missing_lines": 1, "excluded_lines": 0}, "missing_lines": [210], "excluded_lines": []}, "EmployeeEvents.shift_assigned": {"executed_lines": [], "summary": {"covered_lines": 0, "num_statements": 4, "percent_covered": 0.0, "percent_covered_display": "0", "missing_lines": 4, "excluded_lines": 0}, "missing_lines": [224, 232, 233, 236], "excluded_lines": []}, "NotificationEvents.new_notification": {"executed_lines": [], "summary": {"covered_lines": 0, "num_statements": 2, "percent_covered": 0.0, "percent_covered_display": "0", "missing_lines": 2, "excluded_lines": 0}, "missing_lines": [253, 258], "excluded_lines": []}, "NotificationEvents.notification_read": {"executed_lines": [], "summary": {"covered_lines": 0, "num_statements": 1, "percent_covered": 0.0, "percent_covered_display": "0", "missing_lines": 1, "excluded_lines": 0}, "missing_lines": [271], "excluded_lines": []}, "RuleEvents.rule_created": {"executed_lines": [], "summary": {"covered_lines": 0, "num_statements": 1, "percent_covered": 0.0, "percent_covered_display": "0", "missing_lines": 1, "excluded_lines": 0}, "missing_lines": [288], "excluded_lines": []}, "RuleEvents.rule_updated": {"executed_lines": [], "summary": {"covered_lines": 0, "num_statements": 1, "percent_covered": 0.0, "percent_covered_display": "0", "missing_lines": 1, "excluded_lines": 0}, "missing_lines": [301], "excluded_lines": []}, "RuleEvents.rule_activated": {"executed_lines": [], "summary": {"covered_lines": 0, "num_statements": 1, "percent_covered": 0.0, "percent_covered_display": "0", "missing_lines": 1, "excluded_lines": 0}, "missing_lines": [315], "excluded_lines": []}, "ShiftEvents.shift_created": {"executed_lines": [], "summary": {"covered_lines": 0, "num_statements": 1, "percent_covered": 0.0, "percent_covered_display": "0", "missing_lines": 1, "excluded_lines": 0}, "missing_lines": [332], "excluded_lines": []}, "ShiftEvents.shift_trade_requested": {"executed_lines": [], "summary": {"covered_lines": 0, "num_statements": 2, "percent_covered": 0.0, "percent_covered_display": "0", "missing_lines": 2, "excluded_lines": 0}, "missing_lines": [346, 357], "excluded_lines": []}, "ConflictEvents.conflict_detected": {"executed_lines": [], "summary": {"covered_lines": 0, "num_statements": 3, "percent_covered": 0.0, "percent_covered_display": "0", "missing_lines": 3, "excluded_lines": 0}, "missing_lines": [375, 386, 388], "excluded_lines": []}, "ConflictEvents.conflict_resolved": {"executed_lines": [], "summary": {"covered_lines": 0, "num_statements": 1, "percent_covered": 0.0, "percent_covered_display": "0", "missing_lines": 1, "excluded_lines": 0}, "missing_lines": [402], "excluded_lines": []}, "PresenceEvents.user_editing": {"executed_lines": [], "summary": {"covered_lines": 0, "num_statements": 1, "percent_covered": 0.0, "percent_covered_display": "0", "missing_lines": 1, "excluded_lines": 0}, "missing_lines": [420], "excluded_lines": []}, "PresenceEvents.user_typing": {"executed_lines": [], "summary": {"covered_lines": 0, "num_statements": 1, "percent_covered": 0.0, "percent_covered_display": "0", "missing_lines": 1, "excluded_lines": 0}, "missing_lines": [435], "excluded_lines": []}, "format_event_message": {"executed_lines": [], "summary": {"covered_lines": 0, "num_statements": 1, "percent_covered": 0.0, "percent_covered_display": "0", "missing_lines": 1, "excluded_lines": 0}, "missing_lines": [450], "excluded_lines": []}, "format_error_message": {"executed_lines": [], "summary": {"covered_lines": 0, "num_statements": 1, "percent_covered": 0.0, "percent_covered_display": "0", "missing_lines": 1, "excluded_lines": 0}, "missing_lines": [455], "excluded_lines": []}, "": {"executed_lines": [], "summary": {"covered_lines": 0, "num_statements": 98, "percent_covered": 0.0, "percent_covered_display": "0", "missing_lines": 98, "excluded_lines": 0}, "missing_lines": [6, 7, 8, 9, 11, 13, 16, 20, 21, 22, 23, 26, 27, 28, 29, 32, 33, 34, 35, 38, 39, 40, 43, 44, 45, 46, 47, 50, 51, 52, 53, 54, 55, 58, 59, 60, 63, 64, 65, 66, 67, 68, 71, 74, 75, 95, 96, 100, 101, 111, 112, 121, 122, 133, 136, 137, 149, 150, 163, 164, 176, 177, 190, 193, 194, 207, 208, 220, 221, 247, 250, 251, 268, 269, 282, 285, 286, 298, 299, 312, 313, 326, 329, 330, 342, 343, 369, 372, 373, 399, 400, 414, 417, 418, 432, 433, 448, 453], "excluded_lines": []}}, "classes": {"EventType": {"executed_lines": [], "summary": {"covered_lines": 0, "num_statements": 0, "percent_covered": 100.0, "percent_covered_display": "100", "missing_lines": 0, "excluded_lines": 0}, "missing_lines": [], "excluded_lines": []}, "EventHandler": {"executed_lines": [], "summary": {"covered_lines": 0, "num_statements": 26, "percent_covered": 0.0, "percent_covered_display": "0", "missing_lines": 26, "excluded_lines": 0}, "missing_lines": [77, 78, 79, 80, 81, 82, 83, 84, 85, 87, 89, 90, 91, 98, 103, 104, 105, 106, 108, 109, 114, 115, 116, 118, 119, 125], "excluded_lines": []}, "ScheduleEvents": {"executed_lines": [], "summary": {"covered_lines": 0, "num_statements": 4, "percent_covered": 0.0, "percent_covered_display": "0", "missing_lines": 4, "excluded_lines": 0}, "missing_lines": [139, 152, 166, 179], "excluded_lines": []}, "EmployeeEvents": {"executed_lines": [], "summary": {"covered_lines": 0, "num_statements": 6, "percent_covered": 0.0, "percent_covered_display": "0", "missing_lines": 6, "excluded_lines": 0}, "missing_lines": [196, 210, 224, 232, 233, 236], "excluded_lines": []}, "NotificationEvents": {"executed_lines": [], "summary": {"covered_lines": 0, "num_statements": 3, "percent_covered": 0.0, "percent_covered_display": "0", "missing_lines": 3, "excluded_lines": 0}, "missing_lines": [253, 258, 271], "excluded_lines": []}, "RuleEvents": {"executed_lines": [], "summary": {"covered_lines": 0, "num_statements": 3, "percent_covered": 0.0, "percent_covered_display": "0", "missing_lines": 3, "excluded_lines": 0}, "missing_lines": [288, 301, 315], "excluded_lines": []}, "ShiftEvents": {"executed_lines": [], "summary": {"covered_lines": 0, "num_statements": 3, "percent_covered": 0.0, "percent_covered_display": "0", "missing_lines": 3, "excluded_lines": 0}, "missing_lines": [332, 346, 357], "excluded_lines": []}, "ConflictEvents": {"executed_lines": [], "summary": {"covered_lines": 0, "num_statements": 4, "percent_covered": 0.0, "percent_covered_display": "0", "missing_lines": 4, "excluded_lines": 0}, "missing_lines": [375, 386, 388, 402], "excluded_lines": []}, "PresenceEvents": {"executed_lines": [], "summary": {"covered_lines": 0, "num_statements": 2, "percent_covered": 0.0, "percent_covered_display": "0", "missing_lines": 2, "excluded_lines": 0}, "missing_lines": [420, 435], "excluded_lines": []}, "": {"executed_lines": [], "summary": {"covered_lines": 0, "num_statements": 100, "percent_covered": 0.0, "percent_covered_display": "0", "missing_lines": 100, "excluded_lines": 0}, "missing_lines": [6, 7, 8, 9, 11, 13, 16, 20, 21, 22, 23, 26, 27, 28, 29, 32, 33, 34, 35, 38, 39, 40, 43, 44, 45, 46, 47, 50, 51, 52, 53, 54, 55, 58, 59, 60, 63, 64, 65, 66, 67, 68, 71, 74, 75, 95, 96, 100, 101, 111, 112, 121, 122, 133, 136, 137, 149, 150, 163, 164, 176, 177, 190, 193, 194, 207, 208, 220, 221, 247, 250, 251, 268, 269, 282, 285, 286, 298, 299, 312, 313, 326, 329, 330, 342, 343, 369, 372, 373, 399, 400, 414, 417, 418, 432, 433, 448, 450, 453, 455], "excluded_lines": []}}}, "src/websocket/manager.py": {"executed_lines": [], "summary": {"covered_lines": 0, "num_statements": 167, "percent_covered": 0.0, "percent_covered_display": "0", "missing_lines": 167, "excluded_lines": 0}, "missing_lines": [6, 7, 8, 9, 10, 11, 13, 14, 15, 16, 18, 19, 20, 22, 25, 28, 30, 33, 36, 47, 50, 53, 55, 57, 58, 61, 64, 65, 66, 69, 78, 81, 84, 86, 89, 95, 97, 98, 99, 101, 103, 104, 107, 108, 111, 112, 115, 118, 119, 120, 121, 124, 125, 128, 129, 131, 134, 135, 139, 141, 142, 144, 145, 147, 148, 150, 151, 153, 155, 156, 158, 159, 161, 162, 164, 166, 168, 169, 170, 171, 174, 175, 177, 179, 180, 182, 183, 184, 187, 188, 190, 191, 192, 194, 196, 197, 199, 200, 203, 204, 205, 207, 208, 210, 212, 213, 215, 216, 217, 219, 220, 222, 224, 225, 227, 228, 229, 232, 234, 236, 238, 239, 242, 244, 246, 247, 249, 250, 251, 253, 254, 255, 257, 259, 260, 262, 263, 264, 265, 266, 276, 278, 280, 282, 284, 293, 296, 298, 299, 300, 302, 303, 304, 308, 309, 311, 312, 313, 314, 317, 319, 320, 321, 322, 323, 324, 325], "excluded_lines": [], "functions": {"ConnectionManager.__init__": {"executed_lines": [], "summary": {"covered_lines": 0, "num_statements": 6, "percent_covered": 0.0, "percent_covered_display": "0", "missing_lines": 6, "excluded_lines": 0}, "missing_lines": [30, 33, 36, 47, 50, 53], "excluded_lines": []}, "ConnectionManager.connect": {"executed_lines": [], "summary": {"covered_lines": 0, "num_statements": 16, "percent_covered": 0.0, "percent_covered_display": "0", "missing_lines": 16, "excluded_lines": 0}, "missing_lines": [57, 58, 61, 64, 65, 66, 69, 78, 81, 84, 86, 89, 95, 97, 98, 99], "excluded_lines": []}, "ConnectionManager.disconnect": {"executed_lines": [], "summary": {"covered_lines": 0, "num_statements": 18, "percent_covered": 0.0, "percent_covered_display": "0", "missing_lines": 18, "excluded_lines": 0}, "missing_lines": [103, 104, 107, 108, 111, 112, 115, 118, 119, 120, 121, 124, 125, 128, 129, 131, 134, 135], "excluded_lines": []}, "ConnectionManager.join_room": {"executed_lines": [], "summary": {"covered_lines": 0, "num_statements": 8, "percent_covered": 0.0, "percent_covered_display": "0", "missing_lines": 8, "excluded_lines": 0}, "missing_lines": [141, 142, 144, 145, 147, 148, 150, 151], "excluded_lines": []}, "ConnectionManager.leave_room": {"executed_lines": [], "summary": {"covered_lines": 0, "num_statements": 6, "percent_covered": 0.0, "percent_covered_display": "0", "missing_lines": 6, "excluded_lines": 0}, "missing_lines": [155, 156, 158, 159, 161, 162], "excluded_lines": []}, "ConnectionManager.send_personal_message": {"executed_lines": [], "summary": {"covered_lines": 0, "num_statements": 7, "percent_covered": 0.0, "percent_covered_display": "0", "missing_lines": 7, "excluded_lines": 0}, "missing_lines": [166, 168, 169, 170, 171, 174, 175], "excluded_lines": []}, "ConnectionManager.send_message": {"executed_lines": [], "summary": {"covered_lines": 0, "num_statements": 10, "percent_covered": 0.0, "percent_covered_display": "0", "missing_lines": 10, "excluded_lines": 0}, "missing_lines": [179, 180, 182, 183, 184, 187, 188, 190, 191, 192], "excluded_lines": []}, "ConnectionManager.broadcast_to_room": {"executed_lines": [], "summary": {"covered_lines": 0, "num_statements": 9, "percent_covered": 0.0, "percent_covered_display": "0", "missing_lines": 9, "excluded_lines": 0}, "missing_lines": [196, 197, 199, 200, 203, 204, 205, 207, 208], "excluded_lines": []}, "ConnectionManager.broadcast_to_all": {"executed_lines": [], "summary": {"covered_lines": 0, "num_statements": 7, "percent_covered": 0.0, "percent_covered_display": "0", "missing_lines": 7, "excluded_lines": 0}, "missing_lines": [212, 213, 215, 216, 217, 219, 220], "excluded_lines": []}, "ConnectionManager.send_queued_messages": {"executed_lines": [], "summary": {"covered_lines": 0, "num_statements": 6, "percent_covered": 0.0, "percent_covered_display": "0", "missing_lines": 6, "excluded_lines": 0}, "missing_lines": [224, 225, 227, 228, 229, 232], "excluded_lines": []}, "ConnectionManager.handle_heartbeat": {"executed_lines": [], "summary": {"covered_lines": 0, "num_statements": 4, "percent_covered": 0.0, "percent_covered_display": "0", "missing_lines": 4, "excluded_lines": 0}, "missing_lines": [236, 238, 239, 242], "excluded_lines": []}, "ConnectionManager.cleanup_stale_connections": {"executed_lines": [], "summary": {"covered_lines": 0, "num_statements": 8, "percent_covered": 0.0, "percent_covered_display": "0", "missing_lines": 8, "excluded_lines": 0}, "missing_lines": [246, 247, 249, 250, 251, 253, 254, 255], "excluded_lines": []}, "ConnectionManager.get_room_members": {"executed_lines": [], "summary": {"covered_lines": 0, "num_statements": 8, "percent_covered": 0.0, "percent_covered_display": "0", "missing_lines": 8, "excluded_lines": 0}, "missing_lines": [259, 260, 262, 263, 264, 265, 266, 276], "excluded_lines": []}, "ConnectionManager.get_online_users": {"executed_lines": [], "summary": {"covered_lines": 0, "num_statements": 1, "percent_covered": 0.0, "percent_covered_display": "0", "missing_lines": 1, "excluded_lines": 0}, "missing_lines": [280], "excluded_lines": []}, "ConnectionManager.get_connection_stats": {"executed_lines": [], "summary": {"covered_lines": 0, "num_statements": 1, "percent_covered": 0.0, "percent_covered_display": "0", "missing_lines": 1, "excluded_lines": 0}, "missing_lines": [284], "excluded_lines": []}, "authenticate_websocket": {"executed_lines": [], "summary": {"covered_lines": 0, "num_statements": 12, "percent_covered": 0.0, "percent_covered_display": "0", "missing_lines": 12, "excluded_lines": 0}, "missing_lines": [298, 299, 300, 302, 303, 304, 308, 309, 311, 312, 313, 314], "excluded_lines": []}, "heartbeat_task": {"executed_lines": [], "summary": {"covered_lines": 0, "num_statements": 7, "percent_covered": 0.0, "percent_covered_display": "0", "missing_lines": 7, "excluded_lines": 0}, "missing_lines": [319, 320, 321, 322, 323, 324, 325], "excluded_lines": []}, "": {"executed_lines": [], "summary": {"covered_lines": 0, "num_statements": 33, "percent_covered": 0.0, "percent_covered_display": "0", "missing_lines": 33, "excluded_lines": 0}, "missing_lines": [6, 7, 8, 9, 10, 11, 13, 14, 15, 16, 18, 19, 20, 22, 25, 28, 55, 101, 139, 153, 164, 177, 194, 210, 222, 234, 244, 257, 278, 282, 293, 296, 317], "excluded_lines": []}}, "classes": {"ConnectionManager": {"executed_lines": [], "summary": {"covered_lines": 0, "num_statements": 115, "percent_covered": 0.0, "percent_covered_display": "0", "missing_lines": 115, "excluded_lines": 0}, "missing_lines": [30, 33, 36, 47, 50, 53, 57, 58, 61, 64, 65, 66, 69, 78, 81, 84, 86, 89, 95, 97, 98, 99, 103, 104, 107, 108, 111, 112, 115, 118, 119, 120, 121, 124, 125, 128, 129, 131, 134, 135, 141, 142, 144, 145, 147, 148, 150, 151, 155, 156, 158, 159, 161, 162, 166, 168, 169, 170, 171, 174, 175, 179, 180, 182, 183, 184, 187, 188, 190, 191, 192, 196, 197, 199, 200, 203, 204, 205, 207, 208, 212, 213, 215, 216, 217, 219, 220, 224, 225, 227, 228, 229, 232, 236, 238, 239, 242, 246, 247, 249, 250, 251, 253, 254, 255, 259, 260, 262, 263, 264, 265, 266, 276, 280, 284], "excluded_lines": []}, "": {"executed_lines": [], "summary": {"covered_lines": 0, "num_statements": 52, "percent_covered": 0.0, "percent_covered_display": "0", "missing_lines": 52, "excluded_lines": 0}, "missing_lines": [6, 7, 8, 9, 10, 11, 13, 14, 15, 16, 18, 19, 20, 22, 25, 28, 55, 101, 139, 153, 164, 177, 194, 210, 222, 234, 244, 257, 278, 282, 293, 296, 298, 299, 300, 302, 303, 304, 308, 309, 311, 312, 313, 314, 317, 319, 320, 321, 322, 323, 324, 325], "excluded_lines": []}}}, "src/websocket/routes.py": {"executed_lines": [], "summary": {"covered_lines": 0, "num_statements": 106, "percent_covered": 0.0, "percent_covered_display": "0", "missing_lines": 106, "excluded_lines": 0}, "missing_lines": [6, 7, 8, 9, 11, 12, 13, 15, 16, 17, 19, 20, 21, 24, 25, 31, 32, 34, 36, 37, 38, 41, 42, 43, 44, 46, 49, 55, 56, 58, 59, 62, 63, 65, 66, 67, 70, 72, 73, 74, 75, 76, 78, 79, 80, 81, 84, 87, 88, 90, 91, 92, 93, 94, 95, 98, 99, 101, 102, 103, 104, 105, 106, 109, 110, 112, 113, 114, 115, 116, 117, 120, 121, 123, 124, 125, 127, 128, 129, 130, 133, 134, 136, 137, 139, 140, 141, 142, 145, 146, 148, 149, 150, 151, 153, 154, 155, 156, 160, 161, 163, 164, 165, 171, 172, 173], "excluded_lines": [], "functions": {"websocket_endpoint": {"executed_lines": [], "summary": {"covered_lines": 0, "num_statements": 32, "percent_covered": 0.0, "percent_covered_display": "0", "missing_lines": 32, "excluded_lines": 0}, "missing_lines": [31, 32, 34, 36, 37, 38, 41, 42, 43, 44, 46, 49, 55, 56, 58, 59, 62, 63, 65, 66, 67, 70, 72, 73, 74, 75, 76, 78, 79, 80, 81, 84], "excluded_lines": []}, "get_websocket_stats": {"executed_lines": [], "summary": {"covered_lines": 0, "num_statements": 6, "percent_covered": 0.0, "percent_covered_display": "0", "missing_lines": 6, "excluded_lines": 0}, "missing_lines": [90, 91, 92, 93, 94, 95], "excluded_lines": []}, "get_room_members": {"executed_lines": [], "summary": {"covered_lines": 0, "num_statements": 6, "percent_covered": 0.0, "percent_covered_display": "0", "missing_lines": 6, "excluded_lines": 0}, "missing_lines": [101, 102, 103, 104, 105, 106], "excluded_lines": []}, "get_online_users": {"executed_lines": [], "summary": {"covered_lines": 0, "num_statements": 6, "percent_covered": 0.0, "percent_covered_display": "0", "missing_lines": 6, "excluded_lines": 0}, "missing_lines": [112, 113, 114, 115, 116, 117], "excluded_lines": []}, "broadcast_to_room": {"executed_lines": [], "summary": {"covered_lines": 0, "num_statements": 7, "percent_covered": 0.0, "percent_covered_display": "0", "missing_lines": 7, "excluded_lines": 0}, "missing_lines": [123, 124, 125, 127, 128, 129, 130], "excluded_lines": []}, "send_to_user": {"executed_lines": [], "summary": {"covered_lines": 0, "num_statements": 6, "percent_covered": 0.0, "percent_covered_display": "0", "missing_lines": 6, "excluded_lines": 0}, "missing_lines": [136, 137, 139, 140, 141, 142], "excluded_lines": []}, "disconnect_connection": {"executed_lines": [], "summary": {"covered_lines": 0, "num_statements": 8, "percent_covered": 0.0, "percent_covered_display": "0", "missing_lines": 8, "excluded_lines": 0}, "missing_lines": [148, 149, 150, 151, 153, 154, 155, 156], "excluded_lines": []}, "websocket_health": {"executed_lines": [], "summary": {"covered_lines": 0, "num_statements": 6, "percent_covered": 0.0, "percent_covered_display": "0", "missing_lines": 6, "excluded_lines": 0}, "missing_lines": [163, 164, 165, 171, 172, 173], "excluded_lines": []}, "": {"executed_lines": [], "summary": {"covered_lines": 0, "num_statements": 29, "percent_covered": 0.0, "percent_covered_display": "0", "missing_lines": 29, "excluded_lines": 0}, "missing_lines": [6, 7, 8, 9, 11, 12, 13, 15, 16, 17, 19, 20, 21, 24, 25, 87, 88, 98, 99, 109, 110, 120, 121, 133, 134, 145, 146, 160, 161], "excluded_lines": []}}, "classes": {"": {"executed_lines": [], "summary": {"covered_lines": 0, "num_statements": 106, "percent_covered": 0.0, "percent_covered_display": "0", "missing_lines": 106, "excluded_lines": 0}, "missing_lines": [6, 7, 8, 9, 11, 12, 13, 15, 16, 17, 19, 20, 21, 24, 25, 31, 32, 34, 36, 37, 38, 41, 42, 43, 44, 46, 49, 55, 56, 58, 59, 62, 63, 65, 66, 67, 70, 72, 73, 74, 75, 76, 78, 79, 80, 81, 84, 87, 88, 90, 91, 92, 93, 94, 95, 98, 99, 101, 102, 103, 104, 105, 106, 109, 110, 112, 113, 114, 115, 116, 117, 120, 121, 123, 124, 125, 127, 128, 129, 130, 133, 134, 136, 137, 139, 140, 141, 142, 145, 146, 148, 149, 150, 151, 153, 154, 155, 156, 160, 161, 163, 164, 165, 171, 172, 173], "excluded_lines": []}}}}, "totals": {"covered_lines": 2367, "num_statements": 13286, "percent_covered": 17.815745897937678, "percent_covered_display": "18", "missing_lines": 10919, "excluded_lines": 83}}